[2020-12-07 11:00:16,696] {taskinstance.py:670} INFO - Dependencies all met for <TaskInstance: Airflow_task.Data_from_table2 2020-12-07T05:25:00+00:00 [queued]>
[2020-12-07 11:00:16,706] {taskinstance.py:670} INFO - Dependencies all met for <TaskInstance: Airflow_task.Data_from_table2 2020-12-07T05:25:00+00:00 [queued]>
[2020-12-07 11:00:16,706] {taskinstance.py:880} INFO - 
--------------------------------------------------------------------------------
[2020-12-07 11:00:16,706] {taskinstance.py:881} INFO - Starting attempt 1 of 1
[2020-12-07 11:00:16,706] {taskinstance.py:882} INFO - 
--------------------------------------------------------------------------------
[2020-12-07 11:00:16,712] {taskinstance.py:901} INFO - Executing <Task(PythonOperator): Data_from_table2> on 2020-12-07T05:25:00+00:00
[2020-12-07 11:00:16,714] {standard_task_runner.py:54} INFO - Started process 33000 to run task
[2020-12-07 11:00:16,739] {standard_task_runner.py:77} INFO - Running: ['airflow', 'run', 'Airflow_task', 'Data_from_table2', '2020-12-07T05:25:00+00:00', '--job_id', '147', '--pool', 'default_pool', '--raw', '-sd', 'DAGS_FOLDER/server-elastic.py', '--cfg_path', '/var/folders/x0/npyjyyg15zj3krdkh0pv612w0000gn/T/tmpa2h1v460']
[2020-12-07 11:00:16,741] {standard_task_runner.py:78} INFO - Job 147: Subtask Data_from_table2
[2020-12-07 11:00:16,768] {logging_mixin.py:112} INFO - Running %s on host %s <TaskInstance: Airflow_task.Data_from_table2 2020-12-07T05:25:00+00:00 [running]> 153.225.168.192.in-addr.arpa
[2020-12-07 11:00:21,525] {conn.py:380} INFO - <BrokerConnection node_id=bootstrap-0 host=localhost:9092 <connecting> [IPv6 ('::1', 9092, 0, 0)]>: connecting to localhost:9092 [('::1', 9092, 0, 0) IPv6]
[2020-12-07 11:00:21,525] {conn.py:1205} INFO - Probing node bootstrap-0 broker version
[2020-12-07 11:00:21,526] {conn.py:410} INFO - <BrokerConnection node_id=bootstrap-0 host=localhost:9092 <connecting> [IPv6 ('::1', 9092, 0, 0)]>: Connection complete.
[2020-12-07 11:00:21,632] {conn.py:1267} INFO - Broker version identified as 2.5.0
[2020-12-07 11:00:21,633] {conn.py:1268} INFO - Set configuration api_version=(2, 5, 0) to skip auto check_version requests on startup
[2020-12-07 11:00:21,636] {logging_mixin.py:112} INFO - Vassili
[2020-12-07 11:00:21,639] {logging_mixin.py:112} INFO - Quillan
[2020-12-07 11:00:21,639] {logging_mixin.py:112} INFO - Liza
[2020-12-07 11:00:21,639] {logging_mixin.py:112} INFO - Frances
[2020-12-07 11:00:21,640] {logging_mixin.py:112} INFO - Michal
[2020-12-07 11:00:21,640] {logging_mixin.py:112} INFO - Vachel
[2020-12-07 11:00:21,640] {logging_mixin.py:112} INFO - Indira
[2020-12-07 11:00:21,641] {logging_mixin.py:112} INFO - Fonzie
[2020-12-07 11:00:21,642] {logging_mixin.py:112} INFO - Garwin
[2020-12-07 11:00:21,642] {logging_mixin.py:112} INFO - Alisander
[2020-12-07 11:00:21,642] {logging_mixin.py:112} INFO - Halley
[2020-12-07 11:00:21,643] {logging_mixin.py:112} INFO - Nikolia
[2020-12-07 11:00:21,643] {logging_mixin.py:112} INFO - Gris
[2020-12-07 11:00:21,643] {logging_mixin.py:112} INFO - Bjorn
[2020-12-07 11:00:21,644] {logging_mixin.py:112} INFO - Fawn
[2020-12-07 11:00:21,644] {logging_mixin.py:112} INFO - Kennith
[2020-12-07 11:00:21,644] {logging_mixin.py:112} INFO - Cynde
[2020-12-07 11:00:21,645] {logging_mixin.py:112} INFO - Lonna
[2020-12-07 11:00:21,645] {logging_mixin.py:112} INFO - Greer
[2020-12-07 11:00:21,645] {conn.py:380} INFO - <BrokerConnection node_id=0 host=localhost:9092 <connecting> [IPv6 ('::1', 9092, 0, 0)]>: connecting to localhost:9092 [('::1', 9092, 0, 0) IPv6]
[2020-12-07 11:00:21,645] {logging_mixin.py:112} INFO - Lucille
[2020-12-07 11:00:21,646] {logging_mixin.py:112} INFO - Tedi
[2020-12-07 11:00:21,646] {logging_mixin.py:112} INFO - Rhiamon
[2020-12-07 11:00:21,647] {logging_mixin.py:112} INFO - Rani
[2020-12-07 11:00:21,647] {logging_mixin.py:112} INFO - Gaven
[2020-12-07 11:00:21,647] {conn.py:410} INFO - <BrokerConnection node_id=0 host=localhost:9092 <connecting> [IPv6 ('::1', 9092, 0, 0)]>: Connection complete.
[2020-12-07 11:00:21,647] {logging_mixin.py:112} INFO - Kev
[2020-12-07 11:00:21,648] {conn.py:919} INFO - <BrokerConnection node_id=bootstrap-0 host=localhost:9092 <connected> [IPv6 ('::1', 9092, 0, 0)]>: Closing connection. 
[2020-12-07 11:00:21,648] {logging_mixin.py:112} INFO - Melli
[2020-12-07 11:00:21,651] {logging_mixin.py:112} INFO - Camellia
[2020-12-07 11:00:21,652] {logging_mixin.py:112} INFO - Abbe
[2020-12-07 11:00:21,652] {logging_mixin.py:112} INFO - Kipp
[2020-12-07 11:00:21,653] {logging_mixin.py:112} INFO - Ailey
[2020-12-07 11:00:21,654] {logging_mixin.py:112} INFO - Joelle
[2020-12-07 11:00:21,655] {logging_mixin.py:112} INFO - Tobin
[2020-12-07 11:00:21,656] {logging_mixin.py:112} INFO - Kev
[2020-12-07 11:00:21,657] {logging_mixin.py:112} INFO - Nance
[2020-12-07 11:00:21,657] {logging_mixin.py:112} INFO - Charlton
[2020-12-07 11:00:21,658] {logging_mixin.py:112} INFO - Marlena
[2020-12-07 11:00:21,658] {logging_mixin.py:112} INFO - Rivi
[2020-12-07 11:00:21,659] {logging_mixin.py:112} INFO - Rodd
[2020-12-07 11:00:21,659] {logging_mixin.py:112} INFO - Frank
[2020-12-07 11:00:21,660] {logging_mixin.py:112} INFO - Marj
[2020-12-07 11:00:21,661] {logging_mixin.py:112} INFO - Gelya
[2020-12-07 11:00:21,662] {logging_mixin.py:112} INFO - Ashia
[2020-12-07 11:00:21,663] {logging_mixin.py:112} INFO - Lynn
[2020-12-07 11:00:21,664] {logging_mixin.py:112} INFO - Archibold
[2020-12-07 11:00:21,664] {logging_mixin.py:112} INFO - Udell
[2020-12-07 11:00:21,665] {logging_mixin.py:112} INFO - Ewart
[2020-12-07 11:00:21,666] {logging_mixin.py:112} INFO - Sergio
[2020-12-07 11:00:21,667] {logging_mixin.py:112} INFO - Marylou
[2020-12-07 11:00:21,668] {logging_mixin.py:112} INFO - Peggy
[2020-12-07 11:00:21,668] {logging_mixin.py:112} INFO - Nicolette
[2020-12-07 11:00:21,669] {logging_mixin.py:112} INFO - Imojean
[2020-12-07 11:00:21,670] {logging_mixin.py:112} INFO - Rice
[2020-12-07 11:00:21,670] {logging_mixin.py:112} INFO - Gunner
[2020-12-07 11:00:21,671] {logging_mixin.py:112} INFO - Alejandro
[2020-12-07 11:00:21,671] {logging_mixin.py:112} INFO - Clair
[2020-12-07 11:00:21,672] {logging_mixin.py:112} INFO - Horst
[2020-12-07 11:00:21,673] {logging_mixin.py:112} INFO - Brad
[2020-12-07 11:00:21,673] {logging_mixin.py:112} INFO - Reese
[2020-12-07 11:00:21,674] {logging_mixin.py:112} INFO - Hewett
[2020-12-07 11:00:21,675] {logging_mixin.py:112} INFO - Hilliard
[2020-12-07 11:00:21,675] {logging_mixin.py:112} INFO - Dorian
[2020-12-07 11:00:21,677] {logging_mixin.py:112} INFO - Osmond
[2020-12-07 11:00:21,678] {logging_mixin.py:112} INFO - Harv
[2020-12-07 11:00:21,679] {logging_mixin.py:112} INFO - Cathe
[2020-12-07 11:00:21,679] {logging_mixin.py:112} INFO - Talbert
[2020-12-07 11:00:21,680] {logging_mixin.py:112} INFO - Judith
[2020-12-07 11:00:21,681] {logging_mixin.py:112} INFO - Galen
[2020-12-07 11:00:21,681] {logging_mixin.py:112} INFO - Neille
[2020-12-07 11:00:21,681] {logging_mixin.py:112} INFO - Maryellen
[2020-12-07 11:00:21,681] {logging_mixin.py:112} INFO - Claribel
[2020-12-07 11:00:21,682] {logging_mixin.py:112} INFO - Melodee
[2020-12-07 11:00:21,682] {logging_mixin.py:112} INFO - Adham
[2020-12-07 11:00:21,682] {logging_mixin.py:112} INFO - Aldon
[2020-12-07 11:00:21,683] {logging_mixin.py:112} INFO - Butch
[2020-12-07 11:00:21,683] {logging_mixin.py:112} INFO - Bennett
[2020-12-07 11:00:21,683] {logging_mixin.py:112} INFO - Lurline
[2020-12-07 11:00:21,684] {logging_mixin.py:112} INFO - Giavani
[2020-12-07 11:00:21,684] {logging_mixin.py:112} INFO - Ethelbert
[2020-12-07 11:00:21,685] {logging_mixin.py:112} INFO - Mufi
[2020-12-07 11:00:21,686] {logging_mixin.py:112} INFO - Ignace
[2020-12-07 11:00:21,686] {logging_mixin.py:112} INFO - Mallissa
[2020-12-07 11:00:21,687] {logging_mixin.py:112} INFO - Dominique
[2020-12-07 11:00:21,688] {logging_mixin.py:112} INFO - Siobhan
[2020-12-07 11:00:21,688] {logging_mixin.py:112} INFO - Erich
[2020-12-07 11:00:21,689] {logging_mixin.py:112} INFO - Hakeem
[2020-12-07 11:00:21,690] {logging_mixin.py:112} INFO - Mayne
[2020-12-07 11:00:21,691] {logging_mixin.py:112} INFO - Ralph
[2020-12-07 11:00:21,691] {logging_mixin.py:112} INFO - Luciana
[2020-12-07 11:00:21,692] {logging_mixin.py:112} INFO - Adelina
[2020-12-07 11:00:21,693] {logging_mixin.py:112} INFO - Kris
[2020-12-07 11:00:21,693] {logging_mixin.py:112} INFO - Lulu
[2020-12-07 11:00:21,693] {logging_mixin.py:112} INFO - Marni
[2020-12-07 11:00:21,694] {logging_mixin.py:112} INFO - Keely
[2020-12-07 11:00:21,695] {logging_mixin.py:112} INFO - Phillipe
[2020-12-07 11:00:21,696] {logging_mixin.py:112} INFO - Legra
[2020-12-07 11:00:21,697] {logging_mixin.py:112} INFO - Charil
[2020-12-07 11:00:21,697] {logging_mixin.py:112} INFO - Durward
[2020-12-07 11:00:21,697] {logging_mixin.py:112} INFO - Marcella
[2020-12-07 11:00:21,698] {logging_mixin.py:112} INFO - Travis
[2020-12-07 11:00:21,698] {logging_mixin.py:112} INFO - Gearalt
[2020-12-07 11:00:21,699] {logging_mixin.py:112} INFO - Alanah
[2020-12-07 11:00:21,700] {logging_mixin.py:112} INFO - Davis
[2020-12-07 11:00:21,701] {logging_mixin.py:112} INFO - Ingaberg
[2020-12-07 11:00:21,701] {logging_mixin.py:112} INFO - Nanine
[2020-12-07 11:00:21,702] {logging_mixin.py:112} INFO - Dillie
[2020-12-07 11:00:21,702] {logging_mixin.py:112} INFO - Ichabod
[2020-12-07 11:00:21,703] {logging_mixin.py:112} INFO - Amata
[2020-12-07 11:00:21,704] {logging_mixin.py:112} INFO - Lebbie
[2020-12-07 11:00:21,704] {logging_mixin.py:112} INFO - Wilton
[2020-12-07 11:00:21,705] {logging_mixin.py:112} INFO - Valma
[2020-12-07 11:00:21,705] {logging_mixin.py:112} INFO - Regen
[2020-12-07 11:00:21,707] {logging_mixin.py:112} INFO - Lowrance
[2020-12-07 11:00:21,707] {logging_mixin.py:112} INFO - Marcelia
[2020-12-07 11:00:21,708] {logging_mixin.py:112} INFO - Bunny
[2020-12-07 11:00:21,709] {logging_mixin.py:112} INFO - Fanya
[2020-12-07 11:00:21,709] {logging_mixin.py:112} INFO - Tildie
[2020-12-07 11:00:21,709] {logging_mixin.py:112} INFO - Mylo
[2020-12-07 11:00:21,710] {logging_mixin.py:112} INFO - Inness
[2020-12-07 11:00:21,711] {logging_mixin.py:112} INFO - Juli
[2020-12-07 11:00:21,711] {logging_mixin.py:112} INFO - Neile
[2020-12-07 11:00:21,712] {logging_mixin.py:112} INFO - Clay
[2020-12-07 11:00:21,713] {logging_mixin.py:112} INFO - Klement
[2020-12-07 11:00:21,713] {logging_mixin.py:112} INFO - Teddie
[2020-12-07 11:00:21,714] {logging_mixin.py:112} INFO - Peg
[2020-12-07 11:00:21,715] {logging_mixin.py:112} INFO - Lorrie
[2020-12-07 11:00:21,715] {logging_mixin.py:112} INFO - Gerhardine
[2020-12-07 11:00:21,716] {logging_mixin.py:112} INFO - Rossie
[2020-12-07 11:00:21,716] {logging_mixin.py:112} INFO - Martynne
[2020-12-07 11:00:21,717] {logging_mixin.py:112} INFO - Emilia
[2020-12-07 11:00:21,717] {logging_mixin.py:112} INFO - Cathrine
[2020-12-07 11:00:21,718] {logging_mixin.py:112} INFO - Martelle
[2020-12-07 11:00:21,719] {logging_mixin.py:112} INFO - Kasey
[2020-12-07 11:00:21,719] {logging_mixin.py:112} INFO - Krystal
[2020-12-07 11:00:21,720] {logging_mixin.py:112} INFO - Omero
[2020-12-07 11:00:21,721] {logging_mixin.py:112} INFO - Kalinda
[2020-12-07 11:00:21,722] {logging_mixin.py:112} INFO - Katey
[2020-12-07 11:00:21,722] {logging_mixin.py:112} INFO - Quinton
[2020-12-07 11:00:21,722] {logging_mixin.py:112} INFO - Harcourt
[2020-12-07 11:00:21,723] {logging_mixin.py:112} INFO - Teodorico
[2020-12-07 11:00:21,723] {logging_mixin.py:112} INFO - Toby
[2020-12-07 11:00:21,725] {logging_mixin.py:112} INFO - Heinrik
[2020-12-07 11:00:21,725] {logging_mixin.py:112} INFO - Donovan
[2020-12-07 11:00:21,726] {logging_mixin.py:112} INFO - Lyssa
[2020-12-07 11:00:21,726] {logging_mixin.py:112} INFO - Dorisa
[2020-12-07 11:00:21,727] {logging_mixin.py:112} INFO - Cesare
[2020-12-07 11:00:21,727] {logging_mixin.py:112} INFO - Alister
[2020-12-07 11:00:21,728] {logging_mixin.py:112} INFO - Ase
[2020-12-07 11:00:21,729] {logging_mixin.py:112} INFO - Candis
[2020-12-07 11:00:21,729] {logging_mixin.py:112} INFO - Bealle
[2020-12-07 11:00:21,730] {logging_mixin.py:112} INFO - Clair
[2020-12-07 11:00:21,730] {logging_mixin.py:112} INFO - Alvinia
[2020-12-07 11:00:21,730] {logging_mixin.py:112} INFO - Buck
[2020-12-07 11:00:21,731] {logging_mixin.py:112} INFO - Ester
[2020-12-07 11:00:21,731] {logging_mixin.py:112} INFO - Cosimo
[2020-12-07 11:00:21,732] {logging_mixin.py:112} INFO - Miriam
[2020-12-07 11:00:21,733] {logging_mixin.py:112} INFO - Marlene
[2020-12-07 11:00:21,734] {logging_mixin.py:112} INFO - Mortie
[2020-12-07 11:00:21,735] {logging_mixin.py:112} INFO - Bord
[2020-12-07 11:00:21,735] {logging_mixin.py:112} INFO - Emmit
[2020-12-07 11:00:21,736] {logging_mixin.py:112} INFO - Archaimbaud
[2020-12-07 11:00:21,737] {logging_mixin.py:112} INFO - Portie
[2020-12-07 11:00:21,737] {logging_mixin.py:112} INFO - Waylen
[2020-12-07 11:00:21,738] {logging_mixin.py:112} INFO - Sheree
[2020-12-07 11:00:21,738] {logging_mixin.py:112} INFO - Anatole
[2020-12-07 11:00:21,739] {logging_mixin.py:112} INFO - Paxton
[2020-12-07 11:00:21,739] {logging_mixin.py:112} INFO - Aksel
[2020-12-07 11:00:21,739] {logging_mixin.py:112} INFO - Torrin
[2020-12-07 11:00:21,740] {logging_mixin.py:112} INFO - Cherin
[2020-12-07 11:00:21,740] {logging_mixin.py:112} INFO - Marten
[2020-12-07 11:00:21,740] {logging_mixin.py:112} INFO - Thibaud
[2020-12-07 11:00:21,741] {logging_mixin.py:112} INFO - Graehme
[2020-12-07 11:00:21,741] {logging_mixin.py:112} INFO - Kimbra
[2020-12-07 11:00:21,742] {logging_mixin.py:112} INFO - Viola
[2020-12-07 11:00:21,742] {logging_mixin.py:112} INFO - Cirilo
[2020-12-07 11:00:21,743] {logging_mixin.py:112} INFO - Zachary
[2020-12-07 11:00:21,743] {logging_mixin.py:112} INFO - Dulcy
[2020-12-07 11:00:21,743] {logging_mixin.py:112} INFO - Roxane
[2020-12-07 11:00:21,744] {logging_mixin.py:112} INFO - Sheba
[2020-12-07 11:00:21,744] {logging_mixin.py:112} INFO - Pieter
[2020-12-07 11:00:21,745] {logging_mixin.py:112} INFO - Honor
[2020-12-07 11:00:21,745] {logging_mixin.py:112} INFO - Talia
[2020-12-07 11:00:21,746] {logging_mixin.py:112} INFO - Rey
[2020-12-07 11:00:21,747] {logging_mixin.py:112} INFO - Hubert
[2020-12-07 11:00:21,747] {logging_mixin.py:112} INFO - Duff
[2020-12-07 11:00:21,748] {logging_mixin.py:112} INFO - Kingsly
[2020-12-07 11:00:21,748] {logging_mixin.py:112} INFO - Rodolph
[2020-12-07 11:00:21,748] {logging_mixin.py:112} INFO - Sunny
[2020-12-07 11:00:21,749] {logging_mixin.py:112} INFO - Kale
[2020-12-07 11:00:21,750] {logging_mixin.py:112} INFO - Alberik
[2020-12-07 11:00:21,751] {logging_mixin.py:112} INFO - Tannie
[2020-12-07 11:00:21,752] {logging_mixin.py:112} INFO - Courtney
[2020-12-07 11:00:21,752] {logging_mixin.py:112} INFO - Bertina
[2020-12-07 11:00:21,752] {logging_mixin.py:112} INFO - Si
[2020-12-07 11:00:21,752] {logging_mixin.py:112} INFO - Carlo
[2020-12-07 11:00:21,753] {logging_mixin.py:112} INFO - Weidar
[2020-12-07 11:00:21,754] {logging_mixin.py:112} INFO - Claus
[2020-12-07 11:00:21,754] {logging_mixin.py:112} INFO - Ram
[2020-12-07 11:00:21,755] {logging_mixin.py:112} INFO - Krispin
[2020-12-07 11:00:21,756] {logging_mixin.py:112} INFO - Saw
[2020-12-07 11:00:21,756] {logging_mixin.py:112} INFO - Ennis
[2020-12-07 11:00:21,757] {logging_mixin.py:112} INFO - Alastair
[2020-12-07 11:00:21,757] {logging_mixin.py:112} INFO - Wendye
[2020-12-07 11:00:21,758] {logging_mixin.py:112} INFO - Kalina
[2020-12-07 11:00:21,758] {logging_mixin.py:112} INFO - Errol
[2020-12-07 11:00:21,759] {logging_mixin.py:112} INFO - Maurice
[2020-12-07 11:00:21,760] {logging_mixin.py:112} INFO - Thedrick
[2020-12-07 11:00:21,760] {logging_mixin.py:112} INFO - Livy
[2020-12-07 11:00:21,761] {logging_mixin.py:112} INFO - Lindi
[2020-12-07 11:00:21,762] {logging_mixin.py:112} INFO - Charmine
[2020-12-07 11:00:21,762] {logging_mixin.py:112} INFO - Bradford
[2020-12-07 11:00:21,762] {logging_mixin.py:112} INFO - Cal
[2020-12-07 11:00:21,763] {logging_mixin.py:112} INFO - Phebe
[2020-12-07 11:00:21,763] {logging_mixin.py:112} INFO - Reba
[2020-12-07 11:00:21,764] {logging_mixin.py:112} INFO - Ceil
[2020-12-07 11:00:21,765] {logging_mixin.py:112} INFO - Petey
[2020-12-07 11:00:21,765] {logging_mixin.py:112} INFO - Valentina
[2020-12-07 11:00:21,765] {logging_mixin.py:112} INFO - Erroll
[2020-12-07 11:00:21,766] {logging_mixin.py:112} INFO - Faith
[2020-12-07 11:00:21,767] {logging_mixin.py:112} INFO - Antonin
[2020-12-07 11:00:21,767] {logging_mixin.py:112} INFO - Kayne
[2020-12-07 11:00:21,768] {logging_mixin.py:112} INFO - Orville
[2020-12-07 11:00:21,769] {logging_mixin.py:112} INFO - Merrilee
[2020-12-07 11:00:21,770] {logging_mixin.py:112} INFO - Rupert
[2020-12-07 11:00:21,770] {logging_mixin.py:112} INFO - Tristan
[2020-12-07 11:00:21,771] {logging_mixin.py:112} INFO - Baudoin
[2020-12-07 11:00:21,771] {logging_mixin.py:112} INFO - Dominik
[2020-12-07 11:00:21,771] {logging_mixin.py:112} INFO - Moise
[2020-12-07 11:00:21,772] {logging_mixin.py:112} INFO - Ronna
[2020-12-07 11:00:21,773] {logging_mixin.py:112} INFO - Holli
[2020-12-07 11:00:21,773] {logging_mixin.py:112} INFO - Nomi
[2020-12-07 11:00:21,774] {logging_mixin.py:112} INFO - Phyllis
[2020-12-07 11:00:21,775] {logging_mixin.py:112} INFO - Cloris
[2020-12-07 11:00:21,776] {logging_mixin.py:112} INFO - Elwyn
[2020-12-07 11:00:21,776] {logging_mixin.py:112} INFO - Ezechiel
[2020-12-07 11:00:21,777] {logging_mixin.py:112} INFO - Barclay
[2020-12-07 11:00:21,778] {logging_mixin.py:112} INFO - Adele
[2020-12-07 11:00:21,778] {logging_mixin.py:112} INFO - Deane
[2020-12-07 11:00:21,779] {logging_mixin.py:112} INFO - Ashien
[2020-12-07 11:00:21,780] {logging_mixin.py:112} INFO - Reynolds
[2020-12-07 11:00:21,780] {logging_mixin.py:112} INFO - Jazmin
[2020-12-07 11:00:21,780] {logging_mixin.py:112} INFO - Lisha
[2020-12-07 11:00:21,781] {logging_mixin.py:112} INFO - Nancey
[2020-12-07 11:00:21,781] {logging_mixin.py:112} INFO - Jacquelin
[2020-12-07 11:00:21,782] {logging_mixin.py:112} INFO - Colas
[2020-12-07 11:00:21,783] {logging_mixin.py:112} INFO - Jodie
[2020-12-07 11:00:21,783] {logging_mixin.py:112} INFO - Duncan
[2020-12-07 11:00:21,783] {logging_mixin.py:112} INFO - Bond
[2020-12-07 11:00:21,784] {logging_mixin.py:112} INFO - Husain
[2020-12-07 11:00:21,785] {logging_mixin.py:112} INFO - Wallie
[2020-12-07 11:00:21,786] {logging_mixin.py:112} INFO - Padget
[2020-12-07 11:00:21,786] {logging_mixin.py:112} INFO - Barbie
[2020-12-07 11:00:21,787] {logging_mixin.py:112} INFO - Pierrette
[2020-12-07 11:00:21,787] {logging_mixin.py:112} INFO - Feodor
[2020-12-07 11:00:21,788] {logging_mixin.py:112} INFO - Brigg
[2020-12-07 11:00:21,788] {logging_mixin.py:112} INFO - Jeni
[2020-12-07 11:00:21,789] {logging_mixin.py:112} INFO - Nolan
[2020-12-07 11:00:21,789] {logging_mixin.py:112} INFO - Rollie
[2020-12-07 11:00:21,789] {logging_mixin.py:112} INFO - Wang
[2020-12-07 11:00:21,790] {logging_mixin.py:112} INFO - Wilow
[2020-12-07 11:00:21,791] {logging_mixin.py:112} INFO - Thedric
[2020-12-07 11:00:21,792] {logging_mixin.py:112} INFO - Helli
[2020-12-07 11:00:21,792] {logging_mixin.py:112} INFO - Bink
[2020-12-07 11:00:21,793] {logging_mixin.py:112} INFO - Morena
[2020-12-07 11:00:21,793] {logging_mixin.py:112} INFO - Adelheid
[2020-12-07 11:00:21,794] {logging_mixin.py:112} INFO - Lark
[2020-12-07 11:00:21,795] {logging_mixin.py:112} INFO - Nevins
[2020-12-07 11:00:21,795] {logging_mixin.py:112} INFO - Rickey
[2020-12-07 11:00:21,796] {logging_mixin.py:112} INFO - Culley
[2020-12-07 11:00:21,796] {logging_mixin.py:112} INFO - Idaline
[2020-12-07 11:00:21,797] {logging_mixin.py:112} INFO - Kele
[2020-12-07 11:00:21,797] {logging_mixin.py:112} INFO - Shana
[2020-12-07 11:00:21,798] {logging_mixin.py:112} INFO - Gale
[2020-12-07 11:00:21,798] {logging_mixin.py:112} INFO - Susy
[2020-12-07 11:00:21,799] {logging_mixin.py:112} INFO - Helaine
[2020-12-07 11:00:21,799] {logging_mixin.py:112} INFO - Lauree
[2020-12-07 11:00:21,800] {logging_mixin.py:112} INFO - Kettie
[2020-12-07 11:00:21,801] {logging_mixin.py:112} INFO - Elston
[2020-12-07 11:00:21,801] {logging_mixin.py:112} INFO - Sandie
[2020-12-07 11:00:21,802] {logging_mixin.py:112} INFO - Reuben
[2020-12-07 11:00:21,802] {logging_mixin.py:112} INFO - Ezequiel
[2020-12-07 11:00:21,803] {logging_mixin.py:112} INFO - Jule
[2020-12-07 11:00:21,804] {logging_mixin.py:112} INFO - Marilyn
[2020-12-07 11:00:21,804] {logging_mixin.py:112} INFO - Celestine
[2020-12-07 11:00:21,805] {logging_mixin.py:112} INFO - Grady
[2020-12-07 11:00:21,806] {logging_mixin.py:112} INFO - Tadio
[2020-12-07 11:00:21,807] {logging_mixin.py:112} INFO - Goran
[2020-12-07 11:00:21,807] {logging_mixin.py:112} INFO - Jarred
[2020-12-07 11:00:21,808] {logging_mixin.py:112} INFO - Marissa
[2020-12-07 11:00:21,808] {logging_mixin.py:112} INFO - Bernardine
[2020-12-07 11:00:21,808] {logging_mixin.py:112} INFO - Heath
[2020-12-07 11:00:21,808] {logging_mixin.py:112} INFO - Odell
[2020-12-07 11:00:21,809] {logging_mixin.py:112} INFO - Drucy
[2020-12-07 11:00:21,809] {logging_mixin.py:112} INFO - Toiboid
[2020-12-07 11:00:21,810] {logging_mixin.py:112} INFO - Nettie
[2020-12-07 11:00:21,811] {logging_mixin.py:112} INFO - Franz
[2020-12-07 11:00:21,811] {logging_mixin.py:112} INFO - Harmon
[2020-12-07 11:00:21,812] {logging_mixin.py:112} INFO - Cordi
[2020-12-07 11:00:21,813] {logging_mixin.py:112} INFO - Hermione
[2020-12-07 11:00:21,813] {logging_mixin.py:112} INFO - Darya
[2020-12-07 11:00:21,814] {logging_mixin.py:112} INFO - Spike
[2020-12-07 11:00:21,814] {logging_mixin.py:112} INFO - Sauncho
[2020-12-07 11:00:21,814] {logging_mixin.py:112} INFO - Dorelia
[2020-12-07 11:00:21,815] {logging_mixin.py:112} INFO - Florida
[2020-12-07 11:00:21,816] {logging_mixin.py:112} INFO - Kylynn
[2020-12-07 11:00:21,816] {logging_mixin.py:112} INFO - Bamby
[2020-12-07 11:00:21,817] {logging_mixin.py:112} INFO - Letta
[2020-12-07 11:00:21,818] {logging_mixin.py:112} INFO - Vinita
[2020-12-07 11:00:21,818] {logging_mixin.py:112} INFO - West
[2020-12-07 11:00:21,819] {logging_mixin.py:112} INFO - Bear
[2020-12-07 11:00:21,819] {logging_mixin.py:112} INFO - Almeria
[2020-12-07 11:00:21,820] {logging_mixin.py:112} INFO - Blaine
[2020-12-07 11:00:21,820] {logging_mixin.py:112} INFO - Merrel
[2020-12-07 11:00:21,821] {logging_mixin.py:112} INFO - Jamie
[2020-12-07 11:00:21,822] {logging_mixin.py:112} INFO - Gordan
[2020-12-07 11:00:21,822] {logging_mixin.py:112} INFO - Dun
[2020-12-07 11:00:21,822] {logging_mixin.py:112} INFO - Thedric
[2020-12-07 11:00:21,823] {logging_mixin.py:112} INFO - Frederick
[2020-12-07 11:00:21,823] {logging_mixin.py:112} INFO - Lucille
[2020-12-07 11:00:21,824] {logging_mixin.py:112} INFO - Fifine
[2020-12-07 11:00:21,825] {logging_mixin.py:112} INFO - Claire
[2020-12-07 11:00:21,826] {logging_mixin.py:112} INFO - Curran
[2020-12-07 11:00:21,826] {logging_mixin.py:112} INFO - Alexine
[2020-12-07 11:00:21,827] {logging_mixin.py:112} INFO - Pauli
[2020-12-07 11:00:21,828] {logging_mixin.py:112} INFO - Binny
[2020-12-07 11:00:21,828] {logging_mixin.py:112} INFO - Nikolaus
[2020-12-07 11:00:21,829] {logging_mixin.py:112} INFO - Cristen
[2020-12-07 11:00:21,829] {logging_mixin.py:112} INFO - Simone
[2020-12-07 11:00:21,830] {logging_mixin.py:112} INFO - Rosy
[2020-12-07 11:00:21,830] {logging_mixin.py:112} INFO - Catarina
[2020-12-07 11:00:21,831] {logging_mixin.py:112} INFO - Quint
[2020-12-07 11:00:21,832] {logging_mixin.py:112} INFO - Joell
[2020-12-07 11:00:21,832] {logging_mixin.py:112} INFO - Babara
[2020-12-07 11:00:21,833] {logging_mixin.py:112} INFO - Erena
[2020-12-07 11:00:21,833] {logging_mixin.py:112} INFO - Joachim
[2020-12-07 11:00:21,834] {logging_mixin.py:112} INFO - Cori
[2020-12-07 11:00:21,834] {logging_mixin.py:112} INFO - Lodovico
[2020-12-07 11:00:21,835] {logging_mixin.py:112} INFO - Thatcher
[2020-12-07 11:00:21,836] {logging_mixin.py:112} INFO - Valentina
[2020-12-07 11:00:21,836] {logging_mixin.py:112} INFO - Mirelle
[2020-12-07 11:00:21,837] {logging_mixin.py:112} INFO - Marnia
[2020-12-07 11:00:21,838] {logging_mixin.py:112} INFO - Nonna
[2020-12-07 11:00:21,839] {logging_mixin.py:112} INFO - Kahaleel
[2020-12-07 11:00:21,839] {logging_mixin.py:112} INFO - Paddy
[2020-12-07 11:00:21,840] {logging_mixin.py:112} INFO - Aldon
[2020-12-07 11:00:21,840] {logging_mixin.py:112} INFO - Caz
[2020-12-07 11:00:21,841] {logging_mixin.py:112} INFO - Merrill
[2020-12-07 11:00:21,841] {logging_mixin.py:112} INFO - Estele
[2020-12-07 11:00:21,842] {logging_mixin.py:112} INFO - Lynea
[2020-12-07 11:00:21,842] {logging_mixin.py:112} INFO - Debbi
[2020-12-07 11:00:21,843] {logging_mixin.py:112} INFO - Thornie
[2020-12-07 11:00:21,843] {logging_mixin.py:112} INFO - Guthry
[2020-12-07 11:00:21,844] {logging_mixin.py:112} INFO - Jacinta
[2020-12-07 11:00:21,844] {logging_mixin.py:112} INFO - Yoshiko
[2020-12-07 11:00:21,845] {logging_mixin.py:112} INFO - Arabelle
[2020-12-07 11:00:21,845] {logging_mixin.py:112} INFO - Clementia
[2020-12-07 11:00:21,846] {logging_mixin.py:112} INFO - Benedicto
[2020-12-07 11:00:21,847] {logging_mixin.py:112} INFO - Felicle
[2020-12-07 11:00:21,848] {logging_mixin.py:112} INFO - Udell
[2020-12-07 11:00:21,848] {logging_mixin.py:112} INFO - Tildi
[2020-12-07 11:00:21,849] {logging_mixin.py:112} INFO - Tate
[2020-12-07 11:00:21,849] {logging_mixin.py:112} INFO - Amye
[2020-12-07 11:00:21,850] {logging_mixin.py:112} INFO - Faunie
[2020-12-07 11:00:21,850] {logging_mixin.py:112} INFO - Chevalier
[2020-12-07 11:00:21,851] {logging_mixin.py:112} INFO - Bernadene
[2020-12-07 11:00:21,852] {logging_mixin.py:112} INFO - Ollie
[2020-12-07 11:00:21,853] {logging_mixin.py:112} INFO - Gregorio
[2020-12-07 11:00:21,853] {logging_mixin.py:112} INFO - Kaitlynn
[2020-12-07 11:00:21,854] {logging_mixin.py:112} INFO - Lionello
[2020-12-07 11:00:21,854] {logging_mixin.py:112} INFO - Grenville
[2020-12-07 11:00:21,855] {logging_mixin.py:112} INFO - Falkner
[2020-12-07 11:00:21,856] {logging_mixin.py:112} INFO - Joyann
[2020-12-07 11:00:21,856] {logging_mixin.py:112} INFO - Umberto
[2020-12-07 11:00:21,857] {logging_mixin.py:112} INFO - Buddie
[2020-12-07 11:00:21,857] {logging_mixin.py:112} INFO - Kynthia
[2020-12-07 11:00:21,858] {logging_mixin.py:112} INFO - Bride
[2020-12-07 11:00:21,858] {logging_mixin.py:112} INFO - Barnabe
[2020-12-07 11:00:21,859] {logging_mixin.py:112} INFO - Serene
[2020-12-07 11:00:21,860] {logging_mixin.py:112} INFO - Mayor
[2020-12-07 11:00:21,860] {logging_mixin.py:112} INFO - Goldy
[2020-12-07 11:00:21,861] {logging_mixin.py:112} INFO - Derrick
[2020-12-07 11:00:21,862] {logging_mixin.py:112} INFO - Jackquelin
[2020-12-07 11:00:21,863] {logging_mixin.py:112} INFO - Travers
[2020-12-07 11:00:21,864] {logging_mixin.py:112} INFO - Perry
[2020-12-07 11:00:21,865] {logging_mixin.py:112} INFO - Brianne
[2020-12-07 11:00:21,865] {logging_mixin.py:112} INFO - Cordey
[2020-12-07 11:00:21,866] {logging_mixin.py:112} INFO - Lawton
[2020-12-07 11:00:21,867] {logging_mixin.py:112} INFO - Selma
[2020-12-07 11:00:21,867] {logging_mixin.py:112} INFO - Jameson
[2020-12-07 11:00:21,868] {logging_mixin.py:112} INFO - Libbi
[2020-12-07 11:00:21,868] {logging_mixin.py:112} INFO - Charlotta
[2020-12-07 11:00:21,869] {logging_mixin.py:112} INFO - Jasmin
[2020-12-07 11:00:21,870] {logging_mixin.py:112} INFO - Jodi
[2020-12-07 11:00:21,871] {logging_mixin.py:112} INFO - Monika
[2020-12-07 11:00:21,871] {logging_mixin.py:112} INFO - Ginevra
[2020-12-07 11:00:21,871] {logging_mixin.py:112} INFO - Melli
[2020-12-07 11:00:21,872] {logging_mixin.py:112} INFO - Sloan
[2020-12-07 11:00:21,873] {logging_mixin.py:112} INFO - Carly
[2020-12-07 11:00:21,874] {logging_mixin.py:112} INFO - Ophelie
[2020-12-07 11:00:21,874] {logging_mixin.py:112} INFO - Layne
[2020-12-07 11:00:21,875] {logging_mixin.py:112} INFO - Jaquith
[2020-12-07 11:00:21,876] {logging_mixin.py:112} INFO - Yorker
[2020-12-07 11:00:21,876] {logging_mixin.py:112} INFO - Korie
[2020-12-07 11:00:21,876] {logging_mixin.py:112} INFO - Brook
[2020-12-07 11:00:21,877] {logging_mixin.py:112} INFO - Winna
[2020-12-07 11:00:21,877] {logging_mixin.py:112} INFO - Jordon
[2020-12-07 11:00:21,878] {logging_mixin.py:112} INFO - Adrien
[2020-12-07 11:00:21,879] {logging_mixin.py:112} INFO - Jed
[2020-12-07 11:00:21,880] {logging_mixin.py:112} INFO - Amabelle
[2020-12-07 11:00:21,881] {logging_mixin.py:112} INFO - Nester
[2020-12-07 11:00:21,882] {logging_mixin.py:112} INFO - Piper
[2020-12-07 11:00:21,882] {logging_mixin.py:112} INFO - Sydelle
[2020-12-07 11:00:21,883] {logging_mixin.py:112} INFO - Kakalina
[2020-12-07 11:00:21,883] {logging_mixin.py:112} INFO - Hilary
[2020-12-07 11:00:21,884] {logging_mixin.py:112} INFO - Edvard
[2020-12-07 11:00:21,885] {logging_mixin.py:112} INFO - Joaquin
[2020-12-07 11:00:21,886] {logging_mixin.py:112} INFO - Abbot
[2020-12-07 11:00:21,887] {logging_mixin.py:112} INFO - Marcile
[2020-12-07 11:00:21,887] {logging_mixin.py:112} INFO - Desiree
[2020-12-07 11:00:21,887] {logging_mixin.py:112} INFO - Torre
[2020-12-07 11:00:21,888] {logging_mixin.py:112} INFO - Jeanne
[2020-12-07 11:00:21,889] {logging_mixin.py:112} INFO - Larine
[2020-12-07 11:00:21,889] {logging_mixin.py:112} INFO - Enos
[2020-12-07 11:00:21,890] {logging_mixin.py:112} INFO - Phyllida
[2020-12-07 11:00:21,891] {logging_mixin.py:112} INFO - Glyn
[2020-12-07 11:00:21,892] {logging_mixin.py:112} INFO - Onofredo
[2020-12-07 11:00:21,892] {logging_mixin.py:112} INFO - Nico
[2020-12-07 11:00:21,893] {logging_mixin.py:112} INFO - Stillmann
[2020-12-07 11:00:21,894] {logging_mixin.py:112} INFO - Amberly
[2020-12-07 11:00:21,894] {logging_mixin.py:112} INFO - Daffie
[2020-12-07 11:00:21,895] {logging_mixin.py:112} INFO - Morty
[2020-12-07 11:00:21,896] {logging_mixin.py:112} INFO - Chrisy
[2020-12-07 11:00:21,897] {logging_mixin.py:112} INFO - Toby
[2020-12-07 11:00:21,898] {logging_mixin.py:112} INFO - Witty
[2020-12-07 11:00:21,898] {logging_mixin.py:112} INFO - Nataline
[2020-12-07 11:00:21,899] {logging_mixin.py:112} INFO - Carlie
[2020-12-07 11:00:21,900] {logging_mixin.py:112} INFO - Alexis
[2020-12-07 11:00:21,900] {logging_mixin.py:112} INFO - Leslie
[2020-12-07 11:00:21,901] {logging_mixin.py:112} INFO - Cherin
[2020-12-07 11:00:21,901] {logging_mixin.py:112} INFO - Emelda
[2020-12-07 11:00:21,902] {logging_mixin.py:112} INFO - Dulce
[2020-12-07 11:00:21,903] {logging_mixin.py:112} INFO - Grethel
[2020-12-07 11:00:21,904] {logging_mixin.py:112} INFO - Norbert
[2020-12-07 11:00:21,904] {logging_mixin.py:112} INFO - Kare
[2020-12-07 11:00:21,905] {logging_mixin.py:112} INFO - Randene
[2020-12-07 11:00:21,905] {logging_mixin.py:112} INFO - Pebrook
[2020-12-07 11:00:21,905] {logging_mixin.py:112} INFO - Flinn
[2020-12-07 11:00:21,906] {logging_mixin.py:112} INFO - Barde
[2020-12-07 11:00:21,907] {logging_mixin.py:112} INFO - Donny
[2020-12-07 11:00:21,908] {logging_mixin.py:112} INFO - Wynne
[2020-12-07 11:00:21,908] {logging_mixin.py:112} INFO - Frederico
[2020-12-07 11:00:21,909] {logging_mixin.py:112} INFO - Estell
[2020-12-07 11:00:21,909] {logging_mixin.py:112} INFO - Maudie
[2020-12-07 11:00:21,910] {logging_mixin.py:112} INFO - Robby
[2020-12-07 11:00:21,910] {logging_mixin.py:112} INFO - Donnajean
[2020-12-07 11:00:21,911] {logging_mixin.py:112} INFO - Julianna
[2020-12-07 11:00:21,912] {logging_mixin.py:112} INFO - Reta
[2020-12-07 11:00:21,913] {logging_mixin.py:112} INFO - Pascale
[2020-12-07 11:00:21,914] {logging_mixin.py:112} INFO - Isacco
[2020-12-07 11:00:21,914] {logging_mixin.py:112} INFO - Candida
[2020-12-07 11:00:21,915] {logging_mixin.py:112} INFO - Elnar
[2020-12-07 11:00:21,915] {logging_mixin.py:112} INFO - Horatia
[2020-12-07 11:00:21,916] {logging_mixin.py:112} INFO - Antoine
[2020-12-07 11:00:21,916] {logging_mixin.py:112} INFO - Maurizio
[2020-12-07 11:00:21,917] {logging_mixin.py:112} INFO - Ross
[2020-12-07 11:00:21,918] {logging_mixin.py:112} INFO - Oliviero
[2020-12-07 11:00:21,918] {logging_mixin.py:112} INFO - Andriette
[2020-12-07 11:00:21,918] {logging_mixin.py:112} INFO - Laure
[2020-12-07 11:00:21,919] {logging_mixin.py:112} INFO - Freida
[2020-12-07 11:00:21,920] {logging_mixin.py:112} INFO - Major
[2020-12-07 11:00:21,920] {logging_mixin.py:112} INFO - Finley
[2020-12-07 11:00:21,921] {logging_mixin.py:112} INFO - Mamie
[2020-12-07 11:00:21,921] {logging_mixin.py:112} INFO - Kat
[2020-12-07 11:00:21,922] {logging_mixin.py:112} INFO - Evy
[2020-12-07 11:00:21,923] {logging_mixin.py:112} INFO - Hamish
[2020-12-07 11:00:21,923] {logging_mixin.py:112} INFO - Althea
[2020-12-07 11:00:21,924] {logging_mixin.py:112} INFO - Correy
[2020-12-07 11:00:21,924] {logging_mixin.py:112} INFO - Talya
[2020-12-07 11:00:21,925] {logging_mixin.py:112} INFO - Vitia
[2020-12-07 11:00:21,925] {logging_mixin.py:112} INFO - Godard
[2020-12-07 11:00:21,926] {logging_mixin.py:112} INFO - Maximilian
[2020-12-07 11:00:21,927] {logging_mixin.py:112} INFO - Emelen
[2020-12-07 11:00:21,927] {logging_mixin.py:112} INFO - Jule
[2020-12-07 11:00:21,927] {logging_mixin.py:112} INFO - Waverly
[2020-12-07 11:00:21,928] {logging_mixin.py:112} INFO - Lay
[2020-12-07 11:00:21,929] {logging_mixin.py:112} INFO - Jeniece
[2020-12-07 11:00:21,929] {logging_mixin.py:112} INFO - Bart
[2020-12-07 11:00:21,929] {logging_mixin.py:112} INFO - Krishna
[2020-12-07 11:00:21,930] {logging_mixin.py:112} INFO - Mariquilla
[2020-12-07 11:00:21,931] {logging_mixin.py:112} INFO - Simonne
[2020-12-07 11:00:21,932] {logging_mixin.py:112} INFO - Donnamarie
[2020-12-07 11:00:21,932] {logging_mixin.py:112} INFO - Dusty
[2020-12-07 11:00:21,933] {logging_mixin.py:112} INFO - Johnathon
[2020-12-07 11:00:21,934] {logging_mixin.py:112} INFO - Adelaide
[2020-12-07 11:00:21,934] {logging_mixin.py:112} INFO - Farly
[2020-12-07 11:00:21,935] {logging_mixin.py:112} INFO - Consuela
[2020-12-07 11:00:21,935] {logging_mixin.py:112} INFO - Goldina
[2020-12-07 11:00:21,936] {logging_mixin.py:112} INFO - Lauryn
[2020-12-07 11:00:21,937] {logging_mixin.py:112} INFO - Thibaut
[2020-12-07 11:00:21,937] {logging_mixin.py:112} INFO - Letty
[2020-12-07 11:00:21,938] {logging_mixin.py:112} INFO - Salmon
[2020-12-07 11:00:21,939] {logging_mixin.py:112} INFO - Granger
[2020-12-07 11:00:21,940] {logging_mixin.py:112} INFO - Elana
[2020-12-07 11:00:21,940] {logging_mixin.py:112} INFO - Calley
[2020-12-07 11:00:21,941] {logging_mixin.py:112} INFO - Garrard
[2020-12-07 11:00:21,942] {logging_mixin.py:112} INFO - Aguste
[2020-12-07 11:00:21,942] {logging_mixin.py:112} INFO - Keefer
[2020-12-07 11:00:21,943] {logging_mixin.py:112} INFO - Vera
[2020-12-07 11:00:21,943] {logging_mixin.py:112} INFO - Verne
[2020-12-07 11:00:21,944] {logging_mixin.py:112} INFO - Nathan
[2020-12-07 11:00:21,945] {logging_mixin.py:112} INFO - Dru
[2020-12-07 11:00:21,945] {logging_mixin.py:112} INFO - Edwin
[2020-12-07 11:00:21,946] {logging_mixin.py:112} INFO - Elke
[2020-12-07 11:00:21,947] {logging_mixin.py:112} INFO - Isidro
[2020-12-07 11:00:21,947] {logging_mixin.py:112} INFO - Hollie
[2020-12-07 11:00:21,948] {logging_mixin.py:112} INFO - Bessy
[2020-12-07 11:00:21,949] {logging_mixin.py:112} INFO - Dredi
[2020-12-07 11:00:21,950] {logging_mixin.py:112} INFO - Idalina
[2020-12-07 11:00:21,950] {logging_mixin.py:112} INFO - Fleming
[2020-12-07 11:00:21,950] {logging_mixin.py:112} INFO - Bernadine
[2020-12-07 11:00:21,951] {logging_mixin.py:112} INFO - Lonnard
[2020-12-07 11:00:21,951] {logging_mixin.py:112} INFO - Elonore
[2020-12-07 11:00:21,952] {logging_mixin.py:112} INFO - Steven
[2020-12-07 11:00:21,952] {logging_mixin.py:112} INFO - Kendrick
[2020-12-07 11:00:21,953] {logging_mixin.py:112} INFO - Reta
[2020-12-07 11:00:21,954] {logging_mixin.py:112} INFO - Matty
[2020-12-07 11:00:21,955] {logging_mixin.py:112} INFO - Sylvia
[2020-12-07 11:00:21,956] {logging_mixin.py:112} INFO - Chaim
[2020-12-07 11:00:21,956] {logging_mixin.py:112} INFO - Twyla
[2020-12-07 11:00:21,956] {logging_mixin.py:112} INFO - Manfred
[2020-12-07 11:00:21,957] {logging_mixin.py:112} INFO - Cully
[2020-12-07 11:00:21,957] {logging_mixin.py:112} INFO - Jameson
[2020-12-07 11:00:21,958] {logging_mixin.py:112} INFO - Ruddie
[2020-12-07 11:00:21,959] {logging_mixin.py:112} INFO - Benton
[2020-12-07 11:00:21,959] {logging_mixin.py:112} INFO - Ibrahim
[2020-12-07 11:00:21,960] {logging_mixin.py:112} INFO - Georgeanna
[2020-12-07 11:00:21,961] {logging_mixin.py:112} INFO - Elvira
[2020-12-07 11:00:21,961] {logging_mixin.py:112} INFO - Panchito
[2020-12-07 11:00:21,962] {logging_mixin.py:112} INFO - Emelia
[2020-12-07 11:00:21,962] {logging_mixin.py:112} INFO - Karney
[2020-12-07 11:00:21,963] {logging_mixin.py:112} INFO - Any
[2020-12-07 11:00:21,964] {logging_mixin.py:112} INFO - Von
[2020-12-07 11:00:21,964] {logging_mixin.py:112} INFO - Linell
[2020-12-07 11:00:21,965] {logging_mixin.py:112} INFO - Jakob
[2020-12-07 11:00:21,965] {logging_mixin.py:112} INFO - Gianna
[2020-12-07 11:00:21,966] {logging_mixin.py:112} INFO - Alecia
[2020-12-07 11:00:21,967] {logging_mixin.py:112} INFO - Sibel
[2020-12-07 11:00:21,967] {logging_mixin.py:112} INFO - Jermaine
[2020-12-07 11:00:21,968] {logging_mixin.py:112} INFO - Blithe
[2020-12-07 11:00:21,969] {logging_mixin.py:112} INFO - Bernardine
[2020-12-07 11:00:21,969] {logging_mixin.py:112} INFO - Trey
[2020-12-07 11:00:21,970] {logging_mixin.py:112} INFO - Cheslie
[2020-12-07 11:00:21,971] {logging_mixin.py:112} INFO - Nellie
[2020-12-07 11:00:21,971] {logging_mixin.py:112} INFO - Sterling
[2020-12-07 11:00:21,972] {logging_mixin.py:112} INFO - Auroora
[2020-12-07 11:00:21,972] {logging_mixin.py:112} INFO - Nola
[2020-12-07 11:00:21,972] {logging_mixin.py:112} INFO - Elianora
[2020-12-07 11:00:21,973] {logging_mixin.py:112} INFO - Lotti
[2020-12-07 11:00:21,974] {logging_mixin.py:112} INFO - Adrea
[2020-12-07 11:00:21,974] {logging_mixin.py:112} INFO - Haywood
[2020-12-07 11:00:21,975] {logging_mixin.py:112} INFO - Brianne
[2020-12-07 11:00:21,976] {logging_mixin.py:112} INFO - Carma
[2020-12-07 11:00:21,977] {logging_mixin.py:112} INFO - Lucky
[2020-12-07 11:00:21,978] {logging_mixin.py:112} INFO - Lindsy
[2020-12-07 11:00:21,978] {logging_mixin.py:112} INFO - Anthony
[2020-12-07 11:00:21,978] {logging_mixin.py:112} INFO - Maryrose
[2020-12-07 11:00:21,979] {logging_mixin.py:112} INFO - Gertie
[2020-12-07 11:00:21,980] {logging_mixin.py:112} INFO - Lancelot
[2020-12-07 11:00:21,981] {logging_mixin.py:112} INFO - Wyndham
[2020-12-07 11:00:21,981] {logging_mixin.py:112} INFO - Tomlin
[2020-12-07 11:00:21,982] {logging_mixin.py:112} INFO - Cherianne
[2020-12-07 11:00:21,983] {logging_mixin.py:112} INFO - Hieronymus
[2020-12-07 11:00:21,984] {logging_mixin.py:112} INFO - Yettie
[2020-12-07 11:00:21,984] {logging_mixin.py:112} INFO - Pamela
[2020-12-07 11:00:21,985] {logging_mixin.py:112} INFO - Tomas
[2020-12-07 11:00:21,986] {logging_mixin.py:112} INFO - Beverley
[2020-12-07 11:00:21,986] {logging_mixin.py:112} INFO - Nikos
[2020-12-07 11:00:21,986] {logging_mixin.py:112} INFO - Georgeta
[2020-12-07 11:00:21,987] {logging_mixin.py:112} INFO - Fidela
[2020-12-07 11:00:21,988] {logging_mixin.py:112} INFO - Ruthe
[2020-12-07 11:00:21,989] {logging_mixin.py:112} INFO - Noella
[2020-12-07 11:00:21,990] {logging_mixin.py:112} INFO - Fran
[2020-12-07 11:00:21,990] {logging_mixin.py:112} INFO - Roanne
[2020-12-07 11:00:21,991] {logging_mixin.py:112} INFO - Ariel
[2020-12-07 11:00:21,992] {logging_mixin.py:112} INFO - Darwin
[2020-12-07 11:00:21,992] {logging_mixin.py:112} INFO - Issy
[2020-12-07 11:00:21,993] {logging_mixin.py:112} INFO - Felix
[2020-12-07 11:00:21,994] {logging_mixin.py:112} INFO - Regine
[2020-12-07 11:00:21,994] {logging_mixin.py:112} INFO - Corney
[2020-12-07 11:00:21,995] {logging_mixin.py:112} INFO - Gleda
[2020-12-07 11:00:21,996] {logging_mixin.py:112} INFO - Sharleen
[2020-12-07 11:00:21,996] {logging_mixin.py:112} INFO - Seamus
[2020-12-07 11:00:21,996] {logging_mixin.py:112} INFO - Bail
[2020-12-07 11:00:21,997] {logging_mixin.py:112} INFO - Holmes
[2020-12-07 11:00:21,997] {logging_mixin.py:112} INFO - Donnie
[2020-12-07 11:00:21,998] {logging_mixin.py:112} INFO - Godard
[2020-12-07 11:00:21,998] {logging_mixin.py:112} INFO - Feodor
[2020-12-07 11:00:21,999] {logging_mixin.py:112} INFO - Ollie
[2020-12-07 11:00:22,000] {logging_mixin.py:112} INFO - Moritz
[2020-12-07 11:00:22,000] {logging_mixin.py:112} INFO - Mitzi
[2020-12-07 11:00:22,001] {logging_mixin.py:112} INFO - Brook
[2020-12-07 11:00:22,001] {logging_mixin.py:112} INFO - Falkner
[2020-12-07 11:00:22,002] {logging_mixin.py:112} INFO - Karna
[2020-12-07 11:00:22,003] {logging_mixin.py:112} INFO - Bambie
[2020-12-07 11:00:22,003] {logging_mixin.py:112} INFO - Caitrin
[2020-12-07 11:00:22,004] {logging_mixin.py:112} INFO - Sapphira
[2020-12-07 11:00:22,004] {logging_mixin.py:112} INFO - Herschel
[2020-12-07 11:00:22,005] {logging_mixin.py:112} INFO - Laurent
[2020-12-07 11:00:22,005] {logging_mixin.py:112} INFO - Farly
[2020-12-07 11:00:22,006] {logging_mixin.py:112} INFO - Timmie
[2020-12-07 11:00:22,006] {logging_mixin.py:112} INFO - Gerri
[2020-12-07 11:00:22,007] {logging_mixin.py:112} INFO - Adeline
[2020-12-07 11:00:22,008] {logging_mixin.py:112} INFO - Ruddy
[2020-12-07 11:00:22,009] {logging_mixin.py:112} INFO - Patin
[2020-12-07 11:00:22,009] {logging_mixin.py:112} INFO - Zollie
[2020-12-07 11:00:22,010] {logging_mixin.py:112} INFO - Emmet
[2020-12-07 11:00:22,010] {logging_mixin.py:112} INFO - Brooks
[2020-12-07 11:00:22,011] {logging_mixin.py:112} INFO - Fulvia
[2020-12-07 11:00:22,011] {logging_mixin.py:112} INFO - Son
[2020-12-07 11:00:22,012] {logging_mixin.py:112} INFO - Agnese
[2020-12-07 11:00:22,012] {logging_mixin.py:112} INFO - Bryn
[2020-12-07 11:00:22,013] {logging_mixin.py:112} INFO - Franny
[2020-12-07 11:00:22,013] {logging_mixin.py:112} INFO - Bertina
[2020-12-07 11:00:22,014] {logging_mixin.py:112} INFO - Vally
[2020-12-07 11:00:22,014] {logging_mixin.py:112} INFO - Tiffany
[2020-12-07 11:00:22,015] {logging_mixin.py:112} INFO - Rina
[2020-12-07 11:00:22,015] {logging_mixin.py:112} INFO - Dominga
[2020-12-07 11:00:22,015] {logging_mixin.py:112} INFO - Jack
[2020-12-07 11:00:22,016] {logging_mixin.py:112} INFO - Matthias
[2020-12-07 11:00:22,017] {logging_mixin.py:112} INFO - Alexei
[2020-12-07 11:00:22,017] {logging_mixin.py:112} INFO - Cheslie
[2020-12-07 11:00:22,017] {logging_mixin.py:112} INFO - Margret
[2020-12-07 11:00:22,018] {logging_mixin.py:112} INFO - Ruby
[2020-12-07 11:00:22,018] {logging_mixin.py:112} INFO - Aleta
[2020-12-07 11:00:22,019] {logging_mixin.py:112} INFO - Webb
[2020-12-07 11:00:22,019] {logging_mixin.py:112} INFO - Jemima
[2020-12-07 11:00:22,020] {logging_mixin.py:112} INFO - Newton
[2020-12-07 11:00:22,021] {logging_mixin.py:112} INFO - Electra
[2020-12-07 11:00:22,022] {logging_mixin.py:112} INFO - Shalom
[2020-12-07 11:00:22,022] {logging_mixin.py:112} INFO - Loraine
[2020-12-07 11:00:22,022] {logging_mixin.py:112} INFO - Hasty
[2020-12-07 11:00:22,023] {logging_mixin.py:112} INFO - Reube
[2020-12-07 11:00:22,024] {logging_mixin.py:112} INFO - Rabi
[2020-12-07 11:00:22,024] {logging_mixin.py:112} INFO - Samaria
[2020-12-07 11:00:22,024] {logging_mixin.py:112} INFO - Nealon
[2020-12-07 11:00:22,025] {logging_mixin.py:112} INFO - Hill
[2020-12-07 11:00:22,025] {logging_mixin.py:112} INFO - Theobald
[2020-12-07 11:00:22,026] {logging_mixin.py:112} INFO - Christophe
[2020-12-07 11:00:22,026] {logging_mixin.py:112} INFO - Teresita
[2020-12-07 11:00:22,027] {logging_mixin.py:112} INFO - Jedediah
[2020-12-07 11:00:22,028] {logging_mixin.py:112} INFO - Cory
[2020-12-07 11:00:22,028] {logging_mixin.py:112} INFO - Fields
[2020-12-07 11:00:22,029] {logging_mixin.py:112} INFO - Peggy
[2020-12-07 11:00:22,030] {logging_mixin.py:112} INFO - Kameko
[2020-12-07 11:00:22,031] {logging_mixin.py:112} INFO - Olenolin
[2020-12-07 11:00:22,032] {logging_mixin.py:112} INFO - Joyous
[2020-12-07 11:00:22,032] {logging_mixin.py:112} INFO - Ernst
[2020-12-07 11:00:22,033] {logging_mixin.py:112} INFO - Faydra
[2020-12-07 11:00:22,034] {logging_mixin.py:112} INFO - Simone
[2020-12-07 11:00:22,035] {logging_mixin.py:112} INFO - Martelle
[2020-12-07 11:00:22,036] {logging_mixin.py:112} INFO - Freeman
[2020-12-07 11:00:22,036] {logging_mixin.py:112} INFO - Gussy
[2020-12-07 11:00:22,037] {logging_mixin.py:112} INFO - Valerye
[2020-12-07 11:00:22,037] {logging_mixin.py:112} INFO - Lutero
[2020-12-07 11:00:22,038] {logging_mixin.py:112} INFO - Heidie
[2020-12-07 11:00:22,038] {logging_mixin.py:112} INFO - North
[2020-12-07 11:00:22,039] {logging_mixin.py:112} INFO - Rudolfo
[2020-12-07 11:00:22,040] {logging_mixin.py:112} INFO - Calida
[2020-12-07 11:00:22,041] {logging_mixin.py:112} INFO - Forrester
[2020-12-07 11:00:22,042] {logging_mixin.py:112} INFO - Ester
[2020-12-07 11:00:22,042] {logging_mixin.py:112} INFO - Burke
[2020-12-07 11:00:22,043] {logging_mixin.py:112} INFO - Benedikt
[2020-12-07 11:00:22,044] {logging_mixin.py:112} INFO - Mag
[2020-12-07 11:00:22,044] {logging_mixin.py:112} INFO - Cull
[2020-12-07 11:00:22,045] {logging_mixin.py:112} INFO - Pail
[2020-12-07 11:00:22,046] {logging_mixin.py:112} INFO - Raphaela
[2020-12-07 11:00:22,046] {logging_mixin.py:112} INFO - Darren
[2020-12-07 11:00:22,046] {logging_mixin.py:112} INFO - Gray
[2020-12-07 11:00:22,046] {logging_mixin.py:112} INFO - Heda
[2020-12-07 11:00:22,047] {logging_mixin.py:112} INFO - Jill
[2020-12-07 11:00:22,047] {logging_mixin.py:112} INFO - Desmond
[2020-12-07 11:00:22,048] {logging_mixin.py:112} INFO - Cathy
[2020-12-07 11:00:22,049] {logging_mixin.py:112} INFO - Steffen
[2020-12-07 11:00:22,049] {logging_mixin.py:112} INFO - Cherri
[2020-12-07 11:00:22,050] {logging_mixin.py:112} INFO - Jobi
[2020-12-07 11:00:22,050] {logging_mixin.py:112} INFO - Kerrie
[2020-12-07 11:00:22,051] {logging_mixin.py:112} INFO - Berny
[2020-12-07 11:00:22,051] {logging_mixin.py:112} INFO - Boyd
[2020-12-07 11:00:22,052] {logging_mixin.py:112} INFO - Suzanna
[2020-12-07 11:00:22,053] {logging_mixin.py:112} INFO - Adolf
[2020-12-07 11:00:22,053] {logging_mixin.py:112} INFO - Marna
[2020-12-07 11:00:22,054] {logging_mixin.py:112} INFO - Robbie
[2020-12-07 11:00:22,054] {logging_mixin.py:112} INFO - Arty
[2020-12-07 11:00:22,055] {logging_mixin.py:112} INFO - Carmela
[2020-12-07 11:00:22,055] {logging_mixin.py:112} INFO - Silvanus
[2020-12-07 11:00:22,056] {logging_mixin.py:112} INFO - Morganica
[2020-12-07 11:00:22,056] {logging_mixin.py:112} INFO - Erie
[2020-12-07 11:00:22,056] {logging_mixin.py:112} INFO - Camille
[2020-12-07 11:00:22,057] {logging_mixin.py:112} INFO - Ortensia
[2020-12-07 11:00:22,057] {logging_mixin.py:112} INFO - Humberto
[2020-12-07 11:00:22,058] {logging_mixin.py:112} INFO - Jerad
[2020-12-07 11:00:22,059] {logging_mixin.py:112} INFO - Mateo
[2020-12-07 11:00:22,059] {logging_mixin.py:112} INFO - Caryn
[2020-12-07 11:00:22,060] {logging_mixin.py:112} INFO - Kipper
[2020-12-07 11:00:22,061] {logging_mixin.py:112} INFO - Nikolas
[2020-12-07 11:00:22,061] {logging_mixin.py:112} INFO - Norry
[2020-12-07 11:00:22,062] {logging_mixin.py:112} INFO - Alyss
[2020-12-07 11:00:22,063] {logging_mixin.py:112} INFO - Caterina
[2020-12-07 11:00:22,063] {logging_mixin.py:112} INFO - Albertine
[2020-12-07 11:00:22,064] {logging_mixin.py:112} INFO - Melody
[2020-12-07 11:00:22,064] {logging_mixin.py:112} INFO - Danice
[2020-12-07 11:00:22,065] {logging_mixin.py:112} INFO - Pierrette
[2020-12-07 11:00:22,065] {logging_mixin.py:112} INFO - Nikolos
[2020-12-07 11:00:22,065] {logging_mixin.py:112} INFO - Jakob
[2020-12-07 11:00:22,066] {logging_mixin.py:112} INFO - Denny
[2020-12-07 11:00:22,067] {logging_mixin.py:112} INFO - Jandy
[2020-12-07 11:00:22,067] {logging_mixin.py:112} INFO - Ferdy
[2020-12-07 11:00:22,068] {logging_mixin.py:112} INFO - Archibold
[2020-12-07 11:00:22,068] {logging_mixin.py:112} INFO - Waverley
[2020-12-07 11:00:22,069] {logging_mixin.py:112} INFO - Lyn
[2020-12-07 11:00:22,070] {logging_mixin.py:112} INFO - Juanita
[2020-12-07 11:00:22,070] {logging_mixin.py:112} INFO - Stevy
[2020-12-07 11:00:22,070] {logging_mixin.py:112} INFO - Lorin
[2020-12-07 11:00:22,071] {logging_mixin.py:112} INFO - Phillipe
[2020-12-07 11:00:22,071] {logging_mixin.py:112} INFO - Roddie
[2020-12-07 11:00:22,072] {logging_mixin.py:112} INFO - Milton
[2020-12-07 11:00:22,073] {logging_mixin.py:112} INFO - Shalom
[2020-12-07 11:00:22,073] {logging_mixin.py:112} INFO - Moselle
[2020-12-07 11:00:22,073] {logging_mixin.py:112} INFO - Chane
[2020-12-07 11:00:22,074] {logging_mixin.py:112} INFO - Cleon
[2020-12-07 11:00:22,075] {logging_mixin.py:112} INFO - Basilius
[2020-12-07 11:00:22,075] {logging_mixin.py:112} INFO - Ebba
[2020-12-07 11:00:22,076] {logging_mixin.py:112} INFO - Angelika
[2020-12-07 11:00:22,077] {logging_mixin.py:112} INFO - Lemuel
[2020-12-07 11:00:22,077] {logging_mixin.py:112} INFO - Patrica
[2020-12-07 11:00:22,078] {logging_mixin.py:112} INFO - Lynne
[2020-12-07 11:00:22,078] {logging_mixin.py:112} INFO - Jolee
[2020-12-07 11:00:22,079] {logging_mixin.py:112} INFO - Donny
[2020-12-07 11:00:22,080] {logging_mixin.py:112} INFO - Joyce
[2020-12-07 11:00:22,080] {logging_mixin.py:112} INFO - Wheeler
[2020-12-07 11:00:22,081] {logging_mixin.py:112} INFO - Myrilla
[2020-12-07 11:00:22,082] {logging_mixin.py:112} INFO - Bondon
[2020-12-07 11:00:22,082] {logging_mixin.py:112} INFO - Dasi
[2020-12-07 11:00:22,083] {logging_mixin.py:112} INFO - Eudora
[2020-12-07 11:00:22,084] {logging_mixin.py:112} INFO - Waverley
[2020-12-07 11:00:22,084] {logging_mixin.py:112} INFO - Willamina
[2020-12-07 11:00:22,085] {logging_mixin.py:112} INFO - Nan
[2020-12-07 11:00:22,086] {logging_mixin.py:112} INFO - Gene
[2020-12-07 11:00:22,086] {logging_mixin.py:112} INFO - Doe
[2020-12-07 11:00:22,087] {logging_mixin.py:112} INFO - Norton
[2020-12-07 11:00:22,087] {logging_mixin.py:112} INFO - Sharla
[2020-12-07 11:00:22,088] {logging_mixin.py:112} INFO - Darius
[2020-12-07 11:00:22,089] {logging_mixin.py:112} INFO - Ana
[2020-12-07 11:00:22,089] {logging_mixin.py:112} INFO - Carey
[2020-12-07 11:00:22,090] {logging_mixin.py:112} INFO - Gauthier
[2020-12-07 11:00:22,090] {logging_mixin.py:112} INFO - Kristoffer
[2020-12-07 11:00:22,091] {logging_mixin.py:112} INFO - Desirae
[2020-12-07 11:00:22,091] {logging_mixin.py:112} INFO - Rhona
[2020-12-07 11:00:22,092] {logging_mixin.py:112} INFO - Estel
[2020-12-07 11:00:22,093] {logging_mixin.py:112} INFO - Rivkah
[2020-12-07 11:00:22,093] {logging_mixin.py:112} INFO - Edouard
[2020-12-07 11:00:22,094] {logging_mixin.py:112} INFO - Stanly
[2020-12-07 11:00:22,095] {logging_mixin.py:112} INFO - Bradford
[2020-12-07 11:00:22,095] {logging_mixin.py:112} INFO - Hephzibah
[2020-12-07 11:00:22,096] {logging_mixin.py:112} INFO - Elvis
[2020-12-07 11:00:22,096] {logging_mixin.py:112} INFO - Reece
[2020-12-07 11:00:22,097] {logging_mixin.py:112} INFO - Smith
[2020-12-07 11:00:22,097] {logging_mixin.py:112} INFO - Sybila
[2020-12-07 11:00:22,098] {logging_mixin.py:112} INFO - Lynett
[2020-12-07 11:00:22,098] {logging_mixin.py:112} INFO - Mitchael
[2020-12-07 11:00:22,100] {logging_mixin.py:112} INFO - Cate
[2020-12-07 11:00:22,100] {logging_mixin.py:112} INFO - Lucius
[2020-12-07 11:00:22,101] {logging_mixin.py:112} INFO - Karole
[2020-12-07 11:00:22,102] {logging_mixin.py:112} INFO - Gwenny
[2020-12-07 11:00:22,102] {logging_mixin.py:112} INFO - Patrice
[2020-12-07 11:00:22,103] {logging_mixin.py:112} INFO - Annice
[2020-12-07 11:00:22,103] {logging_mixin.py:112} INFO - Star
[2020-12-07 11:00:22,104] {logging_mixin.py:112} INFO - Erick
[2020-12-07 11:00:22,105] {logging_mixin.py:112} INFO - Gelya
[2020-12-07 11:00:22,105] {logging_mixin.py:112} INFO - Dareen
[2020-12-07 11:00:22,105] {logging_mixin.py:112} INFO - Korry
[2020-12-07 11:00:22,106] {logging_mixin.py:112} INFO - Egon
[2020-12-07 11:00:22,107] {logging_mixin.py:112} INFO - Grannie
[2020-12-07 11:00:22,107] {logging_mixin.py:112} INFO - Ryann
[2020-12-07 11:00:22,108] {logging_mixin.py:112} INFO - Cherey
[2020-12-07 11:00:22,109] {logging_mixin.py:112} INFO - Joe
[2020-12-07 11:00:22,110] {logging_mixin.py:112} INFO - Parrnell
[2020-12-07 11:00:22,110] {logging_mixin.py:112} INFO - Stanislas
[2020-12-07 11:00:22,111] {logging_mixin.py:112} INFO - Gerti
[2020-12-07 11:00:22,111] {logging_mixin.py:112} INFO - Sorcha
[2020-12-07 11:00:22,112] {logging_mixin.py:112} INFO - Karil
[2020-12-07 11:00:22,112] {logging_mixin.py:112} INFO - Vere
[2020-12-07 11:00:22,113] {logging_mixin.py:112} INFO - Hale
[2020-12-07 11:00:22,114] {logging_mixin.py:112} INFO - Karney
[2020-12-07 11:00:22,114] {logging_mixin.py:112} INFO - Cristie
[2020-12-07 11:00:22,115] {logging_mixin.py:112} INFO - Aubine
[2020-12-07 11:00:22,116] {logging_mixin.py:112} INFO - Shelli
[2020-12-07 11:00:22,117] {logging_mixin.py:112} INFO - Sly
[2020-12-07 11:00:22,117] {logging_mixin.py:112} INFO - Myrtle
[2020-12-07 11:00:22,118] {logging_mixin.py:112} INFO - Hilly
[2020-12-07 11:00:22,118] {logging_mixin.py:112} INFO - Darnell
[2020-12-07 11:00:22,119] {logging_mixin.py:112} INFO - Frederic
[2020-12-07 11:00:22,119] {logging_mixin.py:112} INFO - Mirabel
[2020-12-07 11:00:22,121] {logging_mixin.py:112} INFO - Edmund
[2020-12-07 11:00:22,121] {logging_mixin.py:112} INFO - Fidole
[2020-12-07 11:00:22,122] {logging_mixin.py:112} INFO - Mannie
[2020-12-07 11:00:22,123] {logging_mixin.py:112} INFO - Felicio
[2020-12-07 11:00:22,123] {logging_mixin.py:112} INFO - Kally
[2020-12-07 11:00:22,124] {logging_mixin.py:112} INFO - Weidar
[2020-12-07 11:00:22,124] {logging_mixin.py:112} INFO - Lorilyn
[2020-12-07 11:00:22,125] {logging_mixin.py:112} INFO - Billy
[2020-12-07 11:00:22,125] {logging_mixin.py:112} INFO - Daffi
[2020-12-07 11:00:22,126] {logging_mixin.py:112} INFO - Kim
[2020-12-07 11:00:22,126] {logging_mixin.py:112} INFO - Rudolph
[2020-12-07 11:00:22,127] {logging_mixin.py:112} INFO - Rosemaria
[2020-12-07 11:00:22,127] {logging_mixin.py:112} INFO - Bobbee
[2020-12-07 11:00:22,127] {logging_mixin.py:112} INFO - Galvin
[2020-12-07 11:00:22,128] {logging_mixin.py:112} INFO - Aldis
[2020-12-07 11:00:22,129] {logging_mixin.py:112} INFO - Jesus
[2020-12-07 11:00:22,130] {logging_mixin.py:112} INFO - Elvin
[2020-12-07 11:00:22,130] {logging_mixin.py:112} INFO - Briny
[2020-12-07 11:00:22,131] {logging_mixin.py:112} INFO - Sawyer
[2020-12-07 11:00:22,132] {logging_mixin.py:112} INFO - Loella
[2020-12-07 11:00:22,133] {logging_mixin.py:112} INFO - Somerset
[2020-12-07 11:00:22,134] {logging_mixin.py:112} INFO - Poppy
[2020-12-07 11:00:22,134] {logging_mixin.py:112} INFO - Dane
[2020-12-07 11:00:22,135] {logging_mixin.py:112} INFO - Denny
[2020-12-07 11:00:22,136] {logging_mixin.py:112} INFO - Nelle
[2020-12-07 11:00:22,136] {logging_mixin.py:112} INFO - Junia
[2020-12-07 11:00:22,136] {logging_mixin.py:112} INFO - Rees
[2020-12-07 11:00:22,137] {logging_mixin.py:112} INFO - Rorie
[2020-12-07 11:00:22,137] {logging_mixin.py:112} INFO - Padraig
[2020-12-07 11:00:22,138] {logging_mixin.py:112} INFO - Cherry
[2020-12-07 11:00:22,138] {logging_mixin.py:112} INFO - Shelden
[2020-12-07 11:00:22,139] {logging_mixin.py:112} INFO - Gale
[2020-12-07 11:00:22,140] {logging_mixin.py:112} INFO - Luelle
[2020-12-07 11:00:22,140] {logging_mixin.py:112} INFO - Anatollo
[2020-12-07 11:00:22,141] {logging_mixin.py:112} INFO - Bennie
[2020-12-07 11:00:22,141] {logging_mixin.py:112} INFO - Leonard
[2020-12-07 11:00:22,141] {logging_mixin.py:112} INFO - Corenda
[2020-12-07 11:00:22,142] {logging_mixin.py:112} INFO - Andromache
[2020-12-07 11:00:22,142] {logging_mixin.py:112} INFO - Sherry
[2020-12-07 11:00:22,143] {logging_mixin.py:112} INFO - Rodie
[2020-12-07 11:00:22,143] {logging_mixin.py:112} INFO - Spenser
[2020-12-07 11:00:22,144] {logging_mixin.py:112} INFO - Kassey
[2020-12-07 11:00:22,145] {logging_mixin.py:112} INFO - Dallis
[2020-12-07 11:00:22,146] {logging_mixin.py:112} INFO - Louie
[2020-12-07 11:00:22,146] {logging_mixin.py:112} INFO - Eveleen
[2020-12-07 11:00:22,147] {logging_mixin.py:112} INFO - Eleni
[2020-12-07 11:00:22,148] {logging_mixin.py:112} INFO - Thurstan
[2020-12-07 11:00:22,149] {logging_mixin.py:112} INFO - Ignace
[2020-12-07 11:00:22,149] {logging_mixin.py:112} INFO - Benedick
[2020-12-07 11:00:22,150] {logging_mixin.py:112} INFO - Cyndia
[2020-12-07 11:00:22,151] {logging_mixin.py:112} INFO - Mag
[2020-12-07 11:00:22,151] {logging_mixin.py:112} INFO - Brian
[2020-12-07 11:00:22,151] {logging_mixin.py:112} INFO - Avie
[2020-12-07 11:00:22,152] {logging_mixin.py:112} INFO - Papageno
[2020-12-07 11:00:22,153] {logging_mixin.py:112} INFO - Electra
[2020-12-07 11:00:22,153] {logging_mixin.py:112} INFO - Hamlin
[2020-12-07 11:00:22,154] {logging_mixin.py:112} INFO - Doy
[2020-12-07 11:00:22,154] {logging_mixin.py:112} INFO - Dilan
[2020-12-07 11:00:22,155] {logging_mixin.py:112} INFO - Corey
[2020-12-07 11:00:22,156] {logging_mixin.py:112} INFO - Ursala
[2020-12-07 11:00:22,156] {logging_mixin.py:112} INFO - Edin
[2020-12-07 11:00:22,156] {logging_mixin.py:112} INFO - Gustave
[2020-12-07 11:00:22,157] {logging_mixin.py:112} INFO - Keen
[2020-12-07 11:00:22,158] {logging_mixin.py:112} INFO - Ethyl
[2020-12-07 11:00:22,158] {logging_mixin.py:112} INFO - Audrie
[2020-12-07 11:00:22,159] {logging_mixin.py:112} INFO - Dur
[2020-12-07 11:00:22,160] {logging_mixin.py:112} INFO - Bernardine
[2020-12-07 11:00:22,161] {logging_mixin.py:112} INFO - Wilhelmina
[2020-12-07 11:00:22,162] {logging_mixin.py:112} INFO - Monica
[2020-12-07 11:00:22,163] {logging_mixin.py:112} INFO - Estel
[2020-12-07 11:00:22,163] {logging_mixin.py:112} INFO - Barbara
[2020-12-07 11:00:22,164] {logging_mixin.py:112} INFO - Wandie
[2020-12-07 11:00:22,164] {logging_mixin.py:112} INFO - Aleece
[2020-12-07 11:00:22,164] {logging_mixin.py:112} INFO - Phelia
[2020-12-07 11:00:22,165] {logging_mixin.py:112} INFO - Daffy
[2020-12-07 11:00:22,165] {logging_mixin.py:112} INFO - Teresita
[2020-12-07 11:00:22,166] {logging_mixin.py:112} INFO - Wolfy
[2020-12-07 11:00:22,167] {logging_mixin.py:112} INFO - Graig
[2020-12-07 11:00:22,167] {logging_mixin.py:112} INFO - Ranice
[2020-12-07 11:00:22,168] {logging_mixin.py:112} INFO - Norah
[2020-12-07 11:00:22,169] {logging_mixin.py:112} INFO - Birgit
[2020-12-07 11:00:22,169] {logging_mixin.py:112} INFO - Brig
[2020-12-07 11:00:22,170] {logging_mixin.py:112} INFO - Kandy
[2020-12-07 11:00:22,170] {logging_mixin.py:112} INFO - Karin
[2020-12-07 11:00:22,171] {logging_mixin.py:112} INFO - Sollie
[2020-12-07 11:00:22,171] {logging_mixin.py:112} INFO - Shanie
[2020-12-07 11:00:22,171] {logging_mixin.py:112} INFO - Somerset
[2020-12-07 11:00:22,172] {logging_mixin.py:112} INFO - Shoshana
[2020-12-07 11:00:22,173] {logging_mixin.py:112} INFO - Stevie
[2020-12-07 11:00:22,173] {logging_mixin.py:112} INFO - Meade
[2020-12-07 11:00:22,174] {logging_mixin.py:112} INFO - Der
[2020-12-07 11:00:22,174] {logging_mixin.py:112} INFO - Felice
[2020-12-07 11:00:22,175] {logging_mixin.py:112} INFO - Durward
[2020-12-07 11:00:22,176] {logging_mixin.py:112} INFO - Myrilla
[2020-12-07 11:00:22,177] {logging_mixin.py:112} INFO - Lucy
[2020-12-07 11:00:22,177] {logging_mixin.py:112} INFO - Loella
[2020-12-07 11:00:22,178] {logging_mixin.py:112} INFO - Sigismond
[2020-12-07 11:00:22,178] {logging_mixin.py:112} INFO - Jessika
[2020-12-07 11:00:22,178] {logging_mixin.py:112} INFO - Mada
[2020-12-07 11:00:22,179] {logging_mixin.py:112} INFO - Abbie
[2020-12-07 11:00:22,180] {logging_mixin.py:112} INFO - Jobina
[2020-12-07 11:00:22,181] {logging_mixin.py:112} INFO - Melly
[2020-12-07 11:00:22,181] {logging_mixin.py:112} INFO - Agatha
[2020-12-07 11:00:22,182] {logging_mixin.py:112} INFO - Katalin
[2020-12-07 11:00:22,183] {logging_mixin.py:112} INFO - Lauren
[2020-12-07 11:00:22,184] {logging_mixin.py:112} INFO - Gorden
[2020-12-07 11:00:22,185] {logging_mixin.py:112} INFO - Ezri
[2020-12-07 11:00:22,185] {logging_mixin.py:112} INFO - Roarke
[2020-12-07 11:00:22,186] {logging_mixin.py:112} INFO - Adolf
[2020-12-07 11:00:22,186] {logging_mixin.py:112} INFO - Maribeth
[2020-12-07 11:00:22,187] {logging_mixin.py:112} INFO - Taite
[2020-12-07 11:00:22,188] {logging_mixin.py:112} INFO - Laural
[2020-12-07 11:00:22,188] {logging_mixin.py:112} INFO - Wiley
[2020-12-07 11:00:22,189] {logging_mixin.py:112} INFO - Earle
[2020-12-07 11:00:22,189] {logging_mixin.py:112} INFO - Eilis
[2020-12-07 11:00:22,190] {logging_mixin.py:112} INFO - Tootsie
[2020-12-07 11:00:22,190] {logging_mixin.py:112} INFO - Orion
[2020-12-07 11:00:22,191] {logging_mixin.py:112} INFO - Aland
[2020-12-07 11:00:22,191] {logging_mixin.py:112} INFO - Lucia
[2020-12-07 11:00:22,192] {logging_mixin.py:112} INFO - Cyndy
[2020-12-07 11:00:22,192] {logging_mixin.py:112} INFO - Celisse
[2020-12-07 11:00:22,193] {logging_mixin.py:112} INFO - Kiersten
[2020-12-07 11:00:22,193] {logging_mixin.py:112} INFO - Noak
[2020-12-07 11:00:22,194] {logging_mixin.py:112} INFO - Kelbee
[2020-12-07 11:00:22,194] {logging_mixin.py:112} INFO - Orella
[2020-12-07 11:00:22,195] {logging_mixin.py:112} INFO - Chandra
[2020-12-07 11:00:22,195] {logging_mixin.py:112} INFO - Gay
[2020-12-07 11:00:22,196] {logging_mixin.py:112} INFO - Nicola
[2020-12-07 11:00:22,196] {logging_mixin.py:112} INFO - Ermengarde
[2020-12-07 11:00:22,197] {logging_mixin.py:112} INFO - Natalya
[2020-12-07 11:00:22,197] {logging_mixin.py:112} INFO - Dugald
[2020-12-07 11:00:22,198] {logging_mixin.py:112} INFO - Leonora
[2020-12-07 11:00:22,198] {logging_mixin.py:112} INFO - Dorella
[2020-12-07 11:00:22,199] {logging_mixin.py:112} INFO - Chevy
[2020-12-07 11:00:22,199] {logging_mixin.py:112} INFO - Pepito
[2020-12-07 11:00:22,200] {logging_mixin.py:112} INFO - Lillis
[2020-12-07 11:00:22,200] {logging_mixin.py:112} INFO - Nefen
[2020-12-07 11:00:22,201] {logging_mixin.py:112} INFO - Bette-ann
[2020-12-07 11:00:22,202] {logging_mixin.py:112} INFO - Franky
[2020-12-07 11:00:22,202] {logging_mixin.py:112} INFO - Gabbi
[2020-12-07 11:00:22,203] {logging_mixin.py:112} INFO - Kathryn
[2020-12-07 11:00:22,204] {logging_mixin.py:112} INFO - Antone
[2020-12-07 11:00:22,204] {logging_mixin.py:112} INFO - Mose
[2020-12-07 11:00:22,205] {logging_mixin.py:112} INFO - Niles
[2020-12-07 11:00:22,205] {logging_mixin.py:112} INFO - Bertha
[2020-12-07 11:00:22,206] {logging_mixin.py:112} INFO - Carlos
[2020-12-07 11:00:22,207] {logging_mixin.py:112} INFO - Noll
[2020-12-07 11:00:22,207] {logging_mixin.py:112} INFO - Jemie
[2020-12-07 11:00:22,208] {logging_mixin.py:112} INFO - Horst
[2020-12-07 11:00:22,208] {logging_mixin.py:112} INFO - Ernesta
[2020-12-07 11:00:22,209] {logging_mixin.py:112} INFO - Nev
[2020-12-07 11:00:22,210] {logging_mixin.py:112} INFO - Ysabel
[2020-12-07 11:00:22,210] {logging_mixin.py:112} INFO - Adam
[2020-12-07 11:00:22,211] {logging_mixin.py:112} INFO - Elfie
[2020-12-07 11:00:22,212] {logging_mixin.py:112} INFO - Pauline
[2020-12-07 11:00:22,212] {logging_mixin.py:112} INFO - Nessa
[2020-12-07 11:00:22,213] {logging_mixin.py:112} INFO - Pietro
[2020-12-07 11:00:22,213] {logging_mixin.py:112} INFO - Lazare
[2020-12-07 11:00:22,214] {logging_mixin.py:112} INFO - Karolina
[2020-12-07 11:00:22,214] {logging_mixin.py:112} INFO - Blisse
[2020-12-07 11:00:22,215] {logging_mixin.py:112} INFO - Byran
[2020-12-07 11:00:22,216] {logging_mixin.py:112} INFO - Galvan
[2020-12-07 11:00:22,216] {logging_mixin.py:112} INFO - Kenyon
[2020-12-07 11:00:22,217] {logging_mixin.py:112} INFO - Breena
[2020-12-07 11:00:22,218] {logging_mixin.py:112} INFO - Guthry
[2020-12-07 11:00:22,219] {logging_mixin.py:112} INFO - Marijo
[2020-12-07 11:00:22,219] {logging_mixin.py:112} INFO - Harriette
[2020-12-07 11:00:22,220] {logging_mixin.py:112} INFO - Drugi
[2020-12-07 11:00:22,220] {logging_mixin.py:112} INFO - Ryann
[2020-12-07 11:00:22,221] {logging_mixin.py:112} INFO - Brittany
[2020-12-07 11:00:22,222] {logging_mixin.py:112} INFO - Byram
[2020-12-07 11:00:22,222] {logging_mixin.py:112} INFO - Glennis
[2020-12-07 11:00:22,223] {logging_mixin.py:112} INFO - Farris
[2020-12-07 11:00:22,223] {logging_mixin.py:112} INFO - Rahel
[2020-12-07 11:00:22,224] {logging_mixin.py:112} INFO - Vinny
[2020-12-07 11:00:22,225] {logging_mixin.py:112} INFO - Gabriellia
[2020-12-07 11:00:22,225] {logging_mixin.py:112} INFO - Towney
[2020-12-07 11:00:22,226] {logging_mixin.py:112} INFO - Babb
[2020-12-07 11:00:22,227] {logging_mixin.py:112} INFO - Didi
[2020-12-07 11:00:22,227] {logging_mixin.py:112} INFO - Andreas
[2020-12-07 11:00:22,228] {logging_mixin.py:112} INFO - Tobin
[2020-12-07 11:00:22,228] {logging_mixin.py:112} INFO - Janessa
[2020-12-07 11:00:22,228] {logging_mixin.py:112} INFO - Roy
[2020-12-07 11:00:22,229] {logging_mixin.py:112} INFO - Myer
[2020-12-07 11:00:22,229] {logging_mixin.py:112} INFO - Beilul
[2020-12-07 11:00:22,230] {logging_mixin.py:112} INFO - Tremaine
[2020-12-07 11:00:22,230] {logging_mixin.py:112} INFO - Harrietta
[2020-12-07 11:00:22,230] {logging_mixin.py:112} INFO - Frederica
[2020-12-07 11:00:22,230] {logging_mixin.py:112} INFO - Ramon
[2020-12-07 11:00:22,231] {logging_mixin.py:112} INFO - Teena
[2020-12-07 11:00:22,231] {logging_mixin.py:112} INFO - Wynn
[2020-12-07 11:00:22,232] {logging_mixin.py:112} INFO - Constantin
[2020-12-07 11:00:22,233] {logging_mixin.py:112} INFO - Ricki
[2020-12-07 11:00:22,234] {logging_mixin.py:112} INFO - Teodoro
[2020-12-07 11:00:22,235] {logging_mixin.py:112} INFO - Stesha
[2020-12-07 11:00:22,236] {logging_mixin.py:112} INFO - Valentino
[2020-12-07 11:00:22,237] {logging_mixin.py:112} INFO - Agustin
[2020-12-07 11:00:22,239] {logging_mixin.py:112} INFO - Rhody
[2020-12-07 11:00:22,240] {logging_mixin.py:112} INFO - connection closed
[2020-12-07 11:00:22,243] {conn.py:919} INFO - <BrokerConnection node_id=0 host=localhost:9092 <connected> [IPv6 ('::1', 9092, 0, 0)]>: Closing connection. 
[2020-12-07 11:00:22,244] {python_operator.py:114} INFO - Done. Returned value was: None
[2020-12-07 11:00:22,249] {taskinstance.py:1057} INFO - Marking task as SUCCESS.dag_id=Airflow_task, task_id=Data_from_table2, execution_date=20201207T052500, start_date=20201207T053016, end_date=20201207T053022
[2020-12-07 11:00:26,702] {local_task_job.py:102} INFO - Task exited with return code 0
