[2020-12-07 19:10:03,342] {taskinstance.py:670} INFO - Dependencies all met for <TaskInstance: Write_data_to_PG.create_table 2020-12-07T13:35:00+00:00 [queued]>
[2020-12-07 19:10:03,354] {taskinstance.py:670} INFO - Dependencies all met for <TaskInstance: Write_data_to_PG.create_table 2020-12-07T13:35:00+00:00 [queued]>
[2020-12-07 19:10:03,354] {taskinstance.py:880} INFO - 
--------------------------------------------------------------------------------
[2020-12-07 19:10:03,354] {taskinstance.py:881} INFO - Starting attempt 1 of 1
[2020-12-07 19:10:03,354] {taskinstance.py:882} INFO - 
--------------------------------------------------------------------------------
[2020-12-07 19:10:03,360] {taskinstance.py:901} INFO - Executing <Task(PostgresOperator): create_table> on 2020-12-07T13:35:00+00:00
[2020-12-07 19:10:03,365] {standard_task_runner.py:54} INFO - Started process 58442 to run task
[2020-12-07 19:10:03,403] {standard_task_runner.py:77} INFO - Running: ['airflow', 'run', 'Write_data_to_PG', 'create_table', '2020-12-07T13:35:00+00:00', '--job_id', '289', '--pool', 'default_pool', '--raw', '-sd', 'DAGS_FOLDER/FileSensorDemo.py', '--cfg_path', '/var/folders/x0/npyjyyg15zj3krdkh0pv612w0000gn/T/tmpp13wkr0h']
[2020-12-07 19:10:03,405] {standard_task_runner.py:78} INFO - Job 289: Subtask create_table
[2020-12-07 19:10:03,438] {logging_mixin.py:112} INFO - Running %s on host %s <TaskInstance: Write_data_to_PG.create_table 2020-12-07T13:35:00+00:00 [running]> 153.225.168.192.in-addr.arpa
[2020-12-07 19:10:03,463] {postgres_operator.py:62} INFO - Executing: CREATE TABLE sampletable(
            Date text,
            Open text,
            High text,
            Low text,
            Close text
        );
        
[2020-12-07 19:10:03,468] {base_hook.py:89} INFO - Using connection to: id: postgres_default. Host: postgres, Port: None, Schema: airflow, Login: postgres, Password: XXXXXXXX, extra: None
[2020-12-07 19:10:03,472] {taskinstance.py:1150} ERROR - could not translate host name "postgres" to address: nodename nor servname provided, or not known
Traceback (most recent call last):
  File "/Users/sundarb/Documents/anaconda3/envs/de/lib/python3.8/site-packages/airflow/models/taskinstance.py", line 984, in _run_raw_task
    result = task_copy.execute(context=context)
  File "/Users/sundarb/Documents/anaconda3/envs/de/lib/python3.8/site-packages/airflow/operators/postgres_operator.py", line 65, in execute
    self.hook.run(self.sql, self.autocommit, parameters=self.parameters)
  File "/Users/sundarb/Documents/anaconda3/envs/de/lib/python3.8/site-packages/airflow/hooks/dbapi_hook.py", line 162, in run
    with closing(self.get_conn()) as conn:
  File "/Users/sundarb/Documents/anaconda3/envs/de/lib/python3.8/site-packages/airflow/hooks/postgres_hook.py", line 93, in get_conn
    self.conn = psycopg2.connect(**conn_args)
  File "/Users/sundarb/Documents/anaconda3/envs/de/lib/python3.8/site-packages/psycopg2/__init__.py", line 127, in connect
    conn = _connect(dsn, connection_factory=connection_factory, **kwasync)
psycopg2.OperationalError: could not translate host name "postgres" to address: nodename nor servname provided, or not known

[2020-12-07 19:10:03,477] {taskinstance.py:1187} INFO - Marking task as FAILED. dag_id=Write_data_to_PG, task_id=create_table, execution_date=20201207T133500, start_date=20201207T134003, end_date=20201207T134003
[2020-12-07 19:10:08,343] {local_task_job.py:102} INFO - Task exited with return code 1
