[2020-12-07 12:00:08,275] {taskinstance.py:670} INFO - Dependencies all met for <TaskInstance: Airflow_task.Data_from_table1 2020-12-07T06:25:00+00:00 [queued]>
[2020-12-07 12:00:08,284] {taskinstance.py:670} INFO - Dependencies all met for <TaskInstance: Airflow_task.Data_from_table1 2020-12-07T06:25:00+00:00 [queued]>
[2020-12-07 12:00:08,284] {taskinstance.py:880} INFO - 
--------------------------------------------------------------------------------
[2020-12-07 12:00:08,284] {taskinstance.py:881} INFO - Starting attempt 1 of 1
[2020-12-07 12:00:08,284] {taskinstance.py:882} INFO - 
--------------------------------------------------------------------------------
[2020-12-07 12:00:08,289] {taskinstance.py:901} INFO - Executing <Task(PythonOperator): Data_from_table1> on 2020-12-07T06:25:00+00:00
[2020-12-07 12:00:08,292] {standard_task_runner.py:54} INFO - Started process 37381 to run task
[2020-12-07 12:00:08,319] {standard_task_runner.py:77} INFO - Running: ['airflow', 'run', 'Airflow_task', 'Data_from_table1', '2020-12-07T06:25:00+00:00', '--job_id', '166', '--pool', 'default_pool', '--raw', '-sd', 'DAGS_FOLDER/server-elastic.py', '--cfg_path', '/var/folders/x0/npyjyyg15zj3krdkh0pv612w0000gn/T/tmpn9s_51v4']
[2020-12-07 12:00:08,320] {standard_task_runner.py:78} INFO - Job 166: Subtask Data_from_table1
[2020-12-07 12:00:08,346] {logging_mixin.py:112} INFO - Running %s on host %s <TaskInstance: Airflow_task.Data_from_table1 2020-12-07T06:25:00+00:00 [running]> 153.225.168.192.in-addr.arpa
[2020-12-07 12:00:10,743] {conn.py:380} INFO - <BrokerConnection node_id=bootstrap-0 host=localhost:9092 <connecting> [IPv6 ('::1', 9092, 0, 0)]>: connecting to localhost:9092 [('::1', 9092, 0, 0) IPv6]
[2020-12-07 12:00:10,744] {conn.py:1205} INFO - Probing node bootstrap-0 broker version
[2020-12-07 12:00:10,750] {conn.py:410} INFO - <BrokerConnection node_id=bootstrap-0 host=localhost:9092 <connecting> [IPv6 ('::1', 9092, 0, 0)]>: Connection complete.
[2020-12-07 12:00:10,858] {conn.py:1267} INFO - Broker version identified as 2.5.0
[2020-12-07 12:00:10,859] {conn.py:1268} INFO - Set configuration api_version=(2, 5, 0) to skip auto check_version requests on startup
[2020-12-07 12:00:10,861] {logging_mixin.py:112} INFO - Janet
[2020-12-07 12:00:10,863] {logging_mixin.py:112} INFO - Jaquenette
[2020-12-07 12:00:10,864] {logging_mixin.py:112} INFO - Dusty
[2020-12-07 12:00:10,864] {logging_mixin.py:112} INFO - Korie
[2020-12-07 12:00:10,865] {logging_mixin.py:112} INFO - Elvina
[2020-12-07 12:00:10,865] {logging_mixin.py:112} INFO - Rodge
[2020-12-07 12:00:10,865] {logging_mixin.py:112} INFO - Sabine
[2020-12-07 12:00:10,866] {logging_mixin.py:112} INFO - Herc
[2020-12-07 12:00:10,866] {logging_mixin.py:112} INFO - Othello
[2020-12-07 12:00:10,866] {logging_mixin.py:112} INFO - Matti
[2020-12-07 12:00:10,867] {logging_mixin.py:112} INFO - Melonie
[2020-12-07 12:00:10,867] {logging_mixin.py:112} INFO - Deny
[2020-12-07 12:00:10,867] {logging_mixin.py:112} INFO - Linette
[2020-12-07 12:00:10,867] {logging_mixin.py:112} INFO - Corry
[2020-12-07 12:00:10,868] {logging_mixin.py:112} INFO - Georgeanna
[2020-12-07 12:00:10,868] {logging_mixin.py:112} INFO - Reine
[2020-12-07 12:00:10,868] {logging_mixin.py:112} INFO - Merrick
[2020-12-07 12:00:10,869] {logging_mixin.py:112} INFO - Karl
[2020-12-07 12:00:10,869] {logging_mixin.py:112} INFO - Anthe
[2020-12-07 12:00:10,869] {logging_mixin.py:112} INFO - Christyna
[2020-12-07 12:00:10,870] {logging_mixin.py:112} INFO - Gifford
[2020-12-07 12:00:10,870] {logging_mixin.py:112} INFO - Blinny
[2020-12-07 12:00:10,871] {logging_mixin.py:112} INFO - Agustin
[2020-12-07 12:00:10,871] {logging_mixin.py:112} INFO - Magnum
[2020-12-07 12:00:10,871] {logging_mixin.py:112} INFO - Haven
[2020-12-07 12:00:10,872] {logging_mixin.py:112} INFO - Cory
[2020-12-07 12:00:10,872] {logging_mixin.py:112} INFO - Normy
[2020-12-07 12:00:10,872] {logging_mixin.py:112} INFO - Chaddie
[2020-12-07 12:00:10,873] {logging_mixin.py:112} INFO - Hortense
[2020-12-07 12:00:10,873] {logging_mixin.py:112} INFO - Melita
[2020-12-07 12:00:10,873] {logging_mixin.py:112} INFO - Fraser
[2020-12-07 12:00:10,873] {logging_mixin.py:112} INFO - Thorin
[2020-12-07 12:00:10,874] {logging_mixin.py:112} INFO - Marti
[2020-12-07 12:00:10,874] {logging_mixin.py:112} INFO - Aurore
[2020-12-07 12:00:10,874] {logging_mixin.py:112} INFO - Irena
[2020-12-07 12:00:10,875] {logging_mixin.py:112} INFO - Munroe
[2020-12-07 12:00:10,875] {logging_mixin.py:112} INFO - Conchita
[2020-12-07 12:00:10,875] {logging_mixin.py:112} INFO - Pieter
[2020-12-07 12:00:10,875] {logging_mixin.py:112} INFO - Zackariah
[2020-12-07 12:00:10,876] {logging_mixin.py:112} INFO - Glori
[2020-12-07 12:00:10,876] {logging_mixin.py:112} INFO - Dorie
[2020-12-07 12:00:10,876] {logging_mixin.py:112} INFO - Janessa
[2020-12-07 12:00:10,876] {logging_mixin.py:112} INFO - Branden
[2020-12-07 12:00:10,877] {conn.py:380} INFO - <BrokerConnection node_id=0 host=localhost:9092 <connecting> [IPv6 ('::1', 9092, 0, 0)]>: connecting to localhost:9092 [('::1', 9092, 0, 0) IPv6]
[2020-12-07 12:00:10,877] {logging_mixin.py:112} INFO - Thaddus
[2020-12-07 12:00:10,877] {logging_mixin.py:112} INFO - Gerrie
[2020-12-07 12:00:10,878] {logging_mixin.py:112} INFO - Darla
[2020-12-07 12:00:10,878] {logging_mixin.py:112} INFO - Byran
[2020-12-07 12:00:10,878] {logging_mixin.py:112} INFO - Margette
[2020-12-07 12:00:10,879] {logging_mixin.py:112} INFO - Judi
[2020-12-07 12:00:10,879] {logging_mixin.py:112} INFO - Jodi
[2020-12-07 12:00:10,879] {logging_mixin.py:112} INFO - Adriena
[2020-12-07 12:00:10,879] {logging_mixin.py:112} INFO - Cordie
[2020-12-07 12:00:10,880] {logging_mixin.py:112} INFO - Phaedra
[2020-12-07 12:00:10,880] {logging_mixin.py:112} INFO - Correy
[2020-12-07 12:00:10,880] {conn.py:410} INFO - <BrokerConnection node_id=0 host=localhost:9092 <connecting> [IPv6 ('::1', 9092, 0, 0)]>: Connection complete.
[2020-12-07 12:00:10,880] {logging_mixin.py:112} INFO - Shirley
[2020-12-07 12:00:10,881] {conn.py:919} INFO - <BrokerConnection node_id=bootstrap-0 host=localhost:9092 <connected> [IPv6 ('::1', 9092, 0, 0)]>: Closing connection. 
[2020-12-07 12:00:10,881] {logging_mixin.py:112} INFO - Benedict
[2020-12-07 12:00:10,882] {logging_mixin.py:112} INFO - Merrill
[2020-12-07 12:00:10,882] {logging_mixin.py:112} INFO - Stephannie
[2020-12-07 12:00:10,882] {logging_mixin.py:112} INFO - Mariel
[2020-12-07 12:00:10,882] {logging_mixin.py:112} INFO - Tyler
[2020-12-07 12:00:10,883] {logging_mixin.py:112} INFO - Vince
[2020-12-07 12:00:10,883] {logging_mixin.py:112} INFO - Stacee
[2020-12-07 12:00:10,883] {logging_mixin.py:112} INFO - Tierney
[2020-12-07 12:00:10,884] {logging_mixin.py:112} INFO - Otis
[2020-12-07 12:00:10,885] {logging_mixin.py:112} INFO - Peder
[2020-12-07 12:00:10,885] {logging_mixin.py:112} INFO - Weider
[2020-12-07 12:00:10,886] {logging_mixin.py:112} INFO - Lynette
[2020-12-07 12:00:10,886] {logging_mixin.py:112} INFO - Farica
[2020-12-07 12:00:10,888] {logging_mixin.py:112} INFO - Danit
[2020-12-07 12:00:10,889] {logging_mixin.py:112} INFO - Hadley
[2020-12-07 12:00:10,890] {logging_mixin.py:112} INFO - Willette
[2020-12-07 12:00:10,891] {logging_mixin.py:112} INFO - Faun
[2020-12-07 12:00:10,892] {logging_mixin.py:112} INFO - Prentice
[2020-12-07 12:00:10,893] {logging_mixin.py:112} INFO - Saunderson
[2020-12-07 12:00:10,893] {logging_mixin.py:112} INFO - Kristen
[2020-12-07 12:00:10,894] {logging_mixin.py:112} INFO - Alonzo
[2020-12-07 12:00:10,895] {logging_mixin.py:112} INFO - Giulio
[2020-12-07 12:00:10,895] {logging_mixin.py:112} INFO - Regan
[2020-12-07 12:00:10,896] {logging_mixin.py:112} INFO - Caryl
[2020-12-07 12:00:10,896] {logging_mixin.py:112} INFO - Nolan
[2020-12-07 12:00:10,897] {logging_mixin.py:112} INFO - Jared
[2020-12-07 12:00:10,897] {logging_mixin.py:112} INFO - Ilse
[2020-12-07 12:00:10,899] {logging_mixin.py:112} INFO - Xymenes
[2020-12-07 12:00:10,899] {logging_mixin.py:112} INFO - Ardra
[2020-12-07 12:00:10,900] {logging_mixin.py:112} INFO - Billy
[2020-12-07 12:00:10,901] {logging_mixin.py:112} INFO - Ulrick
[2020-12-07 12:00:10,901] {logging_mixin.py:112} INFO - Lindy
[2020-12-07 12:00:10,902] {logging_mixin.py:112} INFO - Fielding
[2020-12-07 12:00:10,902] {logging_mixin.py:112} INFO - Tremain
[2020-12-07 12:00:10,903] {logging_mixin.py:112} INFO - Keary
[2020-12-07 12:00:10,904] {logging_mixin.py:112} INFO - connection closed
[2020-12-07 12:00:10,905] {conn.py:919} INFO - <BrokerConnection node_id=0 host=localhost:9092 <connected> [IPv6 ('::1', 9092, 0, 0)]>: Closing connection. 
[2020-12-07 12:00:10,906] {python_operator.py:114} INFO - Done. Returned value was: None
[2020-12-07 12:00:10,908] {taskinstance.py:1057} INFO - Marking task as SUCCESS.dag_id=Airflow_task, task_id=Data_from_table1, execution_date=20201207T062500, start_date=20201207T063008, end_date=20201207T063010
[2020-12-07 12:00:13,272] {local_task_job.py:102} INFO - Task exited with return code 0
