[2020-11-10 13:20:01,746] {taskinstance.py:670} INFO - Dependencies all met for <TaskInstance: tutorial.print_date 2020-11-09T00:00:00+00:00 [queued]>
[2020-11-10 13:20:01,754] {taskinstance.py:670} INFO - Dependencies all met for <TaskInstance: tutorial.print_date 2020-11-09T00:00:00+00:00 [queued]>
[2020-11-10 13:20:01,754] {taskinstance.py:880} INFO - 
--------------------------------------------------------------------------------
[2020-11-10 13:20:01,754] {taskinstance.py:881} INFO - Starting attempt 1 of 2
[2020-11-10 13:20:01,754] {taskinstance.py:882} INFO - 
--------------------------------------------------------------------------------
[2020-11-10 13:20:01,762] {taskinstance.py:901} INFO - Executing <Task(BashOperator): print_date> on 2020-11-09T00:00:00+00:00
[2020-11-10 13:20:01,764] {standard_task_runner.py:54} INFO - Started process 25633 to run task
[2020-11-10 13:20:01,784] {standard_task_runner.py:77} INFO - Running: ['airflow', 'run', 'tutorial', 'print_date', '2020-11-09T00:00:00+00:00', '--job_id', '16', '--pool', 'default_pool', '--raw', '-sd', '/Users/sundarb/Documents/anaconda3/lib/python3.7/site-packages/airflow/example_dags/tutorial.py', '--cfg_path', '/var/folders/x0/npyjyyg15zj3krdkh0pv612w0000gn/T/tmpn7n6x083']
[2020-11-10 13:20:01,785] {standard_task_runner.py:78} INFO - Job 16: Subtask print_date
[2020-11-10 13:20:01,810] {logging_mixin.py:112} INFO - Running %s on host %s <TaskInstance: tutorial.print_date 2020-11-09T00:00:00+00:00 [running]> 153.225.168.192.in-addr.arpa
[2020-11-10 13:20:01,831] {bash_operator.py:113} INFO - Tmp dir root location: 
 /var/folders/x0/npyjyyg15zj3krdkh0pv612w0000gn/T
[2020-11-10 13:20:01,832] {bash_operator.py:136} INFO - Temporary script location: /var/folders/x0/npyjyyg15zj3krdkh0pv612w0000gn/T/airflowtmp81hp8l8_/print_dateufpyzrxp
[2020-11-10 13:20:01,833] {bash_operator.py:146} INFO - Running command: date
[2020-11-10 13:20:01,840] {bash_operator.py:153} INFO - Output:
[2020-11-10 13:20:01,870] {bash_operator.py:157} INFO - Tue Nov 10 13:20:01 IST 2020
[2020-11-10 13:20:01,871] {bash_operator.py:161} INFO - Command exited with return code 0
[2020-11-10 13:20:01,878] {taskinstance.py:1070} INFO - Marking task as SUCCESS.dag_id=tutorial, task_id=print_date, execution_date=20201109T000000, start_date=20201110T075001, end_date=20201110T075001
[2020-11-10 13:20:06,741] {local_task_job.py:102} INFO - Task exited with return code 0
