[2020-11-10 14:25:31,452] {taskinstance.py:670} INFO - Dependencies all met for <TaskInstance: example_bash_operator.also_run_this 2020-11-10T08:53:37.461792+00:00 [queued]>
[2020-11-10 14:25:31,459] {taskinstance.py:670} INFO - Dependencies all met for <TaskInstance: example_bash_operator.also_run_this 2020-11-10T08:53:37.461792+00:00 [queued]>
[2020-11-10 14:25:31,459] {taskinstance.py:880} INFO - 
--------------------------------------------------------------------------------
[2020-11-10 14:25:31,459] {taskinstance.py:881} INFO - Starting attempt 1 of 1
[2020-11-10 14:25:31,459] {taskinstance.py:882} INFO - 
--------------------------------------------------------------------------------
[2020-11-10 14:25:31,464] {taskinstance.py:901} INFO - Executing <Task(BashOperator): also_run_this> on 2020-11-10T08:53:37.461792+00:00
[2020-11-10 14:25:31,466] {standard_task_runner.py:54} INFO - Started process 28635 to run task
[2020-11-10 14:25:31,482] {standard_task_runner.py:77} INFO - Running: ['airflow', 'run', 'example_bash_operator', 'also_run_this', '2020-11-10T08:53:37.461792+00:00', '--job_id', '113', '--pool', 'default_pool', '--raw', '-sd', '/Users/sundarb/Documents/anaconda3/lib/python3.7/site-packages/airflow/example_dags/example_bash_operator.py', '--cfg_path', '/var/folders/x0/npyjyyg15zj3krdkh0pv612w0000gn/T/tmp4127j828']
[2020-11-10 14:25:31,483] {standard_task_runner.py:78} INFO - Job 113: Subtask also_run_this
[2020-11-10 14:25:31,508] {logging_mixin.py:112} INFO - Running %s on host %s <TaskInstance: example_bash_operator.also_run_this 2020-11-10T08:53:37.461792+00:00 [running]> 153.225.168.192.in-addr.arpa
[2020-11-10 14:25:31,523] {bash_operator.py:113} INFO - Tmp dir root location: 
 /var/folders/x0/npyjyyg15zj3krdkh0pv612w0000gn/T
[2020-11-10 14:25:31,525] {bash_operator.py:136} INFO - Temporary script location: /var/folders/x0/npyjyyg15zj3krdkh0pv612w0000gn/T/airflowtmpo80mortp/also_run_thisd215mq2k
[2020-11-10 14:25:31,526] {bash_operator.py:146} INFO - Running command: echo "run_id=manual__2020-11-10T08:53:37.461792+00:00 | dag_run=<DagRun example_bash_operator @ 2020-11-10 08:53:37.461792+00:00: manual__2020-11-10T08:53:37.461792+00:00, externally triggered: True>"
[2020-11-10 14:25:31,532] {bash_operator.py:153} INFO - Output:
[2020-11-10 14:25:31,541] {bash_operator.py:157} INFO - run_id=manual__2020-11-10T08:53:37.461792+00:00 | dag_run=<DagRun example_bash_operator @ 2020-11-10 08:53:37.461792+00:00: manual__2020-11-10T08:53:37.461792+00:00, externally triggered: True>
[2020-11-10 14:25:31,541] {bash_operator.py:161} INFO - Command exited with return code 0
[2020-11-10 14:25:31,547] {taskinstance.py:1070} INFO - Marking task as SUCCESS.dag_id=example_bash_operator, task_id=also_run_this, execution_date=20201110T085337, start_date=20201110T085531, end_date=20201110T085531
[2020-11-10 14:25:36,451] {local_task_job.py:102} INFO - Task exited with return code 0
