[2020-12-07 13:30:03,129] {taskinstance.py:670} INFO - Dependencies all met for <TaskInstance: Airflow_task.Data_from_table1 2020-12-07T07:55:00+00:00 [queued]>
[2020-12-07 13:30:03,137] {taskinstance.py:670} INFO - Dependencies all met for <TaskInstance: Airflow_task.Data_from_table1 2020-12-07T07:55:00+00:00 [queued]>
[2020-12-07 13:30:03,137] {taskinstance.py:880} INFO - 
--------------------------------------------------------------------------------
[2020-12-07 13:30:03,137] {taskinstance.py:881} INFO - Starting attempt 1 of 1
[2020-12-07 13:30:03,137] {taskinstance.py:882} INFO - 
--------------------------------------------------------------------------------
[2020-12-07 13:30:03,142] {taskinstance.py:901} INFO - Executing <Task(PythonOperator): Data_from_table1> on 2020-12-07T07:55:00+00:00
[2020-12-07 13:30:03,145] {standard_task_runner.py:54} INFO - Started process 44670 to run task
[2020-12-07 13:30:03,174] {standard_task_runner.py:77} INFO - Running: ['airflow', 'run', 'Airflow_task', 'Data_from_table1', '2020-12-07T07:55:00+00:00', '--job_id', '198', '--pool', 'default_pool', '--raw', '-sd', 'DAGS_FOLDER/server-elastic.py', '--cfg_path', '/var/folders/x0/npyjyyg15zj3krdkh0pv612w0000gn/T/tmp9yxmcc2t']
[2020-12-07 13:30:03,175] {standard_task_runner.py:78} INFO - Job 198: Subtask Data_from_table1
[2020-12-07 13:30:03,205] {logging_mixin.py:112} INFO - Running %s on host %s <TaskInstance: Airflow_task.Data_from_table1 2020-12-07T07:55:00+00:00 [running]> 153.225.168.192.in-addr.arpa
[2020-12-07 13:30:05,723] {conn.py:380} INFO - <BrokerConnection node_id=bootstrap-0 host=localhost:9092 <connecting> [IPv6 ('::1', 9092, 0, 0)]>: connecting to localhost:9092 [('::1', 9092, 0, 0) IPv6]
[2020-12-07 13:30:05,724] {conn.py:1205} INFO - Probing node bootstrap-0 broker version
[2020-12-07 13:30:05,726] {conn.py:410} INFO - <BrokerConnection node_id=bootstrap-0 host=localhost:9092 <connecting> [IPv6 ('::1', 9092, 0, 0)]>: Connection complete.
[2020-12-07 13:30:05,831] {conn.py:1267} INFO - Broker version identified as 2.5.0
[2020-12-07 13:30:05,832] {conn.py:1268} INFO - Set configuration api_version=(2, 5, 0) to skip auto check_version requests on startup
[2020-12-07 13:30:05,834] {logging_mixin.py:112} INFO - Janet
[2020-12-07 13:30:05,837] {logging_mixin.py:112} INFO - Jaquenette
[2020-12-07 13:30:05,837] {logging_mixin.py:112} INFO - Dusty
[2020-12-07 13:30:05,838] {logging_mixin.py:112} INFO - Korie
[2020-12-07 13:30:05,838] {logging_mixin.py:112} INFO - Elvina
[2020-12-07 13:30:05,838] {logging_mixin.py:112} INFO - Rodge
[2020-12-07 13:30:05,839] {logging_mixin.py:112} INFO - Sabine
[2020-12-07 13:30:05,839] {logging_mixin.py:112} INFO - Herc
[2020-12-07 13:30:05,839] {logging_mixin.py:112} INFO - Othello
[2020-12-07 13:30:05,839] {logging_mixin.py:112} INFO - Matti
[2020-12-07 13:30:05,840] {logging_mixin.py:112} INFO - Melonie
[2020-12-07 13:30:05,840] {logging_mixin.py:112} INFO - Deny
[2020-12-07 13:30:05,840] {logging_mixin.py:112} INFO - Linette
[2020-12-07 13:30:05,841] {logging_mixin.py:112} INFO - Corry
[2020-12-07 13:30:05,841] {logging_mixin.py:112} INFO - Georgeanna
[2020-12-07 13:30:05,841] {logging_mixin.py:112} INFO - Reine
[2020-12-07 13:30:05,842] {logging_mixin.py:112} INFO - Merrick
[2020-12-07 13:30:05,842] {logging_mixin.py:112} INFO - Karl
[2020-12-07 13:30:05,842] {logging_mixin.py:112} INFO - Anthe
[2020-12-07 13:30:05,842] {logging_mixin.py:112} INFO - Christyna
[2020-12-07 13:30:05,843] {logging_mixin.py:112} INFO - Gifford
[2020-12-07 13:30:05,843] {logging_mixin.py:112} INFO - Blinny
[2020-12-07 13:30:05,843] {logging_mixin.py:112} INFO - Agustin
[2020-12-07 13:30:05,844] {logging_mixin.py:112} INFO - Magnum
[2020-12-07 13:30:05,844] {logging_mixin.py:112} INFO - Haven
[2020-12-07 13:30:05,845] {conn.py:380} INFO - <BrokerConnection node_id=0 host=localhost:9092 <connecting> [IPv6 ('::1', 9092, 0, 0)]>: connecting to localhost:9092 [('::1', 9092, 0, 0) IPv6]
[2020-12-07 13:30:05,845] {logging_mixin.py:112} INFO - Cory
[2020-12-07 13:30:05,845] {logging_mixin.py:112} INFO - Normy
[2020-12-07 13:30:05,846] {conn.py:410} INFO - <BrokerConnection node_id=0 host=localhost:9092 <connecting> [IPv6 ('::1', 9092, 0, 0)]>: Connection complete.
[2020-12-07 13:30:05,846] {logging_mixin.py:112} INFO - Chaddie
[2020-12-07 13:30:05,846] {conn.py:919} INFO - <BrokerConnection node_id=bootstrap-0 host=localhost:9092 <connected> [IPv6 ('::1', 9092, 0, 0)]>: Closing connection. 
[2020-12-07 13:30:05,847] {logging_mixin.py:112} INFO - Hortense
[2020-12-07 13:30:05,847] {logging_mixin.py:112} INFO - Melita
[2020-12-07 13:30:05,847] {logging_mixin.py:112} INFO - Fraser
[2020-12-07 13:30:05,849] {logging_mixin.py:112} INFO - Thorin
[2020-12-07 13:30:05,849] {logging_mixin.py:112} INFO - Marti
[2020-12-07 13:30:05,851] {logging_mixin.py:112} INFO - Aurore
[2020-12-07 13:30:05,851] {logging_mixin.py:112} INFO - Irena
[2020-12-07 13:30:05,851] {logging_mixin.py:112} INFO - Munroe
[2020-12-07 13:30:05,852] {logging_mixin.py:112} INFO - Conchita
[2020-12-07 13:30:05,853] {logging_mixin.py:112} INFO - Pieter
[2020-12-07 13:30:05,853] {logging_mixin.py:112} INFO - Zackariah
[2020-12-07 13:30:05,854] {logging_mixin.py:112} INFO - Glori
[2020-12-07 13:30:05,856] {logging_mixin.py:112} INFO - Dorie
[2020-12-07 13:30:05,857] {logging_mixin.py:112} INFO - Janessa
[2020-12-07 13:30:05,858] {logging_mixin.py:112} INFO - Branden
[2020-12-07 13:30:05,858] {logging_mixin.py:112} INFO - Thaddus
[2020-12-07 13:30:05,859] {logging_mixin.py:112} INFO - Gerrie
[2020-12-07 13:30:05,860] {logging_mixin.py:112} INFO - Darla
[2020-12-07 13:30:05,861] {logging_mixin.py:112} INFO - Byran
[2020-12-07 13:30:05,861] {logging_mixin.py:112} INFO - Margette
[2020-12-07 13:30:05,862] {logging_mixin.py:112} INFO - Judi
[2020-12-07 13:30:05,862] {logging_mixin.py:112} INFO - Jodi
[2020-12-07 13:30:05,863] {logging_mixin.py:112} INFO - Adriena
[2020-12-07 13:30:05,864] {logging_mixin.py:112} INFO - Cordie
[2020-12-07 13:30:05,865] {logging_mixin.py:112} INFO - Phaedra
[2020-12-07 13:30:05,865] {logging_mixin.py:112} INFO - Correy
[2020-12-07 13:30:05,866] {logging_mixin.py:112} INFO - Shirley
[2020-12-07 13:30:05,867] {logging_mixin.py:112} INFO - Benedict
[2020-12-07 13:30:05,868] {logging_mixin.py:112} INFO - Merrill
[2020-12-07 13:30:05,868] {logging_mixin.py:112} INFO - Stephannie
[2020-12-07 13:30:05,869] {logging_mixin.py:112} INFO - Mariel
[2020-12-07 13:30:05,870] {logging_mixin.py:112} INFO - Tyler
[2020-12-07 13:30:05,870] {logging_mixin.py:112} INFO - Vince
[2020-12-07 13:30:05,871] {logging_mixin.py:112} INFO - Stacee
[2020-12-07 13:30:05,872] {logging_mixin.py:112} INFO - Tierney
[2020-12-07 13:30:05,872] {logging_mixin.py:112} INFO - Otis
[2020-12-07 13:30:05,872] {logging_mixin.py:112} INFO - Peder
[2020-12-07 13:30:05,873] {logging_mixin.py:112} INFO - Weider
[2020-12-07 13:30:05,874] {logging_mixin.py:112} INFO - Lynette
[2020-12-07 13:30:05,875] {logging_mixin.py:112} INFO - Farica
[2020-12-07 13:30:05,875] {logging_mixin.py:112} INFO - Danit
[2020-12-07 13:30:05,875] {logging_mixin.py:112} INFO - Hadley
[2020-12-07 13:30:05,875] {logging_mixin.py:112} INFO - Willette
[2020-12-07 13:30:05,876] {logging_mixin.py:112} INFO - Faun
[2020-12-07 13:30:05,876] {logging_mixin.py:112} INFO - Prentice
[2020-12-07 13:30:05,877] {logging_mixin.py:112} INFO - Saunderson
[2020-12-07 13:30:05,878] {logging_mixin.py:112} INFO - Kristen
[2020-12-07 13:30:05,879] {logging_mixin.py:112} INFO - Alonzo
[2020-12-07 13:30:05,879] {logging_mixin.py:112} INFO - Giulio
[2020-12-07 13:30:05,880] {logging_mixin.py:112} INFO - Regan
[2020-12-07 13:30:05,881] {logging_mixin.py:112} INFO - Caryl
[2020-12-07 13:30:05,881] {logging_mixin.py:112} INFO - Nolan
[2020-12-07 13:30:05,882] {logging_mixin.py:112} INFO - Jared
[2020-12-07 13:30:05,883] {logging_mixin.py:112} INFO - Ilse
[2020-12-07 13:30:05,884] {logging_mixin.py:112} INFO - Xymenes
[2020-12-07 13:30:05,884] {logging_mixin.py:112} INFO - Ardra
[2020-12-07 13:30:05,885] {logging_mixin.py:112} INFO - Billy
[2020-12-07 13:30:05,885] {logging_mixin.py:112} INFO - Ulrick
[2020-12-07 13:30:05,886] {logging_mixin.py:112} INFO - Lindy
[2020-12-07 13:30:05,886] {logging_mixin.py:112} INFO - Fielding
[2020-12-07 13:30:05,887] {logging_mixin.py:112} INFO - Tremain
[2020-12-07 13:30:05,887] {logging_mixin.py:112} INFO - Keary
[2020-12-07 13:30:05,888] {logging_mixin.py:112} INFO - connection closed
[2020-12-07 13:30:05,889] {conn.py:919} INFO - <BrokerConnection node_id=0 host=localhost:9092 <connected> [IPv6 ('::1', 9092, 0, 0)]>: Closing connection. 
[2020-12-07 13:30:05,890] {python_operator.py:114} INFO - Done. Returned value was: None
[2020-12-07 13:30:05,892] {taskinstance.py:1057} INFO - Marking task as SUCCESS.dag_id=Airflow_task, task_id=Data_from_table1, execution_date=20201207T075500, start_date=20201207T080003, end_date=20201207T080005
[2020-12-07 13:30:08,232] {local_task_job.py:102} INFO - Task exited with return code 0
