[2020-12-12 07:12:42,838] {scheduler_job.py:154} INFO - Started process (PID=99083) to work on /Users/sundarb/airflow/dags/sampleDag.py
[2020-12-12 07:12:42,856] {logging_mixin.py:112} INFO - [2020-12-12 07:12:42,856] {__init__.py:50} INFO - Using executor SequentialExecutor
[2020-12-12 07:12:42,857] {scheduler_job.py:1589} INFO - Processing file /Users/sundarb/airflow/dags/sampleDag.py for tasks to queue
[2020-12-12 07:12:42,857] {logging_mixin.py:112} INFO - [2020-12-12 07:12:42,857] {dagbag.py:417} INFO - Filling up the DagBag from /Users/sundarb/airflow/dags/sampleDag.py
[2020-12-12 07:12:42,860] {scheduler_job.py:1601} INFO - DAG(s) dict_keys(['First_DAG_for_test']) retrieved from /Users/sundarb/airflow/dags/sampleDag.py
[2020-12-12 07:12:42,879] {scheduler_job.py:1305} INFO - Processing First_DAG_for_test
[2020-12-12 07:12:42,917] {scheduler_job.py:1315} INFO - Created <DagRun First_DAG_for_test @ 2020-12-12T00:00:00+00:00: scheduled__2020-12-12T00:00:00+00:00, externally triggered: False>
[2020-12-12 07:12:42,918] {scheduler_job.py:771} INFO - Examining DAG run <DagRun First_DAG_for_test @ 2020-12-11 09:00:00+00:00: scheduled__2020-12-11T09:00:00+00:00, externally triggered: False>
[2020-12-12 07:12:42,923] {logging_mixin.py:112} INFO - [2020-12-12 07:12:42,923] {dagrun.py:311} INFO - Marking run <DagRun First_DAG_for_test @ 2020-12-11 09:00:00+00:00: scheduled__2020-12-11T09:00:00+00:00, externally triggered: False> failed
[2020-12-12 07:12:42,928] {scheduler_job.py:771} INFO - Examining DAG run <DagRun First_DAG_for_test @ 2020-12-11 10:00:00+00:00: scheduled__2020-12-11T10:00:00+00:00, externally triggered: False>
[2020-12-12 07:12:42,941] {scheduler_job.py:771} INFO - Examining DAG run <DagRun First_DAG_for_test @ 2020-12-11 13:00:00+00:00: scheduled__2020-12-11T13:00:00+00:00, externally triggered: False>
[2020-12-12 07:12:42,954] {scheduler_job.py:771} INFO - Examining DAG run <DagRun First_DAG_for_test @ 2020-12-11 16:00:00+00:00: scheduled__2020-12-11T16:00:00+00:00, externally triggered: False>
[2020-12-12 07:12:42,970] {scheduler_job.py:771} INFO - Examining DAG run <DagRun First_DAG_for_test @ 2020-12-12 00:00:00+00:00: scheduled__2020-12-12T00:00:00+00:00, externally triggered: False>
[2020-12-12 07:12:43,019] {scheduler_job.py:459} INFO - Skipping SLA check for <DAG: First_DAG_for_test> because no tasks in DAG have SLAs
[2020-12-12 07:12:43,022] {scheduler_job.py:1668} INFO - Creating / updating <TaskInstance: First_DAG_for_test.print_data 2020-12-11 13:00:00+00:00 [scheduled]> in ORM
[2020-12-12 07:12:43,024] {scheduler_job.py:1668} INFO - Creating / updating <TaskInstance: First_DAG_for_test.end 2020-12-11 16:00:00+00:00 [success]> in ORM
[2020-12-12 07:12:43,026] {scheduler_job.py:1668} INFO - Creating / updating <TaskInstance: First_DAG_for_test.start_check 2020-12-12 00:00:00+00:00 [success]> in ORM
[2020-12-12 07:12:43,034] {scheduler_job.py:162} INFO - Processing /Users/sundarb/airflow/dags/sampleDag.py took 0.196 seconds
[2020-12-12 14:13:04,208] {scheduler_job.py:154} INFO - Started process (PID=99144) to work on /Users/sundarb/airflow/dags/sampleDag.py
[2020-12-12 15:13:00,418] {logging_mixin.py:112} INFO - [2020-12-12 15:13:00,401] {__init__.py:50} INFO - Using executor SequentialExecutor
[2020-12-12 15:13:00,518] {scheduler_job.py:1589} INFO - Processing file /Users/sundarb/airflow/dags/sampleDag.py for tasks to queue
[2020-12-12 15:13:00,527] {logging_mixin.py:112} INFO - [2020-12-12 15:13:00,527] {dagbag.py:417} INFO - Filling up the DagBag from /Users/sundarb/airflow/dags/sampleDag.py
[2020-12-12 15:13:00,564] {scheduler_job.py:1601} INFO - DAG(s) dict_keys(['First_DAG_for_test']) retrieved from /Users/sundarb/airflow/dags/sampleDag.py
[2020-12-12 15:13:00,650] {scheduler_job.py:1305} INFO - Processing First_DAG_for_test
[2020-12-12 15:13:00,688] {scheduler_job.py:1315} INFO - Created <DagRun First_DAG_for_test @ 2020-12-12T08:00:00+00:00: scheduled__2020-12-12T08:00:00+00:00, externally triggered: False>
[2020-12-12 15:13:00,690] {scheduler_job.py:771} INFO - Examining DAG run <DagRun First_DAG_for_test @ 2020-12-11 10:00:00+00:00: scheduled__2020-12-11T10:00:00+00:00, externally triggered: False>
[2020-12-12 15:13:00,696] {logging_mixin.py:112} INFO - [2020-12-12 15:13:00,696] {dagrun.py:311} INFO - Marking run <DagRun First_DAG_for_test @ 2020-12-11 10:00:00+00:00: scheduled__2020-12-11T10:00:00+00:00, externally triggered: False> failed
[2020-12-12 15:13:00,774] {scheduler_job.py:771} INFO - Examining DAG run <DagRun First_DAG_for_test @ 2020-12-11 13:00:00+00:00: scheduled__2020-12-11T13:00:00+00:00, externally triggered: False>
[2020-12-12 15:13:00,826] {scheduler_job.py:771} INFO - Examining DAG run <DagRun First_DAG_for_test @ 2020-12-11 16:00:00+00:00: scheduled__2020-12-11T16:00:00+00:00, externally triggered: False>
[2020-12-12 15:13:00,837] {scheduler_job.py:771} INFO - Examining DAG run <DagRun First_DAG_for_test @ 2020-12-12 00:00:00+00:00: scheduled__2020-12-12T00:00:00+00:00, externally triggered: False>
[2020-12-12 15:13:00,857] {scheduler_job.py:771} INFO - Examining DAG run <DagRun First_DAG_for_test @ 2020-12-12 08:00:00+00:00: scheduled__2020-12-12T08:00:00+00:00, externally triggered: False>
[2020-12-12 15:13:00,911] {scheduler_job.py:459} INFO - Skipping SLA check for <DAG: First_DAG_for_test> because no tasks in DAG have SLAs
[2020-12-12 15:13:00,913] {scheduler_job.py:1668} INFO - Creating / updating <TaskInstance: First_DAG_for_test.print_data 2020-12-11 16:00:00+00:00 [scheduled]> in ORM
[2020-12-12 15:13:00,916] {scheduler_job.py:1668} INFO - Creating / updating <TaskInstance: First_DAG_for_test.end 2020-12-12 00:00:00+00:00 [success]> in ORM
[2020-12-12 15:13:00,918] {scheduler_job.py:1668} INFO - Creating / updating <TaskInstance: First_DAG_for_test.start_check 2020-12-12 08:00:00+00:00 [success]> in ORM
[2020-12-12 15:13:00,926] {scheduler_job.py:162} INFO - Processing /Users/sundarb/airflow/dags/sampleDag.py took 3596.719 seconds
[2020-12-13 01:54:47,711] {scheduler_job.py:154} INFO - Started process (PID=99258) to work on /Users/sundarb/airflow/dags/sampleDag.py
[2020-12-13 01:54:47,756] {logging_mixin.py:112} INFO - [2020-12-13 01:54:47,756] {__init__.py:50} INFO - Using executor SequentialExecutor
[2020-12-13 01:54:47,757] {scheduler_job.py:1589} INFO - Processing file /Users/sundarb/airflow/dags/sampleDag.py for tasks to queue
[2020-12-13 01:54:47,758] {logging_mixin.py:112} INFO - [2020-12-13 01:54:47,758] {dagbag.py:417} INFO - Filling up the DagBag from /Users/sundarb/airflow/dags/sampleDag.py
[2020-12-13 01:54:47,764] {scheduler_job.py:1601} INFO - DAG(s) dict_keys(['First_DAG_for_test']) retrieved from /Users/sundarb/airflow/dags/sampleDag.py
[2020-12-13 01:54:47,793] {scheduler_job.py:1305} INFO - Processing First_DAG_for_test
[2020-12-13 01:54:47,857] {scheduler_job.py:1315} INFO - Created <DagRun First_DAG_for_test @ 2020-12-12T19:00:00+00:00: scheduled__2020-12-12T19:00:00+00:00, externally triggered: False>
[2020-12-13 01:54:47,860] {scheduler_job.py:771} INFO - Examining DAG run <DagRun First_DAG_for_test @ 2020-12-11 13:00:00+00:00: scheduled__2020-12-11T13:00:00+00:00, externally triggered: False>
[2020-12-13 01:54:47,879] {logging_mixin.py:112} INFO - [2020-12-13 01:54:47,878] {dagrun.py:311} INFO - Marking run <DagRun First_DAG_for_test @ 2020-12-11 13:00:00+00:00: scheduled__2020-12-11T13:00:00+00:00, externally triggered: False> failed
[2020-12-13 01:54:47,884] {scheduler_job.py:771} INFO - Examining DAG run <DagRun First_DAG_for_test @ 2020-12-11 16:00:00+00:00: scheduled__2020-12-11T16:00:00+00:00, externally triggered: False>
[2020-12-13 01:54:47,912] {scheduler_job.py:771} INFO - Examining DAG run <DagRun First_DAG_for_test @ 2020-12-12 00:00:00+00:00: scheduled__2020-12-12T00:00:00+00:00, externally triggered: False>
[2020-12-13 01:54:47,934] {scheduler_job.py:771} INFO - Examining DAG run <DagRun First_DAG_for_test @ 2020-12-12 08:00:00+00:00: scheduled__2020-12-12T08:00:00+00:00, externally triggered: False>
[2020-12-13 01:54:47,981] {scheduler_job.py:771} INFO - Examining DAG run <DagRun First_DAG_for_test @ 2020-12-12 19:00:00+00:00: scheduled__2020-12-12T19:00:00+00:00, externally triggered: False>
[2020-12-13 01:54:48,114] {scheduler_job.py:459} INFO - Skipping SLA check for <DAG: First_DAG_for_test> because no tasks in DAG have SLAs
[2020-12-13 01:54:48,119] {scheduler_job.py:1668} INFO - Creating / updating <TaskInstance: First_DAG_for_test.print_data 2020-12-12 00:00:00+00:00 [scheduled]> in ORM
[2020-12-13 01:54:48,124] {scheduler_job.py:1668} INFO - Creating / updating <TaskInstance: First_DAG_for_test.end 2020-12-12 08:00:00+00:00 [success]> in ORM
[2020-12-13 01:54:48,129] {scheduler_job.py:1668} INFO - Creating / updating <TaskInstance: First_DAG_for_test.start_check 2020-12-12 19:00:00+00:00 [success]> in ORM
[2020-12-13 01:54:48,139] {scheduler_job.py:162} INFO - Processing /Users/sundarb/airflow/dags/sampleDag.py took 0.429 seconds
[2020-12-13 02:04:54,798] {scheduler_job.py:154} INFO - Started process (PID=99292) to work on /Users/sundarb/airflow/dags/sampleDag.py
[2020-12-13 02:04:54,835] {logging_mixin.py:112} INFO - [2020-12-13 02:04:54,835] {__init__.py:50} INFO - Using executor SequentialExecutor
[2020-12-13 02:04:54,836] {scheduler_job.py:1589} INFO - Processing file /Users/sundarb/airflow/dags/sampleDag.py for tasks to queue
[2020-12-13 02:04:54,837] {logging_mixin.py:112} INFO - [2020-12-13 02:04:54,837] {dagbag.py:417} INFO - Filling up the DagBag from /Users/sundarb/airflow/dags/sampleDag.py
[2020-12-13 02:04:54,842] {scheduler_job.py:1601} INFO - DAG(s) dict_keys(['First_DAG_for_test']) retrieved from /Users/sundarb/airflow/dags/sampleDag.py
[2020-12-13 02:04:54,863] {scheduler_job.py:1305} INFO - Processing First_DAG_for_test
[2020-12-13 02:04:54,896] {scheduler_job.py:771} INFO - Examining DAG run <DagRun First_DAG_for_test @ 2020-12-11 16:00:00+00:00: scheduled__2020-12-11T16:00:00+00:00, externally triggered: False>
[2020-12-13 02:04:54,912] {logging_mixin.py:112} INFO - [2020-12-13 02:04:54,912] {dagrun.py:311} INFO - Marking run <DagRun First_DAG_for_test @ 2020-12-11 16:00:00+00:00: scheduled__2020-12-11T16:00:00+00:00, externally triggered: False> failed
[2020-12-13 02:04:54,919] {scheduler_job.py:771} INFO - Examining DAG run <DagRun First_DAG_for_test @ 2020-12-12 00:00:00+00:00: scheduled__2020-12-12T00:00:00+00:00, externally triggered: False>
[2020-12-13 02:04:54,947] {scheduler_job.py:771} INFO - Examining DAG run <DagRun First_DAG_for_test @ 2020-12-12 08:00:00+00:00: scheduled__2020-12-12T08:00:00+00:00, externally triggered: False>
[2020-12-13 02:04:54,965] {scheduler_job.py:771} INFO - Examining DAG run <DagRun First_DAG_for_test @ 2020-12-12 19:00:00+00:00: scheduled__2020-12-12T19:00:00+00:00, externally triggered: False>
[2020-12-13 02:04:55,059] {scheduler_job.py:459} INFO - Skipping SLA check for <DAG: First_DAG_for_test> because no tasks in DAG have SLAs
[2020-12-13 02:04:55,064] {scheduler_job.py:1668} INFO - Creating / updating <TaskInstance: First_DAG_for_test.print_data 2020-12-12 08:00:00+00:00 [scheduled]> in ORM
[2020-12-13 02:04:55,068] {scheduler_job.py:1668} INFO - Creating / updating <TaskInstance: First_DAG_for_test.end 2020-12-12 19:00:00+00:00 [success]> in ORM
[2020-12-13 02:04:55,082] {scheduler_job.py:162} INFO - Processing /Users/sundarb/airflow/dags/sampleDag.py took 0.283 seconds
