[2020-11-10 13:17:08,238] {taskinstance.py:670} INFO - Dependencies all met for <TaskInstance: example_bash_operator.runme_1 2020-11-08T00:00:00+00:00 [queued]>
[2020-11-10 13:17:08,246] {taskinstance.py:670} INFO - Dependencies all met for <TaskInstance: example_bash_operator.runme_1 2020-11-08T00:00:00+00:00 [queued]>
[2020-11-10 13:17:08,246] {taskinstance.py:880} INFO - 
--------------------------------------------------------------------------------
[2020-11-10 13:17:08,246] {taskinstance.py:881} INFO - Starting attempt 1 of 1
[2020-11-10 13:17:08,246] {taskinstance.py:882} INFO - 
--------------------------------------------------------------------------------
[2020-11-10 13:17:08,251] {taskinstance.py:901} INFO - Executing <Task(BashOperator): runme_1> on 2020-11-08T00:00:00+00:00
[2020-11-10 13:17:08,254] {standard_task_runner.py:54} INFO - Started process 25475 to run task
[2020-11-10 13:17:08,269] {standard_task_runner.py:77} INFO - Running: ['airflow', 'run', 'example_bash_operator', 'runme_1', '2020-11-08T00:00:00+00:00', '--job_id', '3', '--pool', 'default_pool', '--raw', '-sd', '/Users/sundarb/Documents/anaconda3/lib/python3.7/site-packages/airflow/example_dags/example_bash_operator.py', '--cfg_path', '/var/folders/x0/npyjyyg15zj3krdkh0pv612w0000gn/T/tmp3lvp1tc4']
[2020-11-10 13:17:08,270] {standard_task_runner.py:78} INFO - Job 3: Subtask runme_1
[2020-11-10 13:17:08,297] {logging_mixin.py:112} INFO - Running %s on host %s <TaskInstance: example_bash_operator.runme_1 2020-11-08T00:00:00+00:00 [running]> 153.225.168.192.in-addr.arpa
[2020-11-10 13:17:08,313] {bash_operator.py:113} INFO - Tmp dir root location: 
 /var/folders/x0/npyjyyg15zj3krdkh0pv612w0000gn/T
[2020-11-10 13:17:08,315] {bash_operator.py:136} INFO - Temporary script location: /var/folders/x0/npyjyyg15zj3krdkh0pv612w0000gn/T/airflowtmpfa12s0or/runme_1dv312rkh
[2020-11-10 13:17:08,315] {bash_operator.py:146} INFO - Running command: echo "example_bash_operator__runme_1__20201108" && sleep 1
[2020-11-10 13:17:08,320] {bash_operator.py:153} INFO - Output:
[2020-11-10 13:17:08,322] {bash_operator.py:157} INFO - example_bash_operator__runme_1__20201108
[2020-11-10 13:17:09,325] {bash_operator.py:161} INFO - Command exited with return code 0
[2020-11-10 13:17:09,332] {taskinstance.py:1070} INFO - Marking task as SUCCESS.dag_id=example_bash_operator, task_id=runme_1, execution_date=20201108T000000, start_date=20201110T074708, end_date=20201110T074709
[2020-11-10 13:17:13,240] {local_task_job.py:102} INFO - Task exited with return code 0
