[2020-12-07 11:05:07,975] {taskinstance.py:670} INFO - Dependencies all met for <TaskInstance: Airflow_task.Data_from_table1 2020-12-07T05:30:00+00:00 [queued]>
[2020-12-07 11:05:07,983] {taskinstance.py:670} INFO - Dependencies all met for <TaskInstance: Airflow_task.Data_from_table1 2020-12-07T05:30:00+00:00 [queued]>
[2020-12-07 11:05:07,983] {taskinstance.py:880} INFO - 
--------------------------------------------------------------------------------
[2020-12-07 11:05:07,983] {taskinstance.py:881} INFO - Starting attempt 1 of 1
[2020-12-07 11:05:07,983] {taskinstance.py:882} INFO - 
--------------------------------------------------------------------------------
[2020-12-07 11:05:07,989] {taskinstance.py:901} INFO - Executing <Task(PythonOperator): Data_from_table1> on 2020-12-07T05:30:00+00:00
[2020-12-07 11:05:07,992] {standard_task_runner.py:54} INFO - Started process 33449 to run task
[2020-12-07 11:05:08,027] {standard_task_runner.py:77} INFO - Running: ['airflow', 'run', 'Airflow_task', 'Data_from_table1', '2020-12-07T05:30:00+00:00', '--job_id', '148', '--pool', 'default_pool', '--raw', '-sd', 'DAGS_FOLDER/server-elastic.py', '--cfg_path', '/var/folders/x0/npyjyyg15zj3krdkh0pv612w0000gn/T/tmp70vms9wo']
[2020-12-07 11:05:08,029] {standard_task_runner.py:78} INFO - Job 148: Subtask Data_from_table1
[2020-12-07 11:05:08,058] {logging_mixin.py:112} INFO - Running %s on host %s <TaskInstance: Airflow_task.Data_from_table1 2020-12-07T05:30:00+00:00 [running]> 153.225.168.192.in-addr.arpa
[2020-12-07 11:05:09,616] {conn.py:380} INFO - <BrokerConnection node_id=bootstrap-0 host=localhost:9092 <connecting> [IPv6 ('::1', 9092, 0, 0)]>: connecting to localhost:9092 [('::1', 9092, 0, 0) IPv6]
[2020-12-07 11:05:09,617] {conn.py:1205} INFO - Probing node bootstrap-0 broker version
[2020-12-07 11:05:09,618] {conn.py:410} INFO - <BrokerConnection node_id=bootstrap-0 host=localhost:9092 <connecting> [IPv6 ('::1', 9092, 0, 0)]>: Connection complete.
[2020-12-07 11:05:09,727] {conn.py:1267} INFO - Broker version identified as 2.5.0
[2020-12-07 11:05:09,727] {conn.py:1268} INFO - Set configuration api_version=(2, 5, 0) to skip auto check_version requests on startup
[2020-12-07 11:05:09,730] {logging_mixin.py:112} INFO - Janet
[2020-12-07 11:05:09,741] {logging_mixin.py:112} INFO - Jaquenette
[2020-12-07 11:05:09,741] {logging_mixin.py:112} INFO - Dusty
[2020-12-07 11:05:09,742] {logging_mixin.py:112} INFO - Korie
[2020-12-07 11:05:09,742] {logging_mixin.py:112} INFO - Elvina
[2020-12-07 11:05:09,742] {logging_mixin.py:112} INFO - Rodge
[2020-12-07 11:05:09,743] {logging_mixin.py:112} INFO - Sabine
[2020-12-07 11:05:09,743] {logging_mixin.py:112} INFO - Herc
[2020-12-07 11:05:09,743] {logging_mixin.py:112} INFO - Othello
[2020-12-07 11:05:09,744] {logging_mixin.py:112} INFO - Matti
[2020-12-07 11:05:09,744] {logging_mixin.py:112} INFO - Melonie
[2020-12-07 11:05:09,745] {logging_mixin.py:112} INFO - Deny
[2020-12-07 11:05:09,745] {conn.py:380} INFO - <BrokerConnection node_id=0 host=localhost:9092 <connecting> [IPv6 ('::1', 9092, 0, 0)]>: connecting to localhost:9092 [('::1', 9092, 0, 0) IPv6]
[2020-12-07 11:05:09,745] {logging_mixin.py:112} INFO - Linette
[2020-12-07 11:05:09,746] {logging_mixin.py:112} INFO - Corry
[2020-12-07 11:05:09,746] {conn.py:410} INFO - <BrokerConnection node_id=0 host=localhost:9092 <connecting> [IPv6 ('::1', 9092, 0, 0)]>: Connection complete.
[2020-12-07 11:05:09,746] {logging_mixin.py:112} INFO - Georgeanna
[2020-12-07 11:05:09,747] {conn.py:919} INFO - <BrokerConnection node_id=bootstrap-0 host=localhost:9092 <connected> [IPv6 ('::1', 9092, 0, 0)]>: Closing connection. 
[2020-12-07 11:05:09,747] {logging_mixin.py:112} INFO - Reine
[2020-12-07 11:05:09,749] {logging_mixin.py:112} INFO - Merrick
[2020-12-07 11:05:09,749] {logging_mixin.py:112} INFO - Karl
[2020-12-07 11:05:09,750] {logging_mixin.py:112} INFO - Anthe
[2020-12-07 11:05:09,751] {logging_mixin.py:112} INFO - Christyna
[2020-12-07 11:05:09,751] {logging_mixin.py:112} INFO - Gifford
[2020-12-07 11:05:09,752] {logging_mixin.py:112} INFO - Blinny
[2020-12-07 11:05:09,753] {logging_mixin.py:112} INFO - Agustin
[2020-12-07 11:05:09,753] {logging_mixin.py:112} INFO - Magnum
[2020-12-07 11:05:09,754] {logging_mixin.py:112} INFO - Haven
[2020-12-07 11:05:09,754] {logging_mixin.py:112} INFO - Cory
[2020-12-07 11:05:09,755] {logging_mixin.py:112} INFO - Normy
[2020-12-07 11:05:09,756] {logging_mixin.py:112} INFO - Chaddie
[2020-12-07 11:05:09,756] {logging_mixin.py:112} INFO - Hortense
[2020-12-07 11:05:09,757] {logging_mixin.py:112} INFO - Melita
[2020-12-07 11:05:09,757] {logging_mixin.py:112} INFO - Fraser
[2020-12-07 11:05:09,757] {logging_mixin.py:112} INFO - Thorin
[2020-12-07 11:05:09,758] {logging_mixin.py:112} INFO - Marti
[2020-12-07 11:05:09,758] {logging_mixin.py:112} INFO - Aurore
[2020-12-07 11:05:09,758] {logging_mixin.py:112} INFO - Irena
[2020-12-07 11:05:09,758] {logging_mixin.py:112} INFO - Munroe
[2020-12-07 11:05:09,760] {logging_mixin.py:112} INFO - Conchita
[2020-12-07 11:05:09,761] {logging_mixin.py:112} INFO - Pieter
[2020-12-07 11:05:09,761] {logging_mixin.py:112} INFO - Zackariah
[2020-12-07 11:05:09,762] {logging_mixin.py:112} INFO - Glori
[2020-12-07 11:05:09,762] {logging_mixin.py:112} INFO - Dorie
[2020-12-07 11:05:09,762] {logging_mixin.py:112} INFO - Janessa
[2020-12-07 11:05:09,763] {logging_mixin.py:112} INFO - Branden
[2020-12-07 11:05:09,763] {logging_mixin.py:112} INFO - Thaddus
[2020-12-07 11:05:09,763] {logging_mixin.py:112} INFO - Gerrie
[2020-12-07 11:05:09,763] {logging_mixin.py:112} INFO - Darla
[2020-12-07 11:05:09,764] {logging_mixin.py:112} INFO - Byran
[2020-12-07 11:05:09,764] {logging_mixin.py:112} INFO - Margette
[2020-12-07 11:05:09,765] {logging_mixin.py:112} INFO - Judi
[2020-12-07 11:05:09,766] {logging_mixin.py:112} INFO - Jodi
[2020-12-07 11:05:09,766] {logging_mixin.py:112} INFO - Adriena
[2020-12-07 11:05:09,766] {logging_mixin.py:112} INFO - Cordie
[2020-12-07 11:05:09,767] {logging_mixin.py:112} INFO - Phaedra
[2020-12-07 11:05:09,767] {logging_mixin.py:112} INFO - Correy
[2020-12-07 11:05:09,767] {logging_mixin.py:112} INFO - Shirley
[2020-12-07 11:05:09,768] {logging_mixin.py:112} INFO - Benedict
[2020-12-07 11:05:09,768] {logging_mixin.py:112} INFO - Merrill
[2020-12-07 11:05:09,768] {logging_mixin.py:112} INFO - Stephannie
[2020-12-07 11:05:09,768] {logging_mixin.py:112} INFO - Mariel
[2020-12-07 11:05:09,768] {logging_mixin.py:112} INFO - Tyler
[2020-12-07 11:05:09,769] {logging_mixin.py:112} INFO - Vince
[2020-12-07 11:05:09,770] {logging_mixin.py:112} INFO - Stacee
[2020-12-07 11:05:09,770] {logging_mixin.py:112} INFO - Tierney
[2020-12-07 11:05:09,771] {logging_mixin.py:112} INFO - Otis
[2020-12-07 11:05:09,771] {logging_mixin.py:112} INFO - Peder
[2020-12-07 11:05:09,772] {logging_mixin.py:112} INFO - Weider
[2020-12-07 11:05:09,773] {logging_mixin.py:112} INFO - Lynette
[2020-12-07 11:05:09,774] {logging_mixin.py:112} INFO - Farica
[2020-12-07 11:05:09,774] {logging_mixin.py:112} INFO - Danit
[2020-12-07 11:05:09,775] {logging_mixin.py:112} INFO - Hadley
[2020-12-07 11:05:09,775] {logging_mixin.py:112} INFO - Willette
[2020-12-07 11:05:09,776] {logging_mixin.py:112} INFO - Faun
[2020-12-07 11:05:09,776] {logging_mixin.py:112} INFO - Prentice
[2020-12-07 11:05:09,776] {logging_mixin.py:112} INFO - Saunderson
[2020-12-07 11:05:09,777] {logging_mixin.py:112} INFO - Kristen
[2020-12-07 11:05:09,777] {logging_mixin.py:112} INFO - Alonzo
[2020-12-07 11:05:09,778] {logging_mixin.py:112} INFO - Giulio
[2020-12-07 11:05:09,778] {logging_mixin.py:112} INFO - Regan
[2020-12-07 11:05:09,779] {logging_mixin.py:112} INFO - Caryl
[2020-12-07 11:05:09,780] {logging_mixin.py:112} INFO - Nolan
[2020-12-07 11:05:09,781] {logging_mixin.py:112} INFO - Jared
[2020-12-07 11:05:09,782] {logging_mixin.py:112} INFO - Ilse
[2020-12-07 11:05:09,783] {logging_mixin.py:112} INFO - Xymenes
[2020-12-07 11:05:09,784] {logging_mixin.py:112} INFO - Ardra
[2020-12-07 11:05:09,786] {logging_mixin.py:112} INFO - Billy
[2020-12-07 11:05:09,786] {logging_mixin.py:112} INFO - Ulrick
[2020-12-07 11:05:09,786] {logging_mixin.py:112} INFO - Lindy
[2020-12-07 11:05:09,786] {logging_mixin.py:112} INFO - Fielding
[2020-12-07 11:05:09,787] {logging_mixin.py:112} INFO - Tremain
[2020-12-07 11:05:09,787] {logging_mixin.py:112} INFO - Keary
[2020-12-07 11:05:09,787] {logging_mixin.py:112} INFO - connection closed
[2020-12-07 11:05:09,789] {conn.py:919} INFO - <BrokerConnection node_id=0 host=localhost:9092 <connected> [IPv6 ('::1', 9092, 0, 0)]>: Closing connection. 
[2020-12-07 11:05:09,789] {python_operator.py:114} INFO - Done. Returned value was: None
[2020-12-07 11:05:09,793] {taskinstance.py:1057} INFO - Marking task as SUCCESS.dag_id=Airflow_task, task_id=Data_from_table1, execution_date=20201207T053000, start_date=20201207T053507, end_date=20201207T053509
[2020-12-07 11:05:12,970] {local_task_job.py:102} INFO - Task exited with return code 0
