[2020-11-10 13:20:43,967] {taskinstance.py:670} INFO - Dependencies all met for <TaskInstance: example_bash_operator.run_after_loop 2020-11-09T00:00:00+00:00 [queued]>
[2020-11-10 13:20:43,979] {taskinstance.py:670} INFO - Dependencies all met for <TaskInstance: example_bash_operator.run_after_loop 2020-11-09T00:00:00+00:00 [queued]>
[2020-11-10 13:20:43,980] {taskinstance.py:880} INFO - 
--------------------------------------------------------------------------------
[2020-11-10 13:20:43,980] {taskinstance.py:881} INFO - Starting attempt 1 of 1
[2020-11-10 13:20:43,980] {taskinstance.py:882} INFO - 
--------------------------------------------------------------------------------
[2020-11-10 13:20:43,987] {taskinstance.py:901} INFO - Executing <Task(BashOperator): run_after_loop> on 2020-11-09T00:00:00+00:00
[2020-11-10 13:20:43,990] {standard_task_runner.py:54} INFO - Started process 25690 to run task
[2020-11-10 13:20:44,009] {standard_task_runner.py:77} INFO - Running: ['airflow', 'run', 'example_bash_operator', 'run_after_loop', '2020-11-09T00:00:00+00:00', '--job_id', '19', '--pool', 'default_pool', '--raw', '-sd', '/Users/sundarb/Documents/anaconda3/lib/python3.7/site-packages/airflow/example_dags/example_bash_operator.py', '--cfg_path', '/var/folders/x0/npyjyyg15zj3krdkh0pv612w0000gn/T/tmpacnh_zp3']
[2020-11-10 13:20:44,011] {standard_task_runner.py:78} INFO - Job 19: Subtask run_after_loop
[2020-11-10 13:20:44,090] {logging_mixin.py:112} INFO - Running %s on host %s <TaskInstance: example_bash_operator.run_after_loop 2020-11-09T00:00:00+00:00 [running]> 153.225.168.192.in-addr.arpa
[2020-11-10 13:20:44,109] {bash_operator.py:113} INFO - Tmp dir root location: 
 /var/folders/x0/npyjyyg15zj3krdkh0pv612w0000gn/T
[2020-11-10 13:20:44,137] {bash_operator.py:136} INFO - Temporary script location: /var/folders/x0/npyjyyg15zj3krdkh0pv612w0000gn/T/airflowtmph67yr5bo/run_after_loop572hwlul
[2020-11-10 13:20:44,138] {bash_operator.py:146} INFO - Running command: echo 1
[2020-11-10 13:20:44,146] {bash_operator.py:153} INFO - Output:
[2020-11-10 13:20:44,157] {bash_operator.py:157} INFO - 1
[2020-11-10 13:20:44,157] {bash_operator.py:161} INFO - Command exited with return code 0
[2020-11-10 13:20:44,164] {taskinstance.py:1070} INFO - Marking task as SUCCESS.dag_id=example_bash_operator, task_id=run_after_loop, execution_date=20201109T000000, start_date=20201110T075043, end_date=20201110T075044
[2020-11-10 13:20:48,959] {local_task_job.py:102} INFO - Task exited with return code 0
