[2020-11-10 13:20:08,945] {taskinstance.py:670} INFO - Dependencies all met for <TaskInstance: tutorial.sleep 2020-11-08T00:00:00+00:00 [queued]>
[2020-11-10 13:20:08,955] {taskinstance.py:670} INFO - Dependencies all met for <TaskInstance: tutorial.sleep 2020-11-08T00:00:00+00:00 [queued]>
[2020-11-10 13:20:08,955] {taskinstance.py:880} INFO - 
--------------------------------------------------------------------------------
[2020-11-10 13:20:08,955] {taskinstance.py:881} INFO - Starting attempt 1 of 4
[2020-11-10 13:20:08,955] {taskinstance.py:882} INFO - 
--------------------------------------------------------------------------------
[2020-11-10 13:20:08,961] {taskinstance.py:901} INFO - Executing <Task(BashOperator): sleep> on 2020-11-08T00:00:00+00:00
[2020-11-10 13:20:08,963] {standard_task_runner.py:54} INFO - Started process 25640 to run task
[2020-11-10 13:20:08,977] {standard_task_runner.py:77} INFO - Running: ['airflow', 'run', 'tutorial', 'sleep', '2020-11-08T00:00:00+00:00', '--job_id', '17', '--pool', 'default_pool', '--raw', '-sd', '/Users/sundarb/Documents/anaconda3/lib/python3.7/site-packages/airflow/example_dags/tutorial.py', '--cfg_path', '/var/folders/x0/npyjyyg15zj3krdkh0pv612w0000gn/T/tmprts3efxo']
[2020-11-10 13:20:08,979] {standard_task_runner.py:78} INFO - Job 17: Subtask sleep
[2020-11-10 13:20:09,004] {logging_mixin.py:112} INFO - Running %s on host %s <TaskInstance: tutorial.sleep 2020-11-08T00:00:00+00:00 [running]> 153.225.168.192.in-addr.arpa
[2020-11-10 13:20:09,020] {bash_operator.py:113} INFO - Tmp dir root location: 
 /var/folders/x0/npyjyyg15zj3krdkh0pv612w0000gn/T
[2020-11-10 13:20:09,022] {bash_operator.py:136} INFO - Temporary script location: /var/folders/x0/npyjyyg15zj3krdkh0pv612w0000gn/T/airflowtmp1ftlz2kc/sleepw2m4yyqg
[2020-11-10 13:20:09,022] {bash_operator.py:146} INFO - Running command: sleep 5
[2020-11-10 13:20:09,028] {bash_operator.py:153} INFO - Output:
[2020-11-10 13:20:14,034] {bash_operator.py:161} INFO - Command exited with return code 0
[2020-11-10 13:20:14,046] {taskinstance.py:1070} INFO - Marking task as SUCCESS.dag_id=tutorial, task_id=sleep, execution_date=20201108T000000, start_date=20201110T075008, end_date=20201110T075014
[2020-11-10 13:20:18,973] {local_task_job.py:102} INFO - Task exited with return code 0
