[2020-11-10 13:21:51,925] {taskinstance.py:670} INFO - Dependencies all met for <TaskInstance: tutorial.sleep 2020-11-09T00:00:00+00:00 [queued]>
[2020-11-10 13:21:51,940] {taskinstance.py:670} INFO - Dependencies all met for <TaskInstance: tutorial.sleep 2020-11-09T00:00:00+00:00 [queued]>
[2020-11-10 13:21:51,940] {taskinstance.py:880} INFO - 
--------------------------------------------------------------------------------
[2020-11-10 13:21:51,940] {taskinstance.py:881} INFO - Starting attempt 1 of 4
[2020-11-10 13:21:51,940] {taskinstance.py:882} INFO - 
--------------------------------------------------------------------------------
[2020-11-10 13:21:51,947] {taskinstance.py:901} INFO - Executing <Task(BashOperator): sleep> on 2020-11-09T00:00:00+00:00
[2020-11-10 13:21:51,949] {standard_task_runner.py:54} INFO - Started process 25812 to run task
[2020-11-10 13:21:51,966] {standard_task_runner.py:77} INFO - Running: ['airflow', 'run', 'tutorial', 'sleep', '2020-11-09T00:00:00+00:00', '--job_id', '24', '--pool', 'default_pool', '--raw', '-sd', '/Users/sundarb/Documents/anaconda3/lib/python3.7/site-packages/airflow/example_dags/tutorial.py', '--cfg_path', '/var/folders/x0/npyjyyg15zj3krdkh0pv612w0000gn/T/tmphezo7dd1']
[2020-11-10 13:21:51,967] {standard_task_runner.py:78} INFO - Job 24: Subtask sleep
[2020-11-10 13:21:51,992] {logging_mixin.py:112} INFO - Running %s on host %s <TaskInstance: tutorial.sleep 2020-11-09T00:00:00+00:00 [running]> 153.225.168.192.in-addr.arpa
[2020-11-10 13:21:52,009] {bash_operator.py:113} INFO - Tmp dir root location: 
 /var/folders/x0/npyjyyg15zj3krdkh0pv612w0000gn/T
[2020-11-10 13:21:52,010] {bash_operator.py:136} INFO - Temporary script location: /var/folders/x0/npyjyyg15zj3krdkh0pv612w0000gn/T/airflowtmple14n6g4/sleepe4qlt7mx
[2020-11-10 13:21:52,010] {bash_operator.py:146} INFO - Running command: sleep 5
[2020-11-10 13:21:52,016] {bash_operator.py:153} INFO - Output:
[2020-11-10 13:21:57,021] {bash_operator.py:161} INFO - Command exited with return code 0
[2020-11-10 13:21:57,029] {taskinstance.py:1070} INFO - Marking task as SUCCESS.dag_id=tutorial, task_id=sleep, execution_date=20201109T000000, start_date=20201110T075151, end_date=20201110T075157
[2020-11-10 13:22:01,930] {local_task_job.py:102} INFO - Task exited with return code 0
