[2020-11-10 13:18:45,319] {taskinstance.py:670} INFO - Dependencies all met for <TaskInstance: example_bash_operator.runme_2 2020-11-09T00:00:00+00:00 [queued]>
[2020-11-10 13:18:45,330] {taskinstance.py:670} INFO - Dependencies all met for <TaskInstance: example_bash_operator.runme_2 2020-11-09T00:00:00+00:00 [queued]>
[2020-11-10 13:18:45,330] {taskinstance.py:880} INFO - 
--------------------------------------------------------------------------------
[2020-11-10 13:18:45,330] {taskinstance.py:881} INFO - Starting attempt 1 of 1
[2020-11-10 13:18:45,330] {taskinstance.py:882} INFO - 
--------------------------------------------------------------------------------
[2020-11-10 13:18:45,336] {taskinstance.py:901} INFO - Executing <Task(BashOperator): runme_2> on 2020-11-09T00:00:00+00:00
[2020-11-10 13:18:45,338] {standard_task_runner.py:54} INFO - Started process 25563 to run task
[2020-11-10 13:18:45,364] {standard_task_runner.py:77} INFO - Running: ['airflow', 'run', 'example_bash_operator', 'runme_2', '2020-11-09T00:00:00+00:00', '--job_id', '10', '--pool', 'default_pool', '--raw', '-sd', '/Users/sundarb/Documents/anaconda3/lib/python3.7/site-packages/airflow/example_dags/example_bash_operator.py', '--cfg_path', '/var/folders/x0/npyjyyg15zj3krdkh0pv612w0000gn/T/tmpeo44ui4_']
[2020-11-10 13:18:45,366] {standard_task_runner.py:78} INFO - Job 10: Subtask runme_2
[2020-11-10 13:18:45,401] {logging_mixin.py:112} INFO - Running %s on host %s <TaskInstance: example_bash_operator.runme_2 2020-11-09T00:00:00+00:00 [running]> 153.225.168.192.in-addr.arpa
[2020-11-10 13:18:45,423] {bash_operator.py:113} INFO - Tmp dir root location: 
 /var/folders/x0/npyjyyg15zj3krdkh0pv612w0000gn/T
[2020-11-10 13:18:45,424] {bash_operator.py:136} INFO - Temporary script location: /var/folders/x0/npyjyyg15zj3krdkh0pv612w0000gn/T/airflowtmpqf87lbw5/runme_23awjil8k
[2020-11-10 13:18:45,425] {bash_operator.py:146} INFO - Running command: echo "example_bash_operator__runme_2__20201109" && sleep 1
[2020-11-10 13:18:45,432] {bash_operator.py:153} INFO - Output:
[2020-11-10 13:18:45,439] {bash_operator.py:157} INFO - example_bash_operator__runme_2__20201109
[2020-11-10 13:18:46,447] {bash_operator.py:161} INFO - Command exited with return code 0
[2020-11-10 13:18:46,456] {taskinstance.py:1070} INFO - Marking task as SUCCESS.dag_id=example_bash_operator, task_id=runme_2, execution_date=20201109T000000, start_date=20201110T074845, end_date=20201110T074846
[2020-11-10 13:18:50,315] {local_task_job.py:102} INFO - Task exited with return code 0
