[2020-12-04 21:48:30,024] {taskinstance.py:670} INFO - Dependencies all met for <TaskInstance: Airflow_task.Data_from_table1 2020-12-04T15:55:00+00:00 [queued]>
[2020-12-04 21:48:30,442] {taskinstance.py:670} INFO - Dependencies all met for <TaskInstance: Airflow_task.Data_from_table1 2020-12-04T15:55:00+00:00 [queued]>
[2020-12-04 21:48:30,475] {taskinstance.py:880} INFO - 
--------------------------------------------------------------------------------
[2020-12-04 21:48:30,475] {taskinstance.py:881} INFO - Starting attempt 1 of 1
[2020-12-04 21:48:30,475] {taskinstance.py:882} INFO - 
--------------------------------------------------------------------------------
[2020-12-04 21:48:30,540] {taskinstance.py:901} INFO - Executing <Task(PythonOperator): Data_from_table1> on 2020-12-04T15:55:00+00:00
[2020-12-04 21:48:30,542] {standard_task_runner.py:54} INFO - Started process 21220 to run task
[2020-12-04 21:48:30,753] {standard_task_runner.py:77} INFO - Running: ['airflow', 'run', 'Airflow_task', 'Data_from_table1', '2020-12-04T15:55:00+00:00', '--job_id', '25', '--pool', 'default_pool', '--raw', '-sd', 'DAGS_FOLDER/server-elastic.py', '--cfg_path', '/var/folders/x0/npyjyyg15zj3krdkh0pv612w0000gn/T/tmpq79cufs2']
[2020-12-04 21:48:30,770] {standard_task_runner.py:78} INFO - Job 25: Subtask Data_from_table1
[2020-12-04 21:48:30,857] {logging_mixin.py:112} INFO - Running %s on host %s <TaskInstance: Airflow_task.Data_from_table1 2020-12-04T15:55:00+00:00 [running]> 1.0.0.0.0.0.0.0.0.0.0.0.0.0.0.0.0.0.0.0.0.0.0.0.0.0.0.0.0.0.0.0.ip6.arpa
[2020-12-04 21:48:30,880] {logging_mixin.py:112} INFO - Error::::: could not connect to server: Connection refused
	Is the server running on host "localhost" (::1) and accepting
	TCP/IP connections on port 5432?
could not connect to server: Connection refused
	Is the server running on host "localhost" (127.0.0.1) and accepting
	TCP/IP connections on port 5432?
[2020-12-04 21:48:30,880] {logging_mixin.py:112} INFO - 
[2020-12-04 21:48:30,880] {python_operator.py:114} INFO - Done. Returned value was: None
[2020-12-04 21:48:30,884] {taskinstance.py:1057} INFO - Marking task as SUCCESS.dag_id=Airflow_task, task_id=Data_from_table1, execution_date=20201204T155500, start_date=20201204T161830, end_date=20201204T161830
[2020-12-04 21:48:35,031] {local_task_job.py:102} INFO - Task exited with return code 0
