[2020-12-05 14:00:09,314] {taskinstance.py:670} INFO - Dependencies all met for <TaskInstance: Airflow_task.Data_from_table1 2020-12-05T08:25:00+00:00 [queued]>
[2020-12-05 14:00:09,322] {taskinstance.py:670} INFO - Dependencies all met for <TaskInstance: Airflow_task.Data_from_table1 2020-12-05T08:25:00+00:00 [queued]>
[2020-12-05 14:00:09,322] {taskinstance.py:880} INFO - 
--------------------------------------------------------------------------------
[2020-12-05 14:00:09,322] {taskinstance.py:881} INFO - Starting attempt 1 of 1
[2020-12-05 14:00:09,322] {taskinstance.py:882} INFO - 
--------------------------------------------------------------------------------
[2020-12-05 14:00:09,328] {taskinstance.py:901} INFO - Executing <Task(PythonOperator): Data_from_table1> on 2020-12-05T08:25:00+00:00
[2020-12-05 14:00:09,330] {standard_task_runner.py:54} INFO - Started process 24615 to run task
[2020-12-05 14:00:09,369] {standard_task_runner.py:77} INFO - Running: ['airflow', 'run', 'Airflow_task', 'Data_from_table1', '2020-12-05T08:25:00+00:00', '--job_id', '76', '--pool', 'default_pool', '--raw', '-sd', 'DAGS_FOLDER/server-elastic.py', '--cfg_path', '/var/folders/x0/npyjyyg15zj3krdkh0pv612w0000gn/T/tmpyyqluth5']
[2020-12-05 14:00:09,370] {standard_task_runner.py:78} INFO - Job 76: Subtask Data_from_table1
[2020-12-05 14:00:09,402] {logging_mixin.py:112} INFO - Running %s on host %s <TaskInstance: Airflow_task.Data_from_table1 2020-12-05T08:25:00+00:00 [running]> 1.0.0.0.0.0.0.0.0.0.0.0.0.0.0.0.0.0.0.0.0.0.0.0.0.0.0.0.0.0.0.0.ip6.arpa
[2020-12-05 14:00:11,042] {conn.py:380} INFO - <BrokerConnection node_id=bootstrap-0 host=localhost:9092 <connecting> [IPv6 ('::1', 9092, 0, 0)]>: connecting to localhost:9092 [('::1', 9092, 0, 0) IPv6]
[2020-12-05 14:00:11,042] {conn.py:1205} INFO - Probing node bootstrap-0 broker version
[2020-12-05 14:00:11,043] {conn.py:410} INFO - <BrokerConnection node_id=bootstrap-0 host=localhost:9092 <connecting> [IPv6 ('::1', 9092, 0, 0)]>: Connection complete.
[2020-12-05 14:00:11,146] {conn.py:1267} INFO - Broker version identified as 2.5.0
[2020-12-05 14:00:11,146] {conn.py:1268} INFO - Set configuration api_version=(2, 5, 0) to skip auto check_version requests on startup
[2020-12-05 14:00:11,148] {logging_mixin.py:112} INFO - Janet
[2020-12-05 14:00:11,151] {logging_mixin.py:112} INFO - Jaquenette
[2020-12-05 14:00:11,151] {logging_mixin.py:112} INFO - Dusty
[2020-12-05 14:00:11,152] {logging_mixin.py:112} INFO - Korie
[2020-12-05 14:00:11,152] {logging_mixin.py:112} INFO - Elvina
[2020-12-05 14:00:11,153] {logging_mixin.py:112} INFO - Rodge
[2020-12-05 14:00:11,153] {logging_mixin.py:112} INFO - Sabine
[2020-12-05 14:00:11,153] {conn.py:380} INFO - <BrokerConnection node_id=0 host=localhost:9092 <connecting> [IPv6 ('::1', 9092, 0, 0)]>: connecting to localhost:9092 [('::1', 9092, 0, 0) IPv6]
[2020-12-05 14:00:11,153] {logging_mixin.py:112} INFO - Herc
[2020-12-05 14:00:11,154] {logging_mixin.py:112} INFO - Othello
[2020-12-05 14:00:11,154] {logging_mixin.py:112} INFO - Matti
[2020-12-05 14:00:11,155] {conn.py:410} INFO - <BrokerConnection node_id=0 host=localhost:9092 <connecting> [IPv6 ('::1', 9092, 0, 0)]>: Connection complete.
[2020-12-05 14:00:11,155] {logging_mixin.py:112} INFO - Melonie
[2020-12-05 14:00:11,155] {conn.py:919} INFO - <BrokerConnection node_id=bootstrap-0 host=localhost:9092 <connected> [IPv6 ('::1', 9092, 0, 0)]>: Closing connection. 
[2020-12-05 14:00:11,155] {logging_mixin.py:112} INFO - Deny
[2020-12-05 14:00:11,156] {logging_mixin.py:112} INFO - Linette
[2020-12-05 14:00:11,157] {logging_mixin.py:112} INFO - Corry
[2020-12-05 14:00:11,158] {logging_mixin.py:112} INFO - Georgeanna
[2020-12-05 14:00:11,158] {logging_mixin.py:112} INFO - Reine
[2020-12-05 14:00:11,158] {logging_mixin.py:112} INFO - Merrick
[2020-12-05 14:00:11,159] {logging_mixin.py:112} INFO - Karl
[2020-12-05 14:00:11,159] {logging_mixin.py:112} INFO - Anthe
[2020-12-05 14:00:11,160] {logging_mixin.py:112} INFO - Christyna
[2020-12-05 14:00:11,161] {logging_mixin.py:112} INFO - Gifford
[2020-12-05 14:00:11,163] {logging_mixin.py:112} INFO - Blinny
[2020-12-05 14:00:11,164] {logging_mixin.py:112} INFO - Agustin
[2020-12-05 14:00:11,164] {logging_mixin.py:112} INFO - Magnum
[2020-12-05 14:00:11,165] {logging_mixin.py:112} INFO - Haven
[2020-12-05 14:00:11,165] {logging_mixin.py:112} INFO - Cory
[2020-12-05 14:00:11,165] {logging_mixin.py:112} INFO - Normy
[2020-12-05 14:00:11,166] {logging_mixin.py:112} INFO - Chaddie
[2020-12-05 14:00:11,166] {logging_mixin.py:112} INFO - Hortense
[2020-12-05 14:00:11,166] {logging_mixin.py:112} INFO - Melita
[2020-12-05 14:00:11,166] {logging_mixin.py:112} INFO - Fraser
[2020-12-05 14:00:11,166] {logging_mixin.py:112} INFO - Thorin
[2020-12-05 14:00:11,167] {logging_mixin.py:112} INFO - Marti
[2020-12-05 14:00:11,167] {logging_mixin.py:112} INFO - Aurore
[2020-12-05 14:00:11,167] {logging_mixin.py:112} INFO - Irena
[2020-12-05 14:00:11,168] {logging_mixin.py:112} INFO - Munroe
[2020-12-05 14:00:11,168] {logging_mixin.py:112} INFO - Conchita
[2020-12-05 14:00:11,168] {logging_mixin.py:112} INFO - Pieter
[2020-12-05 14:00:11,168] {logging_mixin.py:112} INFO - Zackariah
[2020-12-05 14:00:11,169] {logging_mixin.py:112} INFO - Glori
[2020-12-05 14:00:11,169] {logging_mixin.py:112} INFO - Dorie
[2020-12-05 14:00:11,169] {logging_mixin.py:112} INFO - Janessa
[2020-12-05 14:00:11,170] {logging_mixin.py:112} INFO - Branden
[2020-12-05 14:00:11,170] {logging_mixin.py:112} INFO - Thaddus
[2020-12-05 14:00:11,171] {logging_mixin.py:112} INFO - Gerrie
[2020-12-05 14:00:11,171] {logging_mixin.py:112} INFO - Darla
[2020-12-05 14:00:11,171] {logging_mixin.py:112} INFO - Byran
[2020-12-05 14:00:11,172] {logging_mixin.py:112} INFO - Margette
[2020-12-05 14:00:11,172] {logging_mixin.py:112} INFO - Judi
[2020-12-05 14:00:11,172] {logging_mixin.py:112} INFO - Jodi
[2020-12-05 14:00:11,172] {logging_mixin.py:112} INFO - Adriena
[2020-12-05 14:00:11,173] {logging_mixin.py:112} INFO - Cordie
[2020-12-05 14:00:11,173] {logging_mixin.py:112} INFO - Phaedra
[2020-12-05 14:00:11,173] {logging_mixin.py:112} INFO - Correy
[2020-12-05 14:00:11,174] {logging_mixin.py:112} INFO - Shirley
[2020-12-05 14:00:11,174] {logging_mixin.py:112} INFO - Benedict
[2020-12-05 14:00:11,175] {logging_mixin.py:112} INFO - Merrill
[2020-12-05 14:00:11,177] {logging_mixin.py:112} INFO - Stephannie
[2020-12-05 14:00:11,178] {logging_mixin.py:112} INFO - Mariel
[2020-12-05 14:00:11,180] {logging_mixin.py:112} INFO - Tyler
[2020-12-05 14:00:11,180] {logging_mixin.py:112} INFO - Vince
[2020-12-05 14:00:11,181] {logging_mixin.py:112} INFO - Stacee
[2020-12-05 14:00:11,182] {logging_mixin.py:112} INFO - Tierney
[2020-12-05 14:00:11,183] {logging_mixin.py:112} INFO - Otis
[2020-12-05 14:00:11,183] {logging_mixin.py:112} INFO - Peder
[2020-12-05 14:00:11,184] {logging_mixin.py:112} INFO - Weider
[2020-12-05 14:00:11,184] {logging_mixin.py:112} INFO - Lynette
[2020-12-05 14:00:11,185] {logging_mixin.py:112} INFO - Farica
[2020-12-05 14:00:11,186] {logging_mixin.py:112} INFO - Danit
[2020-12-05 14:00:11,188] {logging_mixin.py:112} INFO - Hadley
[2020-12-05 14:00:11,189] {logging_mixin.py:112} INFO - Willette
[2020-12-05 14:00:11,190] {logging_mixin.py:112} INFO - Faun
[2020-12-05 14:00:11,191] {logging_mixin.py:112} INFO - Prentice
[2020-12-05 14:00:11,193] {logging_mixin.py:112} INFO - Saunderson
[2020-12-05 14:00:11,193] {logging_mixin.py:112} INFO - Kristen
[2020-12-05 14:00:11,194] {logging_mixin.py:112} INFO - Alonzo
[2020-12-05 14:00:11,194] {logging_mixin.py:112} INFO - Giulio
[2020-12-05 14:00:11,195] {logging_mixin.py:112} INFO - Regan
[2020-12-05 14:00:11,196] {logging_mixin.py:112} INFO - Caryl
[2020-12-05 14:00:11,197] {logging_mixin.py:112} INFO - Nolan
[2020-12-05 14:00:11,200] {logging_mixin.py:112} INFO - Jared
[2020-12-05 14:00:11,200] {logging_mixin.py:112} INFO - Ilse
[2020-12-05 14:00:11,202] {logging_mixin.py:112} INFO - Xymenes
[2020-12-05 14:00:11,202] {logging_mixin.py:112} INFO - Ardra
[2020-12-05 14:00:11,203] {logging_mixin.py:112} INFO - Billy
[2020-12-05 14:00:11,204] {logging_mixin.py:112} INFO - Ulrick
[2020-12-05 14:00:11,205] {logging_mixin.py:112} INFO - Lindy
[2020-12-05 14:00:11,206] {logging_mixin.py:112} INFO - Fielding
[2020-12-05 14:00:11,207] {logging_mixin.py:112} INFO - Tremain
[2020-12-05 14:00:11,207] {logging_mixin.py:112} INFO - Keary
[2020-12-05 14:00:11,208] {logging_mixin.py:112} INFO - connection closed
[2020-12-05 14:00:11,211] {conn.py:919} INFO - <BrokerConnection node_id=0 host=localhost:9092 <connected> [IPv6 ('::1', 9092, 0, 0)]>: Closing connection. 
[2020-12-05 14:00:11,211] {python_operator.py:114} INFO - Done. Returned value was: None
[2020-12-05 14:00:11,216] {taskinstance.py:1057} INFO - Marking task as SUCCESS.dag_id=Airflow_task, task_id=Data_from_table1, execution_date=20201205T082500, start_date=20201205T083009, end_date=20201205T083011
[2020-12-05 14:00:14,310] {local_task_job.py:102} INFO - Task exited with return code 0
