[2020-12-30 11:26:38,264] {taskinstance.py:670} INFO - Dependencies all met for <TaskInstance: example_dag_conf.bash_task 2020-12-30T05:56:26+00:00 [queued]>
[2020-12-30 11:26:38,272] {taskinstance.py:670} INFO - Dependencies all met for <TaskInstance: example_dag_conf.bash_task 2020-12-30T05:56:26+00:00 [queued]>
[2020-12-30 11:26:38,272] {taskinstance.py:880} INFO - 
--------------------------------------------------------------------------------
[2020-12-30 11:26:38,272] {taskinstance.py:881} INFO - Starting attempt 1 of 1
[2020-12-30 11:26:38,272] {taskinstance.py:882} INFO - 
--------------------------------------------------------------------------------
[2020-12-30 11:26:38,277] {taskinstance.py:901} INFO - Executing <Task(BashOperator): bash_task> on 2020-12-30T05:56:26+00:00
[2020-12-30 11:26:38,279] {standard_task_runner.py:54} INFO - Started process 61452 to run task
[2020-12-30 11:26:38,311] {standard_task_runner.py:77} INFO - Running: ['airflow', 'run', 'example_dag_conf', 'bash_task', '2020-12-30T05:56:26+00:00', '--job_id', '1942', '--pool', 'default_pool', '--raw', '-sd', 'DAGS_FOLDER/airflow_parameter.py', '--cfg_path', '/var/folders/x0/npyjyyg15zj3krdkh0pv612w0000gn/T/tmp2aoufvsp']
[2020-12-30 11:26:38,313] {standard_task_runner.py:78} INFO - Job 1942: Subtask bash_task
[2020-12-30 11:26:38,336] {logging_mixin.py:112} INFO - Running %s on host %s <TaskInstance: example_dag_conf.bash_task 2020-12-30T05:56:26+00:00 [running]> 1.0.0.0.0.0.0.0.0.0.0.0.0.0.0.0.0.0.0.0.0.0.0.0.0.0.0.0.0.0.0.0.ip6.arpa
[2020-12-30 11:26:38,351] {bash_operator.py:113} INFO - Tmp dir root location: 
 /var/folders/x0/npyjyyg15zj3krdkh0pv612w0000gn/T
[2020-12-30 11:26:38,352] {bash_operator.py:134} INFO - Temporary script location: /var/folders/x0/npyjyyg15zj3krdkh0pv612w0000gn/T/airflowtmp2x5w75xq/bash_taskqchv2y42
[2020-12-30 11:26:38,352] {bash_operator.py:146} INFO - Running command: echo "Here is the message: Client_xyz" 
[2020-12-30 11:26:38,358] {bash_operator.py:153} INFO - Output:
[2020-12-30 11:26:38,361] {bash_operator.py:157} INFO - Here is the message: Client_xyz
[2020-12-30 11:26:38,361] {bash_operator.py:159} INFO - Command exited with return code 0
[2020-12-30 11:26:38,369] {taskinstance.py:1057} INFO - Marking task as SUCCESS.dag_id=example_dag_conf, task_id=bash_task, execution_date=20201230T055626, start_date=20201230T055638, end_date=20201230T055638
[2020-12-30 11:26:43,269] {local_task_job.py:102} INFO - Task exited with return code 0
