[2020-11-10 14:24:38,231] {taskinstance.py:670} INFO - Dependencies all met for <TaskInstance: example_bash_operator.runme_0 2020-11-10T08:53:33.648791+00:00 [queued]>
[2020-11-10 14:24:38,239] {taskinstance.py:670} INFO - Dependencies all met for <TaskInstance: example_bash_operator.runme_0 2020-11-10T08:53:33.648791+00:00 [queued]>
[2020-11-10 14:24:38,239] {taskinstance.py:880} INFO - 
--------------------------------------------------------------------------------
[2020-11-10 14:24:38,239] {taskinstance.py:881} INFO - Starting attempt 1 of 1
[2020-11-10 14:24:38,239] {taskinstance.py:882} INFO - 
--------------------------------------------------------------------------------
[2020-11-10 14:24:38,244] {taskinstance.py:901} INFO - Executing <Task(BashOperator): runme_0> on 2020-11-10T08:53:33.648791+00:00
[2020-11-10 14:24:38,246] {standard_task_runner.py:54} INFO - Started process 28571 to run task
[2020-11-10 14:24:38,261] {standard_task_runner.py:77} INFO - Running: ['airflow', 'run', 'example_bash_operator', 'runme_0', '2020-11-10T08:53:33.648791+00:00', '--job_id', '105', '--pool', 'default_pool', '--raw', '-sd', '/Users/sundarb/Documents/anaconda3/lib/python3.7/site-packages/airflow/example_dags/example_bash_operator.py', '--cfg_path', '/var/folders/x0/npyjyyg15zj3krdkh0pv612w0000gn/T/tmp2w5f4wiq']
[2020-11-10 14:24:38,262] {standard_task_runner.py:78} INFO - Job 105: Subtask runme_0
[2020-11-10 14:24:38,287] {logging_mixin.py:112} INFO - Running %s on host %s <TaskInstance: example_bash_operator.runme_0 2020-11-10T08:53:33.648791+00:00 [running]> 153.225.168.192.in-addr.arpa
[2020-11-10 14:24:38,303] {bash_operator.py:113} INFO - Tmp dir root location: 
 /var/folders/x0/npyjyyg15zj3krdkh0pv612w0000gn/T
[2020-11-10 14:24:38,304] {bash_operator.py:136} INFO - Temporary script location: /var/folders/x0/npyjyyg15zj3krdkh0pv612w0000gn/T/airflowtmp7t95o7po/runme_0rg2gns7d
[2020-11-10 14:24:38,305] {bash_operator.py:146} INFO - Running command: echo "example_bash_operator__runme_0__20201110" && sleep 1
[2020-11-10 14:24:38,310] {bash_operator.py:153} INFO - Output:
[2020-11-10 14:24:38,312] {bash_operator.py:157} INFO - example_bash_operator__runme_0__20201110
[2020-11-10 14:24:39,316] {bash_operator.py:161} INFO - Command exited with return code 0
[2020-11-10 14:24:39,325] {taskinstance.py:1070} INFO - Marking task as SUCCESS.dag_id=example_bash_operator, task_id=runme_0, execution_date=20201110T085333, start_date=20201110T085438, end_date=20201110T085439
[2020-11-10 14:24:43,230] {local_task_job.py:102} INFO - Task exited with return code 0
