[2020-11-10 13:18:59,169] {taskinstance.py:670} INFO - Dependencies all met for <TaskInstance: example_bash_operator.also_run_this 2020-11-09T00:00:00+00:00 [queued]>
[2020-11-10 13:18:59,177] {taskinstance.py:670} INFO - Dependencies all met for <TaskInstance: example_bash_operator.also_run_this 2020-11-09T00:00:00+00:00 [queued]>
[2020-11-10 13:18:59,177] {taskinstance.py:880} INFO - 
--------------------------------------------------------------------------------
[2020-11-10 13:18:59,177] {taskinstance.py:881} INFO - Starting attempt 1 of 1
[2020-11-10 13:18:59,177] {taskinstance.py:882} INFO - 
--------------------------------------------------------------------------------
[2020-11-10 13:18:59,182] {taskinstance.py:901} INFO - Executing <Task(BashOperator): also_run_this> on 2020-11-09T00:00:00+00:00
[2020-11-10 13:18:59,184] {standard_task_runner.py:54} INFO - Started process 25575 to run task
[2020-11-10 13:18:59,200] {standard_task_runner.py:77} INFO - Running: ['airflow', 'run', 'example_bash_operator', 'also_run_this', '2020-11-09T00:00:00+00:00', '--job_id', '12', '--pool', 'default_pool', '--raw', '-sd', '/Users/sundarb/Documents/anaconda3/lib/python3.7/site-packages/airflow/example_dags/example_bash_operator.py', '--cfg_path', '/var/folders/x0/npyjyyg15zj3krdkh0pv612w0000gn/T/tmpugv57vqm']
[2020-11-10 13:18:59,201] {standard_task_runner.py:78} INFO - Job 12: Subtask also_run_this
[2020-11-10 13:18:59,230] {logging_mixin.py:112} INFO - Running %s on host %s <TaskInstance: example_bash_operator.also_run_this 2020-11-09T00:00:00+00:00 [running]> 153.225.168.192.in-addr.arpa
[2020-11-10 13:18:59,247] {bash_operator.py:113} INFO - Tmp dir root location: 
 /var/folders/x0/npyjyyg15zj3krdkh0pv612w0000gn/T
[2020-11-10 13:18:59,248] {bash_operator.py:136} INFO - Temporary script location: /var/folders/x0/npyjyyg15zj3krdkh0pv612w0000gn/T/airflowtmpr2je67wf/also_run_thisk04_64dh
[2020-11-10 13:18:59,248] {bash_operator.py:146} INFO - Running command: echo "run_id=scheduled__2020-11-09T00:00:00+00:00 | dag_run=<DagRun example_bash_operator @ 2020-11-09 00:00:00+00:00: scheduled__2020-11-09T00:00:00+00:00, externally triggered: False>"
[2020-11-10 13:18:59,254] {bash_operator.py:153} INFO - Output:
[2020-11-10 13:18:59,257] {bash_operator.py:157} INFO - run_id=scheduled__2020-11-09T00:00:00+00:00 | dag_run=<DagRun example_bash_operator @ 2020-11-09 00:00:00+00:00: scheduled__2020-11-09T00:00:00+00:00, externally triggered: False>
[2020-11-10 13:18:59,257] {bash_operator.py:161} INFO - Command exited with return code 0
[2020-11-10 13:18:59,263] {taskinstance.py:1070} INFO - Marking task as SUCCESS.dag_id=example_bash_operator, task_id=also_run_this, execution_date=20201109T000000, start_date=20201110T074859, end_date=20201110T074859
[2020-11-10 13:19:04,172] {local_task_job.py:102} INFO - Task exited with return code 0
