[2020-11-10 13:20:21,152] {taskinstance.py:670} INFO - Dependencies all met for <TaskInstance: tutorial.templated 2020-11-08T00:00:00+00:00 [queued]>
[2020-11-10 13:20:21,163] {taskinstance.py:670} INFO - Dependencies all met for <TaskInstance: tutorial.templated 2020-11-08T00:00:00+00:00 [queued]>
[2020-11-10 13:20:21,163] {taskinstance.py:880} INFO - 
--------------------------------------------------------------------------------
[2020-11-10 13:20:21,163] {taskinstance.py:881} INFO - Starting attempt 1 of 2
[2020-11-10 13:20:21,163] {taskinstance.py:882} INFO - 
--------------------------------------------------------------------------------
[2020-11-10 13:20:21,168] {taskinstance.py:901} INFO - Executing <Task(BashOperator): templated> on 2020-11-08T00:00:00+00:00
[2020-11-10 13:20:21,170] {standard_task_runner.py:54} INFO - Started process 25646 to run task
[2020-11-10 13:20:21,184] {standard_task_runner.py:77} INFO - Running: ['airflow', 'run', 'tutorial', 'templated', '2020-11-08T00:00:00+00:00', '--job_id', '18', '--pool', 'default_pool', '--raw', '-sd', '/Users/sundarb/Documents/anaconda3/lib/python3.7/site-packages/airflow/example_dags/tutorial.py', '--cfg_path', '/var/folders/x0/npyjyyg15zj3krdkh0pv612w0000gn/T/tmpil42hzhx']
[2020-11-10 13:20:21,185] {standard_task_runner.py:78} INFO - Job 18: Subtask templated
[2020-11-10 13:20:21,210] {logging_mixin.py:112} INFO - Running %s on host %s <TaskInstance: tutorial.templated 2020-11-08T00:00:00+00:00 [running]> 153.225.168.192.in-addr.arpa
[2020-11-10 13:20:21,233] {bash_operator.py:113} INFO - Tmp dir root location: 
 /var/folders/x0/npyjyyg15zj3krdkh0pv612w0000gn/T
[2020-11-10 13:20:21,234] {bash_operator.py:136} INFO - Temporary script location: /var/folders/x0/npyjyyg15zj3krdkh0pv612w0000gn/T/airflowtmp3ct021pr/templated9g675uo6
[2020-11-10 13:20:21,234] {bash_operator.py:146} INFO - Running command: 

    echo "2020-11-08"
    echo "2020-11-15"
    echo "Parameter I passed in"

    echo "2020-11-08"
    echo "2020-11-15"
    echo "Parameter I passed in"

    echo "2020-11-08"
    echo "2020-11-15"
    echo "Parameter I passed in"

    echo "2020-11-08"
    echo "2020-11-15"
    echo "Parameter I passed in"

    echo "2020-11-08"
    echo "2020-11-15"
    echo "Parameter I passed in"

[2020-11-10 13:20:21,240] {bash_operator.py:153} INFO - Output:
[2020-11-10 13:20:21,249] {bash_operator.py:157} INFO - 2020-11-08
[2020-11-10 13:20:21,249] {bash_operator.py:157} INFO - 2020-11-15
[2020-11-10 13:20:21,249] {bash_operator.py:157} INFO - Parameter I passed in
[2020-11-10 13:20:21,250] {bash_operator.py:157} INFO - 2020-11-08
[2020-11-10 13:20:21,250] {bash_operator.py:157} INFO - 2020-11-15
[2020-11-10 13:20:21,250] {bash_operator.py:157} INFO - Parameter I passed in
[2020-11-10 13:20:21,250] {bash_operator.py:157} INFO - 2020-11-08
[2020-11-10 13:20:21,250] {bash_operator.py:157} INFO - 2020-11-15
[2020-11-10 13:20:21,251] {bash_operator.py:157} INFO - Parameter I passed in
[2020-11-10 13:20:21,251] {bash_operator.py:157} INFO - 2020-11-08
[2020-11-10 13:20:21,251] {bash_operator.py:157} INFO - 2020-11-15
[2020-11-10 13:20:21,251] {bash_operator.py:157} INFO - Parameter I passed in
[2020-11-10 13:20:21,251] {bash_operator.py:157} INFO - 2020-11-08
[2020-11-10 13:20:21,251] {bash_operator.py:157} INFO - 2020-11-15
[2020-11-10 13:20:21,252] {bash_operator.py:157} INFO - Parameter I passed in
[2020-11-10 13:20:21,252] {bash_operator.py:161} INFO - Command exited with return code 0
[2020-11-10 13:20:21,258] {taskinstance.py:1070} INFO - Marking task as SUCCESS.dag_id=tutorial, task_id=templated, execution_date=20201108T000000, start_date=20201110T075021, end_date=20201110T075021
[2020-11-10 13:20:26,153] {local_task_job.py:102} INFO - Task exited with return code 0
