[2020-12-30 11:17:18,604] {taskinstance.py:670} INFO - Dependencies all met for <TaskInstance: example_dag_conf.bash_task 2020-12-30T05:46:59+00:00 [queued]>
[2020-12-30 11:17:18,612] {taskinstance.py:670} INFO - Dependencies all met for <TaskInstance: example_dag_conf.bash_task 2020-12-30T05:46:59+00:00 [queued]>
[2020-12-30 11:17:18,612] {taskinstance.py:880} INFO - 
--------------------------------------------------------------------------------
[2020-12-30 11:17:18,612] {taskinstance.py:881} INFO - Starting attempt 1 of 1
[2020-12-30 11:17:18,612] {taskinstance.py:882} INFO - 
--------------------------------------------------------------------------------
[2020-12-30 11:17:18,617] {taskinstance.py:901} INFO - Executing <Task(BashOperator): bash_task> on 2020-12-30T05:46:59+00:00
[2020-12-30 11:17:18,620] {standard_task_runner.py:54} INFO - Started process 60156 to run task
[2020-12-30 11:17:18,650] {standard_task_runner.py:77} INFO - Running: ['airflow', 'run', 'example_dag_conf', 'bash_task', '2020-12-30T05:46:59+00:00', '--job_id', '1929', '--pool', 'default_pool', '--raw', '-sd', 'DAGS_FOLDER/airflow_parameter.py', '--cfg_path', '/var/folders/x0/npyjyyg15zj3krdkh0pv612w0000gn/T/tmpfhzrk_w4']
[2020-12-30 11:17:18,652] {standard_task_runner.py:78} INFO - Job 1929: Subtask bash_task
[2020-12-30 11:17:18,679] {logging_mixin.py:112} INFO - Running %s on host %s <TaskInstance: example_dag_conf.bash_task 2020-12-30T05:46:59+00:00 [running]> 1.0.0.0.0.0.0.0.0.0.0.0.0.0.0.0.0.0.0.0.0.0.0.0.0.0.0.0.0.0.0.0.ip6.arpa
[2020-12-30 11:17:18,696] {bash_operator.py:113} INFO - Tmp dir root location: 
 /var/folders/x0/npyjyyg15zj3krdkh0pv612w0000gn/T
[2020-12-30 11:17:18,697] {bash_operator.py:134} INFO - Temporary script location: /var/folders/x0/npyjyyg15zj3krdkh0pv612w0000gn/T/airflowtmp9f6ch8s4/bash_task0_jewf45
[2020-12-30 11:17:18,698] {bash_operator.py:146} INFO - Running command: echo "Here is the message: Client_xyz" 
[2020-12-30 11:17:18,705] {bash_operator.py:153} INFO - Output:
[2020-12-30 11:17:18,711] {bash_operator.py:157} INFO - Here is the message: Client_xyz
[2020-12-30 11:17:18,712] {bash_operator.py:159} INFO - Command exited with return code 0
[2020-12-30 11:17:18,720] {taskinstance.py:1057} INFO - Marking task as SUCCESS.dag_id=example_dag_conf, task_id=bash_task, execution_date=20201230T054659, start_date=20201230T054718, end_date=20201230T054718
[2020-12-30 11:17:23,601] {local_task_job.py:102} INFO - Task exited with return code 0
