[2020-12-04 20:35:16,079] {taskinstance.py:670} INFO - Dependencies all met for <TaskInstance: Airflow_task.Data_from_table2 2020-12-04T15:00:00+00:00 [queued]>
[2020-12-04 20:35:16,089] {taskinstance.py:670} INFO - Dependencies all met for <TaskInstance: Airflow_task.Data_from_table2 2020-12-04T15:00:00+00:00 [queued]>
[2020-12-04 20:35:16,089] {taskinstance.py:880} INFO - 
--------------------------------------------------------------------------------
[2020-12-04 20:35:16,089] {taskinstance.py:881} INFO - Starting attempt 1 of 1
[2020-12-04 20:35:16,089] {taskinstance.py:882} INFO - 
--------------------------------------------------------------------------------
[2020-12-04 20:35:16,096] {taskinstance.py:901} INFO - Executing <Task(PythonOperator): Data_from_table2> on 2020-12-04T15:00:00+00:00
[2020-12-04 20:35:16,098] {standard_task_runner.py:54} INFO - Started process 19143 to run task
[2020-12-04 20:35:16,125] {standard_task_runner.py:77} INFO - Running: ['airflow', 'run', 'Airflow_task', 'Data_from_table2', '2020-12-04T15:00:00+00:00', '--job_id', '15', '--pool', 'default_pool', '--raw', '-sd', 'DAGS_FOLDER/server-elastic.py', '--cfg_path', '/var/folders/x0/npyjyyg15zj3krdkh0pv612w0000gn/T/tmpyik2x2ja']
[2020-12-04 20:35:16,126] {standard_task_runner.py:78} INFO - Job 15: Subtask Data_from_table2
[2020-12-04 20:35:16,155] {logging_mixin.py:112} INFO - Running %s on host %s <TaskInstance: Airflow_task.Data_from_table2 2020-12-04T15:00:00+00:00 [running]> 1.0.0.0.0.0.0.0.0.0.0.0.0.0.0.0.0.0.0.0.0.0.0.0.0.0.0.0.0.0.0.0.ip6.arpa
[2020-12-04 20:35:20,026] {conn.py:380} INFO - <BrokerConnection node_id=bootstrap-0 host=localhost:9092 <connecting> [IPv6 ('::1', 9092, 0, 0)]>: connecting to localhost:9092 [('::1', 9092, 0, 0) IPv6]
[2020-12-04 20:35:20,027] {conn.py:1205} INFO - Probing node bootstrap-0 broker version
[2020-12-04 20:35:20,028] {conn.py:410} INFO - <BrokerConnection node_id=bootstrap-0 host=localhost:9092 <connecting> [IPv6 ('::1', 9092, 0, 0)]>: Connection complete.
[2020-12-04 20:35:20,133] {conn.py:1267} INFO - Broker version identified as 2.5.0
[2020-12-04 20:35:20,133] {conn.py:1268} INFO - Set configuration api_version=(2, 5, 0) to skip auto check_version requests on startup
[2020-12-04 20:35:20,136] {logging_mixin.py:112} INFO - Vassili
[2020-12-04 20:35:20,138] {logging_mixin.py:112} INFO - Quillan
[2020-12-04 20:35:20,139] {logging_mixin.py:112} INFO - Liza
[2020-12-04 20:35:20,139] {logging_mixin.py:112} INFO - Frances
[2020-12-04 20:35:20,139] {logging_mixin.py:112} INFO - Michal
[2020-12-04 20:35:20,140] {logging_mixin.py:112} INFO - Vachel
[2020-12-04 20:35:20,140] {logging_mixin.py:112} INFO - Indira
[2020-12-04 20:35:20,140] {logging_mixin.py:112} INFO - Fonzie
[2020-12-04 20:35:20,141] {logging_mixin.py:112} INFO - Garwin
[2020-12-04 20:35:20,141] {logging_mixin.py:112} INFO - Alisander
[2020-12-04 20:35:20,141] {logging_mixin.py:112} INFO - Halley
[2020-12-04 20:35:20,141] {logging_mixin.py:112} INFO - Nikolia
[2020-12-04 20:35:20,142] {logging_mixin.py:112} INFO - Gris
[2020-12-04 20:35:20,142] {logging_mixin.py:112} INFO - Bjorn
[2020-12-04 20:35:20,142] {logging_mixin.py:112} INFO - Fawn
[2020-12-04 20:35:20,143] {logging_mixin.py:112} INFO - Kennith
[2020-12-04 20:35:20,143] {logging_mixin.py:112} INFO - Cynde
[2020-12-04 20:35:20,143] {logging_mixin.py:112} INFO - Lonna
[2020-12-04 20:35:20,143] {logging_mixin.py:112} INFO - Greer
[2020-12-04 20:35:20,144] {logging_mixin.py:112} INFO - Lucille
[2020-12-04 20:35:20,144] {logging_mixin.py:112} INFO - Tedi
[2020-12-04 20:35:20,144] {logging_mixin.py:112} INFO - Rhiamon
[2020-12-04 20:35:20,144] {logging_mixin.py:112} INFO - Rani
[2020-12-04 20:35:20,145] {logging_mixin.py:112} INFO - Gaven
[2020-12-04 20:35:20,146] {logging_mixin.py:112} INFO - Kev
[2020-12-04 20:35:20,146] {logging_mixin.py:112} INFO - Melli
[2020-12-04 20:35:20,146] {logging_mixin.py:112} INFO - Camellia
[2020-12-04 20:35:20,146] {logging_mixin.py:112} INFO - Abbe
[2020-12-04 20:35:20,147] {logging_mixin.py:112} INFO - Kipp
[2020-12-04 20:35:20,147] {logging_mixin.py:112} INFO - Ailey
[2020-12-04 20:35:20,147] {logging_mixin.py:112} INFO - Joelle
[2020-12-04 20:35:20,147] {logging_mixin.py:112} INFO - Tobin
[2020-12-04 20:35:20,148] {logging_mixin.py:112} INFO - Kev
[2020-12-04 20:35:20,148] {logging_mixin.py:112} INFO - Nance
[2020-12-04 20:35:20,148] {logging_mixin.py:112} INFO - Charlton
[2020-12-04 20:35:20,148] {logging_mixin.py:112} INFO - Marlena
[2020-12-04 20:35:20,149] {logging_mixin.py:112} INFO - Rivi
[2020-12-04 20:35:20,149] {logging_mixin.py:112} INFO - Rodd
[2020-12-04 20:35:20,149] {logging_mixin.py:112} INFO - Frank
[2020-12-04 20:35:20,149] {logging_mixin.py:112} INFO - Marj
[2020-12-04 20:35:20,150] {logging_mixin.py:112} INFO - Gelya
[2020-12-04 20:35:20,150] {logging_mixin.py:112} INFO - Ashia
[2020-12-04 20:35:20,150] {logging_mixin.py:112} INFO - Lynn
[2020-12-04 20:35:20,150] {logging_mixin.py:112} INFO - Archibold
[2020-12-04 20:35:20,150] {conn.py:380} INFO - <BrokerConnection node_id=0 host=localhost:9092 <connecting> [IPv6 ('::1', 9092, 0, 0)]>: connecting to localhost:9092 [('::1', 9092, 0, 0) IPv6]
[2020-12-04 20:35:20,151] {logging_mixin.py:112} INFO - Udell
[2020-12-04 20:35:20,151] {logging_mixin.py:112} INFO - Ewart
[2020-12-04 20:35:20,151] {conn.py:410} INFO - <BrokerConnection node_id=0 host=localhost:9092 <connecting> [IPv6 ('::1', 9092, 0, 0)]>: Connection complete.
[2020-12-04 20:35:20,151] {logging_mixin.py:112} INFO - Sergio
[2020-12-04 20:35:20,152] {conn.py:919} INFO - <BrokerConnection node_id=bootstrap-0 host=localhost:9092 <connected> [IPv6 ('::1', 9092, 0, 0)]>: Closing connection. 
[2020-12-04 20:35:20,152] {logging_mixin.py:112} INFO - Marylou
[2020-12-04 20:35:20,153] {logging_mixin.py:112} INFO - Peggy
[2020-12-04 20:35:20,154] {logging_mixin.py:112} INFO - Nicolette
[2020-12-04 20:35:20,154] {logging_mixin.py:112} INFO - Imojean
[2020-12-04 20:35:20,156] {logging_mixin.py:112} INFO - Rice
[2020-12-04 20:35:20,156] {logging_mixin.py:112} INFO - Gunner
[2020-12-04 20:35:20,157] {logging_mixin.py:112} INFO - Alejandro
[2020-12-04 20:35:20,158] {logging_mixin.py:112} INFO - Clair
[2020-12-04 20:35:20,159] {logging_mixin.py:112} INFO - Horst
[2020-12-04 20:35:20,160] {logging_mixin.py:112} INFO - Brad
[2020-12-04 20:35:20,160] {logging_mixin.py:112} INFO - Reese
[2020-12-04 20:35:20,161] {logging_mixin.py:112} INFO - Hewett
[2020-12-04 20:35:20,163] {logging_mixin.py:112} INFO - Hilliard
[2020-12-04 20:35:20,163] {logging_mixin.py:112} INFO - Dorian
[2020-12-04 20:35:20,164] {logging_mixin.py:112} INFO - Osmond
[2020-12-04 20:35:20,165] {logging_mixin.py:112} INFO - Harv
[2020-12-04 20:35:20,166] {logging_mixin.py:112} INFO - Cathe
[2020-12-04 20:35:20,167] {logging_mixin.py:112} INFO - Talbert
[2020-12-04 20:35:20,168] {logging_mixin.py:112} INFO - Judith
[2020-12-04 20:35:20,168] {logging_mixin.py:112} INFO - Galen
[2020-12-04 20:35:20,169] {logging_mixin.py:112} INFO - Neille
[2020-12-04 20:35:20,169] {logging_mixin.py:112} INFO - Maryellen
[2020-12-04 20:35:20,170] {logging_mixin.py:112} INFO - Claribel
[2020-12-04 20:35:20,171] {logging_mixin.py:112} INFO - Melodee
[2020-12-04 20:35:20,171] {logging_mixin.py:112} INFO - Adham
[2020-12-04 20:35:20,172] {logging_mixin.py:112} INFO - Aldon
[2020-12-04 20:35:20,172] {logging_mixin.py:112} INFO - Butch
[2020-12-04 20:35:20,173] {logging_mixin.py:112} INFO - Bennett
[2020-12-04 20:35:20,174] {logging_mixin.py:112} INFO - Lurline
[2020-12-04 20:35:20,176] {logging_mixin.py:112} INFO - Giavani
[2020-12-04 20:35:20,177] {logging_mixin.py:112} INFO - Ethelbert
[2020-12-04 20:35:20,178] {logging_mixin.py:112} INFO - Mufi
[2020-12-04 20:35:20,179] {logging_mixin.py:112} INFO - Ignace
[2020-12-04 20:35:20,180] {logging_mixin.py:112} INFO - Mallissa
[2020-12-04 20:35:20,181] {logging_mixin.py:112} INFO - Dominique
[2020-12-04 20:35:20,182] {logging_mixin.py:112} INFO - Siobhan
[2020-12-04 20:35:20,183] {logging_mixin.py:112} INFO - Erich
[2020-12-04 20:35:20,183] {logging_mixin.py:112} INFO - Hakeem
[2020-12-04 20:35:20,184] {logging_mixin.py:112} INFO - Mayne
[2020-12-04 20:35:20,185] {logging_mixin.py:112} INFO - Ralph
[2020-12-04 20:35:20,186] {logging_mixin.py:112} INFO - Luciana
[2020-12-04 20:35:20,187] {logging_mixin.py:112} INFO - Adelina
[2020-12-04 20:35:20,188] {logging_mixin.py:112} INFO - Kris
[2020-12-04 20:35:20,189] {logging_mixin.py:112} INFO - Lulu
[2020-12-04 20:35:20,190] {logging_mixin.py:112} INFO - Marni
[2020-12-04 20:35:20,191] {logging_mixin.py:112} INFO - Keely
[2020-12-04 20:35:20,193] {logging_mixin.py:112} INFO - Phillipe
[2020-12-04 20:35:20,194] {logging_mixin.py:112} INFO - Legra
[2020-12-04 20:35:20,195] {logging_mixin.py:112} INFO - Charil
[2020-12-04 20:35:20,196] {logging_mixin.py:112} INFO - Durward
[2020-12-04 20:35:20,197] {logging_mixin.py:112} INFO - Marcella
[2020-12-04 20:35:20,198] {logging_mixin.py:112} INFO - Travis
[2020-12-04 20:35:20,198] {logging_mixin.py:112} INFO - Gearalt
[2020-12-04 20:35:20,199] {logging_mixin.py:112} INFO - Alanah
[2020-12-04 20:35:20,200] {logging_mixin.py:112} INFO - Davis
[2020-12-04 20:35:20,201] {logging_mixin.py:112} INFO - Ingaberg
[2020-12-04 20:35:20,202] {logging_mixin.py:112} INFO - Nanine
[2020-12-04 20:35:20,203] {logging_mixin.py:112} INFO - Dillie
[2020-12-04 20:35:20,204] {logging_mixin.py:112} INFO - Ichabod
[2020-12-04 20:35:20,205] {logging_mixin.py:112} INFO - Amata
[2020-12-04 20:35:20,206] {logging_mixin.py:112} INFO - Lebbie
[2020-12-04 20:35:20,207] {logging_mixin.py:112} INFO - Wilton
[2020-12-04 20:35:20,207] {logging_mixin.py:112} INFO - Valma
[2020-12-04 20:35:20,208] {logging_mixin.py:112} INFO - Regen
[2020-12-04 20:35:20,209] {logging_mixin.py:112} INFO - Lowrance
[2020-12-04 20:35:20,210] {logging_mixin.py:112} INFO - Marcelia
[2020-12-04 20:35:20,211] {logging_mixin.py:112} INFO - Bunny
[2020-12-04 20:35:20,211] {logging_mixin.py:112} INFO - Fanya
[2020-12-04 20:35:20,212] {logging_mixin.py:112} INFO - Tildie
[2020-12-04 20:35:20,214] {logging_mixin.py:112} INFO - Mylo
[2020-12-04 20:35:20,215] {logging_mixin.py:112} INFO - Inness
[2020-12-04 20:35:20,216] {logging_mixin.py:112} INFO - Juli
[2020-12-04 20:35:20,216] {logging_mixin.py:112} INFO - Neile
[2020-12-04 20:35:20,217] {logging_mixin.py:112} INFO - Clay
[2020-12-04 20:35:20,217] {logging_mixin.py:112} INFO - Klement
[2020-12-04 20:35:20,218] {logging_mixin.py:112} INFO - Teddie
[2020-12-04 20:35:20,219] {logging_mixin.py:112} INFO - Peg
[2020-12-04 20:35:20,220] {logging_mixin.py:112} INFO - Lorrie
[2020-12-04 20:35:20,221] {logging_mixin.py:112} INFO - Gerhardine
[2020-12-04 20:35:20,222] {logging_mixin.py:112} INFO - Rossie
[2020-12-04 20:35:20,222] {logging_mixin.py:112} INFO - Martynne
[2020-12-04 20:35:20,224] {logging_mixin.py:112} INFO - Emilia
[2020-12-04 20:35:20,225] {logging_mixin.py:112} INFO - Cathrine
[2020-12-04 20:35:20,226] {logging_mixin.py:112} INFO - Martelle
[2020-12-04 20:35:20,226] {logging_mixin.py:112} INFO - Kasey
[2020-12-04 20:35:20,227] {logging_mixin.py:112} INFO - Krystal
[2020-12-04 20:35:20,228] {logging_mixin.py:112} INFO - Omero
[2020-12-04 20:35:20,229] {logging_mixin.py:112} INFO - Kalinda
[2020-12-04 20:35:20,231] {logging_mixin.py:112} INFO - Katey
[2020-12-04 20:35:20,232] {logging_mixin.py:112} INFO - Quinton
[2020-12-04 20:35:20,233] {logging_mixin.py:112} INFO - Harcourt
[2020-12-04 20:35:20,233] {logging_mixin.py:112} INFO - Teodorico
[2020-12-04 20:35:20,234] {logging_mixin.py:112} INFO - Toby
[2020-12-04 20:35:20,234] {logging_mixin.py:112} INFO - Heinrik
[2020-12-04 20:35:20,235] {logging_mixin.py:112} INFO - Donovan
[2020-12-04 20:35:20,235] {logging_mixin.py:112} INFO - Lyssa
[2020-12-04 20:35:20,236] {logging_mixin.py:112} INFO - Dorisa
[2020-12-04 20:35:20,236] {logging_mixin.py:112} INFO - Cesare
[2020-12-04 20:35:20,237] {logging_mixin.py:112} INFO - Alister
[2020-12-04 20:35:20,238] {logging_mixin.py:112} INFO - Ase
[2020-12-04 20:35:20,238] {logging_mixin.py:112} INFO - Candis
[2020-12-04 20:35:20,239] {logging_mixin.py:112} INFO - Bealle
[2020-12-04 20:35:20,240] {logging_mixin.py:112} INFO - Clair
[2020-12-04 20:35:20,242] {logging_mixin.py:112} INFO - Alvinia
[2020-12-04 20:35:20,243] {logging_mixin.py:112} INFO - Buck
[2020-12-04 20:35:20,244] {logging_mixin.py:112} INFO - Ester
[2020-12-04 20:35:20,245] {logging_mixin.py:112} INFO - Cosimo
[2020-12-04 20:35:20,245] {logging_mixin.py:112} INFO - Miriam
[2020-12-04 20:35:20,246] {logging_mixin.py:112} INFO - Marlene
[2020-12-04 20:35:20,247] {logging_mixin.py:112} INFO - Mortie
[2020-12-04 20:35:20,248] {logging_mixin.py:112} INFO - Bord
[2020-12-04 20:35:20,249] {logging_mixin.py:112} INFO - Emmit
[2020-12-04 20:35:20,250] {logging_mixin.py:112} INFO - Archaimbaud
[2020-12-04 20:35:20,251] {logging_mixin.py:112} INFO - Portie
[2020-12-04 20:35:20,251] {logging_mixin.py:112} INFO - Waylen
[2020-12-04 20:35:20,252] {logging_mixin.py:112} INFO - Sheree
[2020-12-04 20:35:20,253] {logging_mixin.py:112} INFO - Anatole
[2020-12-04 20:35:20,254] {logging_mixin.py:112} INFO - Paxton
[2020-12-04 20:35:20,255] {logging_mixin.py:112} INFO - Aksel
[2020-12-04 20:35:20,255] {logging_mixin.py:112} INFO - Torrin
[2020-12-04 20:35:20,256] {logging_mixin.py:112} INFO - Cherin
[2020-12-04 20:35:20,256] {logging_mixin.py:112} INFO - Marten
[2020-12-04 20:35:20,257] {logging_mixin.py:112} INFO - Thibaud
[2020-12-04 20:35:20,258] {logging_mixin.py:112} INFO - Graehme
[2020-12-04 20:35:20,258] {logging_mixin.py:112} INFO - Kimbra
[2020-12-04 20:35:20,259] {logging_mixin.py:112} INFO - Viola
[2020-12-04 20:35:20,260] {logging_mixin.py:112} INFO - Cirilo
[2020-12-04 20:35:20,261] {logging_mixin.py:112} INFO - Zachary
[2020-12-04 20:35:20,262] {logging_mixin.py:112} INFO - Dulcy
[2020-12-04 20:35:20,264] {logging_mixin.py:112} INFO - Roxane
[2020-12-04 20:35:20,265] {logging_mixin.py:112} INFO - Sheba
[2020-12-04 20:35:20,266] {logging_mixin.py:112} INFO - Pieter
[2020-12-04 20:35:20,266] {logging_mixin.py:112} INFO - Honor
[2020-12-04 20:35:20,266] {logging_mixin.py:112} INFO - Talia
[2020-12-04 20:35:20,267] {logging_mixin.py:112} INFO - Rey
[2020-12-04 20:35:20,268] {logging_mixin.py:112} INFO - Hubert
[2020-12-04 20:35:20,268] {logging_mixin.py:112} INFO - Duff
[2020-12-04 20:35:20,269] {logging_mixin.py:112} INFO - Kingsly
[2020-12-04 20:35:20,270] {logging_mixin.py:112} INFO - Rodolph
[2020-12-04 20:35:20,270] {logging_mixin.py:112} INFO - Sunny
[2020-12-04 20:35:20,271] {logging_mixin.py:112} INFO - Kale
[2020-12-04 20:35:20,273] {logging_mixin.py:112} INFO - Alberik
[2020-12-04 20:35:20,274] {logging_mixin.py:112} INFO - Tannie
[2020-12-04 20:35:20,275] {logging_mixin.py:112} INFO - Courtney
[2020-12-04 20:35:20,277] {logging_mixin.py:112} INFO - Bertina
[2020-12-04 20:35:20,277] {logging_mixin.py:112} INFO - Si
[2020-12-04 20:35:20,278] {logging_mixin.py:112} INFO - Carlo
[2020-12-04 20:35:20,279] {logging_mixin.py:112} INFO - Weidar
[2020-12-04 20:35:20,279] {logging_mixin.py:112} INFO - Claus
[2020-12-04 20:35:20,280] {logging_mixin.py:112} INFO - Ram
[2020-12-04 20:35:20,281] {logging_mixin.py:112} INFO - Krispin
[2020-12-04 20:35:20,282] {logging_mixin.py:112} INFO - Saw
[2020-12-04 20:35:20,282] {logging_mixin.py:112} INFO - Ennis
[2020-12-04 20:35:20,283] {logging_mixin.py:112} INFO - Alastair
[2020-12-04 20:35:20,283] {logging_mixin.py:112} INFO - Wendye
[2020-12-04 20:35:20,285] {logging_mixin.py:112} INFO - Kalina
[2020-12-04 20:35:20,286] {logging_mixin.py:112} INFO - Errol
[2020-12-04 20:35:20,288] {logging_mixin.py:112} INFO - Maurice
[2020-12-04 20:35:20,289] {logging_mixin.py:112} INFO - Thedrick
[2020-12-04 20:35:20,289] {logging_mixin.py:112} INFO - Livy
[2020-12-04 20:35:20,291] {logging_mixin.py:112} INFO - Lindi
[2020-12-04 20:35:20,291] {logging_mixin.py:112} INFO - Charmine
[2020-12-04 20:35:20,291] {logging_mixin.py:112} INFO - Bradford
[2020-12-04 20:35:20,291] {logging_mixin.py:112} INFO - Cal
[2020-12-04 20:35:20,292] {logging_mixin.py:112} INFO - Phebe
[2020-12-04 20:35:20,293] {logging_mixin.py:112} INFO - Reba
[2020-12-04 20:35:20,294] {logging_mixin.py:112} INFO - Ceil
[2020-12-04 20:35:20,295] {logging_mixin.py:112} INFO - Petey
[2020-12-04 20:35:20,297] {logging_mixin.py:112} INFO - Valentina
[2020-12-04 20:35:20,298] {logging_mixin.py:112} INFO - Erroll
[2020-12-04 20:35:20,299] {logging_mixin.py:112} INFO - Faith
[2020-12-04 20:35:20,299] {logging_mixin.py:112} INFO - Antonin
[2020-12-04 20:35:20,300] {logging_mixin.py:112} INFO - Kayne
[2020-12-04 20:35:20,300] {logging_mixin.py:112} INFO - Orville
[2020-12-04 20:35:20,300] {logging_mixin.py:112} INFO - Merrilee
[2020-12-04 20:35:20,300] {logging_mixin.py:112} INFO - Rupert
[2020-12-04 20:35:20,301] {logging_mixin.py:112} INFO - Tristan
[2020-12-04 20:35:20,301] {logging_mixin.py:112} INFO - Baudoin
[2020-12-04 20:35:20,301] {logging_mixin.py:112} INFO - Dominik
[2020-12-04 20:35:20,302] {logging_mixin.py:112} INFO - Moise
[2020-12-04 20:35:20,302] {logging_mixin.py:112} INFO - Ronna
[2020-12-04 20:35:20,302] {logging_mixin.py:112} INFO - Holli
[2020-12-04 20:35:20,302] {logging_mixin.py:112} INFO - Nomi
[2020-12-04 20:35:20,303] {logging_mixin.py:112} INFO - Phyllis
[2020-12-04 20:35:20,303] {logging_mixin.py:112} INFO - Cloris
[2020-12-04 20:35:20,303] {logging_mixin.py:112} INFO - Elwyn
[2020-12-04 20:35:20,303] {logging_mixin.py:112} INFO - Ezechiel
[2020-12-04 20:35:20,304] {logging_mixin.py:112} INFO - Barclay
[2020-12-04 20:35:20,304] {logging_mixin.py:112} INFO - Adele
[2020-12-04 20:35:20,306] {logging_mixin.py:112} INFO - Deane
[2020-12-04 20:35:20,307] {logging_mixin.py:112} INFO - Ashien
[2020-12-04 20:35:20,308] {logging_mixin.py:112} INFO - Reynolds
[2020-12-04 20:35:20,308] {logging_mixin.py:112} INFO - Jazmin
[2020-12-04 20:35:20,308] {logging_mixin.py:112} INFO - Lisha
[2020-12-04 20:35:20,309] {logging_mixin.py:112} INFO - Nancey
[2020-12-04 20:35:20,309] {logging_mixin.py:112} INFO - Jacquelin
[2020-12-04 20:35:20,309] {logging_mixin.py:112} INFO - Colas
[2020-12-04 20:35:20,309] {logging_mixin.py:112} INFO - Jodie
[2020-12-04 20:35:20,309] {logging_mixin.py:112} INFO - Duncan
[2020-12-04 20:35:20,310] {logging_mixin.py:112} INFO - Bond
[2020-12-04 20:35:20,310] {logging_mixin.py:112} INFO - Husain
[2020-12-04 20:35:20,310] {logging_mixin.py:112} INFO - Wallie
[2020-12-04 20:35:20,310] {logging_mixin.py:112} INFO - Padget
[2020-12-04 20:35:20,311] {logging_mixin.py:112} INFO - Barbie
[2020-12-04 20:35:20,311] {logging_mixin.py:112} INFO - Pierrette
[2020-12-04 20:35:20,311] {logging_mixin.py:112} INFO - Feodor
[2020-12-04 20:35:20,312] {logging_mixin.py:112} INFO - Brigg
[2020-12-04 20:35:20,313] {logging_mixin.py:112} INFO - Jeni
[2020-12-04 20:35:20,314] {logging_mixin.py:112} INFO - Nolan
[2020-12-04 20:35:20,315] {logging_mixin.py:112} INFO - Rollie
[2020-12-04 20:35:20,315] {logging_mixin.py:112} INFO - Wang
[2020-12-04 20:35:20,317] {logging_mixin.py:112} INFO - Wilow
[2020-12-04 20:35:20,318] {logging_mixin.py:112} INFO - Thedric
[2020-12-04 20:35:20,320] {logging_mixin.py:112} INFO - Helli
[2020-12-04 20:35:20,321] {logging_mixin.py:112} INFO - Bink
[2020-12-04 20:35:20,322] {logging_mixin.py:112} INFO - Morena
[2020-12-04 20:35:20,324] {logging_mixin.py:112} INFO - Adelheid
[2020-12-04 20:35:20,325] {logging_mixin.py:112} INFO - Lark
[2020-12-04 20:35:20,327] {logging_mixin.py:112} INFO - Nevins
[2020-12-04 20:35:20,328] {logging_mixin.py:112} INFO - Rickey
[2020-12-04 20:35:20,329] {logging_mixin.py:112} INFO - Culley
[2020-12-04 20:35:20,330] {logging_mixin.py:112} INFO - Idaline
[2020-12-04 20:35:20,332] {logging_mixin.py:112} INFO - Kele
[2020-12-04 20:35:20,333] {logging_mixin.py:112} INFO - Shana
[2020-12-04 20:35:20,333] {logging_mixin.py:112} INFO - Gale
[2020-12-04 20:35:20,333] {logging_mixin.py:112} INFO - Susy
[2020-12-04 20:35:20,333] {logging_mixin.py:112} INFO - Helaine
[2020-12-04 20:35:20,334] {logging_mixin.py:112} INFO - Lauree
[2020-12-04 20:35:20,334] {logging_mixin.py:112} INFO - Kettie
[2020-12-04 20:35:20,334] {logging_mixin.py:112} INFO - Elston
[2020-12-04 20:35:20,334] {logging_mixin.py:112} INFO - Sandie
[2020-12-04 20:35:20,335] {logging_mixin.py:112} INFO - Reuben
[2020-12-04 20:35:20,335] {logging_mixin.py:112} INFO - Ezequiel
[2020-12-04 20:35:20,335] {logging_mixin.py:112} INFO - Jule
[2020-12-04 20:35:20,335] {logging_mixin.py:112} INFO - Marilyn
[2020-12-04 20:35:20,336] {logging_mixin.py:112} INFO - Celestine
[2020-12-04 20:35:20,336] {logging_mixin.py:112} INFO - Grady
[2020-12-04 20:35:20,336] {logging_mixin.py:112} INFO - Tadio
[2020-12-04 20:35:20,336] {logging_mixin.py:112} INFO - Goran
[2020-12-04 20:35:20,337] {logging_mixin.py:112} INFO - Jarred
[2020-12-04 20:35:20,337] {logging_mixin.py:112} INFO - Marissa
[2020-12-04 20:35:20,338] {logging_mixin.py:112} INFO - Bernardine
[2020-12-04 20:35:20,339] {logging_mixin.py:112} INFO - Heath
[2020-12-04 20:35:20,340] {logging_mixin.py:112} INFO - Odell
[2020-12-04 20:35:20,341] {logging_mixin.py:112} INFO - Drucy
[2020-12-04 20:35:20,342] {logging_mixin.py:112} INFO - Toiboid
[2020-12-04 20:35:20,343] {logging_mixin.py:112} INFO - Nettie
[2020-12-04 20:35:20,344] {logging_mixin.py:112} INFO - Franz
[2020-12-04 20:35:20,345] {logging_mixin.py:112} INFO - Harmon
[2020-12-04 20:35:20,345] {logging_mixin.py:112} INFO - Cordi
[2020-12-04 20:35:20,346] {logging_mixin.py:112} INFO - Hermione
[2020-12-04 20:35:20,346] {logging_mixin.py:112} INFO - Darya
[2020-12-04 20:35:20,346] {logging_mixin.py:112} INFO - Spike
[2020-12-04 20:35:20,346] {logging_mixin.py:112} INFO - Sauncho
[2020-12-04 20:35:20,347] {logging_mixin.py:112} INFO - Dorelia
[2020-12-04 20:35:20,347] {logging_mixin.py:112} INFO - Florida
[2020-12-04 20:35:20,347] {logging_mixin.py:112} INFO - Kylynn
[2020-12-04 20:35:20,347] {logging_mixin.py:112} INFO - Bamby
[2020-12-04 20:35:20,348] {logging_mixin.py:112} INFO - Letta
[2020-12-04 20:35:20,348] {logging_mixin.py:112} INFO - Vinita
[2020-12-04 20:35:20,348] {logging_mixin.py:112} INFO - West
[2020-12-04 20:35:20,348] {logging_mixin.py:112} INFO - Bear
[2020-12-04 20:35:20,349] {logging_mixin.py:112} INFO - Almeria
[2020-12-04 20:35:20,349] {logging_mixin.py:112} INFO - Blaine
[2020-12-04 20:35:20,349] {logging_mixin.py:112} INFO - Merrel
[2020-12-04 20:35:20,349] {logging_mixin.py:112} INFO - Jamie
[2020-12-04 20:35:20,349] {logging_mixin.py:112} INFO - Gordan
[2020-12-04 20:35:20,350] {logging_mixin.py:112} INFO - Dun
[2020-12-04 20:35:20,350] {logging_mixin.py:112} INFO - Thedric
[2020-12-04 20:35:20,350] {logging_mixin.py:112} INFO - Frederick
[2020-12-04 20:35:20,350] {logging_mixin.py:112} INFO - Lucille
[2020-12-04 20:35:20,351] {logging_mixin.py:112} INFO - Fifine
[2020-12-04 20:35:20,351] {logging_mixin.py:112} INFO - Claire
[2020-12-04 20:35:20,352] {logging_mixin.py:112} INFO - Curran
[2020-12-04 20:35:20,352] {logging_mixin.py:112} INFO - Alexine
[2020-12-04 20:35:20,354] {logging_mixin.py:112} INFO - Pauli
[2020-12-04 20:35:20,355] {logging_mixin.py:112} INFO - Binny
[2020-12-04 20:35:20,355] {logging_mixin.py:112} INFO - Nikolaus
[2020-12-04 20:35:20,356] {logging_mixin.py:112} INFO - Cristen
[2020-12-04 20:35:20,356] {logging_mixin.py:112} INFO - Simone
[2020-12-04 20:35:20,356] {logging_mixin.py:112} INFO - Rosy
[2020-12-04 20:35:20,356] {logging_mixin.py:112} INFO - Catarina
[2020-12-04 20:35:20,357] {logging_mixin.py:112} INFO - Quint
[2020-12-04 20:35:20,357] {logging_mixin.py:112} INFO - Joell
[2020-12-04 20:35:20,357] {logging_mixin.py:112} INFO - Babara
[2020-12-04 20:35:20,357] {logging_mixin.py:112} INFO - Erena
[2020-12-04 20:35:20,358] {logging_mixin.py:112} INFO - Joachim
[2020-12-04 20:35:20,358] {logging_mixin.py:112} INFO - Cori
[2020-12-04 20:35:20,358] {logging_mixin.py:112} INFO - Lodovico
[2020-12-04 20:35:20,358] {logging_mixin.py:112} INFO - Thatcher
[2020-12-04 20:35:20,358] {logging_mixin.py:112} INFO - Valentina
[2020-12-04 20:35:20,359] {logging_mixin.py:112} INFO - Mirelle
[2020-12-04 20:35:20,360] {logging_mixin.py:112} INFO - Marnia
[2020-12-04 20:35:20,360] {logging_mixin.py:112} INFO - Nonna
[2020-12-04 20:35:20,360] {logging_mixin.py:112} INFO - Kahaleel
[2020-12-04 20:35:20,360] {logging_mixin.py:112} INFO - Paddy
[2020-12-04 20:35:20,361] {logging_mixin.py:112} INFO - Aldon
[2020-12-04 20:35:20,361] {logging_mixin.py:112} INFO - Caz
[2020-12-04 20:35:20,361] {logging_mixin.py:112} INFO - Merrill
[2020-12-04 20:35:20,361] {logging_mixin.py:112} INFO - Estele
[2020-12-04 20:35:20,363] {logging_mixin.py:112} INFO - Lynea
[2020-12-04 20:35:20,364] {logging_mixin.py:112} INFO - Debbi
[2020-12-04 20:35:20,365] {logging_mixin.py:112} INFO - Thornie
[2020-12-04 20:35:20,366] {logging_mixin.py:112} INFO - Guthry
[2020-12-04 20:35:20,367] {logging_mixin.py:112} INFO - Jacinta
[2020-12-04 20:35:20,367] {logging_mixin.py:112} INFO - Yoshiko
[2020-12-04 20:35:20,367] {logging_mixin.py:112} INFO - Arabelle
[2020-12-04 20:35:20,368] {logging_mixin.py:112} INFO - Clementia
[2020-12-04 20:35:20,368] {logging_mixin.py:112} INFO - Benedicto
[2020-12-04 20:35:20,368] {logging_mixin.py:112} INFO - Felicle
[2020-12-04 20:35:20,368] {logging_mixin.py:112} INFO - Udell
[2020-12-04 20:35:20,368] {logging_mixin.py:112} INFO - Tildi
[2020-12-04 20:35:20,369] {logging_mixin.py:112} INFO - Tate
[2020-12-04 20:35:20,369] {logging_mixin.py:112} INFO - Amye
[2020-12-04 20:35:20,369] {logging_mixin.py:112} INFO - Faunie
[2020-12-04 20:35:20,371] {logging_mixin.py:112} INFO - Chevalier
[2020-12-04 20:35:20,371] {logging_mixin.py:112} INFO - Bernadene
[2020-12-04 20:35:20,372] {logging_mixin.py:112} INFO - Ollie
[2020-12-04 20:35:20,372] {logging_mixin.py:112} INFO - Gregorio
[2020-12-04 20:35:20,373] {logging_mixin.py:112} INFO - Kaitlynn
[2020-12-04 20:35:20,374] {logging_mixin.py:112} INFO - Lionello
[2020-12-04 20:35:20,376] {logging_mixin.py:112} INFO - Grenville
[2020-12-04 20:35:20,377] {logging_mixin.py:112} INFO - Falkner
[2020-12-04 20:35:20,377] {logging_mixin.py:112} INFO - Joyann
[2020-12-04 20:35:20,377] {logging_mixin.py:112} INFO - Umberto
[2020-12-04 20:35:20,378] {logging_mixin.py:112} INFO - Buddie
[2020-12-04 20:35:20,378] {logging_mixin.py:112} INFO - Kynthia
[2020-12-04 20:35:20,378] {logging_mixin.py:112} INFO - Bride
[2020-12-04 20:35:20,378] {logging_mixin.py:112} INFO - Barnabe
[2020-12-04 20:35:20,378] {logging_mixin.py:112} INFO - Serene
[2020-12-04 20:35:20,379] {logging_mixin.py:112} INFO - Mayor
[2020-12-04 20:35:20,379] {logging_mixin.py:112} INFO - Goldy
[2020-12-04 20:35:20,379] {logging_mixin.py:112} INFO - Derrick
[2020-12-04 20:35:20,379] {logging_mixin.py:112} INFO - Jackquelin
[2020-12-04 20:35:20,381] {logging_mixin.py:112} INFO - Travers
[2020-12-04 20:35:20,382] {logging_mixin.py:112} INFO - Perry
[2020-12-04 20:35:20,382] {logging_mixin.py:112} INFO - Brianne
[2020-12-04 20:35:20,383] {logging_mixin.py:112} INFO - Cordey
[2020-12-04 20:35:20,383] {logging_mixin.py:112} INFO - Lawton
[2020-12-04 20:35:20,383] {logging_mixin.py:112} INFO - Selma
[2020-12-04 20:35:20,383] {logging_mixin.py:112} INFO - Jameson
[2020-12-04 20:35:20,384] {logging_mixin.py:112} INFO - Libbi
[2020-12-04 20:35:20,384] {logging_mixin.py:112} INFO - Charlotta
[2020-12-04 20:35:20,384] {logging_mixin.py:112} INFO - Jasmin
[2020-12-04 20:35:20,384] {logging_mixin.py:112} INFO - Jodi
[2020-12-04 20:35:20,384] {logging_mixin.py:112} INFO - Monika
[2020-12-04 20:35:20,385] {logging_mixin.py:112} INFO - Ginevra
[2020-12-04 20:35:20,385] {logging_mixin.py:112} INFO - Melli
[2020-12-04 20:35:20,385] {logging_mixin.py:112} INFO - Sloan
[2020-12-04 20:35:20,385] {logging_mixin.py:112} INFO - Carly
[2020-12-04 20:35:20,386] {logging_mixin.py:112} INFO - Ophelie
[2020-12-04 20:35:20,387] {logging_mixin.py:112} INFO - Layne
[2020-12-04 20:35:20,388] {logging_mixin.py:112} INFO - Jaquith
[2020-12-04 20:35:20,388] {logging_mixin.py:112} INFO - Yorker
[2020-12-04 20:35:20,388] {logging_mixin.py:112} INFO - Korie
[2020-12-04 20:35:20,389] {logging_mixin.py:112} INFO - Brook
[2020-12-04 20:35:20,389] {logging_mixin.py:112} INFO - Winna
[2020-12-04 20:35:20,389] {logging_mixin.py:112} INFO - Jordon
[2020-12-04 20:35:20,389] {logging_mixin.py:112} INFO - Adrien
[2020-12-04 20:35:20,390] {logging_mixin.py:112} INFO - Jed
[2020-12-04 20:35:20,390] {logging_mixin.py:112} INFO - Amabelle
[2020-12-04 20:35:20,390] {logging_mixin.py:112} INFO - Nester
[2020-12-04 20:35:20,391] {logging_mixin.py:112} INFO - Piper
[2020-12-04 20:35:20,392] {logging_mixin.py:112} INFO - Sydelle
[2020-12-04 20:35:20,392] {logging_mixin.py:112} INFO - Kakalina
[2020-12-04 20:35:20,393] {logging_mixin.py:112} INFO - Hilary
[2020-12-04 20:35:20,395] {logging_mixin.py:112} INFO - Edvard
[2020-12-04 20:35:20,395] {logging_mixin.py:112} INFO - Joaquin
[2020-12-04 20:35:20,395] {logging_mixin.py:112} INFO - Abbot
[2020-12-04 20:35:20,396] {logging_mixin.py:112} INFO - Marcile
[2020-12-04 20:35:20,396] {logging_mixin.py:112} INFO - Desiree
[2020-12-04 20:35:20,396] {logging_mixin.py:112} INFO - Torre
[2020-12-04 20:35:20,396] {logging_mixin.py:112} INFO - Jeanne
[2020-12-04 20:35:20,397] {logging_mixin.py:112} INFO - Larine
[2020-12-04 20:35:20,397] {logging_mixin.py:112} INFO - Enos
[2020-12-04 20:35:20,397] {logging_mixin.py:112} INFO - Phyllida
[2020-12-04 20:35:20,397] {logging_mixin.py:112} INFO - Glyn
[2020-12-04 20:35:20,397] {logging_mixin.py:112} INFO - Onofredo
[2020-12-04 20:35:20,398] {logging_mixin.py:112} INFO - Nico
[2020-12-04 20:35:20,398] {logging_mixin.py:112} INFO - Stillmann
[2020-12-04 20:35:20,398] {logging_mixin.py:112} INFO - Amberly
[2020-12-04 20:35:20,398] {logging_mixin.py:112} INFO - Daffie
[2020-12-04 20:35:20,399] {logging_mixin.py:112} INFO - Morty
[2020-12-04 20:35:20,399] {logging_mixin.py:112} INFO - Chrisy
[2020-12-04 20:35:20,399] {logging_mixin.py:112} INFO - Toby
[2020-12-04 20:35:20,399] {logging_mixin.py:112} INFO - Witty
[2020-12-04 20:35:20,399] {logging_mixin.py:112} INFO - Nataline
[2020-12-04 20:35:20,400] {logging_mixin.py:112} INFO - Carlie
[2020-12-04 20:35:20,401] {logging_mixin.py:112} INFO - Alexis
[2020-12-04 20:35:20,402] {logging_mixin.py:112} INFO - Leslie
[2020-12-04 20:35:20,402] {logging_mixin.py:112} INFO - Cherin
[2020-12-04 20:35:20,403] {logging_mixin.py:112} INFO - Emelda
[2020-12-04 20:35:20,403] {logging_mixin.py:112} INFO - Dulce
[2020-12-04 20:35:20,403] {logging_mixin.py:112} INFO - Grethel
[2020-12-04 20:35:20,403] {logging_mixin.py:112} INFO - Norbert
[2020-12-04 20:35:20,404] {logging_mixin.py:112} INFO - Kare
[2020-12-04 20:35:20,404] {logging_mixin.py:112} INFO - Randene
[2020-12-04 20:35:20,404] {logging_mixin.py:112} INFO - Pebrook
[2020-12-04 20:35:20,404] {logging_mixin.py:112} INFO - Flinn
[2020-12-04 20:35:20,404] {logging_mixin.py:112} INFO - Barde
[2020-12-04 20:35:20,405] {logging_mixin.py:112} INFO - Donny
[2020-12-04 20:35:20,405] {logging_mixin.py:112} INFO - Wynne
[2020-12-04 20:35:20,405] {logging_mixin.py:112} INFO - Frederico
[2020-12-04 20:35:20,405] {logging_mixin.py:112} INFO - Estell
[2020-12-04 20:35:20,406] {logging_mixin.py:112} INFO - Maudie
[2020-12-04 20:35:20,406] {logging_mixin.py:112} INFO - Robby
[2020-12-04 20:35:20,407] {logging_mixin.py:112} INFO - Donnajean
[2020-12-04 20:35:20,407] {logging_mixin.py:112} INFO - Julianna
[2020-12-04 20:35:20,408] {logging_mixin.py:112} INFO - Reta
[2020-12-04 20:35:20,408] {logging_mixin.py:112} INFO - Pascale
[2020-12-04 20:35:20,409] {logging_mixin.py:112} INFO - Isacco
[2020-12-04 20:35:20,410] {logging_mixin.py:112} INFO - Candida
[2020-12-04 20:35:20,410] {logging_mixin.py:112} INFO - Elnar
[2020-12-04 20:35:20,411] {logging_mixin.py:112} INFO - Horatia
[2020-12-04 20:35:20,412] {logging_mixin.py:112} INFO - Antoine
[2020-12-04 20:35:20,412] {logging_mixin.py:112} INFO - Maurizio
[2020-12-04 20:35:20,412] {logging_mixin.py:112} INFO - Ross
[2020-12-04 20:35:20,413] {logging_mixin.py:112} INFO - Oliviero
[2020-12-04 20:35:20,413] {logging_mixin.py:112} INFO - Andriette
[2020-12-04 20:35:20,414] {logging_mixin.py:112} INFO - Laure
[2020-12-04 20:35:20,415] {logging_mixin.py:112} INFO - Freida
[2020-12-04 20:35:20,416] {logging_mixin.py:112} INFO - Major
[2020-12-04 20:35:20,416] {logging_mixin.py:112} INFO - Finley
[2020-12-04 20:35:20,417] {logging_mixin.py:112} INFO - Mamie
[2020-12-04 20:35:20,417] {logging_mixin.py:112} INFO - Kat
[2020-12-04 20:35:20,419] {logging_mixin.py:112} INFO - Evy
[2020-12-04 20:35:20,420] {logging_mixin.py:112} INFO - Hamish
[2020-12-04 20:35:20,420] {logging_mixin.py:112} INFO - Althea
[2020-12-04 20:35:20,421] {logging_mixin.py:112} INFO - Correy
[2020-12-04 20:35:20,421] {logging_mixin.py:112} INFO - Talya
[2020-12-04 20:35:20,422] {logging_mixin.py:112} INFO - Vitia
[2020-12-04 20:35:20,422] {logging_mixin.py:112} INFO - Godard
[2020-12-04 20:35:20,423] {logging_mixin.py:112} INFO - Maximilian
[2020-12-04 20:35:20,424] {logging_mixin.py:112} INFO - Emelen
[2020-12-04 20:35:20,425] {logging_mixin.py:112} INFO - Jule
[2020-12-04 20:35:20,425] {logging_mixin.py:112} INFO - Waverly
[2020-12-04 20:35:20,426] {logging_mixin.py:112} INFO - Lay
[2020-12-04 20:35:20,427] {logging_mixin.py:112} INFO - Jeniece
[2020-12-04 20:35:20,428] {logging_mixin.py:112} INFO - Bart
[2020-12-04 20:35:20,428] {logging_mixin.py:112} INFO - Krishna
[2020-12-04 20:35:20,429] {logging_mixin.py:112} INFO - Mariquilla
[2020-12-04 20:35:20,430] {logging_mixin.py:112} INFO - Simonne
[2020-12-04 20:35:20,430] {logging_mixin.py:112} INFO - Donnamarie
[2020-12-04 20:35:20,431] {logging_mixin.py:112} INFO - Dusty
[2020-12-04 20:35:20,431] {logging_mixin.py:112} INFO - Johnathon
[2020-12-04 20:35:20,432] {logging_mixin.py:112} INFO - Adelaide
[2020-12-04 20:35:20,433] {logging_mixin.py:112} INFO - Farly
[2020-12-04 20:35:20,434] {logging_mixin.py:112} INFO - Consuela
[2020-12-04 20:35:20,435] {logging_mixin.py:112} INFO - Goldina
[2020-12-04 20:35:20,436] {logging_mixin.py:112} INFO - Lauryn
[2020-12-04 20:35:20,437] {logging_mixin.py:112} INFO - Thibaut
[2020-12-04 20:35:20,438] {logging_mixin.py:112} INFO - Letty
[2020-12-04 20:35:20,439] {logging_mixin.py:112} INFO - Salmon
[2020-12-04 20:35:20,440] {logging_mixin.py:112} INFO - Granger
[2020-12-04 20:35:20,441] {logging_mixin.py:112} INFO - Elana
[2020-12-04 20:35:20,442] {logging_mixin.py:112} INFO - Calley
[2020-12-04 20:35:20,442] {logging_mixin.py:112} INFO - Garrard
[2020-12-04 20:35:20,442] {logging_mixin.py:112} INFO - Aguste
[2020-12-04 20:35:20,443] {logging_mixin.py:112} INFO - Keefer
[2020-12-04 20:35:20,443] {logging_mixin.py:112} INFO - Vera
[2020-12-04 20:35:20,444] {logging_mixin.py:112} INFO - Verne
[2020-12-04 20:35:20,444] {logging_mixin.py:112} INFO - Nathan
[2020-12-04 20:35:20,445] {logging_mixin.py:112} INFO - Dru
[2020-12-04 20:35:20,446] {logging_mixin.py:112} INFO - Edwin
[2020-12-04 20:35:20,447] {logging_mixin.py:112} INFO - Elke
[2020-12-04 20:35:20,447] {logging_mixin.py:112} INFO - Isidro
[2020-12-04 20:35:20,448] {logging_mixin.py:112} INFO - Hollie
[2020-12-04 20:35:20,448] {logging_mixin.py:112} INFO - Bessy
[2020-12-04 20:35:20,449] {logging_mixin.py:112} INFO - Dredi
[2020-12-04 20:35:20,450] {logging_mixin.py:112} INFO - Idalina
[2020-12-04 20:35:20,450] {logging_mixin.py:112} INFO - Fleming
[2020-12-04 20:35:20,451] {logging_mixin.py:112} INFO - Bernadine
[2020-12-04 20:35:20,451] {logging_mixin.py:112} INFO - Lonnard
[2020-12-04 20:35:20,453] {logging_mixin.py:112} INFO - Elonore
[2020-12-04 20:35:20,454] {logging_mixin.py:112} INFO - Steven
[2020-12-04 20:35:20,455] {logging_mixin.py:112} INFO - Kendrick
[2020-12-04 20:35:20,456] {logging_mixin.py:112} INFO - Reta
[2020-12-04 20:35:20,456] {logging_mixin.py:112} INFO - Matty
[2020-12-04 20:35:20,457] {logging_mixin.py:112} INFO - Sylvia
[2020-12-04 20:35:20,458] {logging_mixin.py:112} INFO - Chaim
[2020-12-04 20:35:20,458] {logging_mixin.py:112} INFO - Twyla
[2020-12-04 20:35:20,459] {logging_mixin.py:112} INFO - Manfred
[2020-12-04 20:35:20,460] {logging_mixin.py:112} INFO - Cully
[2020-12-04 20:35:20,461] {logging_mixin.py:112} INFO - Jameson
[2020-12-04 20:35:20,461] {logging_mixin.py:112} INFO - Ruddie
[2020-12-04 20:35:20,462] {logging_mixin.py:112} INFO - Benton
[2020-12-04 20:35:20,462] {logging_mixin.py:112} INFO - Ibrahim
[2020-12-04 20:35:20,463] {logging_mixin.py:112} INFO - Georgeanna
[2020-12-04 20:35:20,464] {logging_mixin.py:112} INFO - Elvira
[2020-12-04 20:35:20,465] {logging_mixin.py:112} INFO - Panchito
[2020-12-04 20:35:20,466] {logging_mixin.py:112} INFO - Emelia
[2020-12-04 20:35:20,467] {logging_mixin.py:112} INFO - Karney
[2020-12-04 20:35:20,468] {logging_mixin.py:112} INFO - Any
[2020-12-04 20:35:20,469] {logging_mixin.py:112} INFO - Von
[2020-12-04 20:35:20,469] {logging_mixin.py:112} INFO - Linell
[2020-12-04 20:35:20,470] {logging_mixin.py:112} INFO - Jakob
[2020-12-04 20:35:20,471] {logging_mixin.py:112} INFO - Gianna
[2020-12-04 20:35:20,471] {logging_mixin.py:112} INFO - Alecia
[2020-12-04 20:35:20,471] {logging_mixin.py:112} INFO - Sibel
[2020-12-04 20:35:20,472] {logging_mixin.py:112} INFO - Jermaine
[2020-12-04 20:35:20,473] {logging_mixin.py:112} INFO - Blithe
[2020-12-04 20:35:20,473] {logging_mixin.py:112} INFO - Bernardine
[2020-12-04 20:35:20,474] {logging_mixin.py:112} INFO - Trey
[2020-12-04 20:35:20,474] {logging_mixin.py:112} INFO - Cheslie
[2020-12-04 20:35:20,475] {logging_mixin.py:112} INFO - Nellie
[2020-12-04 20:35:20,476] {logging_mixin.py:112} INFO - Sterling
[2020-12-04 20:35:20,476] {logging_mixin.py:112} INFO - Auroora
[2020-12-04 20:35:20,477] {logging_mixin.py:112} INFO - Nola
[2020-12-04 20:35:20,477] {logging_mixin.py:112} INFO - Elianora
[2020-12-04 20:35:20,477] {logging_mixin.py:112} INFO - Lotti
[2020-12-04 20:35:20,478] {logging_mixin.py:112} INFO - Adrea
[2020-12-04 20:35:20,478] {logging_mixin.py:112} INFO - Haywood
[2020-12-04 20:35:20,479] {logging_mixin.py:112} INFO - Brianne
[2020-12-04 20:35:20,479] {logging_mixin.py:112} INFO - Carma
[2020-12-04 20:35:20,480] {logging_mixin.py:112} INFO - Lucky
[2020-12-04 20:35:20,481] {logging_mixin.py:112} INFO - Lindsy
[2020-12-04 20:35:20,482] {logging_mixin.py:112} INFO - Anthony
[2020-12-04 20:35:20,483] {logging_mixin.py:112} INFO - Maryrose
[2020-12-04 20:35:20,484] {logging_mixin.py:112} INFO - Gertie
[2020-12-04 20:35:20,485] {logging_mixin.py:112} INFO - Lancelot
[2020-12-04 20:35:20,485] {logging_mixin.py:112} INFO - Wyndham
[2020-12-04 20:35:20,486] {logging_mixin.py:112} INFO - Tomlin
[2020-12-04 20:35:20,487] {logging_mixin.py:112} INFO - Cherianne
[2020-12-04 20:35:20,488] {logging_mixin.py:112} INFO - Hieronymus
[2020-12-04 20:35:20,488] {logging_mixin.py:112} INFO - Yettie
[2020-12-04 20:35:20,489] {logging_mixin.py:112} INFO - Pamela
[2020-12-04 20:35:20,489] {logging_mixin.py:112} INFO - Tomas
[2020-12-04 20:35:20,490] {logging_mixin.py:112} INFO - Beverley
[2020-12-04 20:35:20,491] {logging_mixin.py:112} INFO - Nikos
[2020-12-04 20:35:20,492] {logging_mixin.py:112} INFO - Georgeta
[2020-12-04 20:35:20,493] {logging_mixin.py:112} INFO - Fidela
[2020-12-04 20:35:20,494] {logging_mixin.py:112} INFO - Ruthe
[2020-12-04 20:35:20,495] {logging_mixin.py:112} INFO - Noella
[2020-12-04 20:35:20,495] {logging_mixin.py:112} INFO - Fran
[2020-12-04 20:35:20,496] {logging_mixin.py:112} INFO - Roanne
[2020-12-04 20:35:20,497] {logging_mixin.py:112} INFO - Ariel
[2020-12-04 20:35:20,498] {logging_mixin.py:112} INFO - Darwin
[2020-12-04 20:35:20,499] {logging_mixin.py:112} INFO - Issy
[2020-12-04 20:35:20,500] {logging_mixin.py:112} INFO - Felix
[2020-12-04 20:35:20,501] {logging_mixin.py:112} INFO - Regine
[2020-12-04 20:35:20,501] {logging_mixin.py:112} INFO - Corney
[2020-12-04 20:35:20,502] {logging_mixin.py:112} INFO - Gleda
[2020-12-04 20:35:20,503] {logging_mixin.py:112} INFO - Sharleen
[2020-12-04 20:35:20,504] {logging_mixin.py:112} INFO - Seamus
[2020-12-04 20:35:20,505] {logging_mixin.py:112} INFO - Bail
[2020-12-04 20:35:20,506] {logging_mixin.py:112} INFO - Holmes
[2020-12-04 20:35:20,507] {logging_mixin.py:112} INFO - Donnie
[2020-12-04 20:35:20,508] {logging_mixin.py:112} INFO - Godard
[2020-12-04 20:35:20,509] {logging_mixin.py:112} INFO - Feodor
[2020-12-04 20:35:20,509] {logging_mixin.py:112} INFO - Ollie
[2020-12-04 20:35:20,509] {logging_mixin.py:112} INFO - Moritz
[2020-12-04 20:35:20,510] {logging_mixin.py:112} INFO - Mitzi
[2020-12-04 20:35:20,510] {logging_mixin.py:112} INFO - Brook
[2020-12-04 20:35:20,511] {logging_mixin.py:112} INFO - Falkner
[2020-12-04 20:35:20,512] {logging_mixin.py:112} INFO - Karna
[2020-12-04 20:35:20,513] {logging_mixin.py:112} INFO - Bambie
[2020-12-04 20:35:20,513] {logging_mixin.py:112} INFO - Caitrin
[2020-12-04 20:35:20,514] {logging_mixin.py:112} INFO - Sapphira
[2020-12-04 20:35:20,515] {logging_mixin.py:112} INFO - Herschel
[2020-12-04 20:35:20,516] {logging_mixin.py:112} INFO - Laurent
[2020-12-04 20:35:20,516] {logging_mixin.py:112} INFO - Farly
[2020-12-04 20:35:20,518] {logging_mixin.py:112} INFO - Timmie
[2020-12-04 20:35:20,518] {logging_mixin.py:112} INFO - Gerri
[2020-12-04 20:35:20,519] {logging_mixin.py:112} INFO - Adeline
[2020-12-04 20:35:20,519] {logging_mixin.py:112} INFO - Ruddy
[2020-12-04 20:35:20,520] {logging_mixin.py:112} INFO - Patin
[2020-12-04 20:35:20,521] {logging_mixin.py:112} INFO - Zollie
[2020-12-04 20:35:20,522] {logging_mixin.py:112} INFO - Emmet
[2020-12-04 20:35:20,522] {logging_mixin.py:112} INFO - Brooks
[2020-12-04 20:35:20,523] {logging_mixin.py:112} INFO - Fulvia
[2020-12-04 20:35:20,524] {logging_mixin.py:112} INFO - Son
[2020-12-04 20:35:20,525] {logging_mixin.py:112} INFO - Agnese
[2020-12-04 20:35:20,525] {logging_mixin.py:112} INFO - Bryn
[2020-12-04 20:35:20,526] {logging_mixin.py:112} INFO - Franny
[2020-12-04 20:35:20,526] {logging_mixin.py:112} INFO - Bertina
[2020-12-04 20:35:20,527] {logging_mixin.py:112} INFO - Vally
[2020-12-04 20:35:20,528] {logging_mixin.py:112} INFO - Tiffany
[2020-12-04 20:35:20,529] {logging_mixin.py:112} INFO - Rina
[2020-12-04 20:35:20,530] {logging_mixin.py:112} INFO - Dominga
[2020-12-04 20:35:20,531] {logging_mixin.py:112} INFO - Jack
[2020-12-04 20:35:20,532] {logging_mixin.py:112} INFO - Matthias
[2020-12-04 20:35:20,533] {logging_mixin.py:112} INFO - Alexei
[2020-12-04 20:35:20,534] {logging_mixin.py:112} INFO - Cheslie
[2020-12-04 20:35:20,535] {logging_mixin.py:112} INFO - Margret
[2020-12-04 20:35:20,535] {logging_mixin.py:112} INFO - Ruby
[2020-12-04 20:35:20,536] {logging_mixin.py:112} INFO - Aleta
[2020-12-04 20:35:20,537] {logging_mixin.py:112} INFO - Webb
[2020-12-04 20:35:20,537] {logging_mixin.py:112} INFO - Jemima
[2020-12-04 20:35:20,538] {logging_mixin.py:112} INFO - Newton
[2020-12-04 20:35:20,538] {logging_mixin.py:112} INFO - Electra
[2020-12-04 20:35:20,540] {logging_mixin.py:112} INFO - Shalom
[2020-12-04 20:35:20,541] {logging_mixin.py:112} INFO - Loraine
[2020-12-04 20:35:20,541] {logging_mixin.py:112} INFO - Hasty
[2020-12-04 20:35:20,542] {logging_mixin.py:112} INFO - Reube
[2020-12-04 20:35:20,543] {logging_mixin.py:112} INFO - Rabi
[2020-12-04 20:35:20,543] {logging_mixin.py:112} INFO - Samaria
[2020-12-04 20:35:20,544] {logging_mixin.py:112} INFO - Nealon
[2020-12-04 20:35:20,544] {logging_mixin.py:112} INFO - Hill
[2020-12-04 20:35:20,546] {logging_mixin.py:112} INFO - Theobald
[2020-12-04 20:35:20,546] {logging_mixin.py:112} INFO - Christophe
[2020-12-04 20:35:20,547] {logging_mixin.py:112} INFO - Teresita
[2020-12-04 20:35:20,547] {logging_mixin.py:112} INFO - Jedediah
[2020-12-04 20:35:20,548] {logging_mixin.py:112} INFO - Cory
[2020-12-04 20:35:20,548] {logging_mixin.py:112} INFO - Fields
[2020-12-04 20:35:20,549] {logging_mixin.py:112} INFO - Peggy
[2020-12-04 20:35:20,550] {logging_mixin.py:112} INFO - Kameko
[2020-12-04 20:35:20,550] {logging_mixin.py:112} INFO - Olenolin
[2020-12-04 20:35:20,551] {logging_mixin.py:112} INFO - Joyous
[2020-12-04 20:35:20,552] {logging_mixin.py:112} INFO - Ernst
[2020-12-04 20:35:20,552] {logging_mixin.py:112} INFO - Faydra
[2020-12-04 20:35:20,553] {logging_mixin.py:112} INFO - Simone
[2020-12-04 20:35:20,553] {logging_mixin.py:112} INFO - Martelle
[2020-12-04 20:35:20,554] {logging_mixin.py:112} INFO - Freeman
[2020-12-04 20:35:20,555] {logging_mixin.py:112} INFO - Gussy
[2020-12-04 20:35:20,555] {logging_mixin.py:112} INFO - Valerye
[2020-12-04 20:35:20,556] {logging_mixin.py:112} INFO - Lutero
[2020-12-04 20:35:20,557] {logging_mixin.py:112} INFO - Heidie
[2020-12-04 20:35:20,558] {logging_mixin.py:112} INFO - North
[2020-12-04 20:35:20,559] {logging_mixin.py:112} INFO - Rudolfo
[2020-12-04 20:35:20,559] {logging_mixin.py:112} INFO - Calida
[2020-12-04 20:35:20,560] {logging_mixin.py:112} INFO - Forrester
[2020-12-04 20:35:20,561] {logging_mixin.py:112} INFO - Ester
[2020-12-04 20:35:20,562] {logging_mixin.py:112} INFO - Burke
[2020-12-04 20:35:20,563] {logging_mixin.py:112} INFO - Benedikt
[2020-12-04 20:35:20,564] {logging_mixin.py:112} INFO - Mag
[2020-12-04 20:35:20,565] {logging_mixin.py:112} INFO - Cull
[2020-12-04 20:35:20,565] {logging_mixin.py:112} INFO - Pail
[2020-12-04 20:35:20,566] {logging_mixin.py:112} INFO - Raphaela
[2020-12-04 20:35:20,566] {logging_mixin.py:112} INFO - Darren
[2020-12-04 20:35:20,567] {logging_mixin.py:112} INFO - Gray
[2020-12-04 20:35:20,567] {logging_mixin.py:112} INFO - Heda
[2020-12-04 20:35:20,568] {logging_mixin.py:112} INFO - Jill
[2020-12-04 20:35:20,568] {logging_mixin.py:112} INFO - Desmond
[2020-12-04 20:35:20,569] {logging_mixin.py:112} INFO - Cathy
[2020-12-04 20:35:20,570] {logging_mixin.py:112} INFO - Steffen
[2020-12-04 20:35:20,571] {logging_mixin.py:112} INFO - Cherri
[2020-12-04 20:35:20,571] {logging_mixin.py:112} INFO - Jobi
[2020-12-04 20:35:20,571] {logging_mixin.py:112} INFO - Kerrie
[2020-12-04 20:35:20,572] {logging_mixin.py:112} INFO - Berny
[2020-12-04 20:35:20,572] {logging_mixin.py:112} INFO - Boyd
[2020-12-04 20:35:20,574] {logging_mixin.py:112} INFO - Suzanna
[2020-12-04 20:35:20,574] {logging_mixin.py:112} INFO - Adolf
[2020-12-04 20:35:20,574] {logging_mixin.py:112} INFO - Marna
[2020-12-04 20:35:20,575] {logging_mixin.py:112} INFO - Robbie
[2020-12-04 20:35:20,577] {logging_mixin.py:112} INFO - Arty
[2020-12-04 20:35:20,577] {logging_mixin.py:112} INFO - Carmela
[2020-12-04 20:35:20,578] {logging_mixin.py:112} INFO - Silvanus
[2020-12-04 20:35:20,579] {logging_mixin.py:112} INFO - Morganica
[2020-12-04 20:35:20,580] {logging_mixin.py:112} INFO - Erie
[2020-12-04 20:35:20,580] {logging_mixin.py:112} INFO - Camille
[2020-12-04 20:35:20,582] {logging_mixin.py:112} INFO - Ortensia
[2020-12-04 20:35:20,582] {logging_mixin.py:112} INFO - Humberto
[2020-12-04 20:35:20,583] {logging_mixin.py:112} INFO - Jerad
[2020-12-04 20:35:20,584] {logging_mixin.py:112} INFO - Mateo
[2020-12-04 20:35:20,585] {logging_mixin.py:112} INFO - Caryn
[2020-12-04 20:35:20,585] {logging_mixin.py:112} INFO - Kipper
[2020-12-04 20:35:20,586] {logging_mixin.py:112} INFO - Nikolas
[2020-12-04 20:35:20,587] {logging_mixin.py:112} INFO - Norry
[2020-12-04 20:35:20,588] {logging_mixin.py:112} INFO - Alyss
[2020-12-04 20:35:20,589] {logging_mixin.py:112} INFO - Caterina
[2020-12-04 20:35:20,590] {logging_mixin.py:112} INFO - Albertine
[2020-12-04 20:35:20,591] {logging_mixin.py:112} INFO - Melody
[2020-12-04 20:35:20,591] {logging_mixin.py:112} INFO - Danice
[2020-12-04 20:35:20,592] {logging_mixin.py:112} INFO - Pierrette
[2020-12-04 20:35:20,593] {logging_mixin.py:112} INFO - Nikolos
[2020-12-04 20:35:20,594] {logging_mixin.py:112} INFO - Jakob
[2020-12-04 20:35:20,595] {logging_mixin.py:112} INFO - Denny
[2020-12-04 20:35:20,596] {logging_mixin.py:112} INFO - Jandy
[2020-12-04 20:35:20,597] {logging_mixin.py:112} INFO - Ferdy
[2020-12-04 20:35:20,598] {logging_mixin.py:112} INFO - Archibold
[2020-12-04 20:35:20,599] {logging_mixin.py:112} INFO - Waverley
[2020-12-04 20:35:20,599] {logging_mixin.py:112} INFO - Lyn
[2020-12-04 20:35:20,600] {logging_mixin.py:112} INFO - Juanita
[2020-12-04 20:35:20,600] {logging_mixin.py:112} INFO - Stevy
[2020-12-04 20:35:20,601] {logging_mixin.py:112} INFO - Lorin
[2020-12-04 20:35:20,602] {logging_mixin.py:112} INFO - Phillipe
[2020-12-04 20:35:20,603] {logging_mixin.py:112} INFO - Roddie
[2020-12-04 20:35:20,604] {logging_mixin.py:112} INFO - Milton
[2020-12-04 20:35:20,604] {logging_mixin.py:112} INFO - Shalom
[2020-12-04 20:35:20,605] {logging_mixin.py:112} INFO - Moselle
[2020-12-04 20:35:20,606] {logging_mixin.py:112} INFO - Chane
[2020-12-04 20:35:20,607] {logging_mixin.py:112} INFO - Cleon
[2020-12-04 20:35:20,608] {logging_mixin.py:112} INFO - Basilius
[2020-12-04 20:35:20,609] {logging_mixin.py:112} INFO - Ebba
[2020-12-04 20:35:20,609] {logging_mixin.py:112} INFO - Angelika
[2020-12-04 20:35:20,609] {logging_mixin.py:112} INFO - Lemuel
[2020-12-04 20:35:20,610] {logging_mixin.py:112} INFO - Patrica
[2020-12-04 20:35:20,610] {logging_mixin.py:112} INFO - Lynne
[2020-12-04 20:35:20,611] {logging_mixin.py:112} INFO - Jolee
[2020-12-04 20:35:20,612] {logging_mixin.py:112} INFO - Donny
[2020-12-04 20:35:20,612] {logging_mixin.py:112} INFO - Joyce
[2020-12-04 20:35:20,613] {logging_mixin.py:112} INFO - Wheeler
[2020-12-04 20:35:20,614] {logging_mixin.py:112} INFO - Myrilla
[2020-12-04 20:35:20,615] {logging_mixin.py:112} INFO - Bondon
[2020-12-04 20:35:20,616] {logging_mixin.py:112} INFO - Dasi
[2020-12-04 20:35:20,616] {logging_mixin.py:112} INFO - Eudora
[2020-12-04 20:35:20,616] {logging_mixin.py:112} INFO - Waverley
[2020-12-04 20:35:20,617] {logging_mixin.py:112} INFO - Willamina
[2020-12-04 20:35:20,618] {logging_mixin.py:112} INFO - Nan
[2020-12-04 20:35:20,618] {logging_mixin.py:112} INFO - Gene
[2020-12-04 20:35:20,619] {logging_mixin.py:112} INFO - Doe
[2020-12-04 20:35:20,619] {logging_mixin.py:112} INFO - Norton
[2020-12-04 20:35:20,619] {logging_mixin.py:112} INFO - Sharla
[2020-12-04 20:35:20,620] {logging_mixin.py:112} INFO - Darius
[2020-12-04 20:35:20,621] {logging_mixin.py:112} INFO - Ana
[2020-12-04 20:35:20,622] {logging_mixin.py:112} INFO - Carey
[2020-12-04 20:35:20,622] {logging_mixin.py:112} INFO - Gauthier
[2020-12-04 20:35:20,623] {logging_mixin.py:112} INFO - Kristoffer
[2020-12-04 20:35:20,623] {logging_mixin.py:112} INFO - Desirae
[2020-12-04 20:35:20,624] {logging_mixin.py:112} INFO - Rhona
[2020-12-04 20:35:20,624] {logging_mixin.py:112} INFO - Estel
[2020-12-04 20:35:20,624] {logging_mixin.py:112} INFO - Rivkah
[2020-12-04 20:35:20,625] {logging_mixin.py:112} INFO - Edouard
[2020-12-04 20:35:20,626] {logging_mixin.py:112} INFO - Stanly
[2020-12-04 20:35:20,626] {logging_mixin.py:112} INFO - Bradford
[2020-12-04 20:35:20,627] {logging_mixin.py:112} INFO - Hephzibah
[2020-12-04 20:35:20,628] {logging_mixin.py:112} INFO - Elvis
[2020-12-04 20:35:20,628] {logging_mixin.py:112} INFO - Reece
[2020-12-04 20:35:20,629] {logging_mixin.py:112} INFO - Smith
[2020-12-04 20:35:20,630] {logging_mixin.py:112} INFO - Sybila
[2020-12-04 20:35:20,630] {logging_mixin.py:112} INFO - Lynett
[2020-12-04 20:35:20,631] {logging_mixin.py:112} INFO - Mitchael
[2020-12-04 20:35:20,632] {logging_mixin.py:112} INFO - Cate
[2020-12-04 20:35:20,632] {logging_mixin.py:112} INFO - Lucius
[2020-12-04 20:35:20,633] {logging_mixin.py:112} INFO - Karole
[2020-12-04 20:35:20,634] {logging_mixin.py:112} INFO - Gwenny
[2020-12-04 20:35:20,635] {logging_mixin.py:112} INFO - Patrice
[2020-12-04 20:35:20,636] {logging_mixin.py:112} INFO - Annice
[2020-12-04 20:35:20,637] {logging_mixin.py:112} INFO - Star
[2020-12-04 20:35:20,637] {logging_mixin.py:112} INFO - Erick
[2020-12-04 20:35:20,638] {logging_mixin.py:112} INFO - Gelya
[2020-12-04 20:35:20,638] {logging_mixin.py:112} INFO - Dareen
[2020-12-04 20:35:20,639] {logging_mixin.py:112} INFO - Korry
[2020-12-04 20:35:20,639] {logging_mixin.py:112} INFO - Egon
[2020-12-04 20:35:20,640] {logging_mixin.py:112} INFO - Grannie
[2020-12-04 20:35:20,640] {logging_mixin.py:112} INFO - Ryann
[2020-12-04 20:35:20,641] {logging_mixin.py:112} INFO - Cherey
[2020-12-04 20:35:20,642] {logging_mixin.py:112} INFO - Joe
[2020-12-04 20:35:20,643] {logging_mixin.py:112} INFO - Parrnell
[2020-12-04 20:35:20,643] {logging_mixin.py:112} INFO - Stanislas
[2020-12-04 20:35:20,644] {logging_mixin.py:112} INFO - Gerti
[2020-12-04 20:35:20,645] {logging_mixin.py:112} INFO - Sorcha
[2020-12-04 20:35:20,646] {logging_mixin.py:112} INFO - Karil
[2020-12-04 20:35:20,647] {logging_mixin.py:112} INFO - Vere
[2020-12-04 20:35:20,648] {logging_mixin.py:112} INFO - Hale
[2020-12-04 20:35:20,648] {logging_mixin.py:112} INFO - Karney
[2020-12-04 20:35:20,649] {logging_mixin.py:112} INFO - Cristie
[2020-12-04 20:35:20,649] {logging_mixin.py:112} INFO - Aubine
[2020-12-04 20:35:20,650] {logging_mixin.py:112} INFO - Shelli
[2020-12-04 20:35:20,651] {logging_mixin.py:112} INFO - Sly
[2020-12-04 20:35:20,652] {logging_mixin.py:112} INFO - Myrtle
[2020-12-04 20:35:20,652] {logging_mixin.py:112} INFO - Hilly
[2020-12-04 20:35:20,653] {logging_mixin.py:112} INFO - Darnell
[2020-12-04 20:35:20,654] {logging_mixin.py:112} INFO - Frederic
[2020-12-04 20:35:20,655] {logging_mixin.py:112} INFO - Mirabel
[2020-12-04 20:35:20,655] {logging_mixin.py:112} INFO - Edmund
[2020-12-04 20:35:20,656] {logging_mixin.py:112} INFO - Fidole
[2020-12-04 20:35:20,657] {logging_mixin.py:112} INFO - Mannie
[2020-12-04 20:35:20,657] {logging_mixin.py:112} INFO - Felicio
[2020-12-04 20:35:20,658] {logging_mixin.py:112} INFO - Kally
[2020-12-04 20:35:20,659] {logging_mixin.py:112} INFO - Weidar
[2020-12-04 20:35:20,660] {logging_mixin.py:112} INFO - Lorilyn
[2020-12-04 20:35:20,661] {logging_mixin.py:112} INFO - Billy
[2020-12-04 20:35:20,661] {logging_mixin.py:112} INFO - Daffi
[2020-12-04 20:35:20,662] {logging_mixin.py:112} INFO - Kim
[2020-12-04 20:35:20,663] {logging_mixin.py:112} INFO - Rudolph
[2020-12-04 20:35:20,664] {logging_mixin.py:112} INFO - Rosemaria
[2020-12-04 20:35:20,665] {logging_mixin.py:112} INFO - Bobbee
[2020-12-04 20:35:20,666] {logging_mixin.py:112} INFO - Galvin
[2020-12-04 20:35:20,667] {logging_mixin.py:112} INFO - Aldis
[2020-12-04 20:35:20,668] {logging_mixin.py:112} INFO - Jesus
[2020-12-04 20:35:20,668] {logging_mixin.py:112} INFO - Elvin
[2020-12-04 20:35:20,669] {logging_mixin.py:112} INFO - Briny
[2020-12-04 20:35:20,670] {logging_mixin.py:112} INFO - Sawyer
[2020-12-04 20:35:20,671] {logging_mixin.py:112} INFO - Loella
[2020-12-04 20:35:20,671] {logging_mixin.py:112} INFO - Somerset
[2020-12-04 20:35:20,672] {logging_mixin.py:112} INFO - Poppy
[2020-12-04 20:35:20,673] {logging_mixin.py:112} INFO - Dane
[2020-12-04 20:35:20,674] {logging_mixin.py:112} INFO - Denny
[2020-12-04 20:35:20,675] {logging_mixin.py:112} INFO - Nelle
[2020-12-04 20:35:20,676] {logging_mixin.py:112} INFO - Junia
[2020-12-04 20:35:20,676] {logging_mixin.py:112} INFO - Rees
[2020-12-04 20:35:20,677] {logging_mixin.py:112} INFO - Rorie
[2020-12-04 20:35:20,678] {logging_mixin.py:112} INFO - Padraig
[2020-12-04 20:35:20,679] {logging_mixin.py:112} INFO - Cherry
[2020-12-04 20:35:20,680] {logging_mixin.py:112} INFO - Shelden
[2020-12-04 20:35:20,681] {logging_mixin.py:112} INFO - Gale
[2020-12-04 20:35:20,681] {logging_mixin.py:112} INFO - Luelle
[2020-12-04 20:35:20,683] {logging_mixin.py:112} INFO - Anatollo
[2020-12-04 20:35:20,683] {logging_mixin.py:112} INFO - Bennie
[2020-12-04 20:35:20,684] {logging_mixin.py:112} INFO - Leonard
[2020-12-04 20:35:20,685] {logging_mixin.py:112} INFO - Corenda
[2020-12-04 20:35:20,686] {logging_mixin.py:112} INFO - Andromache
[2020-12-04 20:35:20,687] {logging_mixin.py:112} INFO - Sherry
[2020-12-04 20:35:20,688] {logging_mixin.py:112} INFO - Rodie
[2020-12-04 20:35:20,688] {logging_mixin.py:112} INFO - Spenser
[2020-12-04 20:35:20,689] {logging_mixin.py:112} INFO - Kassey
[2020-12-04 20:35:20,690] {logging_mixin.py:112} INFO - Dallis
[2020-12-04 20:35:20,691] {logging_mixin.py:112} INFO - Louie
[2020-12-04 20:35:20,692] {logging_mixin.py:112} INFO - Eveleen
[2020-12-04 20:35:20,692] {logging_mixin.py:112} INFO - Eleni
[2020-12-04 20:35:20,693] {logging_mixin.py:112} INFO - Thurstan
[2020-12-04 20:35:20,694] {logging_mixin.py:112} INFO - Ignace
[2020-12-04 20:35:20,695] {logging_mixin.py:112} INFO - Benedick
[2020-12-04 20:35:20,696] {logging_mixin.py:112} INFO - Cyndia
[2020-12-04 20:35:20,697] {logging_mixin.py:112} INFO - Mag
[2020-12-04 20:35:20,697] {logging_mixin.py:112} INFO - Brian
[2020-12-04 20:35:20,698] {logging_mixin.py:112} INFO - Avie
[2020-12-04 20:35:20,698] {logging_mixin.py:112} INFO - Papageno
[2020-12-04 20:35:20,699] {logging_mixin.py:112} INFO - Electra
[2020-12-04 20:35:20,700] {logging_mixin.py:112} INFO - Hamlin
[2020-12-04 20:35:20,700] {logging_mixin.py:112} INFO - Doy
[2020-12-04 20:35:20,701] {logging_mixin.py:112} INFO - Dilan
[2020-12-04 20:35:20,702] {logging_mixin.py:112} INFO - Corey
[2020-12-04 20:35:20,702] {logging_mixin.py:112} INFO - Ursala
[2020-12-04 20:35:20,703] {logging_mixin.py:112} INFO - Edin
[2020-12-04 20:35:20,704] {logging_mixin.py:112} INFO - Gustave
[2020-12-04 20:35:20,704] {logging_mixin.py:112} INFO - Keen
[2020-12-04 20:35:20,705] {logging_mixin.py:112} INFO - Ethyl
[2020-12-04 20:35:20,706] {logging_mixin.py:112} INFO - Audrie
[2020-12-04 20:35:20,707] {logging_mixin.py:112} INFO - Dur
[2020-12-04 20:35:20,707] {logging_mixin.py:112} INFO - Bernardine
[2020-12-04 20:35:20,709] {logging_mixin.py:112} INFO - Wilhelmina
[2020-12-04 20:35:20,709] {logging_mixin.py:112} INFO - Monica
[2020-12-04 20:35:20,710] {logging_mixin.py:112} INFO - Estel
[2020-12-04 20:35:20,711] {logging_mixin.py:112} INFO - Barbara
[2020-12-04 20:35:20,712] {logging_mixin.py:112} INFO - Wandie
[2020-12-04 20:35:20,713] {logging_mixin.py:112} INFO - Aleece
[2020-12-04 20:35:20,714] {logging_mixin.py:112} INFO - Phelia
[2020-12-04 20:35:20,715] {logging_mixin.py:112} INFO - Daffy
[2020-12-04 20:35:20,716] {logging_mixin.py:112} INFO - Teresita
[2020-12-04 20:35:20,716] {logging_mixin.py:112} INFO - Wolfy
[2020-12-04 20:35:20,717] {logging_mixin.py:112} INFO - Graig
[2020-12-04 20:35:20,718] {logging_mixin.py:112} INFO - Ranice
[2020-12-04 20:35:20,719] {logging_mixin.py:112} INFO - Norah
[2020-12-04 20:35:20,719] {logging_mixin.py:112} INFO - Birgit
[2020-12-04 20:35:20,720] {logging_mixin.py:112} INFO - Brig
[2020-12-04 20:35:20,721] {logging_mixin.py:112} INFO - Kandy
[2020-12-04 20:35:20,722] {logging_mixin.py:112} INFO - Karin
[2020-12-04 20:35:20,722] {logging_mixin.py:112} INFO - Sollie
[2020-12-04 20:35:20,723] {logging_mixin.py:112} INFO - Shanie
[2020-12-04 20:35:20,724] {logging_mixin.py:112} INFO - Somerset
[2020-12-04 20:35:20,724] {logging_mixin.py:112} INFO - Shoshana
[2020-12-04 20:35:20,725] {logging_mixin.py:112} INFO - Stevie
[2020-12-04 20:35:20,726] {logging_mixin.py:112} INFO - Meade
[2020-12-04 20:35:20,727] {logging_mixin.py:112} INFO - Der
[2020-12-04 20:35:20,728] {logging_mixin.py:112} INFO - Felice
[2020-12-04 20:35:20,728] {logging_mixin.py:112} INFO - Durward
[2020-12-04 20:35:20,729] {logging_mixin.py:112} INFO - Myrilla
[2020-12-04 20:35:20,730] {logging_mixin.py:112} INFO - Lucy
[2020-12-04 20:35:20,731] {logging_mixin.py:112} INFO - Loella
[2020-12-04 20:35:20,732] {logging_mixin.py:112} INFO - Sigismond
[2020-12-04 20:35:20,733] {logging_mixin.py:112} INFO - Jessika
[2020-12-04 20:35:20,733] {logging_mixin.py:112} INFO - Mada
[2020-12-04 20:35:20,734] {logging_mixin.py:112} INFO - Abbie
[2020-12-04 20:35:20,735] {logging_mixin.py:112} INFO - Jobina
[2020-12-04 20:35:20,736] {logging_mixin.py:112} INFO - Melly
[2020-12-04 20:35:20,737] {logging_mixin.py:112} INFO - Agatha
[2020-12-04 20:35:20,738] {logging_mixin.py:112} INFO - Katalin
[2020-12-04 20:35:20,739] {logging_mixin.py:112} INFO - Lauren
[2020-12-04 20:35:20,740] {logging_mixin.py:112} INFO - Gorden
[2020-12-04 20:35:20,740] {logging_mixin.py:112} INFO - Ezri
[2020-12-04 20:35:20,741] {logging_mixin.py:112} INFO - Roarke
[2020-12-04 20:35:20,742] {logging_mixin.py:112} INFO - Adolf
[2020-12-04 20:35:20,742] {logging_mixin.py:112} INFO - Maribeth
[2020-12-04 20:35:20,744] {logging_mixin.py:112} INFO - Taite
[2020-12-04 20:35:20,744] {logging_mixin.py:112} INFO - Laural
[2020-12-04 20:35:20,744] {logging_mixin.py:112} INFO - Wiley
[2020-12-04 20:35:20,745] {logging_mixin.py:112} INFO - Earle
[2020-12-04 20:35:20,746] {logging_mixin.py:112} INFO - Eilis
[2020-12-04 20:35:20,748] {logging_mixin.py:112} INFO - Tootsie
[2020-12-04 20:35:20,748] {logging_mixin.py:112} INFO - Orion
[2020-12-04 20:35:20,749] {logging_mixin.py:112} INFO - Aland
[2020-12-04 20:35:20,750] {logging_mixin.py:112} INFO - Lucia
[2020-12-04 20:35:20,750] {logging_mixin.py:112} INFO - Cyndy
[2020-12-04 20:35:20,751] {logging_mixin.py:112} INFO - Celisse
[2020-12-04 20:35:20,752] {logging_mixin.py:112} INFO - Kiersten
[2020-12-04 20:35:20,753] {logging_mixin.py:112} INFO - Noak
[2020-12-04 20:35:20,754] {logging_mixin.py:112} INFO - Kelbee
[2020-12-04 20:35:20,754] {logging_mixin.py:112} INFO - Orella
[2020-12-04 20:35:20,755] {logging_mixin.py:112} INFO - Chandra
[2020-12-04 20:35:20,755] {logging_mixin.py:112} INFO - Gay
[2020-12-04 20:35:20,756] {logging_mixin.py:112} INFO - Nicola
[2020-12-04 20:35:20,756] {logging_mixin.py:112} INFO - Ermengarde
[2020-12-04 20:35:20,757] {logging_mixin.py:112} INFO - Natalya
[2020-12-04 20:35:20,757] {logging_mixin.py:112} INFO - Dugald
[2020-12-04 20:35:20,758] {logging_mixin.py:112} INFO - Leonora
[2020-12-04 20:35:20,758] {logging_mixin.py:112} INFO - Dorella
[2020-12-04 20:35:20,759] {logging_mixin.py:112} INFO - Chevy
[2020-12-04 20:35:20,759] {logging_mixin.py:112} INFO - Pepito
[2020-12-04 20:35:20,760] {logging_mixin.py:112} INFO - Lillis
[2020-12-04 20:35:20,760] {logging_mixin.py:112} INFO - Nefen
[2020-12-04 20:35:20,762] {logging_mixin.py:112} INFO - Bette-ann
[2020-12-04 20:35:20,762] {logging_mixin.py:112} INFO - Franky
[2020-12-04 20:35:20,763] {logging_mixin.py:112} INFO - Gabbi
[2020-12-04 20:35:20,763] {logging_mixin.py:112} INFO - Kathryn
[2020-12-04 20:35:20,765] {logging_mixin.py:112} INFO - Antone
[2020-12-04 20:35:20,765] {logging_mixin.py:112} INFO - Mose
[2020-12-04 20:35:20,765] {logging_mixin.py:112} INFO - Niles
[2020-12-04 20:35:20,766] {logging_mixin.py:112} INFO - Bertha
[2020-12-04 20:35:20,767] {logging_mixin.py:112} INFO - Carlos
[2020-12-04 20:35:20,768] {logging_mixin.py:112} INFO - Noll
[2020-12-04 20:35:20,768] {logging_mixin.py:112} INFO - Jemie
[2020-12-04 20:35:20,768] {logging_mixin.py:112} INFO - Horst
[2020-12-04 20:35:20,769] {logging_mixin.py:112} INFO - Ernesta
[2020-12-04 20:35:20,769] {logging_mixin.py:112} INFO - Nev
[2020-12-04 20:35:20,770] {logging_mixin.py:112} INFO - Ysabel
[2020-12-04 20:35:20,771] {logging_mixin.py:112} INFO - Adam
[2020-12-04 20:35:20,772] {logging_mixin.py:112} INFO - Elfie
[2020-12-04 20:35:20,773] {logging_mixin.py:112} INFO - Pauline
[2020-12-04 20:35:20,774] {logging_mixin.py:112} INFO - Nessa
[2020-12-04 20:35:20,775] {logging_mixin.py:112} INFO - Pietro
[2020-12-04 20:35:20,775] {logging_mixin.py:112} INFO - Lazare
[2020-12-04 20:35:20,776] {logging_mixin.py:112} INFO - Karolina
[2020-12-04 20:35:20,777] {logging_mixin.py:112} INFO - Blisse
[2020-12-04 20:35:20,777] {logging_mixin.py:112} INFO - Byran
[2020-12-04 20:35:20,778] {logging_mixin.py:112} INFO - Galvan
[2020-12-04 20:35:20,780] {logging_mixin.py:112} INFO - Kenyon
[2020-12-04 20:35:20,780] {logging_mixin.py:112} INFO - Breena
[2020-12-04 20:35:20,781] {logging_mixin.py:112} INFO - Guthry
[2020-12-04 20:35:20,781] {logging_mixin.py:112} INFO - Marijo
[2020-12-04 20:35:20,782] {logging_mixin.py:112} INFO - Harriette
[2020-12-04 20:35:20,783] {logging_mixin.py:112} INFO - Drugi
[2020-12-04 20:35:20,784] {logging_mixin.py:112} INFO - Ryann
[2020-12-04 20:35:20,785] {logging_mixin.py:112} INFO - Brittany
[2020-12-04 20:35:20,785] {logging_mixin.py:112} INFO - Byram
[2020-12-04 20:35:20,787] {logging_mixin.py:112} INFO - Glennis
[2020-12-04 20:35:20,788] {logging_mixin.py:112} INFO - Farris
[2020-12-04 20:35:20,789] {logging_mixin.py:112} INFO - Rahel
[2020-12-04 20:35:20,790] {logging_mixin.py:112} INFO - Vinny
[2020-12-04 20:35:20,791] {logging_mixin.py:112} INFO - Gabriellia
[2020-12-04 20:35:20,791] {logging_mixin.py:112} INFO - Towney
[2020-12-04 20:35:20,792] {logging_mixin.py:112} INFO - Babb
[2020-12-04 20:35:20,792] {logging_mixin.py:112} INFO - Didi
[2020-12-04 20:35:20,792] {logging_mixin.py:112} INFO - Andreas
[2020-12-04 20:35:20,794] {logging_mixin.py:112} INFO - Tobin
[2020-12-04 20:35:20,795] {logging_mixin.py:112} INFO - Janessa
[2020-12-04 20:35:20,796] {logging_mixin.py:112} INFO - Roy
[2020-12-04 20:35:20,797] {logging_mixin.py:112} INFO - Myer
[2020-12-04 20:35:20,800] {logging_mixin.py:112} INFO - Beilul
[2020-12-04 20:35:20,801] {logging_mixin.py:112} INFO - Tremaine
[2020-12-04 20:35:20,802] {logging_mixin.py:112} INFO - Harrietta
[2020-12-04 20:35:20,802] {logging_mixin.py:112} INFO - Frederica
[2020-12-04 20:35:20,802] {logging_mixin.py:112} INFO - Ramon
[2020-12-04 20:35:20,803] {logging_mixin.py:112} INFO - Teena
[2020-12-04 20:35:20,804] {logging_mixin.py:112} INFO - Wynn
[2020-12-04 20:35:20,804] {logging_mixin.py:112} INFO - Constantin
[2020-12-04 20:35:20,807] {logging_mixin.py:112} INFO - Ricki
[2020-12-04 20:35:20,807] {logging_mixin.py:112} INFO - Teodoro
[2020-12-04 20:35:20,808] {logging_mixin.py:112} INFO - Stesha
[2020-12-04 20:35:20,808] {logging_mixin.py:112} INFO - Valentino
[2020-12-04 20:35:20,809] {logging_mixin.py:112} INFO - Agustin
[2020-12-04 20:35:20,809] {logging_mixin.py:112} INFO - Rhody
[2020-12-04 20:35:20,810] {logging_mixin.py:112} INFO - connection closed
[2020-12-04 20:35:20,813] {conn.py:919} INFO - <BrokerConnection node_id=0 host=localhost:9092 <connected> [IPv6 ('::1', 9092, 0, 0)]>: Closing connection. 
[2020-12-04 20:35:20,815] {python_operator.py:114} INFO - Done. Returned value was: None
[2020-12-04 20:35:20,819] {taskinstance.py:1057} INFO - Marking task as SUCCESS.dag_id=Airflow_task, task_id=Data_from_table2, execution_date=20201204T150000, start_date=20201204T150516, end_date=20201204T150520
[2020-12-04 20:35:21,075] {local_task_job.py:102} INFO - Task exited with return code 0
