[2020-11-10 13:18:30,717] {taskinstance.py:670} INFO - Dependencies all met for <TaskInstance: example_bash_operator.runme_0 2020-11-09T00:00:00+00:00 [queued]>
[2020-11-10 13:18:30,725] {taskinstance.py:670} INFO - Dependencies all met for <TaskInstance: example_bash_operator.runme_0 2020-11-09T00:00:00+00:00 [queued]>
[2020-11-10 13:18:30,725] {taskinstance.py:880} INFO - 
--------------------------------------------------------------------------------
[2020-11-10 13:18:30,725] {taskinstance.py:881} INFO - Starting attempt 1 of 1
[2020-11-10 13:18:30,725] {taskinstance.py:882} INFO - 
--------------------------------------------------------------------------------
[2020-11-10 13:18:30,730] {taskinstance.py:901} INFO - Executing <Task(BashOperator): runme_0> on 2020-11-09T00:00:00+00:00
[2020-11-10 13:18:30,732] {standard_task_runner.py:54} INFO - Started process 25549 to run task
[2020-11-10 13:18:30,751] {standard_task_runner.py:77} INFO - Running: ['airflow', 'run', 'example_bash_operator', 'runme_0', '2020-11-09T00:00:00+00:00', '--job_id', '8', '--pool', 'default_pool', '--raw', '-sd', '/Users/sundarb/Documents/anaconda3/lib/python3.7/site-packages/airflow/example_dags/example_bash_operator.py', '--cfg_path', '/var/folders/x0/npyjyyg15zj3krdkh0pv612w0000gn/T/tmp14cmq5y6']
[2020-11-10 13:18:30,752] {standard_task_runner.py:78} INFO - Job 8: Subtask runme_0
[2020-11-10 13:18:30,779] {logging_mixin.py:112} INFO - Running %s on host %s <TaskInstance: example_bash_operator.runme_0 2020-11-09T00:00:00+00:00 [running]> 153.225.168.192.in-addr.arpa
[2020-11-10 13:18:30,801] {bash_operator.py:113} INFO - Tmp dir root location: 
 /var/folders/x0/npyjyyg15zj3krdkh0pv612w0000gn/T
[2020-11-10 13:18:30,804] {bash_operator.py:136} INFO - Temporary script location: /var/folders/x0/npyjyyg15zj3krdkh0pv612w0000gn/T/airflowtmp0ov0r_y0/runme_0gotssrs5
[2020-11-10 13:18:30,805] {bash_operator.py:146} INFO - Running command: echo "example_bash_operator__runme_0__20201109" && sleep 1
[2020-11-10 13:18:30,814] {bash_operator.py:153} INFO - Output:
[2020-11-10 13:18:30,817] {bash_operator.py:157} INFO - example_bash_operator__runme_0__20201109
[2020-11-10 13:18:31,821] {bash_operator.py:161} INFO - Command exited with return code 0
[2020-11-10 13:18:31,829] {taskinstance.py:1070} INFO - Marking task as SUCCESS.dag_id=example_bash_operator, task_id=runme_0, execution_date=20201109T000000, start_date=20201110T074830, end_date=20201110T074831
[2020-11-10 13:18:35,738] {local_task_job.py:102} INFO - Task exited with return code 0
