[2020-11-10 14:25:24,827] {taskinstance.py:670} INFO - Dependencies all met for <TaskInstance: example_bash_operator.also_run_this 2020-11-10T08:53:33.648791+00:00 [queued]>
[2020-11-10 14:25:24,837] {taskinstance.py:670} INFO - Dependencies all met for <TaskInstance: example_bash_operator.also_run_this 2020-11-10T08:53:33.648791+00:00 [queued]>
[2020-11-10 14:25:24,837] {taskinstance.py:880} INFO - 
--------------------------------------------------------------------------------
[2020-11-10 14:25:24,837] {taskinstance.py:881} INFO - Starting attempt 1 of 1
[2020-11-10 14:25:24,837] {taskinstance.py:882} INFO - 
--------------------------------------------------------------------------------
[2020-11-10 14:25:24,844] {taskinstance.py:901} INFO - Executing <Task(BashOperator): also_run_this> on 2020-11-10T08:53:33.648791+00:00
[2020-11-10 14:25:24,846] {standard_task_runner.py:54} INFO - Started process 28630 to run task
[2020-11-10 14:25:24,862] {standard_task_runner.py:77} INFO - Running: ['airflow', 'run', 'example_bash_operator', 'also_run_this', '2020-11-10T08:53:33.648791+00:00', '--job_id', '112', '--pool', 'default_pool', '--raw', '-sd', '/Users/sundarb/Documents/anaconda3/lib/python3.7/site-packages/airflow/example_dags/example_bash_operator.py', '--cfg_path', '/var/folders/x0/npyjyyg15zj3krdkh0pv612w0000gn/T/tmpa8n08418']
[2020-11-10 14:25:24,863] {standard_task_runner.py:78} INFO - Job 112: Subtask also_run_this
[2020-11-10 14:25:24,888] {logging_mixin.py:112} INFO - Running %s on host %s <TaskInstance: example_bash_operator.also_run_this 2020-11-10T08:53:33.648791+00:00 [running]> 153.225.168.192.in-addr.arpa
[2020-11-10 14:25:24,903] {bash_operator.py:113} INFO - Tmp dir root location: 
 /var/folders/x0/npyjyyg15zj3krdkh0pv612w0000gn/T
[2020-11-10 14:25:24,904] {bash_operator.py:136} INFO - Temporary script location: /var/folders/x0/npyjyyg15zj3krdkh0pv612w0000gn/T/airflowtmphfxccmkd/also_run_this0kndhjn5
[2020-11-10 14:25:24,904] {bash_operator.py:146} INFO - Running command: echo "run_id=manual__2020-11-10T08:53:33.648791+00:00 | dag_run=<DagRun example_bash_operator @ 2020-11-10 08:53:33.648791+00:00: manual__2020-11-10T08:53:33.648791+00:00, externally triggered: True>"
[2020-11-10 14:25:24,910] {bash_operator.py:153} INFO - Output:
[2020-11-10 14:25:24,918] {bash_operator.py:157} INFO - run_id=manual__2020-11-10T08:53:33.648791+00:00 | dag_run=<DagRun example_bash_operator @ 2020-11-10 08:53:33.648791+00:00: manual__2020-11-10T08:53:33.648791+00:00, externally triggered: True>
[2020-11-10 14:25:24,919] {bash_operator.py:161} INFO - Command exited with return code 0
[2020-11-10 14:25:24,925] {taskinstance.py:1070} INFO - Marking task as SUCCESS.dag_id=example_bash_operator, task_id=also_run_this, execution_date=20201110T085333, start_date=20201110T085524, end_date=20201110T085524
[2020-11-10 14:25:29,854] {local_task_job.py:102} INFO - Task exited with return code 0
