[2020-12-16 17:25:26,650] {taskinstance.py:670} INFO - Dependencies all met for <TaskInstance: Airflow_task.Data_from_table1 2020-12-16T11:50:00+00:00 [queued]>
[2020-12-16 17:25:26,736] {taskinstance.py:670} INFO - Dependencies all met for <TaskInstance: Airflow_task.Data_from_table1 2020-12-16T11:50:00+00:00 [queued]>
[2020-12-16 17:25:26,738] {taskinstance.py:880} INFO - 
--------------------------------------------------------------------------------
[2020-12-16 17:25:26,739] {taskinstance.py:881} INFO - Starting attempt 1 of 1
[2020-12-16 17:25:26,739] {taskinstance.py:882} INFO - 
--------------------------------------------------------------------------------
[2020-12-16 17:25:26,753] {taskinstance.py:901} INFO - Executing <Task(PythonOperator): Data_from_table1> on 2020-12-16T11:50:00+00:00
[2020-12-16 17:25:26,757] {standard_task_runner.py:54} INFO - Started process 97972 to run task
[2020-12-16 17:25:26,811] {standard_task_runner.py:77} INFO - Running: ['airflow', 'run', 'Airflow_task', 'Data_from_table1', '2020-12-16T11:50:00+00:00', '--job_id', '1848', '--pool', 'default_pool', '--raw', '-sd', 'DAGS_FOLDER/server-elastic.py', '--cfg_path', '/var/folders/x0/npyjyyg15zj3krdkh0pv612w0000gn/T/tmp7me0yknv']
[2020-12-16 17:25:26,813] {standard_task_runner.py:78} INFO - Job 1848: Subtask Data_from_table1
[2020-12-16 17:25:31,877] {logging_mixin.py:112} INFO - Running %s on host %s <TaskInstance: Airflow_task.Data_from_table1 2020-12-16T11:50:00+00:00 [running]> Sundars-MBP
[2020-12-16 17:25:32,376] {local_task_job.py:143} WARNING - The recorded hostname Sundars-MBP does not match this instance's hostname 153.225.168.192.in-addr.arpa
[2020-12-16 17:25:32,395] {helpers.py:325} INFO - Sending Signals.SIGTERM to GPID 97972
[2020-12-16 17:25:32,399] {taskinstance.py:955} ERROR - Received SIGTERM. Terminating subprocesses.
[2020-12-16 17:25:32,483] {taskinstance.py:1150} ERROR - Task received SIGTERM signal
Traceback (most recent call last):
  File "/Users/sundarb/airflow/venv/lib/python3.8/site-packages/airflow/models/taskinstance.py", line 961, in _run_raw_task
    self.clear_xcom_data()
  File "/Users/sundarb/airflow/venv/lib/python3.8/site-packages/airflow/utils/db.py", line 74, in wrapper
    return func(*args, **kwargs)
  File "/Users/sundarb/airflow/venv/lib/python3.8/site-packages/airflow/models/taskinstance.py", line 522, in clear_xcom_data
    session.query(XCom).filter(
  File "/Users/sundarb/airflow/venv/lib/python3.8/site-packages/sqlalchemy/orm/query.py", line 3925, in delete
    delete_op = persistence.BulkDelete.factory(self, synchronize_session)
  File "/Users/sundarb/airflow/venv/lib/python3.8/site-packages/sqlalchemy/orm/persistence.py", line 1908, in factory
    return BulkUD._factory(
  File "/Users/sundarb/airflow/venv/lib/python3.8/site-packages/sqlalchemy/orm/persistence.py", line 1691, in _factory
    return klass(*arg)
  File "/Users/sundarb/airflow/venv/lib/python3.8/site-packages/sqlalchemy/orm/persistence.py", line 1904, in __init__
    super(BulkDelete, self).__init__(query)
  File "/Users/sundarb/airflow/venv/lib/python3.8/site-packages/sqlalchemy/orm/persistence.py", line 1652, in __init__
    self._validate_query_state()
  File "/Users/sundarb/airflow/venv/lib/python3.8/site-packages/sqlalchemy/orm/persistence.py", line 1656, in _validate_query_state
    ("_limit", "limit()", None, operator.is_),
  File "/Users/sundarb/airflow/venv/lib/python3.8/site-packages/airflow/models/taskinstance.py", line 957, in signal_handler
    raise AirflowException("Task received SIGTERM signal")
airflow.exceptions.AirflowException: Task received SIGTERM signal
[2020-12-16 17:25:32,543] {taskinstance.py:1187} INFO - Marking task as FAILED. dag_id=Airflow_task, task_id=Data_from_table1, execution_date=20201216T115000, start_date=20201216T115526, end_date=20201216T115532
[2020-12-16 17:25:32,588] {helpers.py:291} INFO - Process psutil.Process(pid=97972, status='terminated', exitcode=1, started='17:25:26') (97972) terminated with exit code 1
