[2020-11-10 13:18:52,562] {taskinstance.py:670} INFO - Dependencies all met for <TaskInstance: example_bash_operator.run_after_loop 2020-11-08T00:00:00+00:00 [queued]>
[2020-11-10 13:18:52,571] {taskinstance.py:670} INFO - Dependencies all met for <TaskInstance: example_bash_operator.run_after_loop 2020-11-08T00:00:00+00:00 [queued]>
[2020-11-10 13:18:52,572] {taskinstance.py:880} INFO - 
--------------------------------------------------------------------------------
[2020-11-10 13:18:52,572] {taskinstance.py:881} INFO - Starting attempt 1 of 1
[2020-11-10 13:18:52,572] {taskinstance.py:882} INFO - 
--------------------------------------------------------------------------------
[2020-11-10 13:18:52,576] {taskinstance.py:901} INFO - Executing <Task(BashOperator): run_after_loop> on 2020-11-08T00:00:00+00:00
[2020-11-10 13:18:52,578] {standard_task_runner.py:54} INFO - Started process 25569 to run task
[2020-11-10 13:18:52,592] {standard_task_runner.py:77} INFO - Running: ['airflow', 'run', 'example_bash_operator', 'run_after_loop', '2020-11-08T00:00:00+00:00', '--job_id', '11', '--pool', 'default_pool', '--raw', '-sd', '/Users/sundarb/Documents/anaconda3/lib/python3.7/site-packages/airflow/example_dags/example_bash_operator.py', '--cfg_path', '/var/folders/x0/npyjyyg15zj3krdkh0pv612w0000gn/T/tmpv0t4r8zd']
[2020-11-10 13:18:52,594] {standard_task_runner.py:78} INFO - Job 11: Subtask run_after_loop
[2020-11-10 13:18:52,620] {logging_mixin.py:112} INFO - Running %s on host %s <TaskInstance: example_bash_operator.run_after_loop 2020-11-08T00:00:00+00:00 [running]> 153.225.168.192.in-addr.arpa
[2020-11-10 13:18:52,636] {bash_operator.py:113} INFO - Tmp dir root location: 
 /var/folders/x0/npyjyyg15zj3krdkh0pv612w0000gn/T
[2020-11-10 13:18:52,638] {bash_operator.py:136} INFO - Temporary script location: /var/folders/x0/npyjyyg15zj3krdkh0pv612w0000gn/T/airflowtmp_q_nu4it/run_after_loop2u04i316
[2020-11-10 13:18:52,639] {bash_operator.py:146} INFO - Running command: echo 1
[2020-11-10 13:18:52,645] {bash_operator.py:153} INFO - Output:
[2020-11-10 13:18:52,647] {bash_operator.py:157} INFO - 1
[2020-11-10 13:18:52,648] {bash_operator.py:161} INFO - Command exited with return code 0
[2020-11-10 13:18:52,653] {taskinstance.py:1070} INFO - Marking task as SUCCESS.dag_id=example_bash_operator, task_id=run_after_loop, execution_date=20201108T000000, start_date=20201110T074852, end_date=20201110T074852
[2020-11-10 13:18:57,552] {local_task_job.py:102} INFO - Task exited with return code 0
