[2020-12-05 16:54:19,183] {taskinstance.py:670} INFO - Dependencies all met for <TaskInstance: Airflow_task.Data_from_table2 2020-12-05T11:15:00+00:00 [queued]>
[2020-12-05 16:54:19,328] {taskinstance.py:670} INFO - Dependencies all met for <TaskInstance: Airflow_task.Data_from_table2 2020-12-05T11:15:00+00:00 [queued]>
[2020-12-05 16:54:19,330] {taskinstance.py:880} INFO - 
--------------------------------------------------------------------------------
[2020-12-05 16:54:19,331] {taskinstance.py:881} INFO - Starting attempt 1 of 1
[2020-12-05 16:54:19,332] {taskinstance.py:882} INFO - 
--------------------------------------------------------------------------------
[2020-12-05 16:54:19,409] {taskinstance.py:901} INFO - Executing <Task(PythonOperator): Data_from_table2> on 2020-12-05T11:15:00+00:00
[2020-12-05 16:54:19,422] {standard_task_runner.py:54} INFO - Started process 26699 to run task
[2020-12-05 16:54:19,676] {standard_task_runner.py:77} INFO - Running: ['airflow', 'run', 'Airflow_task', 'Data_from_table2', '2020-12-05T11:15:00+00:00', '--job_id', '99', '--pool', 'default_pool', '--raw', '-sd', 'DAGS_FOLDER/server-elastic.py', '--cfg_path', '/var/folders/x0/npyjyyg15zj3krdkh0pv612w0000gn/T/tmp8dj5so3x']
[2020-12-05 16:54:19,686] {standard_task_runner.py:78} INFO - Job 99: Subtask Data_from_table2
[2020-12-05 16:54:19,895] {logging_mixin.py:112} INFO - Running %s on host %s <TaskInstance: Airflow_task.Data_from_table2 2020-12-05T11:15:00+00:00 [running]> 1.0.0.0.0.0.0.0.0.0.0.0.0.0.0.0.0.0.0.0.0.0.0.0.0.0.0.0.0.0.0.0.ip6.arpa
[2020-12-05 16:54:20,024] {logging_mixin.py:112} INFO - Error::::: could not connect to server: Connection refused
	Is the server running on host "localhost" (::1) and accepting
	TCP/IP connections on port 5432?
could not connect to server: Connection refused
	Is the server running on host "localhost" (127.0.0.1) and accepting
	TCP/IP connections on port 5432?
[2020-12-05 16:54:20,029] {logging_mixin.py:112} INFO - 
[2020-12-05 16:54:20,033] {python_operator.py:114} INFO - Done. Returned value was: None
[2020-12-05 16:54:20,058] {taskinstance.py:1057} INFO - Marking task as SUCCESS.dag_id=Airflow_task, task_id=Data_from_table2, execution_date=20201205T111500, start_date=20201205T112419, end_date=20201205T112420
[2020-12-05 16:54:24,085] {local_task_job.py:102} INFO - Task exited with return code 0
