[2020-11-11 05:37:14,596] {scheduler_job.py:155} INFO - Started process (PID=41469) to work on /Users/sundarb/airflow/dags/sampleDag.py
[2020-11-11 05:37:14,602] {scheduler_job.py:1589} INFO - Processing file /Users/sundarb/airflow/dags/sampleDag.py for tasks to queue
[2020-11-11 05:37:14,603] {logging_mixin.py:112} INFO - [2020-11-11 05:37:14,603] {dagbag.py:417} INFO - Filling up the DagBag from /Users/sundarb/airflow/dags/sampleDag.py
[2020-11-11 05:37:14,611] {scheduler_job.py:1601} INFO - DAG(s) dict_keys(['First_DAG_for_test']) retrieved from /Users/sundarb/airflow/dags/sampleDag.py
[2020-11-11 05:37:14,633] {scheduler_job.py:1305} INFO - Processing First_DAG_for_test
[2020-11-11 05:37:14,692] {scheduler_job.py:1315} INFO - Created <DagRun First_DAG_for_test @ 2020-11-10T23:00:00+00:00: scheduled__2020-11-10T23:00:00+00:00, externally triggered: False>
[2020-11-11 05:37:14,695] {scheduler_job.py:771} INFO - Examining DAG run <DagRun First_DAG_for_test @ 2020-11-10 16:00:00+00:00: scheduled__2020-11-10T16:00:00+00:00, externally triggered: False>
[2020-11-11 05:37:14,702] {logging_mixin.py:112} INFO - [2020-11-11 05:37:14,702] {dagrun.py:311} INFO - Marking run <DagRun First_DAG_for_test @ 2020-11-10 16:00:00+00:00: scheduled__2020-11-10T16:00:00+00:00, externally triggered: False> failed
[2020-11-11 05:37:14,705] {scheduler_job.py:771} INFO - Examining DAG run <DagRun First_DAG_for_test @ 2020-11-10 18:00:00+00:00: scheduled__2020-11-10T18:00:00+00:00, externally triggered: False>
[2020-11-11 05:37:14,718] {scheduler_job.py:771} INFO - Examining DAG run <DagRun First_DAG_for_test @ 2020-11-10 19:00:00+00:00: scheduled__2020-11-10T19:00:00+00:00, externally triggered: False>
[2020-11-11 05:37:14,728] {scheduler_job.py:771} INFO - Examining DAG run <DagRun First_DAG_for_test @ 2020-11-10 22:00:00+00:00: scheduled__2020-11-10T22:00:00+00:00, externally triggered: False>
[2020-11-11 05:37:14,749] {scheduler_job.py:771} INFO - Examining DAG run <DagRun First_DAG_for_test @ 2020-11-10 23:00:00+00:00: scheduled__2020-11-10T23:00:00+00:00, externally triggered: False>
[2020-11-11 05:37:14,814] {scheduler_job.py:459} INFO - Skipping SLA check for <DAG: First_DAG_for_test> because no tasks in DAG have SLAs
[2020-11-11 05:37:14,816] {scheduler_job.py:1668} INFO - Creating / updating <TaskInstance: First_DAG_for_test.read_csv 2020-11-10 18:00:00+00:00 [scheduled]> in ORM
[2020-11-11 05:37:14,820] {scheduler_job.py:1668} INFO - Creating / updating <TaskInstance: First_DAG_for_test.print_data 2020-11-10 19:00:00+00:00 [scheduled]> in ORM
[2020-11-11 05:37:14,823] {scheduler_job.py:1668} INFO - Creating / updating <TaskInstance: First_DAG_for_test.end 2020-11-10 22:00:00+00:00 [success]> in ORM
[2020-11-11 05:37:14,825] {scheduler_job.py:1668} INFO - Creating / updating <TaskInstance: First_DAG_for_test.start 2020-11-10 23:00:00+00:00 [success]> in ORM
[2020-11-11 05:37:14,832] {scheduler_job.py:163} INFO - Processing /Users/sundarb/airflow/dags/sampleDag.py took 0.236 seconds
[2020-11-11 06:37:35,433] {scheduler_job.py:155} INFO - Started process (PID=41546) to work on /Users/sundarb/airflow/dags/sampleDag.py
[2020-11-11 06:37:35,440] {scheduler_job.py:1589} INFO - Processing file /Users/sundarb/airflow/dags/sampleDag.py for tasks to queue
[2020-11-11 06:37:35,441] {logging_mixin.py:112} INFO - [2020-11-11 06:37:35,441] {dagbag.py:417} INFO - Filling up the DagBag from /Users/sundarb/airflow/dags/sampleDag.py
[2020-11-11 06:37:35,449] {scheduler_job.py:1601} INFO - DAG(s) dict_keys(['First_DAG_for_test']) retrieved from /Users/sundarb/airflow/dags/sampleDag.py
[2020-11-11 06:37:35,475] {scheduler_job.py:1305} INFO - Processing First_DAG_for_test
[2020-11-11 06:37:35,535] {scheduler_job.py:1315} INFO - Created <DagRun First_DAG_for_test @ 2020-11-11T00:00:00+00:00: scheduled__2020-11-11T00:00:00+00:00, externally triggered: False>
[2020-11-11 06:37:35,540] {scheduler_job.py:771} INFO - Examining DAG run <DagRun First_DAG_for_test @ 2020-11-10 18:00:00+00:00: scheduled__2020-11-10T18:00:00+00:00, externally triggered: False>
[2020-11-11 06:37:35,547] {logging_mixin.py:112} INFO - [2020-11-11 06:37:35,547] {dagrun.py:311} INFO - Marking run <DagRun First_DAG_for_test @ 2020-11-10 18:00:00+00:00: scheduled__2020-11-10T18:00:00+00:00, externally triggered: False> failed
[2020-11-11 06:37:35,549] {scheduler_job.py:771} INFO - Examining DAG run <DagRun First_DAG_for_test @ 2020-11-10 19:00:00+00:00: scheduled__2020-11-10T19:00:00+00:00, externally triggered: False>
[2020-11-11 06:37:35,562] {scheduler_job.py:771} INFO - Examining DAG run <DagRun First_DAG_for_test @ 2020-11-10 22:00:00+00:00: scheduled__2020-11-10T22:00:00+00:00, externally triggered: False>
[2020-11-11 06:37:35,573] {scheduler_job.py:771} INFO - Examining DAG run <DagRun First_DAG_for_test @ 2020-11-10 23:00:00+00:00: scheduled__2020-11-10T23:00:00+00:00, externally triggered: False>
[2020-11-11 06:37:35,592] {scheduler_job.py:771} INFO - Examining DAG run <DagRun First_DAG_for_test @ 2020-11-11 00:00:00+00:00: scheduled__2020-11-11T00:00:00+00:00, externally triggered: False>
[2020-11-11 06:37:35,655] {scheduler_job.py:459} INFO - Skipping SLA check for <DAG: First_DAG_for_test> because no tasks in DAG have SLAs
[2020-11-11 06:37:35,657] {scheduler_job.py:1668} INFO - Creating / updating <TaskInstance: First_DAG_for_test.read_csv 2020-11-10 19:00:00+00:00 [scheduled]> in ORM
[2020-11-11 06:37:35,660] {scheduler_job.py:1668} INFO - Creating / updating <TaskInstance: First_DAG_for_test.print_data 2020-11-10 22:00:00+00:00 [scheduled]> in ORM
[2020-11-11 06:37:35,663] {scheduler_job.py:1668} INFO - Creating / updating <TaskInstance: First_DAG_for_test.end 2020-11-10 23:00:00+00:00 [success]> in ORM
[2020-11-11 06:37:35,665] {scheduler_job.py:1668} INFO - Creating / updating <TaskInstance: First_DAG_for_test.start 2020-11-11 00:00:00+00:00 [success]> in ORM
[2020-11-11 06:37:35,676] {scheduler_job.py:163} INFO - Processing /Users/sundarb/airflow/dags/sampleDag.py took 0.244 seconds
[2020-11-11 06:56:51,485] {scheduler_job.py:155} INFO - Started process (PID=41679) to work on /Users/sundarb/airflow/dags/sampleDag.py
[2020-11-11 06:56:51,501] {scheduler_job.py:1589} INFO - Processing file /Users/sundarb/airflow/dags/sampleDag.py for tasks to queue
[2020-11-11 06:56:51,502] {logging_mixin.py:112} INFO - [2020-11-11 06:56:51,502] {dagbag.py:417} INFO - Filling up the DagBag from /Users/sundarb/airflow/dags/sampleDag.py
[2020-11-11 06:56:51,509] {scheduler_job.py:1601} INFO - DAG(s) dict_keys(['First_DAG_for_test']) retrieved from /Users/sundarb/airflow/dags/sampleDag.py
[2020-11-11 06:56:51,529] {scheduler_job.py:1305} INFO - Processing First_DAG_for_test
[2020-11-11 06:56:51,545] {scheduler_job.py:771} INFO - Examining DAG run <DagRun First_DAG_for_test @ 2020-11-10 19:00:00+00:00: scheduled__2020-11-10T19:00:00+00:00, externally triggered: False>
[2020-11-11 06:56:51,554] {logging_mixin.py:112} INFO - [2020-11-11 06:56:51,554] {dagrun.py:311} INFO - Marking run <DagRun First_DAG_for_test @ 2020-11-10 19:00:00+00:00: scheduled__2020-11-10T19:00:00+00:00, externally triggered: False> failed
[2020-11-11 06:56:51,556] {scheduler_job.py:771} INFO - Examining DAG run <DagRun First_DAG_for_test @ 2020-11-10 22:00:00+00:00: scheduled__2020-11-10T22:00:00+00:00, externally triggered: False>
[2020-11-11 06:56:51,567] {scheduler_job.py:771} INFO - Examining DAG run <DagRun First_DAG_for_test @ 2020-11-10 23:00:00+00:00: scheduled__2020-11-10T23:00:00+00:00, externally triggered: False>
[2020-11-11 06:56:51,577] {scheduler_job.py:771} INFO - Examining DAG run <DagRun First_DAG_for_test @ 2020-11-11 00:00:00+00:00: scheduled__2020-11-11T00:00:00+00:00, externally triggered: False>
[2020-11-11 06:56:51,636] {scheduler_job.py:459} INFO - Skipping SLA check for <DAG: First_DAG_for_test> because no tasks in DAG have SLAs
[2020-11-11 06:56:51,639] {scheduler_job.py:1668} INFO - Creating / updating <TaskInstance: First_DAG_for_test.read_csv 2020-11-10 22:00:00+00:00 [scheduled]> in ORM
[2020-11-11 06:56:51,641] {scheduler_job.py:1668} INFO - Creating / updating <TaskInstance: First_DAG_for_test.print_data 2020-11-10 23:00:00+00:00 [scheduled]> in ORM
[2020-11-11 06:56:51,644] {scheduler_job.py:1668} INFO - Creating / updating <TaskInstance: First_DAG_for_test.end 2020-11-11 00:00:00+00:00 [success]> in ORM
[2020-11-11 06:56:51,651] {scheduler_job.py:163} INFO - Processing /Users/sundarb/airflow/dags/sampleDag.py took 0.166 seconds
[2020-11-11 06:57:57,573] {scheduler_job.py:155} INFO - Started process (PID=41739) to work on /Users/sundarb/airflow/dags/sampleDag.py
[2020-11-11 06:57:57,581] {scheduler_job.py:1589} INFO - Processing file /Users/sundarb/airflow/dags/sampleDag.py for tasks to queue
[2020-11-11 06:57:57,582] {logging_mixin.py:112} INFO - [2020-11-11 06:57:57,582] {dagbag.py:417} INFO - Filling up the DagBag from /Users/sundarb/airflow/dags/sampleDag.py
[2020-11-11 06:57:57,589] {scheduler_job.py:1601} INFO - DAG(s) dict_keys(['First_DAG_for_test']) retrieved from /Users/sundarb/airflow/dags/sampleDag.py
[2020-11-11 06:57:57,608] {scheduler_job.py:1305} INFO - Processing First_DAG_for_test
[2020-11-11 06:57:57,622] {scheduler_job.py:771} INFO - Examining DAG run <DagRun First_DAG_for_test @ 2020-11-10 22:00:00+00:00: scheduled__2020-11-10T22:00:00+00:00, externally triggered: False>
[2020-11-11 06:57:57,629] {logging_mixin.py:112} INFO - [2020-11-11 06:57:57,629] {dagrun.py:311} INFO - Marking run <DagRun First_DAG_for_test @ 2020-11-10 22:00:00+00:00: scheduled__2020-11-10T22:00:00+00:00, externally triggered: False> failed
[2020-11-11 06:57:57,631] {scheduler_job.py:771} INFO - Examining DAG run <DagRun First_DAG_for_test @ 2020-11-10 23:00:00+00:00: scheduled__2020-11-10T23:00:00+00:00, externally triggered: False>
[2020-11-11 06:57:57,641] {scheduler_job.py:771} INFO - Examining DAG run <DagRun First_DAG_for_test @ 2020-11-11 00:00:00+00:00: scheduled__2020-11-11T00:00:00+00:00, externally triggered: False>
[2020-11-11 06:57:57,670] {scheduler_job.py:459} INFO - Skipping SLA check for <DAG: First_DAG_for_test> because no tasks in DAG have SLAs
[2020-11-11 06:57:57,674] {scheduler_job.py:1668} INFO - Creating / updating <TaskInstance: First_DAG_for_test.read_csv 2020-11-10 23:00:00+00:00 [scheduled]> in ORM
[2020-11-11 06:57:57,677] {scheduler_job.py:1668} INFO - Creating / updating <TaskInstance: First_DAG_for_test.print_data 2020-11-11 00:00:00+00:00 [scheduled]> in ORM
[2020-11-11 06:57:57,682] {scheduler_job.py:163} INFO - Processing /Users/sundarb/airflow/dags/sampleDag.py took 0.110 seconds
[2020-11-11 06:59:02,707] {scheduler_job.py:155} INFO - Started process (PID=41811) to work on /Users/sundarb/airflow/dags/sampleDag.py
[2020-11-11 06:59:02,715] {scheduler_job.py:1589} INFO - Processing file /Users/sundarb/airflow/dags/sampleDag.py for tasks to queue
[2020-11-11 06:59:02,716] {logging_mixin.py:112} INFO - [2020-11-11 06:59:02,716] {dagbag.py:417} INFO - Filling up the DagBag from /Users/sundarb/airflow/dags/sampleDag.py
[2020-11-11 06:59:02,724] {scheduler_job.py:1601} INFO - DAG(s) dict_keys(['First_DAG_for_test']) retrieved from /Users/sundarb/airflow/dags/sampleDag.py
[2020-11-11 06:59:02,748] {scheduler_job.py:1305} INFO - Processing First_DAG_for_test
[2020-11-11 06:59:02,762] {scheduler_job.py:771} INFO - Examining DAG run <DagRun First_DAG_for_test @ 2020-11-10 23:00:00+00:00: scheduled__2020-11-10T23:00:00+00:00, externally triggered: False>
[2020-11-11 06:59:02,771] {logging_mixin.py:112} INFO - [2020-11-11 06:59:02,771] {dagrun.py:311} INFO - Marking run <DagRun First_DAG_for_test @ 2020-11-10 23:00:00+00:00: scheduled__2020-11-10T23:00:00+00:00, externally triggered: False> failed
[2020-11-11 06:59:02,773] {scheduler_job.py:771} INFO - Examining DAG run <DagRun First_DAG_for_test @ 2020-11-11 00:00:00+00:00: scheduled__2020-11-11T00:00:00+00:00, externally triggered: False>
[2020-11-11 06:59:02,792] {scheduler_job.py:459} INFO - Skipping SLA check for <DAG: First_DAG_for_test> because no tasks in DAG have SLAs
[2020-11-11 06:59:02,796] {scheduler_job.py:1668} INFO - Creating / updating <TaskInstance: First_DAG_for_test.read_csv 2020-11-11 00:00:00+00:00 [scheduled]> in ORM
[2020-11-11 06:59:02,802] {scheduler_job.py:163} INFO - Processing /Users/sundarb/airflow/dags/sampleDag.py took 0.095 seconds
[2020-11-11 07:00:01,509] {scheduler_job.py:155} INFO - Started process (PID=41858) to work on /Users/sundarb/airflow/dags/sampleDag.py
[2020-11-11 07:00:01,516] {scheduler_job.py:1589} INFO - Processing file /Users/sundarb/airflow/dags/sampleDag.py for tasks to queue
[2020-11-11 07:00:01,517] {logging_mixin.py:112} INFO - [2020-11-11 07:00:01,516] {dagbag.py:417} INFO - Filling up the DagBag from /Users/sundarb/airflow/dags/sampleDag.py
[2020-11-11 07:00:01,523] {scheduler_job.py:1601} INFO - DAG(s) dict_keys(['First_DAG_for_test']) retrieved from /Users/sundarb/airflow/dags/sampleDag.py
[2020-11-11 07:00:01,542] {scheduler_job.py:1305} INFO - Processing First_DAG_for_test
[2020-11-11 07:00:01,557] {scheduler_job.py:771} INFO - Examining DAG run <DagRun First_DAG_for_test @ 2020-11-11 00:00:00+00:00: scheduled__2020-11-11T00:00:00+00:00, externally triggered: False>
[2020-11-11 07:00:01,565] {logging_mixin.py:112} INFO - [2020-11-11 07:00:01,564] {dagrun.py:311} INFO - Marking run <DagRun First_DAG_for_test @ 2020-11-11 00:00:00+00:00: scheduled__2020-11-11T00:00:00+00:00, externally triggered: False> failed
[2020-11-11 07:00:01,567] {scheduler_job.py:459} INFO - Skipping SLA check for <DAG: First_DAG_for_test> because no tasks in DAG have SLAs
[2020-11-11 07:00:01,569] {scheduler_job.py:163} INFO - Processing /Users/sundarb/airflow/dags/sampleDag.py took 0.060 seconds
[2020-11-11 07:00:53,579] {scheduler_job.py:155} INFO - Started process (PID=41902) to work on /Users/sundarb/airflow/dags/sampleDag.py
[2020-11-11 07:00:53,598] {scheduler_job.py:1589} INFO - Processing file /Users/sundarb/airflow/dags/sampleDag.py for tasks to queue
[2020-11-11 07:00:53,599] {logging_mixin.py:112} INFO - [2020-11-11 07:00:53,598] {dagbag.py:417} INFO - Filling up the DagBag from /Users/sundarb/airflow/dags/sampleDag.py
[2020-11-11 07:00:53,609] {scheduler_job.py:1601} INFO - DAG(s) dict_keys(['First_DAG_for_test']) retrieved from /Users/sundarb/airflow/dags/sampleDag.py
[2020-11-11 07:00:53,633] {scheduler_job.py:1305} INFO - Processing First_DAG_for_test
[2020-11-11 07:00:53,650] {scheduler_job.py:459} INFO - Skipping SLA check for <DAG: First_DAG_for_test> because no tasks in DAG have SLAs
[2020-11-11 07:00:53,653] {scheduler_job.py:163} INFO - Processing /Users/sundarb/airflow/dags/sampleDag.py took 0.075 seconds
[2020-11-11 07:01:45,647] {scheduler_job.py:155} INFO - Started process (PID=41938) to work on /Users/sundarb/airflow/dags/sampleDag.py
[2020-11-11 07:01:45,656] {scheduler_job.py:1589} INFO - Processing file /Users/sundarb/airflow/dags/sampleDag.py for tasks to queue
[2020-11-11 07:01:45,658] {logging_mixin.py:112} INFO - [2020-11-11 07:01:45,657] {dagbag.py:417} INFO - Filling up the DagBag from /Users/sundarb/airflow/dags/sampleDag.py
[2020-11-11 07:01:45,666] {scheduler_job.py:1601} INFO - DAG(s) dict_keys(['First_DAG_for_test']) retrieved from /Users/sundarb/airflow/dags/sampleDag.py
[2020-11-11 07:01:45,690] {scheduler_job.py:1305} INFO - Processing First_DAG_for_test
[2020-11-11 07:01:45,706] {scheduler_job.py:459} INFO - Skipping SLA check for <DAG: First_DAG_for_test> because no tasks in DAG have SLAs
[2020-11-11 07:01:45,709] {scheduler_job.py:163} INFO - Processing /Users/sundarb/airflow/dags/sampleDag.py took 0.061 seconds
[2020-11-11 07:02:37,697] {scheduler_job.py:155} INFO - Started process (PID=41996) to work on /Users/sundarb/airflow/dags/sampleDag.py
[2020-11-11 07:02:37,705] {scheduler_job.py:1589} INFO - Processing file /Users/sundarb/airflow/dags/sampleDag.py for tasks to queue
[2020-11-11 07:02:37,706] {logging_mixin.py:112} INFO - [2020-11-11 07:02:37,705] {dagbag.py:417} INFO - Filling up the DagBag from /Users/sundarb/airflow/dags/sampleDag.py
[2020-11-11 07:02:37,714] {scheduler_job.py:1601} INFO - DAG(s) dict_keys(['First_DAG_for_test']) retrieved from /Users/sundarb/airflow/dags/sampleDag.py
[2020-11-11 07:02:37,741] {scheduler_job.py:1305} INFO - Processing First_DAG_for_test
[2020-11-11 07:02:37,761] {scheduler_job.py:459} INFO - Skipping SLA check for <DAG: First_DAG_for_test> because no tasks in DAG have SLAs
[2020-11-11 07:02:37,765] {scheduler_job.py:163} INFO - Processing /Users/sundarb/airflow/dags/sampleDag.py took 0.068 seconds
[2020-11-11 07:03:29,796] {scheduler_job.py:155} INFO - Started process (PID=42059) to work on /Users/sundarb/airflow/dags/sampleDag.py
[2020-11-11 07:03:29,804] {scheduler_job.py:1589} INFO - Processing file /Users/sundarb/airflow/dags/sampleDag.py for tasks to queue
[2020-11-11 07:03:29,805] {logging_mixin.py:112} INFO - [2020-11-11 07:03:29,805] {dagbag.py:417} INFO - Filling up the DagBag from /Users/sundarb/airflow/dags/sampleDag.py
[2020-11-11 07:03:29,814] {scheduler_job.py:1601} INFO - DAG(s) dict_keys(['First_DAG_for_test']) retrieved from /Users/sundarb/airflow/dags/sampleDag.py
[2020-11-11 07:03:29,835] {scheduler_job.py:1305} INFO - Processing First_DAG_for_test
[2020-11-11 07:03:29,850] {scheduler_job.py:459} INFO - Skipping SLA check for <DAG: First_DAG_for_test> because no tasks in DAG have SLAs
[2020-11-11 07:03:29,853] {scheduler_job.py:163} INFO - Processing /Users/sundarb/airflow/dags/sampleDag.py took 0.057 seconds
[2020-11-11 07:04:21,895] {scheduler_job.py:155} INFO - Started process (PID=42118) to work on /Users/sundarb/airflow/dags/sampleDag.py
[2020-11-11 07:04:21,911] {scheduler_job.py:1589} INFO - Processing file /Users/sundarb/airflow/dags/sampleDag.py for tasks to queue
[2020-11-11 07:04:21,912] {logging_mixin.py:112} INFO - [2020-11-11 07:04:21,912] {dagbag.py:417} INFO - Filling up the DagBag from /Users/sundarb/airflow/dags/sampleDag.py
[2020-11-11 07:04:21,927] {scheduler_job.py:1601} INFO - DAG(s) dict_keys(['First_DAG_for_test']) retrieved from /Users/sundarb/airflow/dags/sampleDag.py
[2020-11-11 07:04:21,945] {scheduler_job.py:1305} INFO - Processing First_DAG_for_test
[2020-11-11 07:04:21,965] {scheduler_job.py:459} INFO - Skipping SLA check for <DAG: First_DAG_for_test> because no tasks in DAG have SLAs
[2020-11-11 07:04:21,970] {scheduler_job.py:163} INFO - Processing /Users/sundarb/airflow/dags/sampleDag.py took 0.075 seconds
[2020-11-11 07:05:13,969] {scheduler_job.py:155} INFO - Started process (PID=42184) to work on /Users/sundarb/airflow/dags/sampleDag.py
[2020-11-11 07:05:13,976] {scheduler_job.py:1589} INFO - Processing file /Users/sundarb/airflow/dags/sampleDag.py for tasks to queue
[2020-11-11 07:05:13,977] {logging_mixin.py:112} INFO - [2020-11-11 07:05:13,977] {dagbag.py:417} INFO - Filling up the DagBag from /Users/sundarb/airflow/dags/sampleDag.py
[2020-11-11 07:05:13,984] {scheduler_job.py:1601} INFO - DAG(s) dict_keys(['First_DAG_for_test']) retrieved from /Users/sundarb/airflow/dags/sampleDag.py
[2020-11-11 07:05:14,004] {scheduler_job.py:1305} INFO - Processing First_DAG_for_test
[2020-11-11 07:05:14,020] {scheduler_job.py:459} INFO - Skipping SLA check for <DAG: First_DAG_for_test> because no tasks in DAG have SLAs
[2020-11-11 07:05:14,024] {scheduler_job.py:163} INFO - Processing /Users/sundarb/airflow/dags/sampleDag.py took 0.055 seconds
[2020-11-11 07:06:06,041] {scheduler_job.py:155} INFO - Started process (PID=42256) to work on /Users/sundarb/airflow/dags/sampleDag.py
[2020-11-11 07:06:06,049] {scheduler_job.py:1589} INFO - Processing file /Users/sundarb/airflow/dags/sampleDag.py for tasks to queue
[2020-11-11 07:06:06,050] {logging_mixin.py:112} INFO - [2020-11-11 07:06:06,050] {dagbag.py:417} INFO - Filling up the DagBag from /Users/sundarb/airflow/dags/sampleDag.py
[2020-11-11 07:06:06,060] {scheduler_job.py:1601} INFO - DAG(s) dict_keys(['First_DAG_for_test']) retrieved from /Users/sundarb/airflow/dags/sampleDag.py
[2020-11-11 07:06:06,083] {scheduler_job.py:1305} INFO - Processing First_DAG_for_test
[2020-11-11 07:06:06,100] {scheduler_job.py:459} INFO - Skipping SLA check for <DAG: First_DAG_for_test> because no tasks in DAG have SLAs
[2020-11-11 07:06:06,104] {scheduler_job.py:163} INFO - Processing /Users/sundarb/airflow/dags/sampleDag.py took 0.063 seconds
[2020-11-11 07:06:58,150] {scheduler_job.py:155} INFO - Started process (PID=42290) to work on /Users/sundarb/airflow/dags/sampleDag.py
[2020-11-11 07:06:58,160] {scheduler_job.py:1589} INFO - Processing file /Users/sundarb/airflow/dags/sampleDag.py for tasks to queue
[2020-11-11 07:06:58,160] {logging_mixin.py:112} INFO - [2020-11-11 07:06:58,160] {dagbag.py:417} INFO - Filling up the DagBag from /Users/sundarb/airflow/dags/sampleDag.py
[2020-11-11 07:06:58,169] {scheduler_job.py:1601} INFO - DAG(s) dict_keys(['First_DAG_for_test']) retrieved from /Users/sundarb/airflow/dags/sampleDag.py
[2020-11-11 07:06:58,191] {scheduler_job.py:1305} INFO - Processing First_DAG_for_test
[2020-11-11 07:06:58,216] {scheduler_job.py:459} INFO - Skipping SLA check for <DAG: First_DAG_for_test> because no tasks in DAG have SLAs
[2020-11-11 07:06:58,220] {scheduler_job.py:163} INFO - Processing /Users/sundarb/airflow/dags/sampleDag.py took 0.070 seconds
[2020-11-11 07:07:50,225] {scheduler_job.py:155} INFO - Started process (PID=42336) to work on /Users/sundarb/airflow/dags/sampleDag.py
[2020-11-11 07:07:50,250] {scheduler_job.py:1589} INFO - Processing file /Users/sundarb/airflow/dags/sampleDag.py for tasks to queue
[2020-11-11 07:07:50,251] {logging_mixin.py:112} INFO - [2020-11-11 07:07:50,250] {dagbag.py:417} INFO - Filling up the DagBag from /Users/sundarb/airflow/dags/sampleDag.py
[2020-11-11 07:07:50,257] {scheduler_job.py:1601} INFO - DAG(s) dict_keys(['First_DAG_for_test']) retrieved from /Users/sundarb/airflow/dags/sampleDag.py
[2020-11-11 07:07:50,275] {scheduler_job.py:1305} INFO - Processing First_DAG_for_test
[2020-11-11 07:07:50,290] {scheduler_job.py:459} INFO - Skipping SLA check for <DAG: First_DAG_for_test> because no tasks in DAG have SLAs
[2020-11-11 07:07:50,293] {scheduler_job.py:163} INFO - Processing /Users/sundarb/airflow/dags/sampleDag.py took 0.069 seconds
[2020-11-11 07:08:42,305] {scheduler_job.py:155} INFO - Started process (PID=42370) to work on /Users/sundarb/airflow/dags/sampleDag.py
[2020-11-11 07:08:42,314] {scheduler_job.py:1589} INFO - Processing file /Users/sundarb/airflow/dags/sampleDag.py for tasks to queue
[2020-11-11 07:08:42,315] {logging_mixin.py:112} INFO - [2020-11-11 07:08:42,314] {dagbag.py:417} INFO - Filling up the DagBag from /Users/sundarb/airflow/dags/sampleDag.py
[2020-11-11 07:08:42,323] {scheduler_job.py:1601} INFO - DAG(s) dict_keys(['First_DAG_for_test']) retrieved from /Users/sundarb/airflow/dags/sampleDag.py
[2020-11-11 07:08:42,351] {scheduler_job.py:1305} INFO - Processing First_DAG_for_test
[2020-11-11 07:08:42,369] {scheduler_job.py:459} INFO - Skipping SLA check for <DAG: First_DAG_for_test> because no tasks in DAG have SLAs
[2020-11-11 07:08:42,372] {scheduler_job.py:163} INFO - Processing /Users/sundarb/airflow/dags/sampleDag.py took 0.066 seconds
[2020-11-11 07:09:34,356] {scheduler_job.py:155} INFO - Started process (PID=42401) to work on /Users/sundarb/airflow/dags/sampleDag.py
[2020-11-11 07:09:34,366] {scheduler_job.py:1589} INFO - Processing file /Users/sundarb/airflow/dags/sampleDag.py for tasks to queue
[2020-11-11 07:09:34,367] {logging_mixin.py:112} INFO - [2020-11-11 07:09:34,366] {dagbag.py:417} INFO - Filling up the DagBag from /Users/sundarb/airflow/dags/sampleDag.py
[2020-11-11 07:09:34,375] {scheduler_job.py:1601} INFO - DAG(s) dict_keys(['First_DAG_for_test']) retrieved from /Users/sundarb/airflow/dags/sampleDag.py
[2020-11-11 07:09:34,398] {scheduler_job.py:1305} INFO - Processing First_DAG_for_test
[2020-11-11 07:09:34,414] {scheduler_job.py:459} INFO - Skipping SLA check for <DAG: First_DAG_for_test> because no tasks in DAG have SLAs
[2020-11-11 07:09:34,416] {scheduler_job.py:163} INFO - Processing /Users/sundarb/airflow/dags/sampleDag.py took 0.061 seconds
[2020-11-11 07:10:26,412] {scheduler_job.py:155} INFO - Started process (PID=42431) to work on /Users/sundarb/airflow/dags/sampleDag.py
[2020-11-11 07:10:26,421] {scheduler_job.py:1589} INFO - Processing file /Users/sundarb/airflow/dags/sampleDag.py for tasks to queue
[2020-11-11 07:10:26,421] {logging_mixin.py:112} INFO - [2020-11-11 07:10:26,421] {dagbag.py:417} INFO - Filling up the DagBag from /Users/sundarb/airflow/dags/sampleDag.py
[2020-11-11 07:10:26,430] {scheduler_job.py:1601} INFO - DAG(s) dict_keys(['First_DAG_for_test']) retrieved from /Users/sundarb/airflow/dags/sampleDag.py
[2020-11-11 07:10:26,451] {scheduler_job.py:1305} INFO - Processing First_DAG_for_test
[2020-11-11 07:10:26,465] {scheduler_job.py:459} INFO - Skipping SLA check for <DAG: First_DAG_for_test> because no tasks in DAG have SLAs
[2020-11-11 07:10:26,467] {scheduler_job.py:163} INFO - Processing /Users/sundarb/airflow/dags/sampleDag.py took 0.055 seconds
[2020-11-11 07:11:18,475] {scheduler_job.py:155} INFO - Started process (PID=42461) to work on /Users/sundarb/airflow/dags/sampleDag.py
[2020-11-11 07:11:18,502] {scheduler_job.py:1589} INFO - Processing file /Users/sundarb/airflow/dags/sampleDag.py for tasks to queue
[2020-11-11 07:11:18,504] {logging_mixin.py:112} INFO - [2020-11-11 07:11:18,503] {dagbag.py:417} INFO - Filling up the DagBag from /Users/sundarb/airflow/dags/sampleDag.py
[2020-11-11 07:11:18,513] {scheduler_job.py:1601} INFO - DAG(s) dict_keys(['First_DAG_for_test']) retrieved from /Users/sundarb/airflow/dags/sampleDag.py
[2020-11-11 07:11:18,537] {scheduler_job.py:1305} INFO - Processing First_DAG_for_test
[2020-11-11 07:11:18,553] {scheduler_job.py:459} INFO - Skipping SLA check for <DAG: First_DAG_for_test> because no tasks in DAG have SLAs
[2020-11-11 07:11:18,557] {scheduler_job.py:163} INFO - Processing /Users/sundarb/airflow/dags/sampleDag.py took 0.083 seconds
[2020-11-11 07:12:10,183] {scheduler_job.py:155} INFO - Started process (PID=42546) to work on /Users/sundarb/airflow/dags/sampleDag.py
[2020-11-11 07:12:10,190] {scheduler_job.py:1589} INFO - Processing file /Users/sundarb/airflow/dags/sampleDag.py for tasks to queue
[2020-11-11 07:12:10,190] {logging_mixin.py:112} INFO - [2020-11-11 07:12:10,190] {dagbag.py:417} INFO - Filling up the DagBag from /Users/sundarb/airflow/dags/sampleDag.py
[2020-11-11 07:12:10,199] {scheduler_job.py:1601} INFO - DAG(s) dict_keys(['First_DAG_for_test']) retrieved from /Users/sundarb/airflow/dags/sampleDag.py
[2020-11-11 07:12:10,220] {scheduler_job.py:1305} INFO - Processing First_DAG_for_test
[2020-11-11 07:12:10,239] {scheduler_job.py:459} INFO - Skipping SLA check for <DAG: First_DAG_for_test> because no tasks in DAG have SLAs
[2020-11-11 07:12:10,241] {scheduler_job.py:163} INFO - Processing /Users/sundarb/airflow/dags/sampleDag.py took 0.059 seconds
[2020-11-11 07:13:02,235] {scheduler_job.py:155} INFO - Started process (PID=42578) to work on /Users/sundarb/airflow/dags/sampleDag.py
[2020-11-11 07:13:02,245] {scheduler_job.py:1589} INFO - Processing file /Users/sundarb/airflow/dags/sampleDag.py for tasks to queue
[2020-11-11 07:13:02,246] {logging_mixin.py:112} INFO - [2020-11-11 07:13:02,246] {dagbag.py:417} INFO - Filling up the DagBag from /Users/sundarb/airflow/dags/sampleDag.py
[2020-11-11 07:13:02,253] {scheduler_job.py:1601} INFO - DAG(s) dict_keys(['First_DAG_for_test']) retrieved from /Users/sundarb/airflow/dags/sampleDag.py
[2020-11-11 07:13:02,275] {scheduler_job.py:1305} INFO - Processing First_DAG_for_test
[2020-11-11 07:13:02,290] {scheduler_job.py:459} INFO - Skipping SLA check for <DAG: First_DAG_for_test> because no tasks in DAG have SLAs
[2020-11-11 07:13:02,295] {scheduler_job.py:163} INFO - Processing /Users/sundarb/airflow/dags/sampleDag.py took 0.060 seconds
[2020-11-11 07:13:54,301] {scheduler_job.py:155} INFO - Started process (PID=42609) to work on /Users/sundarb/airflow/dags/sampleDag.py
[2020-11-11 07:13:54,309] {scheduler_job.py:1589} INFO - Processing file /Users/sundarb/airflow/dags/sampleDag.py for tasks to queue
[2020-11-11 07:13:54,310] {logging_mixin.py:112} INFO - [2020-11-11 07:13:54,310] {dagbag.py:417} INFO - Filling up the DagBag from /Users/sundarb/airflow/dags/sampleDag.py
[2020-11-11 07:13:54,320] {scheduler_job.py:1601} INFO - DAG(s) dict_keys(['First_DAG_for_test']) retrieved from /Users/sundarb/airflow/dags/sampleDag.py
[2020-11-11 07:13:54,343] {scheduler_job.py:1305} INFO - Processing First_DAG_for_test
[2020-11-11 07:13:54,359] {scheduler_job.py:459} INFO - Skipping SLA check for <DAG: First_DAG_for_test> because no tasks in DAG have SLAs
[2020-11-11 07:13:54,365] {scheduler_job.py:163} INFO - Processing /Users/sundarb/airflow/dags/sampleDag.py took 0.065 seconds
[2020-11-11 07:14:46,365] {scheduler_job.py:155} INFO - Started process (PID=42644) to work on /Users/sundarb/airflow/dags/sampleDag.py
[2020-11-11 07:14:46,402] {scheduler_job.py:1589} INFO - Processing file /Users/sundarb/airflow/dags/sampleDag.py for tasks to queue
[2020-11-11 07:14:46,403] {logging_mixin.py:112} INFO - [2020-11-11 07:14:46,403] {dagbag.py:417} INFO - Filling up the DagBag from /Users/sundarb/airflow/dags/sampleDag.py
[2020-11-11 07:14:46,412] {scheduler_job.py:1601} INFO - DAG(s) dict_keys(['First_DAG_for_test']) retrieved from /Users/sundarb/airflow/dags/sampleDag.py
[2020-11-11 07:14:46,435] {scheduler_job.py:1305} INFO - Processing First_DAG_for_test
[2020-11-11 07:14:46,451] {scheduler_job.py:459} INFO - Skipping SLA check for <DAG: First_DAG_for_test> because no tasks in DAG have SLAs
[2020-11-11 07:14:46,454] {scheduler_job.py:163} INFO - Processing /Users/sundarb/airflow/dags/sampleDag.py took 0.089 seconds
[2020-11-11 07:15:38,414] {scheduler_job.py:155} INFO - Started process (PID=42676) to work on /Users/sundarb/airflow/dags/sampleDag.py
[2020-11-11 07:15:38,422] {scheduler_job.py:1589} INFO - Processing file /Users/sundarb/airflow/dags/sampleDag.py for tasks to queue
[2020-11-11 07:15:38,423] {logging_mixin.py:112} INFO - [2020-11-11 07:15:38,423] {dagbag.py:417} INFO - Filling up the DagBag from /Users/sundarb/airflow/dags/sampleDag.py
[2020-11-11 07:15:38,432] {scheduler_job.py:1601} INFO - DAG(s) dict_keys(['First_DAG_for_test']) retrieved from /Users/sundarb/airflow/dags/sampleDag.py
[2020-11-11 07:15:38,453] {scheduler_job.py:1305} INFO - Processing First_DAG_for_test
[2020-11-11 07:15:38,469] {scheduler_job.py:459} INFO - Skipping SLA check for <DAG: First_DAG_for_test> because no tasks in DAG have SLAs
[2020-11-11 07:15:38,471] {scheduler_job.py:163} INFO - Processing /Users/sundarb/airflow/dags/sampleDag.py took 0.058 seconds
[2020-11-11 07:16:30,485] {scheduler_job.py:155} INFO - Started process (PID=42720) to work on /Users/sundarb/airflow/dags/sampleDag.py
[2020-11-11 07:16:30,493] {scheduler_job.py:1589} INFO - Processing file /Users/sundarb/airflow/dags/sampleDag.py for tasks to queue
[2020-11-11 07:16:30,493] {logging_mixin.py:112} INFO - [2020-11-11 07:16:30,493] {dagbag.py:417} INFO - Filling up the DagBag from /Users/sundarb/airflow/dags/sampleDag.py
[2020-11-11 07:16:30,500] {scheduler_job.py:1601} INFO - DAG(s) dict_keys(['First_DAG_for_test']) retrieved from /Users/sundarb/airflow/dags/sampleDag.py
[2020-11-11 07:16:30,518] {scheduler_job.py:1305} INFO - Processing First_DAG_for_test
[2020-11-11 07:16:30,532] {scheduler_job.py:459} INFO - Skipping SLA check for <DAG: First_DAG_for_test> because no tasks in DAG have SLAs
[2020-11-11 07:16:30,535] {scheduler_job.py:163} INFO - Processing /Users/sundarb/airflow/dags/sampleDag.py took 0.050 seconds
[2020-11-11 07:17:22,538] {scheduler_job.py:155} INFO - Started process (PID=42748) to work on /Users/sundarb/airflow/dags/sampleDag.py
[2020-11-11 07:17:22,546] {scheduler_job.py:1589} INFO - Processing file /Users/sundarb/airflow/dags/sampleDag.py for tasks to queue
[2020-11-11 07:17:22,547] {logging_mixin.py:112} INFO - [2020-11-11 07:17:22,547] {dagbag.py:417} INFO - Filling up the DagBag from /Users/sundarb/airflow/dags/sampleDag.py
[2020-11-11 07:17:22,555] {scheduler_job.py:1601} INFO - DAG(s) dict_keys(['First_DAG_for_test']) retrieved from /Users/sundarb/airflow/dags/sampleDag.py
[2020-11-11 07:17:22,579] {scheduler_job.py:1305} INFO - Processing First_DAG_for_test
[2020-11-11 07:17:22,595] {scheduler_job.py:459} INFO - Skipping SLA check for <DAG: First_DAG_for_test> because no tasks in DAG have SLAs
[2020-11-11 07:17:22,598] {scheduler_job.py:163} INFO - Processing /Users/sundarb/airflow/dags/sampleDag.py took 0.060 seconds
[2020-11-11 07:18:14,611] {scheduler_job.py:155} INFO - Started process (PID=42803) to work on /Users/sundarb/airflow/dags/sampleDag.py
[2020-11-11 07:18:14,647] {scheduler_job.py:1589} INFO - Processing file /Users/sundarb/airflow/dags/sampleDag.py for tasks to queue
[2020-11-11 07:18:14,648] {logging_mixin.py:112} INFO - [2020-11-11 07:18:14,648] {dagbag.py:417} INFO - Filling up the DagBag from /Users/sundarb/airflow/dags/sampleDag.py
[2020-11-11 07:18:14,657] {scheduler_job.py:1601} INFO - DAG(s) dict_keys(['First_DAG_for_test']) retrieved from /Users/sundarb/airflow/dags/sampleDag.py
[2020-11-11 07:18:14,682] {scheduler_job.py:1305} INFO - Processing First_DAG_for_test
[2020-11-11 07:18:14,707] {scheduler_job.py:459} INFO - Skipping SLA check for <DAG: First_DAG_for_test> because no tasks in DAG have SLAs
[2020-11-11 07:18:14,712] {scheduler_job.py:163} INFO - Processing /Users/sundarb/airflow/dags/sampleDag.py took 0.101 seconds
[2020-11-11 07:19:06,668] {scheduler_job.py:155} INFO - Started process (PID=42834) to work on /Users/sundarb/airflow/dags/sampleDag.py
[2020-11-11 07:19:06,677] {scheduler_job.py:1589} INFO - Processing file /Users/sundarb/airflow/dags/sampleDag.py for tasks to queue
[2020-11-11 07:19:06,678] {logging_mixin.py:112} INFO - [2020-11-11 07:19:06,677] {dagbag.py:417} INFO - Filling up the DagBag from /Users/sundarb/airflow/dags/sampleDag.py
[2020-11-11 07:19:06,686] {scheduler_job.py:1601} INFO - DAG(s) dict_keys(['First_DAG_for_test']) retrieved from /Users/sundarb/airflow/dags/sampleDag.py
[2020-11-11 07:19:06,709] {scheduler_job.py:1305} INFO - Processing First_DAG_for_test
[2020-11-11 07:19:06,725] {scheduler_job.py:459} INFO - Skipping SLA check for <DAG: First_DAG_for_test> because no tasks in DAG have SLAs
[2020-11-11 07:19:06,728] {scheduler_job.py:163} INFO - Processing /Users/sundarb/airflow/dags/sampleDag.py took 0.061 seconds
[2020-11-11 07:19:58,726] {scheduler_job.py:155} INFO - Started process (PID=42865) to work on /Users/sundarb/airflow/dags/sampleDag.py
[2020-11-11 07:19:58,737] {scheduler_job.py:1589} INFO - Processing file /Users/sundarb/airflow/dags/sampleDag.py for tasks to queue
[2020-11-11 07:19:58,738] {logging_mixin.py:112} INFO - [2020-11-11 07:19:58,738] {dagbag.py:417} INFO - Filling up the DagBag from /Users/sundarb/airflow/dags/sampleDag.py
[2020-11-11 07:19:58,752] {scheduler_job.py:1601} INFO - DAG(s) dict_keys(['First_DAG_for_test']) retrieved from /Users/sundarb/airflow/dags/sampleDag.py
[2020-11-11 07:19:58,776] {scheduler_job.py:1305} INFO - Processing First_DAG_for_test
[2020-11-11 07:19:58,789] {scheduler_job.py:459} INFO - Skipping SLA check for <DAG: First_DAG_for_test> because no tasks in DAG have SLAs
[2020-11-11 07:19:58,795] {scheduler_job.py:163} INFO - Processing /Users/sundarb/airflow/dags/sampleDag.py took 0.069 seconds
[2020-11-11 07:20:50,813] {scheduler_job.py:155} INFO - Started process (PID=42904) to work on /Users/sundarb/airflow/dags/sampleDag.py
[2020-11-11 07:20:50,820] {scheduler_job.py:1589} INFO - Processing file /Users/sundarb/airflow/dags/sampleDag.py for tasks to queue
[2020-11-11 07:20:50,821] {logging_mixin.py:112} INFO - [2020-11-11 07:20:50,821] {dagbag.py:417} INFO - Filling up the DagBag from /Users/sundarb/airflow/dags/sampleDag.py
[2020-11-11 07:20:50,829] {scheduler_job.py:1601} INFO - DAG(s) dict_keys(['First_DAG_for_test']) retrieved from /Users/sundarb/airflow/dags/sampleDag.py
[2020-11-11 07:20:50,850] {scheduler_job.py:1305} INFO - Processing First_DAG_for_test
[2020-11-11 07:20:50,865] {scheduler_job.py:459} INFO - Skipping SLA check for <DAG: First_DAG_for_test> because no tasks in DAG have SLAs
[2020-11-11 07:20:50,868] {scheduler_job.py:163} INFO - Processing /Users/sundarb/airflow/dags/sampleDag.py took 0.056 seconds
[2020-11-11 07:21:42,883] {scheduler_job.py:155} INFO - Started process (PID=42937) to work on /Users/sundarb/airflow/dags/sampleDag.py
[2020-11-11 07:21:42,891] {scheduler_job.py:1589} INFO - Processing file /Users/sundarb/airflow/dags/sampleDag.py for tasks to queue
[2020-11-11 07:21:42,892] {logging_mixin.py:112} INFO - [2020-11-11 07:21:42,892] {dagbag.py:417} INFO - Filling up the DagBag from /Users/sundarb/airflow/dags/sampleDag.py
[2020-11-11 07:21:42,899] {scheduler_job.py:1601} INFO - DAG(s) dict_keys(['First_DAG_for_test']) retrieved from /Users/sundarb/airflow/dags/sampleDag.py
[2020-11-11 07:21:42,922] {scheduler_job.py:1305} INFO - Processing First_DAG_for_test
[2020-11-11 07:21:42,941] {scheduler_job.py:459} INFO - Skipping SLA check for <DAG: First_DAG_for_test> because no tasks in DAG have SLAs
[2020-11-11 07:21:42,944] {scheduler_job.py:163} INFO - Processing /Users/sundarb/airflow/dags/sampleDag.py took 0.061 seconds
[2020-11-11 07:22:34,961] {scheduler_job.py:155} INFO - Started process (PID=42976) to work on /Users/sundarb/airflow/dags/sampleDag.py
[2020-11-11 07:22:34,972] {scheduler_job.py:1589} INFO - Processing file /Users/sundarb/airflow/dags/sampleDag.py for tasks to queue
[2020-11-11 07:22:34,973] {logging_mixin.py:112} INFO - [2020-11-11 07:22:34,973] {dagbag.py:417} INFO - Filling up the DagBag from /Users/sundarb/airflow/dags/sampleDag.py
[2020-11-11 07:22:34,983] {scheduler_job.py:1601} INFO - DAG(s) dict_keys(['First_DAG_for_test']) retrieved from /Users/sundarb/airflow/dags/sampleDag.py
[2020-11-11 07:22:35,015] {scheduler_job.py:1305} INFO - Processing First_DAG_for_test
[2020-11-11 07:22:35,034] {scheduler_job.py:459} INFO - Skipping SLA check for <DAG: First_DAG_for_test> because no tasks in DAG have SLAs
[2020-11-11 07:22:35,037] {scheduler_job.py:163} INFO - Processing /Users/sundarb/airflow/dags/sampleDag.py took 0.076 seconds
[2020-11-11 07:23:26,998] {scheduler_job.py:155} INFO - Started process (PID=43011) to work on /Users/sundarb/airflow/dags/sampleDag.py
[2020-11-11 07:23:27,006] {scheduler_job.py:1589} INFO - Processing file /Users/sundarb/airflow/dags/sampleDag.py for tasks to queue
[2020-11-11 07:23:27,007] {logging_mixin.py:112} INFO - [2020-11-11 07:23:27,006] {dagbag.py:417} INFO - Filling up the DagBag from /Users/sundarb/airflow/dags/sampleDag.py
[2020-11-11 07:23:27,014] {scheduler_job.py:1601} INFO - DAG(s) dict_keys(['First_DAG_for_test']) retrieved from /Users/sundarb/airflow/dags/sampleDag.py
[2020-11-11 07:23:27,032] {scheduler_job.py:1305} INFO - Processing First_DAG_for_test
[2020-11-11 07:23:27,046] {scheduler_job.py:459} INFO - Skipping SLA check for <DAG: First_DAG_for_test> because no tasks in DAG have SLAs
[2020-11-11 07:23:27,049] {scheduler_job.py:163} INFO - Processing /Users/sundarb/airflow/dags/sampleDag.py took 0.051 seconds
[2020-11-11 07:24:19,045] {scheduler_job.py:155} INFO - Started process (PID=43055) to work on /Users/sundarb/airflow/dags/sampleDag.py
[2020-11-11 07:24:19,054] {scheduler_job.py:1589} INFO - Processing file /Users/sundarb/airflow/dags/sampleDag.py for tasks to queue
[2020-11-11 07:24:19,055] {logging_mixin.py:112} INFO - [2020-11-11 07:24:19,054] {dagbag.py:417} INFO - Filling up the DagBag from /Users/sundarb/airflow/dags/sampleDag.py
[2020-11-11 07:24:19,063] {scheduler_job.py:1601} INFO - DAG(s) dict_keys(['First_DAG_for_test']) retrieved from /Users/sundarb/airflow/dags/sampleDag.py
[2020-11-11 07:24:19,085] {scheduler_job.py:1305} INFO - Processing First_DAG_for_test
[2020-11-11 07:24:19,101] {scheduler_job.py:459} INFO - Skipping SLA check for <DAG: First_DAG_for_test> because no tasks in DAG have SLAs
[2020-11-11 07:24:19,105] {scheduler_job.py:163} INFO - Processing /Users/sundarb/airflow/dags/sampleDag.py took 0.060 seconds
[2020-11-11 07:25:11,134] {scheduler_job.py:155} INFO - Started process (PID=43084) to work on /Users/sundarb/airflow/dags/sampleDag.py
[2020-11-11 07:25:11,150] {scheduler_job.py:1589} INFO - Processing file /Users/sundarb/airflow/dags/sampleDag.py for tasks to queue
[2020-11-11 07:25:11,151] {logging_mixin.py:112} INFO - [2020-11-11 07:25:11,151] {dagbag.py:417} INFO - Filling up the DagBag from /Users/sundarb/airflow/dags/sampleDag.py
[2020-11-11 07:25:11,162] {scheduler_job.py:1601} INFO - DAG(s) dict_keys(['First_DAG_for_test']) retrieved from /Users/sundarb/airflow/dags/sampleDag.py
[2020-11-11 07:25:11,186] {scheduler_job.py:1305} INFO - Processing First_DAG_for_test
[2020-11-11 07:25:11,203] {scheduler_job.py:459} INFO - Skipping SLA check for <DAG: First_DAG_for_test> because no tasks in DAG have SLAs
[2020-11-11 07:25:11,206] {scheduler_job.py:163} INFO - Processing /Users/sundarb/airflow/dags/sampleDag.py took 0.073 seconds
[2020-11-11 07:26:03,176] {scheduler_job.py:155} INFO - Started process (PID=43120) to work on /Users/sundarb/airflow/dags/sampleDag.py
[2020-11-11 07:26:03,185] {scheduler_job.py:1589} INFO - Processing file /Users/sundarb/airflow/dags/sampleDag.py for tasks to queue
[2020-11-11 07:26:03,186] {logging_mixin.py:112} INFO - [2020-11-11 07:26:03,186] {dagbag.py:417} INFO - Filling up the DagBag from /Users/sundarb/airflow/dags/sampleDag.py
[2020-11-11 07:26:03,195] {scheduler_job.py:1601} INFO - DAG(s) dict_keys(['First_DAG_for_test']) retrieved from /Users/sundarb/airflow/dags/sampleDag.py
[2020-11-11 07:26:03,220] {scheduler_job.py:1305} INFO - Processing First_DAG_for_test
[2020-11-11 07:26:03,236] {scheduler_job.py:459} INFO - Skipping SLA check for <DAG: First_DAG_for_test> because no tasks in DAG have SLAs
[2020-11-11 07:26:03,241] {scheduler_job.py:163} INFO - Processing /Users/sundarb/airflow/dags/sampleDag.py took 0.065 seconds
[2020-11-11 07:26:55,243] {scheduler_job.py:155} INFO - Started process (PID=43152) to work on /Users/sundarb/airflow/dags/sampleDag.py
[2020-11-11 07:26:55,257] {scheduler_job.py:1589} INFO - Processing file /Users/sundarb/airflow/dags/sampleDag.py for tasks to queue
[2020-11-11 07:26:55,258] {logging_mixin.py:112} INFO - [2020-11-11 07:26:55,258] {dagbag.py:417} INFO - Filling up the DagBag from /Users/sundarb/airflow/dags/sampleDag.py
[2020-11-11 07:26:55,268] {scheduler_job.py:1601} INFO - DAG(s) dict_keys(['First_DAG_for_test']) retrieved from /Users/sundarb/airflow/dags/sampleDag.py
[2020-11-11 07:26:55,293] {scheduler_job.py:1305} INFO - Processing First_DAG_for_test
[2020-11-11 07:26:55,311] {scheduler_job.py:459} INFO - Skipping SLA check for <DAG: First_DAG_for_test> because no tasks in DAG have SLAs
[2020-11-11 07:26:55,315] {scheduler_job.py:163} INFO - Processing /Users/sundarb/airflow/dags/sampleDag.py took 0.072 seconds
[2020-11-11 07:27:47,305] {scheduler_job.py:155} INFO - Started process (PID=43196) to work on /Users/sundarb/airflow/dags/sampleDag.py
[2020-11-11 07:27:47,313] {scheduler_job.py:1589} INFO - Processing file /Users/sundarb/airflow/dags/sampleDag.py for tasks to queue
[2020-11-11 07:27:47,314] {logging_mixin.py:112} INFO - [2020-11-11 07:27:47,314] {dagbag.py:417} INFO - Filling up the DagBag from /Users/sundarb/airflow/dags/sampleDag.py
[2020-11-11 07:27:47,323] {scheduler_job.py:1601} INFO - DAG(s) dict_keys(['First_DAG_for_test']) retrieved from /Users/sundarb/airflow/dags/sampleDag.py
[2020-11-11 07:27:47,350] {scheduler_job.py:1305} INFO - Processing First_DAG_for_test
[2020-11-11 07:27:47,371] {scheduler_job.py:459} INFO - Skipping SLA check for <DAG: First_DAG_for_test> because no tasks in DAG have SLAs
[2020-11-11 07:27:47,374] {scheduler_job.py:163} INFO - Processing /Users/sundarb/airflow/dags/sampleDag.py took 0.069 seconds
[2020-11-11 07:28:39,391] {scheduler_job.py:155} INFO - Started process (PID=43227) to work on /Users/sundarb/airflow/dags/sampleDag.py
[2020-11-11 07:28:39,407] {scheduler_job.py:1589} INFO - Processing file /Users/sundarb/airflow/dags/sampleDag.py for tasks to queue
[2020-11-11 07:28:39,408] {logging_mixin.py:112} INFO - [2020-11-11 07:28:39,408] {dagbag.py:417} INFO - Filling up the DagBag from /Users/sundarb/airflow/dags/sampleDag.py
[2020-11-11 07:28:39,417] {scheduler_job.py:1601} INFO - DAG(s) dict_keys(['First_DAG_for_test']) retrieved from /Users/sundarb/airflow/dags/sampleDag.py
[2020-11-11 07:28:39,436] {scheduler_job.py:1305} INFO - Processing First_DAG_for_test
[2020-11-11 07:28:39,452] {scheduler_job.py:459} INFO - Skipping SLA check for <DAG: First_DAG_for_test> because no tasks in DAG have SLAs
[2020-11-11 07:28:39,454] {scheduler_job.py:163} INFO - Processing /Users/sundarb/airflow/dags/sampleDag.py took 0.063 seconds
[2020-11-11 07:29:31,465] {scheduler_job.py:155} INFO - Started process (PID=43264) to work on /Users/sundarb/airflow/dags/sampleDag.py
[2020-11-11 07:29:31,479] {scheduler_job.py:1589} INFO - Processing file /Users/sundarb/airflow/dags/sampleDag.py for tasks to queue
[2020-11-11 07:29:31,480] {logging_mixin.py:112} INFO - [2020-11-11 07:29:31,479] {dagbag.py:417} INFO - Filling up the DagBag from /Users/sundarb/airflow/dags/sampleDag.py
[2020-11-11 07:29:31,487] {scheduler_job.py:1601} INFO - DAG(s) dict_keys(['First_DAG_for_test']) retrieved from /Users/sundarb/airflow/dags/sampleDag.py
[2020-11-11 07:29:31,511] {scheduler_job.py:1305} INFO - Processing First_DAG_for_test
[2020-11-11 07:29:31,529] {scheduler_job.py:459} INFO - Skipping SLA check for <DAG: First_DAG_for_test> because no tasks in DAG have SLAs
[2020-11-11 07:29:31,532] {scheduler_job.py:163} INFO - Processing /Users/sundarb/airflow/dags/sampleDag.py took 0.067 seconds
[2020-11-11 07:30:23,517] {scheduler_job.py:155} INFO - Started process (PID=43325) to work on /Users/sundarb/airflow/dags/sampleDag.py
[2020-11-11 07:30:23,524] {scheduler_job.py:1589} INFO - Processing file /Users/sundarb/airflow/dags/sampleDag.py for tasks to queue
[2020-11-11 07:30:23,525] {logging_mixin.py:112} INFO - [2020-11-11 07:30:23,525] {dagbag.py:417} INFO - Filling up the DagBag from /Users/sundarb/airflow/dags/sampleDag.py
[2020-11-11 07:30:23,537] {scheduler_job.py:1601} INFO - DAG(s) dict_keys(['First_DAG_for_test']) retrieved from /Users/sundarb/airflow/dags/sampleDag.py
[2020-11-11 07:30:23,559] {scheduler_job.py:1305} INFO - Processing First_DAG_for_test
[2020-11-11 07:30:23,615] {scheduler_job.py:1315} INFO - Created <DagRun First_DAG_for_test @ 2020-11-11T01:00:00+00:00: scheduled__2020-11-11T01:00:00+00:00, externally triggered: False>
[2020-11-11 07:30:23,618] {scheduler_job.py:771} INFO - Examining DAG run <DagRun First_DAG_for_test @ 2020-11-11 01:00:00+00:00: scheduled__2020-11-11T01:00:00+00:00, externally triggered: False>
[2020-11-11 07:30:23,659] {scheduler_job.py:459} INFO - Skipping SLA check for <DAG: First_DAG_for_test> because no tasks in DAG have SLAs
[2020-11-11 07:30:23,663] {scheduler_job.py:1668} INFO - Creating / updating <TaskInstance: First_DAG_for_test.start 2020-11-11 01:00:00+00:00 [success]> in ORM
[2020-11-11 07:30:23,669] {scheduler_job.py:163} INFO - Processing /Users/sundarb/airflow/dags/sampleDag.py took 0.153 seconds
[2020-11-11 07:31:15,580] {scheduler_job.py:155} INFO - Started process (PID=43364) to work on /Users/sundarb/airflow/dags/sampleDag.py
[2020-11-11 07:31:15,591] {scheduler_job.py:1589} INFO - Processing file /Users/sundarb/airflow/dags/sampleDag.py for tasks to queue
[2020-11-11 07:31:15,591] {logging_mixin.py:112} INFO - [2020-11-11 07:31:15,591] {dagbag.py:417} INFO - Filling up the DagBag from /Users/sundarb/airflow/dags/sampleDag.py
[2020-11-11 07:31:15,598] {scheduler_job.py:1601} INFO - DAG(s) dict_keys(['First_DAG_for_test']) retrieved from /Users/sundarb/airflow/dags/sampleDag.py
[2020-11-11 07:31:15,618] {scheduler_job.py:1305} INFO - Processing First_DAG_for_test
[2020-11-11 07:31:15,636] {scheduler_job.py:771} INFO - Examining DAG run <DagRun First_DAG_for_test @ 2020-11-11 01:00:00+00:00: scheduled__2020-11-11T01:00:00+00:00, externally triggered: False>
[2020-11-11 07:31:15,697] {scheduler_job.py:459} INFO - Skipping SLA check for <DAG: First_DAG_for_test> because no tasks in DAG have SLAs
[2020-11-11 07:31:15,700] {scheduler_job.py:1668} INFO - Creating / updating <TaskInstance: First_DAG_for_test.end 2020-11-11 01:00:00+00:00 [success]> in ORM
[2020-11-11 07:31:15,705] {scheduler_job.py:163} INFO - Processing /Users/sundarb/airflow/dags/sampleDag.py took 0.125 seconds
[2020-11-11 07:32:07,647] {scheduler_job.py:155} INFO - Started process (PID=43398) to work on /Users/sundarb/airflow/dags/sampleDag.py
[2020-11-11 07:32:07,667] {scheduler_job.py:1589} INFO - Processing file /Users/sundarb/airflow/dags/sampleDag.py for tasks to queue
[2020-11-11 07:32:07,668] {logging_mixin.py:112} INFO - [2020-11-11 07:32:07,667] {dagbag.py:417} INFO - Filling up the DagBag from /Users/sundarb/airflow/dags/sampleDag.py
[2020-11-11 07:32:07,674] {scheduler_job.py:1601} INFO - DAG(s) dict_keys(['First_DAG_for_test']) retrieved from /Users/sundarb/airflow/dags/sampleDag.py
[2020-11-11 07:32:07,692] {scheduler_job.py:1305} INFO - Processing First_DAG_for_test
[2020-11-11 07:32:07,708] {scheduler_job.py:771} INFO - Examining DAG run <DagRun First_DAG_for_test @ 2020-11-11 01:00:00+00:00: scheduled__2020-11-11T01:00:00+00:00, externally triggered: False>
[2020-11-11 07:32:07,739] {scheduler_job.py:459} INFO - Skipping SLA check for <DAG: First_DAG_for_test> because no tasks in DAG have SLAs
[2020-11-11 07:32:07,744] {scheduler_job.py:1668} INFO - Creating / updating <TaskInstance: First_DAG_for_test.print_data 2020-11-11 01:00:00+00:00 [scheduled]> in ORM
[2020-11-11 07:32:07,750] {scheduler_job.py:163} INFO - Processing /Users/sundarb/airflow/dags/sampleDag.py took 0.103 seconds
[2020-11-11 07:33:06,846] {scheduler_job.py:155} INFO - Started process (PID=43437) to work on /Users/sundarb/airflow/dags/sampleDag.py
[2020-11-11 07:33:06,858] {scheduler_job.py:1589} INFO - Processing file /Users/sundarb/airflow/dags/sampleDag.py for tasks to queue
[2020-11-11 07:33:06,859] {logging_mixin.py:112} INFO - [2020-11-11 07:33:06,858] {dagbag.py:417} INFO - Filling up the DagBag from /Users/sundarb/airflow/dags/sampleDag.py
[2020-11-11 07:33:06,868] {scheduler_job.py:1601} INFO - DAG(s) dict_keys(['First_DAG_for_test']) retrieved from /Users/sundarb/airflow/dags/sampleDag.py
[2020-11-11 07:33:06,888] {scheduler_job.py:1305} INFO - Processing First_DAG_for_test
[2020-11-11 07:33:06,906] {scheduler_job.py:771} INFO - Examining DAG run <DagRun First_DAG_for_test @ 2020-11-11 01:00:00+00:00: scheduled__2020-11-11T01:00:00+00:00, externally triggered: False>
[2020-11-11 07:33:06,928] {scheduler_job.py:459} INFO - Skipping SLA check for <DAG: First_DAG_for_test> because no tasks in DAG have SLAs
[2020-11-11 07:33:06,932] {scheduler_job.py:1668} INFO - Creating / updating <TaskInstance: First_DAG_for_test.read_csv 2020-11-11 01:00:00+00:00 [scheduled]> in ORM
[2020-11-11 07:33:06,940] {scheduler_job.py:163} INFO - Processing /Users/sundarb/airflow/dags/sampleDag.py took 0.094 seconds
[2020-11-11 07:34:05,941] {scheduler_job.py:155} INFO - Started process (PID=43507) to work on /Users/sundarb/airflow/dags/sampleDag.py
[2020-11-11 07:34:05,948] {scheduler_job.py:1589} INFO - Processing file /Users/sundarb/airflow/dags/sampleDag.py for tasks to queue
[2020-11-11 07:34:05,949] {logging_mixin.py:112} INFO - [2020-11-11 07:34:05,949] {dagbag.py:417} INFO - Filling up the DagBag from /Users/sundarb/airflow/dags/sampleDag.py
[2020-11-11 07:34:05,957] {scheduler_job.py:1601} INFO - DAG(s) dict_keys(['First_DAG_for_test']) retrieved from /Users/sundarb/airflow/dags/sampleDag.py
[2020-11-11 07:34:05,978] {scheduler_job.py:1305} INFO - Processing First_DAG_for_test
[2020-11-11 07:34:05,995] {scheduler_job.py:771} INFO - Examining DAG run <DagRun First_DAG_for_test @ 2020-11-11 01:00:00+00:00: scheduled__2020-11-11T01:00:00+00:00, externally triggered: False>
[2020-11-11 07:34:06,005] {logging_mixin.py:112} INFO - [2020-11-11 07:34:06,005] {dagrun.py:311} INFO - Marking run <DagRun First_DAG_for_test @ 2020-11-11 01:00:00+00:00: scheduled__2020-11-11T01:00:00+00:00, externally triggered: False> failed
[2020-11-11 07:34:06,008] {scheduler_job.py:459} INFO - Skipping SLA check for <DAG: First_DAG_for_test> because no tasks in DAG have SLAs
[2020-11-11 07:34:06,011] {scheduler_job.py:163} INFO - Processing /Users/sundarb/airflow/dags/sampleDag.py took 0.070 seconds
[2020-11-11 07:34:58,011] {scheduler_job.py:155} INFO - Started process (PID=43547) to work on /Users/sundarb/airflow/dags/sampleDag.py
[2020-11-11 07:34:58,019] {scheduler_job.py:1589} INFO - Processing file /Users/sundarb/airflow/dags/sampleDag.py for tasks to queue
[2020-11-11 07:34:58,020] {logging_mixin.py:112} INFO - [2020-11-11 07:34:58,020] {dagbag.py:417} INFO - Filling up the DagBag from /Users/sundarb/airflow/dags/sampleDag.py
[2020-11-11 07:34:58,028] {scheduler_job.py:1601} INFO - DAG(s) dict_keys(['First_DAG_for_test']) retrieved from /Users/sundarb/airflow/dags/sampleDag.py
[2020-11-11 07:34:58,048] {scheduler_job.py:1305} INFO - Processing First_DAG_for_test
[2020-11-11 07:34:58,063] {scheduler_job.py:459} INFO - Skipping SLA check for <DAG: First_DAG_for_test> because no tasks in DAG have SLAs
[2020-11-11 07:34:58,066] {scheduler_job.py:163} INFO - Processing /Users/sundarb/airflow/dags/sampleDag.py took 0.055 seconds
[2020-11-11 07:35:50,080] {scheduler_job.py:155} INFO - Started process (PID=43576) to work on /Users/sundarb/airflow/dags/sampleDag.py
[2020-11-11 07:35:50,088] {scheduler_job.py:1589} INFO - Processing file /Users/sundarb/airflow/dags/sampleDag.py for tasks to queue
[2020-11-11 07:35:50,089] {logging_mixin.py:112} INFO - [2020-11-11 07:35:50,089] {dagbag.py:417} INFO - Filling up the DagBag from /Users/sundarb/airflow/dags/sampleDag.py
[2020-11-11 07:35:50,098] {scheduler_job.py:1601} INFO - DAG(s) dict_keys(['First_DAG_for_test']) retrieved from /Users/sundarb/airflow/dags/sampleDag.py
[2020-11-11 07:35:50,119] {scheduler_job.py:1305} INFO - Processing First_DAG_for_test
[2020-11-11 07:35:50,136] {scheduler_job.py:459} INFO - Skipping SLA check for <DAG: First_DAG_for_test> because no tasks in DAG have SLAs
[2020-11-11 07:35:50,139] {scheduler_job.py:163} INFO - Processing /Users/sundarb/airflow/dags/sampleDag.py took 0.058 seconds
[2020-11-11 07:36:42,126] {scheduler_job.py:155} INFO - Started process (PID=43606) to work on /Users/sundarb/airflow/dags/sampleDag.py
[2020-11-11 07:36:42,134] {scheduler_job.py:1589} INFO - Processing file /Users/sundarb/airflow/dags/sampleDag.py for tasks to queue
[2020-11-11 07:36:42,135] {logging_mixin.py:112} INFO - [2020-11-11 07:36:42,135] {dagbag.py:417} INFO - Filling up the DagBag from /Users/sundarb/airflow/dags/sampleDag.py
[2020-11-11 07:36:42,143] {scheduler_job.py:1601} INFO - DAG(s) dict_keys(['First_DAG_for_test']) retrieved from /Users/sundarb/airflow/dags/sampleDag.py
[2020-11-11 07:36:42,165] {scheduler_job.py:1305} INFO - Processing First_DAG_for_test
[2020-11-11 07:36:42,180] {scheduler_job.py:459} INFO - Skipping SLA check for <DAG: First_DAG_for_test> because no tasks in DAG have SLAs
[2020-11-11 07:36:42,183] {scheduler_job.py:163} INFO - Processing /Users/sundarb/airflow/dags/sampleDag.py took 0.057 seconds
[2020-11-11 07:37:34,200] {scheduler_job.py:155} INFO - Started process (PID=43658) to work on /Users/sundarb/airflow/dags/sampleDag.py
[2020-11-11 07:37:34,208] {scheduler_job.py:1589} INFO - Processing file /Users/sundarb/airflow/dags/sampleDag.py for tasks to queue
[2020-11-11 07:37:34,209] {logging_mixin.py:112} INFO - [2020-11-11 07:37:34,209] {dagbag.py:417} INFO - Filling up the DagBag from /Users/sundarb/airflow/dags/sampleDag.py
[2020-11-11 07:37:34,216] {scheduler_job.py:1601} INFO - DAG(s) dict_keys(['First_DAG_for_test']) retrieved from /Users/sundarb/airflow/dags/sampleDag.py
[2020-11-11 07:37:34,237] {scheduler_job.py:1305} INFO - Processing First_DAG_for_test
[2020-11-11 07:37:34,253] {scheduler_job.py:459} INFO - Skipping SLA check for <DAG: First_DAG_for_test> because no tasks in DAG have SLAs
[2020-11-11 07:37:34,255] {scheduler_job.py:163} INFO - Processing /Users/sundarb/airflow/dags/sampleDag.py took 0.055 seconds
[2020-11-11 07:38:26,291] {scheduler_job.py:155} INFO - Started process (PID=43691) to work on /Users/sundarb/airflow/dags/sampleDag.py
[2020-11-11 07:38:26,302] {scheduler_job.py:1589} INFO - Processing file /Users/sundarb/airflow/dags/sampleDag.py for tasks to queue
[2020-11-11 07:38:26,303] {logging_mixin.py:112} INFO - [2020-11-11 07:38:26,302] {dagbag.py:417} INFO - Filling up the DagBag from /Users/sundarb/airflow/dags/sampleDag.py
[2020-11-11 07:38:26,311] {scheduler_job.py:1601} INFO - DAG(s) dict_keys(['First_DAG_for_test']) retrieved from /Users/sundarb/airflow/dags/sampleDag.py
[2020-11-11 07:38:26,335] {scheduler_job.py:1305} INFO - Processing First_DAG_for_test
[2020-11-11 07:38:26,352] {scheduler_job.py:459} INFO - Skipping SLA check for <DAG: First_DAG_for_test> because no tasks in DAG have SLAs
[2020-11-11 07:38:26,355] {scheduler_job.py:163} INFO - Processing /Users/sundarb/airflow/dags/sampleDag.py took 0.064 seconds
[2020-11-11 07:39:18,352] {scheduler_job.py:155} INFO - Started process (PID=43723) to work on /Users/sundarb/airflow/dags/sampleDag.py
[2020-11-11 07:39:18,360] {scheduler_job.py:1589} INFO - Processing file /Users/sundarb/airflow/dags/sampleDag.py for tasks to queue
[2020-11-11 07:39:18,361] {logging_mixin.py:112} INFO - [2020-11-11 07:39:18,360] {dagbag.py:417} INFO - Filling up the DagBag from /Users/sundarb/airflow/dags/sampleDag.py
[2020-11-11 07:39:18,368] {scheduler_job.py:1601} INFO - DAG(s) dict_keys(['First_DAG_for_test']) retrieved from /Users/sundarb/airflow/dags/sampleDag.py
[2020-11-11 07:39:18,389] {scheduler_job.py:1305} INFO - Processing First_DAG_for_test
[2020-11-11 07:39:18,404] {scheduler_job.py:459} INFO - Skipping SLA check for <DAG: First_DAG_for_test> because no tasks in DAG have SLAs
[2020-11-11 07:39:18,407] {scheduler_job.py:163} INFO - Processing /Users/sundarb/airflow/dags/sampleDag.py took 0.055 seconds
[2020-11-11 07:40:10,414] {scheduler_job.py:155} INFO - Started process (PID=43761) to work on /Users/sundarb/airflow/dags/sampleDag.py
[2020-11-11 07:40:10,424] {scheduler_job.py:1589} INFO - Processing file /Users/sundarb/airflow/dags/sampleDag.py for tasks to queue
[2020-11-11 07:40:10,424] {logging_mixin.py:112} INFO - [2020-11-11 07:40:10,424] {dagbag.py:417} INFO - Filling up the DagBag from /Users/sundarb/airflow/dags/sampleDag.py
[2020-11-11 07:40:10,433] {scheduler_job.py:1601} INFO - DAG(s) dict_keys(['First_DAG_for_test']) retrieved from /Users/sundarb/airflow/dags/sampleDag.py
[2020-11-11 07:40:10,455] {scheduler_job.py:1305} INFO - Processing First_DAG_for_test
[2020-11-11 07:40:10,473] {scheduler_job.py:771} INFO - Examining DAG run <DagRun First_DAG_for_test @ 2020-11-11 02:09:50.387409+00:00: manual__2020-11-11T02:09:50.387409+00:00, externally triggered: True>
[2020-11-11 07:40:10,514] {scheduler_job.py:459} INFO - Skipping SLA check for <DAG: First_DAG_for_test> because no tasks in DAG have SLAs
[2020-11-11 07:40:10,517] {scheduler_job.py:1668} INFO - Creating / updating <TaskInstance: First_DAG_for_test.start 2020-11-11 02:09:50.387409+00:00 [success]> in ORM
[2020-11-11 07:40:10,522] {scheduler_job.py:163} INFO - Processing /Users/sundarb/airflow/dags/sampleDag.py took 0.108 seconds
[2020-11-11 07:41:02,499] {scheduler_job.py:155} INFO - Started process (PID=43792) to work on /Users/sundarb/airflow/dags/sampleDag.py
[2020-11-11 07:41:02,507] {scheduler_job.py:1589} INFO - Processing file /Users/sundarb/airflow/dags/sampleDag.py for tasks to queue
[2020-11-11 07:41:02,507] {logging_mixin.py:112} INFO - [2020-11-11 07:41:02,507] {dagbag.py:417} INFO - Filling up the DagBag from /Users/sundarb/airflow/dags/sampleDag.py
[2020-11-11 07:41:02,516] {scheduler_job.py:1601} INFO - DAG(s) dict_keys(['First_DAG_for_test']) retrieved from /Users/sundarb/airflow/dags/sampleDag.py
[2020-11-11 07:41:02,535] {scheduler_job.py:1305} INFO - Processing First_DAG_for_test
[2020-11-11 07:41:02,551] {scheduler_job.py:771} INFO - Examining DAG run <DagRun First_DAG_for_test @ 2020-11-11 02:09:50.387409+00:00: manual__2020-11-11T02:09:50.387409+00:00, externally triggered: True>
[2020-11-11 07:41:02,590] {scheduler_job.py:459} INFO - Skipping SLA check for <DAG: First_DAG_for_test> because no tasks in DAG have SLAs
[2020-11-11 07:41:02,593] {scheduler_job.py:1668} INFO - Creating / updating <TaskInstance: First_DAG_for_test.end 2020-11-11 02:09:50.387409+00:00 [success]> in ORM
[2020-11-11 07:41:02,598] {scheduler_job.py:163} INFO - Processing /Users/sundarb/airflow/dags/sampleDag.py took 0.100 seconds
[2020-11-11 07:41:54,557] {scheduler_job.py:155} INFO - Started process (PID=43832) to work on /Users/sundarb/airflow/dags/sampleDag.py
[2020-11-11 07:41:54,566] {scheduler_job.py:1589} INFO - Processing file /Users/sundarb/airflow/dags/sampleDag.py for tasks to queue
[2020-11-11 07:41:54,567] {logging_mixin.py:112} INFO - [2020-11-11 07:41:54,567] {dagbag.py:417} INFO - Filling up the DagBag from /Users/sundarb/airflow/dags/sampleDag.py
[2020-11-11 07:41:54,575] {scheduler_job.py:1601} INFO - DAG(s) dict_keys(['First_DAG_for_test']) retrieved from /Users/sundarb/airflow/dags/sampleDag.py
[2020-11-11 07:41:54,599] {scheduler_job.py:1305} INFO - Processing First_DAG_for_test
[2020-11-11 07:41:54,614] {scheduler_job.py:771} INFO - Examining DAG run <DagRun First_DAG_for_test @ 2020-11-11 02:09:50.387409+00:00: manual__2020-11-11T02:09:50.387409+00:00, externally triggered: True>
[2020-11-11 07:41:54,639] {scheduler_job.py:459} INFO - Skipping SLA check for <DAG: First_DAG_for_test> because no tasks in DAG have SLAs
[2020-11-11 07:41:54,642] {scheduler_job.py:1668} INFO - Creating / updating <TaskInstance: First_DAG_for_test.print_data 2020-11-11 02:09:50.387409+00:00 [scheduled]> in ORM
[2020-11-11 07:41:54,647] {scheduler_job.py:163} INFO - Processing /Users/sundarb/airflow/dags/sampleDag.py took 0.091 seconds
[2020-11-11 07:42:53,630] {scheduler_job.py:155} INFO - Started process (PID=43890) to work on /Users/sundarb/airflow/dags/sampleDag.py
[2020-11-11 07:42:53,637] {scheduler_job.py:1589} INFO - Processing file /Users/sundarb/airflow/dags/sampleDag.py for tasks to queue
[2020-11-11 07:42:53,638] {logging_mixin.py:112} INFO - [2020-11-11 07:42:53,638] {dagbag.py:417} INFO - Filling up the DagBag from /Users/sundarb/airflow/dags/sampleDag.py
[2020-11-11 07:42:53,646] {scheduler_job.py:1601} INFO - DAG(s) dict_keys(['First_DAG_for_test']) retrieved from /Users/sundarb/airflow/dags/sampleDag.py
[2020-11-11 07:42:53,667] {scheduler_job.py:1305} INFO - Processing First_DAG_for_test
[2020-11-11 07:42:53,683] {scheduler_job.py:771} INFO - Examining DAG run <DagRun First_DAG_for_test @ 2020-11-11 02:09:50.387409+00:00: manual__2020-11-11T02:09:50.387409+00:00, externally triggered: True>
[2020-11-11 07:42:53,709] {scheduler_job.py:459} INFO - Skipping SLA check for <DAG: First_DAG_for_test> because no tasks in DAG have SLAs
[2020-11-11 07:42:53,712] {scheduler_job.py:1668} INFO - Creating / updating <TaskInstance: First_DAG_for_test.read_csv 2020-11-11 02:09:50.387409+00:00 [scheduled]> in ORM
[2020-11-11 07:42:53,719] {scheduler_job.py:163} INFO - Processing /Users/sundarb/airflow/dags/sampleDag.py took 0.089 seconds
[2020-11-11 07:43:52,309] {scheduler_job.py:155} INFO - Started process (PID=43952) to work on /Users/sundarb/airflow/dags/sampleDag.py
[2020-11-11 07:43:52,319] {scheduler_job.py:1589} INFO - Processing file /Users/sundarb/airflow/dags/sampleDag.py for tasks to queue
[2020-11-11 07:43:52,320] {logging_mixin.py:112} INFO - [2020-11-11 07:43:52,319] {dagbag.py:417} INFO - Filling up the DagBag from /Users/sundarb/airflow/dags/sampleDag.py
[2020-11-11 07:43:52,330] {scheduler_job.py:1601} INFO - DAG(s) dict_keys(['First_DAG_for_test']) retrieved from /Users/sundarb/airflow/dags/sampleDag.py
[2020-11-11 07:43:52,352] {scheduler_job.py:1305} INFO - Processing First_DAG_for_test
[2020-11-11 07:43:52,369] {scheduler_job.py:771} INFO - Examining DAG run <DagRun First_DAG_for_test @ 2020-11-11 02:09:50.387409+00:00: manual__2020-11-11T02:09:50.387409+00:00, externally triggered: True>
[2020-11-11 07:43:52,378] {logging_mixin.py:112} INFO - [2020-11-11 07:43:52,378] {dagrun.py:311} INFO - Marking run <DagRun First_DAG_for_test @ 2020-11-11 02:09:50.387409+00:00: manual__2020-11-11T02:09:50.387409+00:00, externally triggered: True> failed
[2020-11-11 07:43:52,382] {scheduler_job.py:459} INFO - Skipping SLA check for <DAG: First_DAG_for_test> because no tasks in DAG have SLAs
[2020-11-11 07:43:52,386] {scheduler_job.py:163} INFO - Processing /Users/sundarb/airflow/dags/sampleDag.py took 0.077 seconds
[2020-11-11 07:44:44,374] {scheduler_job.py:155} INFO - Started process (PID=43988) to work on /Users/sundarb/airflow/dags/sampleDag.py
[2020-11-11 07:44:44,392] {scheduler_job.py:1589} INFO - Processing file /Users/sundarb/airflow/dags/sampleDag.py for tasks to queue
[2020-11-11 07:44:44,393] {logging_mixin.py:112} INFO - [2020-11-11 07:44:44,392] {dagbag.py:417} INFO - Filling up the DagBag from /Users/sundarb/airflow/dags/sampleDag.py
[2020-11-11 07:44:44,402] {scheduler_job.py:1601} INFO - DAG(s) dict_keys(['First_DAG_for_test']) retrieved from /Users/sundarb/airflow/dags/sampleDag.py
[2020-11-11 07:44:44,423] {scheduler_job.py:1305} INFO - Processing First_DAG_for_test
[2020-11-11 07:44:44,440] {scheduler_job.py:459} INFO - Skipping SLA check for <DAG: First_DAG_for_test> because no tasks in DAG have SLAs
[2020-11-11 07:44:44,443] {scheduler_job.py:163} INFO - Processing /Users/sundarb/airflow/dags/sampleDag.py took 0.069 seconds
[2020-11-11 07:45:36,454] {scheduler_job.py:155} INFO - Started process (PID=44035) to work on /Users/sundarb/airflow/dags/sampleDag.py
[2020-11-11 07:45:36,466] {scheduler_job.py:1589} INFO - Processing file /Users/sundarb/airflow/dags/sampleDag.py for tasks to queue
[2020-11-11 07:45:36,467] {logging_mixin.py:112} INFO - [2020-11-11 07:45:36,467] {dagbag.py:417} INFO - Filling up the DagBag from /Users/sundarb/airflow/dags/sampleDag.py
[2020-11-11 07:45:36,476] {scheduler_job.py:1601} INFO - DAG(s) dict_keys(['First_DAG_for_test']) retrieved from /Users/sundarb/airflow/dags/sampleDag.py
[2020-11-11 07:45:36,499] {scheduler_job.py:1305} INFO - Processing First_DAG_for_test
[2020-11-11 07:45:36,516] {scheduler_job.py:459} INFO - Skipping SLA check for <DAG: First_DAG_for_test> because no tasks in DAG have SLAs
[2020-11-11 07:45:36,520] {scheduler_job.py:163} INFO - Processing /Users/sundarb/airflow/dags/sampleDag.py took 0.066 seconds
[2020-11-11 07:46:28,510] {scheduler_job.py:155} INFO - Started process (PID=44073) to work on /Users/sundarb/airflow/dags/sampleDag.py
[2020-11-11 07:46:28,518] {scheduler_job.py:1589} INFO - Processing file /Users/sundarb/airflow/dags/sampleDag.py for tasks to queue
[2020-11-11 07:46:28,519] {logging_mixin.py:112} INFO - [2020-11-11 07:46:28,518] {dagbag.py:417} INFO - Filling up the DagBag from /Users/sundarb/airflow/dags/sampleDag.py
[2020-11-11 07:46:28,526] {scheduler_job.py:1601} INFO - DAG(s) dict_keys(['First_DAG_for_test']) retrieved from /Users/sundarb/airflow/dags/sampleDag.py
[2020-11-11 07:46:28,550] {scheduler_job.py:1305} INFO - Processing First_DAG_for_test
[2020-11-11 07:46:28,571] {scheduler_job.py:459} INFO - Skipping SLA check for <DAG: First_DAG_for_test> because no tasks in DAG have SLAs
[2020-11-11 07:46:28,575] {scheduler_job.py:163} INFO - Processing /Users/sundarb/airflow/dags/sampleDag.py took 0.065 seconds
[2020-11-11 07:47:20,566] {scheduler_job.py:155} INFO - Started process (PID=44104) to work on /Users/sundarb/airflow/dags/sampleDag.py
[2020-11-11 07:47:20,574] {scheduler_job.py:1589} INFO - Processing file /Users/sundarb/airflow/dags/sampleDag.py for tasks to queue
[2020-11-11 07:47:20,575] {logging_mixin.py:112} INFO - [2020-11-11 07:47:20,574] {dagbag.py:417} INFO - Filling up the DagBag from /Users/sundarb/airflow/dags/sampleDag.py
[2020-11-11 07:47:20,584] {scheduler_job.py:1601} INFO - DAG(s) dict_keys(['First_DAG_for_test']) retrieved from /Users/sundarb/airflow/dags/sampleDag.py
[2020-11-11 07:47:20,608] {scheduler_job.py:1305} INFO - Processing First_DAG_for_test
[2020-11-11 07:47:20,626] {scheduler_job.py:459} INFO - Skipping SLA check for <DAG: First_DAG_for_test> because no tasks in DAG have SLAs
[2020-11-11 07:47:20,630] {scheduler_job.py:163} INFO - Processing /Users/sundarb/airflow/dags/sampleDag.py took 0.065 seconds
[2020-11-11 07:48:12,647] {scheduler_job.py:155} INFO - Started process (PID=44142) to work on /Users/sundarb/airflow/dags/sampleDag.py
[2020-11-11 07:48:12,672] {scheduler_job.py:1589} INFO - Processing file /Users/sundarb/airflow/dags/sampleDag.py for tasks to queue
[2020-11-11 07:48:12,673] {logging_mixin.py:112} INFO - [2020-11-11 07:48:12,673] {dagbag.py:417} INFO - Filling up the DagBag from /Users/sundarb/airflow/dags/sampleDag.py
[2020-11-11 07:48:12,683] {scheduler_job.py:1601} INFO - DAG(s) dict_keys(['First_DAG_for_test']) retrieved from /Users/sundarb/airflow/dags/sampleDag.py
[2020-11-11 07:48:12,715] {scheduler_job.py:1305} INFO - Processing First_DAG_for_test
[2020-11-11 07:48:12,733] {scheduler_job.py:459} INFO - Skipping SLA check for <DAG: First_DAG_for_test> because no tasks in DAG have SLAs
[2020-11-11 07:48:12,737] {scheduler_job.py:163} INFO - Processing /Users/sundarb/airflow/dags/sampleDag.py took 0.090 seconds
[2020-11-11 07:49:04,714] {scheduler_job.py:155} INFO - Started process (PID=44173) to work on /Users/sundarb/airflow/dags/sampleDag.py
[2020-11-11 07:49:04,725] {scheduler_job.py:1589} INFO - Processing file /Users/sundarb/airflow/dags/sampleDag.py for tasks to queue
[2020-11-11 07:49:04,726] {logging_mixin.py:112} INFO - [2020-11-11 07:49:04,725] {dagbag.py:417} INFO - Filling up the DagBag from /Users/sundarb/airflow/dags/sampleDag.py
[2020-11-11 07:49:04,735] {scheduler_job.py:1601} INFO - DAG(s) dict_keys(['First_DAG_for_test']) retrieved from /Users/sundarb/airflow/dags/sampleDag.py
[2020-11-11 07:49:04,756] {scheduler_job.py:1305} INFO - Processing First_DAG_for_test
[2020-11-11 07:49:04,772] {scheduler_job.py:771} INFO - Examining DAG run <DagRun First_DAG_for_test @ 2020-11-11 02:18:17.860966+00:00: manual__2020-11-11T02:18:17.860966+00:00, externally triggered: True>
[2020-11-11 07:49:04,811] {scheduler_job.py:459} INFO - Skipping SLA check for <DAG: First_DAG_for_test> because no tasks in DAG have SLAs
[2020-11-11 07:49:04,815] {scheduler_job.py:1668} INFO - Creating / updating <TaskInstance: First_DAG_for_test.start 2020-11-11 02:18:17.860966+00:00 [success]> in ORM
[2020-11-11 07:49:04,822] {scheduler_job.py:163} INFO - Processing /Users/sundarb/airflow/dags/sampleDag.py took 0.109 seconds
[2020-11-11 07:49:56,758] {scheduler_job.py:155} INFO - Started process (PID=44201) to work on /Users/sundarb/airflow/dags/sampleDag.py
[2020-11-11 07:49:56,766] {scheduler_job.py:1589} INFO - Processing file /Users/sundarb/airflow/dags/sampleDag.py for tasks to queue
[2020-11-11 07:49:56,767] {logging_mixin.py:112} INFO - [2020-11-11 07:49:56,767] {dagbag.py:417} INFO - Filling up the DagBag from /Users/sundarb/airflow/dags/sampleDag.py
[2020-11-11 07:49:56,774] {scheduler_job.py:1601} INFO - DAG(s) dict_keys(['First_DAG_for_test']) retrieved from /Users/sundarb/airflow/dags/sampleDag.py
[2020-11-11 07:49:56,793] {scheduler_job.py:1305} INFO - Processing First_DAG_for_test
[2020-11-11 07:49:56,807] {scheduler_job.py:771} INFO - Examining DAG run <DagRun First_DAG_for_test @ 2020-11-11 02:18:17.860966+00:00: manual__2020-11-11T02:18:17.860966+00:00, externally triggered: True>
[2020-11-11 07:49:56,844] {scheduler_job.py:459} INFO - Skipping SLA check for <DAG: First_DAG_for_test> because no tasks in DAG have SLAs
[2020-11-11 07:49:56,847] {scheduler_job.py:1668} INFO - Creating / updating <TaskInstance: First_DAG_for_test.end 2020-11-11 02:18:17.860966+00:00 [success]> in ORM
[2020-11-11 07:49:56,853] {scheduler_job.py:163} INFO - Processing /Users/sundarb/airflow/dags/sampleDag.py took 0.096 seconds
[2020-11-11 07:50:48,811] {scheduler_job.py:155} INFO - Started process (PID=44246) to work on /Users/sundarb/airflow/dags/sampleDag.py
[2020-11-11 07:50:48,849] {scheduler_job.py:1589} INFO - Processing file /Users/sundarb/airflow/dags/sampleDag.py for tasks to queue
[2020-11-11 07:50:48,850] {logging_mixin.py:112} INFO - [2020-11-11 07:50:48,850] {dagbag.py:417} INFO - Filling up the DagBag from /Users/sundarb/airflow/dags/sampleDag.py
[2020-11-11 07:50:48,859] {scheduler_job.py:1601} INFO - DAG(s) dict_keys(['First_DAG_for_test']) retrieved from /Users/sundarb/airflow/dags/sampleDag.py
[2020-11-11 07:50:48,879] {scheduler_job.py:1305} INFO - Processing First_DAG_for_test
[2020-11-11 07:50:48,892] {scheduler_job.py:771} INFO - Examining DAG run <DagRun First_DAG_for_test @ 2020-11-11 02:18:17.860966+00:00: manual__2020-11-11T02:18:17.860966+00:00, externally triggered: True>
[2020-11-11 07:50:48,917] {scheduler_job.py:459} INFO - Skipping SLA check for <DAG: First_DAG_for_test> because no tasks in DAG have SLAs
[2020-11-11 07:50:48,922] {scheduler_job.py:1668} INFO - Creating / updating <TaskInstance: First_DAG_for_test.print_data 2020-11-11 02:18:17.860966+00:00 [scheduled]> in ORM
[2020-11-11 07:50:48,928] {scheduler_job.py:163} INFO - Processing /Users/sundarb/airflow/dags/sampleDag.py took 0.118 seconds
[2020-11-11 07:51:47,790] {scheduler_job.py:155} INFO - Started process (PID=44294) to work on /Users/sundarb/airflow/dags/sampleDag.py
[2020-11-11 07:51:47,798] {scheduler_job.py:1589} INFO - Processing file /Users/sundarb/airflow/dags/sampleDag.py for tasks to queue
[2020-11-11 07:51:47,799] {logging_mixin.py:112} INFO - [2020-11-11 07:51:47,799] {dagbag.py:417} INFO - Filling up the DagBag from /Users/sundarb/airflow/dags/sampleDag.py
[2020-11-11 07:51:47,806] {scheduler_job.py:1601} INFO - DAG(s) dict_keys(['First_DAG_for_test']) retrieved from /Users/sundarb/airflow/dags/sampleDag.py
[2020-11-11 07:51:47,828] {scheduler_job.py:1305} INFO - Processing First_DAG_for_test
[2020-11-11 07:51:47,845] {scheduler_job.py:771} INFO - Examining DAG run <DagRun First_DAG_for_test @ 2020-11-11 02:18:17.860966+00:00: manual__2020-11-11T02:18:17.860966+00:00, externally triggered: True>
[2020-11-11 07:51:47,866] {scheduler_job.py:459} INFO - Skipping SLA check for <DAG: First_DAG_for_test> because no tasks in DAG have SLAs
[2020-11-11 07:51:47,868] {scheduler_job.py:163} INFO - Processing /Users/sundarb/airflow/dags/sampleDag.py took 0.079 seconds
[2020-11-11 07:52:39,848] {scheduler_job.py:155} INFO - Started process (PID=44342) to work on /Users/sundarb/airflow/dags/sampleDag.py
[2020-11-11 07:52:39,857] {scheduler_job.py:1589} INFO - Processing file /Users/sundarb/airflow/dags/sampleDag.py for tasks to queue
[2020-11-11 07:52:39,858] {logging_mixin.py:112} INFO - [2020-11-11 07:52:39,858] {dagbag.py:417} INFO - Filling up the DagBag from /Users/sundarb/airflow/dags/sampleDag.py
[2020-11-11 07:52:39,866] {scheduler_job.py:1601} INFO - DAG(s) dict_keys(['First_DAG_for_test']) retrieved from /Users/sundarb/airflow/dags/sampleDag.py
[2020-11-11 07:52:39,889] {scheduler_job.py:1305} INFO - Processing First_DAG_for_test
[2020-11-11 07:52:39,905] {scheduler_job.py:771} INFO - Examining DAG run <DagRun First_DAG_for_test @ 2020-11-11 02:18:17.860966+00:00: manual__2020-11-11T02:18:17.860966+00:00, externally triggered: True>
[2020-11-11 07:52:39,913] {logging_mixin.py:112} INFO - [2020-11-11 07:52:39,913] {dagrun.py:311} INFO - Marking run <DagRun First_DAG_for_test @ 2020-11-11 02:18:17.860966+00:00: manual__2020-11-11T02:18:17.860966+00:00, externally triggered: True> failed
[2020-11-11 07:52:39,916] {scheduler_job.py:771} INFO - Examining DAG run <DagRun First_DAG_for_test @ 2020-11-11 02:22:09.521563+00:00: manual__2020-11-11T02:22:09.521563+00:00, externally triggered: True>
[2020-11-11 07:52:39,949] {scheduler_job.py:459} INFO - Skipping SLA check for <DAG: First_DAG_for_test> because no tasks in DAG have SLAs
[2020-11-11 07:52:39,952] {scheduler_job.py:1668} INFO - Creating / updating <TaskInstance: First_DAG_for_test.start 2020-11-11 02:22:09.521563+00:00 [success]> in ORM
[2020-11-11 07:52:39,958] {scheduler_job.py:163} INFO - Processing /Users/sundarb/airflow/dags/sampleDag.py took 0.110 seconds
[2020-11-11 07:53:31,901] {scheduler_job.py:155} INFO - Started process (PID=44376) to work on /Users/sundarb/airflow/dags/sampleDag.py
[2020-11-11 07:53:31,914] {scheduler_job.py:1589} INFO - Processing file /Users/sundarb/airflow/dags/sampleDag.py for tasks to queue
[2020-11-11 07:53:31,915] {logging_mixin.py:112} INFO - [2020-11-11 07:53:31,915] {dagbag.py:417} INFO - Filling up the DagBag from /Users/sundarb/airflow/dags/sampleDag.py
[2020-11-11 07:53:31,924] {scheduler_job.py:1601} INFO - DAG(s) dict_keys(['First_DAG_for_test']) retrieved from /Users/sundarb/airflow/dags/sampleDag.py
[2020-11-11 07:53:31,948] {scheduler_job.py:1305} INFO - Processing First_DAG_for_test
[2020-11-11 07:53:31,966] {scheduler_job.py:771} INFO - Examining DAG run <DagRun First_DAG_for_test @ 2020-11-11 02:22:09.521563+00:00: manual__2020-11-11T02:22:09.521563+00:00, externally triggered: True>
[2020-11-11 07:53:32,006] {scheduler_job.py:459} INFO - Skipping SLA check for <DAG: First_DAG_for_test> because no tasks in DAG have SLAs
[2020-11-11 07:53:32,009] {scheduler_job.py:1668} INFO - Creating / updating <TaskInstance: First_DAG_for_test.end 2020-11-11 02:22:09.521563+00:00 [success]> in ORM
[2020-11-11 07:53:32,014] {scheduler_job.py:163} INFO - Processing /Users/sundarb/airflow/dags/sampleDag.py took 0.113 seconds
[2020-11-11 07:54:23,951] {scheduler_job.py:155} INFO - Started process (PID=44415) to work on /Users/sundarb/airflow/dags/sampleDag.py
[2020-11-11 07:54:23,961] {scheduler_job.py:1589} INFO - Processing file /Users/sundarb/airflow/dags/sampleDag.py for tasks to queue
[2020-11-11 07:54:23,962] {logging_mixin.py:112} INFO - [2020-11-11 07:54:23,962] {dagbag.py:417} INFO - Filling up the DagBag from /Users/sundarb/airflow/dags/sampleDag.py
[2020-11-11 07:54:23,971] {scheduler_job.py:1601} INFO - DAG(s) dict_keys(['First_DAG_for_test']) retrieved from /Users/sundarb/airflow/dags/sampleDag.py
[2020-11-11 07:54:23,996] {scheduler_job.py:1305} INFO - Processing First_DAG_for_test
[2020-11-11 07:54:24,013] {scheduler_job.py:771} INFO - Examining DAG run <DagRun First_DAG_for_test @ 2020-11-11 02:22:09.521563+00:00: manual__2020-11-11T02:22:09.521563+00:00, externally triggered: True>
[2020-11-11 07:54:24,038] {scheduler_job.py:459} INFO - Skipping SLA check for <DAG: First_DAG_for_test> because no tasks in DAG have SLAs
[2020-11-11 07:54:24,041] {scheduler_job.py:1668} INFO - Creating / updating <TaskInstance: First_DAG_for_test.print_data 2020-11-11 02:22:09.521563+00:00 [scheduled]> in ORM
[2020-11-11 07:54:24,047] {scheduler_job.py:163} INFO - Processing /Users/sundarb/airflow/dags/sampleDag.py took 0.096 seconds
[2020-11-11 07:55:22,680] {scheduler_job.py:155} INFO - Started process (PID=44455) to work on /Users/sundarb/airflow/dags/sampleDag.py
[2020-11-11 07:55:22,689] {scheduler_job.py:1589} INFO - Processing file /Users/sundarb/airflow/dags/sampleDag.py for tasks to queue
[2020-11-11 07:55:22,690] {logging_mixin.py:112} INFO - [2020-11-11 07:55:22,690] {dagbag.py:417} INFO - Filling up the DagBag from /Users/sundarb/airflow/dags/sampleDag.py
[2020-11-11 07:55:22,699] {scheduler_job.py:1601} INFO - DAG(s) dict_keys(['First_DAG_for_test']) retrieved from /Users/sundarb/airflow/dags/sampleDag.py
[2020-11-11 07:55:22,721] {scheduler_job.py:1305} INFO - Processing First_DAG_for_test
[2020-11-11 07:55:22,737] {scheduler_job.py:771} INFO - Examining DAG run <DagRun First_DAG_for_test @ 2020-11-11 02:22:09.521563+00:00: manual__2020-11-11T02:22:09.521563+00:00, externally triggered: True>
[2020-11-11 07:55:22,757] {scheduler_job.py:459} INFO - Skipping SLA check for <DAG: First_DAG_for_test> because no tasks in DAG have SLAs
[2020-11-11 07:55:22,760] {scheduler_job.py:1668} INFO - Creating / updating <TaskInstance: First_DAG_for_test.read_csv 2020-11-11 02:22:09.521563+00:00 [scheduled]> in ORM
[2020-11-11 07:55:22,766] {scheduler_job.py:163} INFO - Processing /Users/sundarb/airflow/dags/sampleDag.py took 0.086 seconds
[2020-11-11 07:56:21,370] {scheduler_job.py:155} INFO - Started process (PID=44505) to work on /Users/sundarb/airflow/dags/sampleDag.py
[2020-11-11 07:56:21,379] {scheduler_job.py:1589} INFO - Processing file /Users/sundarb/airflow/dags/sampleDag.py for tasks to queue
[2020-11-11 07:56:21,380] {logging_mixin.py:112} INFO - [2020-11-11 07:56:21,380] {dagbag.py:417} INFO - Filling up the DagBag from /Users/sundarb/airflow/dags/sampleDag.py
[2020-11-11 07:56:21,389] {scheduler_job.py:1601} INFO - DAG(s) dict_keys(['First_DAG_for_test']) retrieved from /Users/sundarb/airflow/dags/sampleDag.py
[2020-11-11 07:56:21,412] {scheduler_job.py:1305} INFO - Processing First_DAG_for_test
[2020-11-11 07:56:21,428] {scheduler_job.py:771} INFO - Examining DAG run <DagRun First_DAG_for_test @ 2020-11-11 02:22:09.521563+00:00: manual__2020-11-11T02:22:09.521563+00:00, externally triggered: True>
[2020-11-11 07:56:21,436] {logging_mixin.py:112} INFO - [2020-11-11 07:56:21,435] {dagrun.py:311} INFO - Marking run <DagRun First_DAG_for_test @ 2020-11-11 02:22:09.521563+00:00: manual__2020-11-11T02:22:09.521563+00:00, externally triggered: True> failed
[2020-11-11 07:56:21,438] {scheduler_job.py:459} INFO - Skipping SLA check for <DAG: First_DAG_for_test> because no tasks in DAG have SLAs
[2020-11-11 07:56:21,440] {scheduler_job.py:163} INFO - Processing /Users/sundarb/airflow/dags/sampleDag.py took 0.071 seconds
[2020-11-11 07:57:13,410] {scheduler_job.py:155} INFO - Started process (PID=44542) to work on /Users/sundarb/airflow/dags/sampleDag.py
[2020-11-11 07:57:13,417] {scheduler_job.py:1589} INFO - Processing file /Users/sundarb/airflow/dags/sampleDag.py for tasks to queue
[2020-11-11 07:57:13,418] {logging_mixin.py:112} INFO - [2020-11-11 07:57:13,418] {dagbag.py:417} INFO - Filling up the DagBag from /Users/sundarb/airflow/dags/sampleDag.py
[2020-11-11 07:57:13,425] {scheduler_job.py:1601} INFO - DAG(s) dict_keys(['First_DAG_for_test']) retrieved from /Users/sundarb/airflow/dags/sampleDag.py
[2020-11-11 07:57:13,446] {scheduler_job.py:1305} INFO - Processing First_DAG_for_test
[2020-11-11 07:57:13,461] {scheduler_job.py:459} INFO - Skipping SLA check for <DAG: First_DAG_for_test> because no tasks in DAG have SLAs
[2020-11-11 07:57:13,464] {scheduler_job.py:163} INFO - Processing /Users/sundarb/airflow/dags/sampleDag.py took 0.054 seconds
[2020-11-11 07:58:05,470] {scheduler_job.py:155} INFO - Started process (PID=44600) to work on /Users/sundarb/airflow/dags/sampleDag.py
[2020-11-11 07:58:05,478] {scheduler_job.py:1589} INFO - Processing file /Users/sundarb/airflow/dags/sampleDag.py for tasks to queue
[2020-11-11 07:58:05,479] {logging_mixin.py:112} INFO - [2020-11-11 07:58:05,478] {dagbag.py:417} INFO - Filling up the DagBag from /Users/sundarb/airflow/dags/sampleDag.py
[2020-11-11 07:58:05,489] {scheduler_job.py:1601} INFO - DAG(s) dict_keys(['First_DAG_for_test']) retrieved from /Users/sundarb/airflow/dags/sampleDag.py
[2020-11-11 07:58:05,511] {scheduler_job.py:1305} INFO - Processing First_DAG_for_test
[2020-11-11 07:58:05,528] {scheduler_job.py:459} INFO - Skipping SLA check for <DAG: First_DAG_for_test> because no tasks in DAG have SLAs
[2020-11-11 07:58:05,534] {scheduler_job.py:163} INFO - Processing /Users/sundarb/airflow/dags/sampleDag.py took 0.064 seconds
[2020-11-11 07:58:57,507] {scheduler_job.py:155} INFO - Started process (PID=44638) to work on /Users/sundarb/airflow/dags/sampleDag.py
[2020-11-11 07:58:57,515] {scheduler_job.py:1589} INFO - Processing file /Users/sundarb/airflow/dags/sampleDag.py for tasks to queue
[2020-11-11 07:58:57,516] {logging_mixin.py:112} INFO - [2020-11-11 07:58:57,516] {dagbag.py:417} INFO - Filling up the DagBag from /Users/sundarb/airflow/dags/sampleDag.py
[2020-11-11 07:58:57,523] {scheduler_job.py:1601} INFO - DAG(s) dict_keys(['First_DAG_for_test']) retrieved from /Users/sundarb/airflow/dags/sampleDag.py
[2020-11-11 07:58:57,542] {scheduler_job.py:1305} INFO - Processing First_DAG_for_test
[2020-11-11 07:58:57,557] {scheduler_job.py:459} INFO - Skipping SLA check for <DAG: First_DAG_for_test> because no tasks in DAG have SLAs
[2020-11-11 07:58:57,561] {scheduler_job.py:163} INFO - Processing /Users/sundarb/airflow/dags/sampleDag.py took 0.054 seconds
[2020-11-11 07:59:49,548] {scheduler_job.py:155} INFO - Started process (PID=44685) to work on /Users/sundarb/airflow/dags/sampleDag.py
[2020-11-11 07:59:49,557] {scheduler_job.py:1589} INFO - Processing file /Users/sundarb/airflow/dags/sampleDag.py for tasks to queue
[2020-11-11 07:59:49,558] {logging_mixin.py:112} INFO - [2020-11-11 07:59:49,557] {dagbag.py:417} INFO - Filling up the DagBag from /Users/sundarb/airflow/dags/sampleDag.py
[2020-11-11 07:59:49,566] {scheduler_job.py:1601} INFO - DAG(s) dict_keys(['First_DAG_for_test']) retrieved from /Users/sundarb/airflow/dags/sampleDag.py
[2020-11-11 07:59:49,587] {scheduler_job.py:1305} INFO - Processing First_DAG_for_test
[2020-11-11 07:59:49,602] {scheduler_job.py:459} INFO - Skipping SLA check for <DAG: First_DAG_for_test> because no tasks in DAG have SLAs
[2020-11-11 07:59:49,606] {scheduler_job.py:163} INFO - Processing /Users/sundarb/airflow/dags/sampleDag.py took 0.057 seconds
[2020-11-11 08:00:41,613] {scheduler_job.py:155} INFO - Started process (PID=44723) to work on /Users/sundarb/airflow/dags/sampleDag.py
[2020-11-11 08:00:41,622] {scheduler_job.py:1589} INFO - Processing file /Users/sundarb/airflow/dags/sampleDag.py for tasks to queue
[2020-11-11 08:00:41,622] {logging_mixin.py:112} INFO - [2020-11-11 08:00:41,622] {dagbag.py:417} INFO - Filling up the DagBag from /Users/sundarb/airflow/dags/sampleDag.py
[2020-11-11 08:00:41,632] {scheduler_job.py:1601} INFO - DAG(s) dict_keys(['First_DAG_for_test']) retrieved from /Users/sundarb/airflow/dags/sampleDag.py
[2020-11-11 08:00:41,654] {scheduler_job.py:1305} INFO - Processing First_DAG_for_test
[2020-11-11 08:00:41,670] {scheduler_job.py:459} INFO - Skipping SLA check for <DAG: First_DAG_for_test> because no tasks in DAG have SLAs
[2020-11-11 08:00:41,673] {scheduler_job.py:163} INFO - Processing /Users/sundarb/airflow/dags/sampleDag.py took 0.060 seconds
[2020-11-11 09:55:12,198] {scheduler_job.py:155} INFO - Started process (PID=44796) to work on /Users/sundarb/airflow/dags/sampleDag.py
[2020-11-11 09:55:12,242] {scheduler_job.py:1589} INFO - Processing file /Users/sundarb/airflow/dags/sampleDag.py for tasks to queue
[2020-11-11 09:55:12,252] {logging_mixin.py:112} INFO - [2020-11-11 09:55:12,248] {dagbag.py:417} INFO - Filling up the DagBag from /Users/sundarb/airflow/dags/sampleDag.py
[2020-11-11 09:55:12,312] {scheduler_job.py:1601} INFO - DAG(s) dict_keys(['First_DAG_for_test']) retrieved from /Users/sundarb/airflow/dags/sampleDag.py
[2020-11-11 09:55:12,504] {scheduler_job.py:1305} INFO - Processing First_DAG_for_test
[2020-11-11 09:55:12,756] {scheduler_job.py:1315} INFO - Created <DagRun First_DAG_for_test @ 2020-11-11T03:00:00+00:00: scheduled__2020-11-11T03:00:00+00:00, externally triggered: False>
[2020-11-11 09:55:12,779] {scheduler_job.py:771} INFO - Examining DAG run <DagRun First_DAG_for_test @ 2020-11-11 03:00:00+00:00: scheduled__2020-11-11T03:00:00+00:00, externally triggered: False>
[2020-11-11 09:55:13,099] {scheduler_job.py:459} INFO - Skipping SLA check for <DAG: First_DAG_for_test> because no tasks in DAG have SLAs
[2020-11-11 09:55:13,128] {scheduler_job.py:1668} INFO - Creating / updating <TaskInstance: First_DAG_for_test.start 2020-11-11 03:00:00+00:00 [success]> in ORM
[2020-11-11 09:55:13,171] {scheduler_job.py:163} INFO - Processing /Users/sundarb/airflow/dags/sampleDag.py took 0.974 seconds
[2020-11-11 11:01:44,990] {scheduler_job.py:155} INFO - Started process (PID=44890) to work on /Users/sundarb/airflow/dags/sampleDag.py
[2020-11-11 11:01:45,001] {scheduler_job.py:1589} INFO - Processing file /Users/sundarb/airflow/dags/sampleDag.py for tasks to queue
[2020-11-11 11:01:45,002] {logging_mixin.py:112} INFO - [2020-11-11 11:01:45,002] {dagbag.py:417} INFO - Filling up the DagBag from /Users/sundarb/airflow/dags/sampleDag.py
[2020-11-11 11:01:45,018] {scheduler_job.py:1601} INFO - DAG(s) dict_keys(['First_DAG_for_test']) retrieved from /Users/sundarb/airflow/dags/sampleDag.py
[2020-11-11 11:01:45,054] {scheduler_job.py:1305} INFO - Processing First_DAG_for_test
[2020-11-11 11:01:45,127] {scheduler_job.py:1315} INFO - Created <DagRun First_DAG_for_test @ 2020-11-11T04:00:00+00:00: scheduled__2020-11-11T04:00:00+00:00, externally triggered: False>
[2020-11-11 11:01:45,135] {scheduler_job.py:771} INFO - Examining DAG run <DagRun First_DAG_for_test @ 2020-11-11 03:00:00+00:00: scheduled__2020-11-11T03:00:00+00:00, externally triggered: False>
[2020-11-11 11:01:45,177] {scheduler_job.py:771} INFO - Examining DAG run <DagRun First_DAG_for_test @ 2020-11-11 04:00:00+00:00: scheduled__2020-11-11T04:00:00+00:00, externally triggered: False>
[2020-11-11 11:01:45,281] {scheduler_job.py:459} INFO - Skipping SLA check for <DAG: First_DAG_for_test> because no tasks in DAG have SLAs
[2020-11-11 11:01:45,286] {scheduler_job.py:1668} INFO - Creating / updating <TaskInstance: First_DAG_for_test.end 2020-11-11 03:00:00+00:00 [success]> in ORM
[2020-11-11 11:01:45,293] {scheduler_job.py:1668} INFO - Creating / updating <TaskInstance: First_DAG_for_test.start 2020-11-11 04:00:00+00:00 [success]> in ORM
[2020-11-11 11:01:45,303] {scheduler_job.py:163} INFO - Processing /Users/sundarb/airflow/dags/sampleDag.py took 0.313 seconds
[2020-11-11 11:02:37,039] {scheduler_job.py:155} INFO - Started process (PID=44954) to work on /Users/sundarb/airflow/dags/sampleDag.py
[2020-11-11 11:02:37,047] {scheduler_job.py:1589} INFO - Processing file /Users/sundarb/airflow/dags/sampleDag.py for tasks to queue
[2020-11-11 11:02:37,049] {logging_mixin.py:112} INFO - [2020-11-11 11:02:37,048] {dagbag.py:417} INFO - Filling up the DagBag from /Users/sundarb/airflow/dags/sampleDag.py
[2020-11-11 11:02:37,062] {scheduler_job.py:1601} INFO - DAG(s) dict_keys(['First_DAG_for_test']) retrieved from /Users/sundarb/airflow/dags/sampleDag.py
[2020-11-11 11:02:37,098] {scheduler_job.py:1305} INFO - Processing First_DAG_for_test
[2020-11-11 11:02:37,127] {scheduler_job.py:771} INFO - Examining DAG run <DagRun First_DAG_for_test @ 2020-11-11 03:00:00+00:00: scheduled__2020-11-11T03:00:00+00:00, externally triggered: False>
[2020-11-11 11:02:37,152] {scheduler_job.py:771} INFO - Examining DAG run <DagRun First_DAG_for_test @ 2020-11-11 04:00:00+00:00: scheduled__2020-11-11T04:00:00+00:00, externally triggered: False>
[2020-11-11 11:02:37,238] {scheduler_job.py:459} INFO - Skipping SLA check for <DAG: First_DAG_for_test> because no tasks in DAG have SLAs
[2020-11-11 11:02:37,243] {scheduler_job.py:1668} INFO - Creating / updating <TaskInstance: First_DAG_for_test.print_data 2020-11-11 03:00:00+00:00 [scheduled]> in ORM
[2020-11-11 11:02:37,249] {scheduler_job.py:1668} INFO - Creating / updating <TaskInstance: First_DAG_for_test.end 2020-11-11 04:00:00+00:00 [success]> in ORM
[2020-11-11 11:02:37,259] {scheduler_job.py:163} INFO - Processing /Users/sundarb/airflow/dags/sampleDag.py took 0.221 seconds
[2020-11-11 11:03:36,928] {scheduler_job.py:155} INFO - Started process (PID=45028) to work on /Users/sundarb/airflow/dags/sampleDag.py
[2020-11-11 11:03:36,940] {scheduler_job.py:1589} INFO - Processing file /Users/sundarb/airflow/dags/sampleDag.py for tasks to queue
[2020-11-11 11:03:36,941] {logging_mixin.py:112} INFO - [2020-11-11 11:03:36,940] {dagbag.py:417} INFO - Filling up the DagBag from /Users/sundarb/airflow/dags/sampleDag.py
[2020-11-11 11:03:36,953] {scheduler_job.py:1601} INFO - DAG(s) dict_keys(['First_DAG_for_test']) retrieved from /Users/sundarb/airflow/dags/sampleDag.py
[2020-11-11 11:03:36,989] {scheduler_job.py:1305} INFO - Processing First_DAG_for_test
[2020-11-11 11:03:37,019] {scheduler_job.py:771} INFO - Examining DAG run <DagRun First_DAG_for_test @ 2020-11-11 03:00:00+00:00: scheduled__2020-11-11T03:00:00+00:00, externally triggered: False>
[2020-11-11 11:03:37,044] {scheduler_job.py:771} INFO - Examining DAG run <DagRun First_DAG_for_test @ 2020-11-11 04:00:00+00:00: scheduled__2020-11-11T04:00:00+00:00, externally triggered: False>
[2020-11-11 11:03:37,100] {scheduler_job.py:459} INFO - Skipping SLA check for <DAG: First_DAG_for_test> because no tasks in DAG have SLAs
[2020-11-11 11:03:37,107] {scheduler_job.py:1668} INFO - Creating / updating <TaskInstance: First_DAG_for_test.read_csv 2020-11-11 03:00:00+00:00 [scheduled]> in ORM
[2020-11-11 11:03:37,113] {scheduler_job.py:1668} INFO - Creating / updating <TaskInstance: First_DAG_for_test.print_data 2020-11-11 04:00:00+00:00 [scheduled]> in ORM
[2020-11-11 11:03:37,124] {scheduler_job.py:163} INFO - Processing /Users/sundarb/airflow/dags/sampleDag.py took 0.196 seconds
