[2020-12-08 23:55:06,469] {taskinstance.py:670} INFO - Dependencies all met for <TaskInstance: Airflow_task.Data_from_table1 2020-12-08T18:20:00+00:00 [queued]>
[2020-12-08 23:55:06,477] {taskinstance.py:670} INFO - Dependencies all met for <TaskInstance: Airflow_task.Data_from_table1 2020-12-08T18:20:00+00:00 [queued]>
[2020-12-08 23:55:06,477] {taskinstance.py:880} INFO - 
--------------------------------------------------------------------------------
[2020-12-08 23:55:06,477] {taskinstance.py:881} INFO - Starting attempt 1 of 1
[2020-12-08 23:55:06,477] {taskinstance.py:882} INFO - 
--------------------------------------------------------------------------------
[2020-12-08 23:55:06,483] {taskinstance.py:901} INFO - Executing <Task(PythonOperator): Data_from_table1> on 2020-12-08T18:20:00+00:00
[2020-12-08 23:55:06,485] {standard_task_runner.py:54} INFO - Started process 22850 to run task
[2020-12-08 23:55:06,519] {standard_task_runner.py:77} INFO - Running: ['airflow', 'run', 'Airflow_task', 'Data_from_table1', '2020-12-08T18:20:00+00:00', '--job_id', '316', '--pool', 'default_pool', '--raw', '-sd', 'DAGS_FOLDER/server-elastic.py', '--cfg_path', '/var/folders/x0/npyjyyg15zj3krdkh0pv612w0000gn/T/tmpt2105d4l']
[2020-12-08 23:55:06,520] {standard_task_runner.py:78} INFO - Job 316: Subtask Data_from_table1
[2020-12-08 23:55:06,553] {logging_mixin.py:112} INFO - Running %s on host %s <TaskInstance: Airflow_task.Data_from_table1 2020-12-08T18:20:00+00:00 [running]> 153.225.168.192.in-addr.arpa
[2020-12-08 23:55:09,087] {conn.py:380} INFO - <BrokerConnection node_id=bootstrap-0 host=localhost:9092 <connecting> [IPv6 ('::1', 9092, 0, 0)]>: connecting to localhost:9092 [('::1', 9092, 0, 0) IPv6]
[2020-12-08 23:55:09,088] {conn.py:1205} INFO - Probing node bootstrap-0 broker version
[2020-12-08 23:55:09,090] {conn.py:418} ERROR - Connect attempt to <BrokerConnection node_id=bootstrap-0 host=localhost:9092 <connecting> [IPv6 ('::1', 9092, 0, 0)]> returned error 61. Disconnecting.
[2020-12-08 23:55:09,090] {conn.py:919} INFO - <BrokerConnection node_id=bootstrap-0 host=localhost:9092 <connecting> [IPv6 ('::1', 9092, 0, 0)]>: Closing connection. KafkaConnectionError: 61 ECONNREFUSED
[2020-12-08 23:55:09,136] {conn.py:380} INFO - <BrokerConnection node_id=bootstrap-0 host=localhost:9092 <connecting> [IPv6 ('::1', 9092, 0, 0)]>: connecting to localhost:9092 [('::1', 9092, 0, 0) IPv6]
[2020-12-08 23:55:09,137] {conn.py:418} ERROR - Connect attempt to <BrokerConnection node_id=bootstrap-0 host=localhost:9092 <connecting> [IPv6 ('::1', 9092, 0, 0)]> returned error 61. Disconnecting.
[2020-12-08 23:55:09,137] {conn.py:919} INFO - <BrokerConnection node_id=bootstrap-0 host=localhost:9092 <connecting> [IPv6 ('::1', 9092, 0, 0)]>: Closing connection. KafkaConnectionError: 61 ECONNREFUSED
[2020-12-08 23:55:09,186] {conn.py:380} INFO - <BrokerConnection node_id=bootstrap-0 host=localhost:9092 <connecting> [IPv4 ('127.0.0.1', 9092)]>: connecting to localhost:9092 [('127.0.0.1', 9092) IPv4]
[2020-12-08 23:55:09,187] {conn.py:418} ERROR - Connect attempt to <BrokerConnection node_id=bootstrap-0 host=localhost:9092 <connecting> [IPv4 ('127.0.0.1', 9092)]> returned error 61. Disconnecting.
[2020-12-08 23:55:09,187] {conn.py:919} INFO - <BrokerConnection node_id=bootstrap-0 host=localhost:9092 <connecting> [IPv4 ('127.0.0.1', 9092)]>: Closing connection. KafkaConnectionError: 61 ECONNREFUSED
[2020-12-08 23:55:09,187] {logging_mixin.py:112} INFO - Error::::: NoBrokersAvailable
[2020-12-08 23:55:09,188] {python_operator.py:114} INFO - Done. Returned value was: None
[2020-12-08 23:55:09,191] {taskinstance.py:1057} INFO - Marking task as SUCCESS.dag_id=Airflow_task, task_id=Data_from_table1, execution_date=20201208T182000, start_date=20201208T182506, end_date=20201208T182509
[2020-12-08 23:55:11,473] {local_task_job.py:102} INFO - Task exited with return code 0
