[2020-11-10 14:25:11,756] {taskinstance.py:670} INFO - Dependencies all met for <TaskInstance: example_bash_operator.runme_2 2020-11-10T08:53:37.461792+00:00 [queued]>
[2020-11-10 14:25:11,764] {taskinstance.py:670} INFO - Dependencies all met for <TaskInstance: example_bash_operator.runme_2 2020-11-10T08:53:37.461792+00:00 [queued]>
[2020-11-10 14:25:11,764] {taskinstance.py:880} INFO - 
--------------------------------------------------------------------------------
[2020-11-10 14:25:11,764] {taskinstance.py:881} INFO - Starting attempt 1 of 1
[2020-11-10 14:25:11,764] {taskinstance.py:882} INFO - 
--------------------------------------------------------------------------------
[2020-11-10 14:25:11,769] {taskinstance.py:901} INFO - Executing <Task(BashOperator): runme_2> on 2020-11-10T08:53:37.461792+00:00
[2020-11-10 14:25:11,771] {standard_task_runner.py:54} INFO - Started process 28619 to run task
[2020-11-10 14:25:11,786] {standard_task_runner.py:77} INFO - Running: ['airflow', 'run', 'example_bash_operator', 'runme_2', '2020-11-10T08:53:37.461792+00:00', '--job_id', '110', '--pool', 'default_pool', '--raw', '-sd', '/Users/sundarb/Documents/anaconda3/lib/python3.7/site-packages/airflow/example_dags/example_bash_operator.py', '--cfg_path', '/var/folders/x0/npyjyyg15zj3krdkh0pv612w0000gn/T/tmp18gdhm_d']
[2020-11-10 14:25:11,787] {standard_task_runner.py:78} INFO - Job 110: Subtask runme_2
[2020-11-10 14:25:11,811] {logging_mixin.py:112} INFO - Running %s on host %s <TaskInstance: example_bash_operator.runme_2 2020-11-10T08:53:37.461792+00:00 [running]> 153.225.168.192.in-addr.arpa
[2020-11-10 14:25:11,826] {bash_operator.py:113} INFO - Tmp dir root location: 
 /var/folders/x0/npyjyyg15zj3krdkh0pv612w0000gn/T
[2020-11-10 14:25:11,827] {bash_operator.py:136} INFO - Temporary script location: /var/folders/x0/npyjyyg15zj3krdkh0pv612w0000gn/T/airflowtmpswywd7iz/runme_250b70xjo
[2020-11-10 14:25:11,827] {bash_operator.py:146} INFO - Running command: echo "example_bash_operator__runme_2__20201110" && sleep 1
[2020-11-10 14:25:11,832] {bash_operator.py:153} INFO - Output:
[2020-11-10 14:25:11,835] {bash_operator.py:157} INFO - example_bash_operator__runme_2__20201110
[2020-11-10 14:25:12,839] {bash_operator.py:161} INFO - Command exited with return code 0
[2020-11-10 14:25:12,848] {taskinstance.py:1070} INFO - Marking task as SUCCESS.dag_id=example_bash_operator, task_id=runme_2, execution_date=20201110T085337, start_date=20201110T085511, end_date=20201110T085512
[2020-11-10 14:25:16,764] {local_task_job.py:102} INFO - Task exited with return code 0
