[2020-11-10 14:24:31,524] {taskinstance.py:670} INFO - Dependencies all met for <TaskInstance: example_bash_operator.runme_2 2020-11-10T08:53:24.927514+00:00 [queued]>
[2020-11-10 14:24:31,532] {taskinstance.py:670} INFO - Dependencies all met for <TaskInstance: example_bash_operator.runme_2 2020-11-10T08:53:24.927514+00:00 [queued]>
[2020-11-10 14:24:31,532] {taskinstance.py:880} INFO - 
--------------------------------------------------------------------------------
[2020-11-10 14:24:31,532] {taskinstance.py:881} INFO - Starting attempt 1 of 1
[2020-11-10 14:24:31,532] {taskinstance.py:882} INFO - 
--------------------------------------------------------------------------------
[2020-11-10 14:24:31,536] {taskinstance.py:901} INFO - Executing <Task(BashOperator): runme_2> on 2020-11-10T08:53:24.927514+00:00
[2020-11-10 14:24:31,538] {standard_task_runner.py:54} INFO - Started process 28564 to run task
[2020-11-10 14:24:31,552] {standard_task_runner.py:77} INFO - Running: ['airflow', 'run', 'example_bash_operator', 'runme_2', '2020-11-10T08:53:24.927514+00:00', '--job_id', '104', '--pool', 'default_pool', '--raw', '-sd', '/Users/sundarb/Documents/anaconda3/lib/python3.7/site-packages/airflow/example_dags/example_bash_operator.py', '--cfg_path', '/var/folders/x0/npyjyyg15zj3krdkh0pv612w0000gn/T/tmpzsd60mom']
[2020-11-10 14:24:31,553] {standard_task_runner.py:78} INFO - Job 104: Subtask runme_2
[2020-11-10 14:24:31,578] {logging_mixin.py:112} INFO - Running %s on host %s <TaskInstance: example_bash_operator.runme_2 2020-11-10T08:53:24.927514+00:00 [running]> 153.225.168.192.in-addr.arpa
[2020-11-10 14:24:31,593] {bash_operator.py:113} INFO - Tmp dir root location: 
 /var/folders/x0/npyjyyg15zj3krdkh0pv612w0000gn/T
[2020-11-10 14:24:31,596] {bash_operator.py:136} INFO - Temporary script location: /var/folders/x0/npyjyyg15zj3krdkh0pv612w0000gn/T/airflowtmp49djau2h/runme_2p79fowv7
[2020-11-10 14:24:31,597] {bash_operator.py:146} INFO - Running command: echo "example_bash_operator__runme_2__20201110" && sleep 1
[2020-11-10 14:24:31,606] {bash_operator.py:153} INFO - Output:
[2020-11-10 14:24:31,609] {bash_operator.py:157} INFO - example_bash_operator__runme_2__20201110
[2020-11-10 14:24:32,613] {bash_operator.py:161} INFO - Command exited with return code 0
[2020-11-10 14:24:32,620] {taskinstance.py:1070} INFO - Marking task as SUCCESS.dag_id=example_bash_operator, task_id=runme_2, execution_date=20201110T085324, start_date=20201110T085431, end_date=20201110T085432
[2020-11-10 14:24:36,525] {local_task_job.py:102} INFO - Task exited with return code 0
