[2020-12-07 11:40:09,706] {taskinstance.py:670} INFO - Dependencies all met for <TaskInstance: Airflow_task.Data_from_table1 2020-12-07T06:05:00+00:00 [queued]>
[2020-12-07 11:40:09,715] {taskinstance.py:670} INFO - Dependencies all met for <TaskInstance: Airflow_task.Data_from_table1 2020-12-07T06:05:00+00:00 [queued]>
[2020-12-07 11:40:09,715] {taskinstance.py:880} INFO - 
--------------------------------------------------------------------------------
[2020-12-07 11:40:09,715] {taskinstance.py:881} INFO - Starting attempt 1 of 1
[2020-12-07 11:40:09,715] {taskinstance.py:882} INFO - 
--------------------------------------------------------------------------------
[2020-12-07 11:40:09,721] {taskinstance.py:901} INFO - Executing <Task(PythonOperator): Data_from_table1> on 2020-12-07T06:05:00+00:00
[2020-12-07 11:40:09,724] {standard_task_runner.py:54} INFO - Started process 35527 to run task
[2020-12-07 11:40:09,756] {standard_task_runner.py:77} INFO - Running: ['airflow', 'run', 'Airflow_task', 'Data_from_table1', '2020-12-07T06:05:00+00:00', '--job_id', '158', '--pool', 'default_pool', '--raw', '-sd', 'DAGS_FOLDER/server-elastic.py', '--cfg_path', '/var/folders/x0/npyjyyg15zj3krdkh0pv612w0000gn/T/tmp9raa6ehu']
[2020-12-07 11:40:09,757] {standard_task_runner.py:78} INFO - Job 158: Subtask Data_from_table1
[2020-12-07 11:40:09,788] {logging_mixin.py:112} INFO - Running %s on host %s <TaskInstance: Airflow_task.Data_from_table1 2020-12-07T06:05:00+00:00 [running]> 153.225.168.192.in-addr.arpa
[2020-12-07 11:40:12,849] {conn.py:380} INFO - <BrokerConnection node_id=bootstrap-0 host=localhost:9092 <connecting> [IPv6 ('::1', 9092, 0, 0)]>: connecting to localhost:9092 [('::1', 9092, 0, 0) IPv6]
[2020-12-07 11:40:12,850] {conn.py:1205} INFO - Probing node bootstrap-0 broker version
[2020-12-07 11:40:12,857] {conn.py:410} INFO - <BrokerConnection node_id=bootstrap-0 host=localhost:9092 <connecting> [IPv6 ('::1', 9092, 0, 0)]>: Connection complete.
[2020-12-07 11:40:12,967] {conn.py:1267} INFO - Broker version identified as 2.5.0
[2020-12-07 11:40:12,967] {conn.py:1268} INFO - Set configuration api_version=(2, 5, 0) to skip auto check_version requests on startup
[2020-12-07 11:40:12,970] {logging_mixin.py:112} INFO - Janet
[2020-12-07 11:40:12,973] {logging_mixin.py:112} INFO - Jaquenette
[2020-12-07 11:40:12,974] {logging_mixin.py:112} INFO - Dusty
[2020-12-07 11:40:12,974] {logging_mixin.py:112} INFO - Korie
[2020-12-07 11:40:12,975] {logging_mixin.py:112} INFO - Elvina
[2020-12-07 11:40:12,975] {conn.py:380} INFO - <BrokerConnection node_id=0 host=localhost:9092 <connecting> [IPv6 ('::1', 9092, 0, 0)]>: connecting to localhost:9092 [('::1', 9092, 0, 0) IPv6]
[2020-12-07 11:40:12,975] {logging_mixin.py:112} INFO - Rodge
[2020-12-07 11:40:12,975] {logging_mixin.py:112} INFO - Sabine
[2020-12-07 11:40:12,976] {logging_mixin.py:112} INFO - Herc
[2020-12-07 11:40:12,976] {logging_mixin.py:112} INFO - Othello
[2020-12-07 11:40:12,976] {logging_mixin.py:112} INFO - Matti
[2020-12-07 11:40:12,977] {conn.py:410} INFO - <BrokerConnection node_id=0 host=localhost:9092 <connecting> [IPv6 ('::1', 9092, 0, 0)]>: Connection complete.
[2020-12-07 11:40:12,977] {logging_mixin.py:112} INFO - Melonie
[2020-12-07 11:40:12,977] {conn.py:919} INFO - <BrokerConnection node_id=bootstrap-0 host=localhost:9092 <connected> [IPv6 ('::1', 9092, 0, 0)]>: Closing connection. 
[2020-12-07 11:40:12,978] {logging_mixin.py:112} INFO - Deny
[2020-12-07 11:40:12,981] {logging_mixin.py:112} INFO - Linette
[2020-12-07 11:40:12,983] {logging_mixin.py:112} INFO - Corry
[2020-12-07 11:40:12,985] {logging_mixin.py:112} INFO - Georgeanna
[2020-12-07 11:40:12,986] {logging_mixin.py:112} INFO - Reine
[2020-12-07 11:40:12,987] {logging_mixin.py:112} INFO - Merrick
[2020-12-07 11:40:12,987] {logging_mixin.py:112} INFO - Karl
[2020-12-07 11:40:12,988] {logging_mixin.py:112} INFO - Anthe
[2020-12-07 11:40:12,989] {logging_mixin.py:112} INFO - Christyna
[2020-12-07 11:40:12,990] {logging_mixin.py:112} INFO - Gifford
[2020-12-07 11:40:12,991] {logging_mixin.py:112} INFO - Blinny
[2020-12-07 11:40:12,992] {logging_mixin.py:112} INFO - Agustin
[2020-12-07 11:40:12,994] {logging_mixin.py:112} INFO - Magnum
[2020-12-07 11:40:12,995] {logging_mixin.py:112} INFO - Haven
[2020-12-07 11:40:12,996] {logging_mixin.py:112} INFO - Cory
[2020-12-07 11:40:12,996] {logging_mixin.py:112} INFO - Normy
[2020-12-07 11:40:12,998] {logging_mixin.py:112} INFO - Chaddie
[2020-12-07 11:40:12,999] {logging_mixin.py:112} INFO - Hortense
[2020-12-07 11:40:13,000] {logging_mixin.py:112} INFO - Melita
[2020-12-07 11:40:13,001] {logging_mixin.py:112} INFO - Fraser
[2020-12-07 11:40:13,003] {logging_mixin.py:112} INFO - Thorin
[2020-12-07 11:40:13,004] {logging_mixin.py:112} INFO - Marti
[2020-12-07 11:40:13,005] {logging_mixin.py:112} INFO - Aurore
[2020-12-07 11:40:13,006] {logging_mixin.py:112} INFO - Irena
[2020-12-07 11:40:13,006] {logging_mixin.py:112} INFO - Munroe
[2020-12-07 11:40:13,007] {logging_mixin.py:112} INFO - Conchita
[2020-12-07 11:40:13,009] {logging_mixin.py:112} INFO - Pieter
[2020-12-07 11:40:13,010] {logging_mixin.py:112} INFO - Zackariah
[2020-12-07 11:40:13,010] {logging_mixin.py:112} INFO - Glori
[2020-12-07 11:40:13,011] {logging_mixin.py:112} INFO - Dorie
[2020-12-07 11:40:13,011] {logging_mixin.py:112} INFO - Janessa
[2020-12-07 11:40:13,012] {logging_mixin.py:112} INFO - Branden
[2020-12-07 11:40:13,013] {logging_mixin.py:112} INFO - Thaddus
[2020-12-07 11:40:13,015] {logging_mixin.py:112} INFO - Gerrie
[2020-12-07 11:40:13,016] {logging_mixin.py:112} INFO - Darla
[2020-12-07 11:40:13,017] {logging_mixin.py:112} INFO - Byran
[2020-12-07 11:40:13,017] {logging_mixin.py:112} INFO - Margette
[2020-12-07 11:40:13,019] {logging_mixin.py:112} INFO - Judi
[2020-12-07 11:40:13,019] {logging_mixin.py:112} INFO - Jodi
[2020-12-07 11:40:13,020] {logging_mixin.py:112} INFO - Adriena
[2020-12-07 11:40:13,021] {logging_mixin.py:112} INFO - Cordie
[2020-12-07 11:40:13,021] {logging_mixin.py:112} INFO - Phaedra
[2020-12-07 11:40:13,021] {logging_mixin.py:112} INFO - Correy
[2020-12-07 11:40:13,021] {logging_mixin.py:112} INFO - Shirley
[2020-12-07 11:40:13,022] {logging_mixin.py:112} INFO - Benedict
[2020-12-07 11:40:13,022] {logging_mixin.py:112} INFO - Merrill
[2020-12-07 11:40:13,024] {logging_mixin.py:112} INFO - Stephannie
[2020-12-07 11:40:13,026] {logging_mixin.py:112} INFO - Mariel
[2020-12-07 11:40:13,027] {logging_mixin.py:112} INFO - Tyler
[2020-12-07 11:40:13,028] {logging_mixin.py:112} INFO - Vince
[2020-12-07 11:40:13,029] {logging_mixin.py:112} INFO - Stacee
[2020-12-07 11:40:13,030] {logging_mixin.py:112} INFO - Tierney
[2020-12-07 11:40:13,030] {logging_mixin.py:112} INFO - Otis
[2020-12-07 11:40:13,031] {logging_mixin.py:112} INFO - Peder
[2020-12-07 11:40:13,032] {logging_mixin.py:112} INFO - Weider
[2020-12-07 11:40:13,034] {logging_mixin.py:112} INFO - Lynette
[2020-12-07 11:40:13,035] {logging_mixin.py:112} INFO - Farica
[2020-12-07 11:40:13,037] {logging_mixin.py:112} INFO - Danit
[2020-12-07 11:40:13,038] {logging_mixin.py:112} INFO - Hadley
[2020-12-07 11:40:13,039] {logging_mixin.py:112} INFO - Willette
[2020-12-07 11:40:13,040] {logging_mixin.py:112} INFO - Faun
[2020-12-07 11:40:13,041] {logging_mixin.py:112} INFO - Prentice
[2020-12-07 11:40:13,043] {logging_mixin.py:112} INFO - Saunderson
[2020-12-07 11:40:13,044] {logging_mixin.py:112} INFO - Kristen
[2020-12-07 11:40:13,044] {logging_mixin.py:112} INFO - Alonzo
[2020-12-07 11:40:13,044] {logging_mixin.py:112} INFO - Giulio
[2020-12-07 11:40:13,045] {logging_mixin.py:112} INFO - Regan
[2020-12-07 11:40:13,045] {logging_mixin.py:112} INFO - Caryl
[2020-12-07 11:40:13,046] {logging_mixin.py:112} INFO - Nolan
[2020-12-07 11:40:13,046] {logging_mixin.py:112} INFO - Jared
[2020-12-07 11:40:13,046] {logging_mixin.py:112} INFO - Ilse
[2020-12-07 11:40:13,047] {logging_mixin.py:112} INFO - Xymenes
[2020-12-07 11:40:13,047] {logging_mixin.py:112} INFO - Ardra
[2020-12-07 11:40:13,047] {logging_mixin.py:112} INFO - Billy
[2020-12-07 11:40:13,048] {logging_mixin.py:112} INFO - Ulrick
[2020-12-07 11:40:13,048] {logging_mixin.py:112} INFO - Lindy
[2020-12-07 11:40:13,048] {logging_mixin.py:112} INFO - Fielding
[2020-12-07 11:40:13,049] {logging_mixin.py:112} INFO - Tremain
[2020-12-07 11:40:13,049] {logging_mixin.py:112} INFO - Keary
[2020-12-07 11:40:13,050] {logging_mixin.py:112} INFO - connection closed
[2020-12-07 11:40:13,052] {conn.py:919} INFO - <BrokerConnection node_id=0 host=localhost:9092 <connected> [IPv6 ('::1', 9092, 0, 0)]>: Closing connection. 
[2020-12-07 11:40:13,053] {python_operator.py:114} INFO - Done. Returned value was: None
[2020-12-07 11:40:13,065] {taskinstance.py:1057} INFO - Marking task as SUCCESS.dag_id=Airflow_task, task_id=Data_from_table1, execution_date=20201207T060500, start_date=20201207T061009, end_date=20201207T061013
[2020-12-07 11:40:14,722] {local_task_job.py:102} INFO - Task exited with return code 0
