[2020-12-07 10:10:06,998] {taskinstance.py:670} INFO - Dependencies all met for <TaskInstance: Airflow_task.Data_from_table1 2020-12-07T04:35:00+00:00 [queued]>
[2020-12-07 10:10:07,011] {taskinstance.py:670} INFO - Dependencies all met for <TaskInstance: Airflow_task.Data_from_table1 2020-12-07T04:35:00+00:00 [queued]>
[2020-12-07 10:10:07,011] {taskinstance.py:880} INFO - 
--------------------------------------------------------------------------------
[2020-12-07 10:10:07,011] {taskinstance.py:881} INFO - Starting attempt 1 of 1
[2020-12-07 10:10:07,012] {taskinstance.py:882} INFO - 
--------------------------------------------------------------------------------
[2020-12-07 10:10:07,020] {taskinstance.py:901} INFO - Executing <Task(PythonOperator): Data_from_table1> on 2020-12-07T04:35:00+00:00
[2020-12-07 10:10:07,023] {standard_task_runner.py:54} INFO - Started process 28414 to run task
[2020-12-07 10:10:07,070] {standard_task_runner.py:77} INFO - Running: ['airflow', 'run', 'Airflow_task', 'Data_from_table1', '2020-12-07T04:35:00+00:00', '--job_id', '126', '--pool', 'default_pool', '--raw', '-sd', 'DAGS_FOLDER/server-elastic.py', '--cfg_path', '/var/folders/x0/npyjyyg15zj3krdkh0pv612w0000gn/T/tmped8gnh70']
[2020-12-07 10:10:07,072] {standard_task_runner.py:78} INFO - Job 126: Subtask Data_from_table1
[2020-12-07 10:10:07,117] {logging_mixin.py:112} INFO - Running %s on host %s <TaskInstance: Airflow_task.Data_from_table1 2020-12-07T04:35:00+00:00 [running]> 153.225.168.192.in-addr.arpa
[2020-12-07 10:10:07,146] {logging_mixin.py:112} INFO - Error::::: could not connect to server: Connection refused
	Is the server running on host "localhost" (::1) and accepting
	TCP/IP connections on port 5432?
could not connect to server: Connection refused
	Is the server running on host "localhost" (127.0.0.1) and accepting
	TCP/IP connections on port 5432?
[2020-12-07 10:10:07,147] {logging_mixin.py:112} INFO - 
[2020-12-07 10:10:07,147] {python_operator.py:114} INFO - Done. Returned value was: None
[2020-12-07 10:10:07,153] {taskinstance.py:1057} INFO - Marking task as SUCCESS.dag_id=Airflow_task, task_id=Data_from_table1, execution_date=20201207T043500, start_date=20201207T044006, end_date=20201207T044007
[2020-12-07 10:10:11,994] {local_task_job.py:102} INFO - Task exited with return code 0
