[2020-11-10 13:19:43,050] {taskinstance.py:670} INFO - Dependencies all met for <TaskInstance: example_http_operator.http_sensor_check 2020-11-08T00:00:00+00:00 [queued]>
[2020-11-10 13:19:43,060] {taskinstance.py:670} INFO - Dependencies all met for <TaskInstance: example_http_operator.http_sensor_check 2020-11-08T00:00:00+00:00 [queued]>
[2020-11-10 13:19:43,060] {taskinstance.py:880} INFO - 
--------------------------------------------------------------------------------
[2020-11-10 13:19:43,060] {taskinstance.py:881} INFO - Starting attempt 1 of 2
[2020-11-10 13:19:43,060] {taskinstance.py:882} INFO - 
--------------------------------------------------------------------------------
[2020-11-10 13:19:43,066] {taskinstance.py:901} INFO - Executing <Task(HttpSensor): http_sensor_check> on 2020-11-08T00:00:00+00:00
[2020-11-10 13:19:43,070] {standard_task_runner.py:54} INFO - Started process 25622 to run task
[2020-11-10 13:19:43,089] {standard_task_runner.py:77} INFO - Running: ['airflow', 'run', 'example_http_operator', 'http_sensor_check', '2020-11-08T00:00:00+00:00', '--job_id', '14', '--pool', 'default_pool', '--raw', '-sd', '/Users/sundarb/Documents/anaconda3/lib/python3.7/site-packages/airflow/example_dags/example_http_operator.py', '--cfg_path', '/var/folders/x0/npyjyyg15zj3krdkh0pv612w0000gn/T/tmp0t5yin07']
[2020-11-10 13:19:43,090] {standard_task_runner.py:78} INFO - Job 14: Subtask http_sensor_check
[2020-11-10 13:19:43,116] {logging_mixin.py:112} INFO - Running %s on host %s <TaskInstance: example_http_operator.http_sensor_check 2020-11-08T00:00:00+00:00 [running]> 153.225.168.192.in-addr.arpa
[2020-11-10 13:19:43,129] {http_sensor.py:77} INFO - Poking: 
[2020-11-10 13:19:43,134] {base_hook.py:89} INFO - Using connection to: id: http_default. Host: https://www.httpbin.org/, Port: None, Schema: None, Login: None, Password: None, extra: None
[2020-11-10 13:19:43,139] {http_hook.py:136} INFO - Sending 'GET' to url: https://www.httpbin.org/
[2020-11-10 13:19:45,177] {logging_mixin.py:112} WARNING - /Users/sundarb/Documents/anaconda3/lib/python3.7/site-packages/urllib3/connectionpool.py:1004: InsecureRequestWarning: Unverified HTTPS request is being made to host 'www.httpbin.org'. Adding certificate verification is strongly advised. See: https://urllib3.readthedocs.io/en/latest/advanced-usage.html#ssl-warnings
  InsecureRequestWarning,
[2020-11-10 13:19:45,735] {base_sensor_operator.py:123} INFO - Success criteria met. Exiting.
[2020-11-10 13:19:45,740] {taskinstance.py:1070} INFO - Marking task as SUCCESS.dag_id=example_http_operator, task_id=http_sensor_check, execution_date=20201108T000000, start_date=20201110T074943, end_date=20201110T074945
[2020-11-10 13:19:48,026] {local_task_job.py:102} INFO - Task exited with return code 0
