[2020-12-05 12:46:15,971] {taskinstance.py:670} INFO - Dependencies all met for <TaskInstance: Airflow_task.Data_from_table2 2020-12-05T07:10:00+00:00 [queued]>
[2020-12-05 12:46:15,985] {taskinstance.py:670} INFO - Dependencies all met for <TaskInstance: Airflow_task.Data_from_table2 2020-12-05T07:10:00+00:00 [queued]>
[2020-12-05 12:46:15,985] {taskinstance.py:880} INFO - 
--------------------------------------------------------------------------------
[2020-12-05 12:46:15,985] {taskinstance.py:881} INFO - Starting attempt 1 of 1
[2020-12-05 12:46:15,985] {taskinstance.py:882} INFO - 
--------------------------------------------------------------------------------
[2020-12-05 12:46:15,992] {taskinstance.py:901} INFO - Executing <Task(PythonOperator): Data_from_table2> on 2020-12-05T07:10:00+00:00
[2020-12-05 12:46:15,995] {standard_task_runner.py:54} INFO - Started process 22217 to run task
[2020-12-05 12:46:16,065] {standard_task_runner.py:77} INFO - Running: ['airflow', 'run', 'Airflow_task', 'Data_from_table2', '2020-12-05T07:10:00+00:00', '--job_id', '57', '--pool', 'default_pool', '--raw', '-sd', 'DAGS_FOLDER/server-elastic.py', '--cfg_path', '/var/folders/x0/npyjyyg15zj3krdkh0pv612w0000gn/T/tmpuu6m5_8p']
[2020-12-05 12:46:16,084] {standard_task_runner.py:78} INFO - Job 57: Subtask Data_from_table2
[2020-12-05 12:46:16,136] {logging_mixin.py:112} INFO - Running %s on host %s <TaskInstance: Airflow_task.Data_from_table2 2020-12-05T07:10:00+00:00 [running]> 1.0.0.0.0.0.0.0.0.0.0.0.0.0.0.0.0.0.0.0.0.0.0.0.0.0.0.0.0.0.0.0.ip6.arpa
[2020-12-05 12:46:16,173] {logging_mixin.py:112} INFO - Error::::: could not connect to server: Connection refused
	Is the server running on host "localhost" (::1) and accepting
	TCP/IP connections on port 5432?
could not connect to server: Connection refused
	Is the server running on host "localhost" (127.0.0.1) and accepting
	TCP/IP connections on port 5432?
[2020-12-05 12:46:16,174] {logging_mixin.py:112} INFO - 
[2020-12-05 12:46:16,174] {python_operator.py:114} INFO - Done. Returned value was: None
[2020-12-05 12:46:16,184] {taskinstance.py:1057} INFO - Marking task as SUCCESS.dag_id=Airflow_task, task_id=Data_from_table2, execution_date=20201205T071000, start_date=20201205T071615, end_date=20201205T071616
[2020-12-05 12:46:20,936] {local_task_job.py:102} INFO - Task exited with return code 0
