[2020-12-07 17:00:12,631] {taskinstance.py:670} INFO - Dependencies all met for <TaskInstance: Airflow_task.Data_from_table1 2020-12-07T11:25:00+00:00 [queued]>
[2020-12-07 17:00:12,641] {taskinstance.py:670} INFO - Dependencies all met for <TaskInstance: Airflow_task.Data_from_table1 2020-12-07T11:25:00+00:00 [queued]>
[2020-12-07 17:00:12,641] {taskinstance.py:880} INFO - 
--------------------------------------------------------------------------------
[2020-12-07 17:00:12,641] {taskinstance.py:881} INFO - Starting attempt 1 of 1
[2020-12-07 17:00:12,641] {taskinstance.py:882} INFO - 
--------------------------------------------------------------------------------
[2020-12-07 17:00:12,647] {taskinstance.py:901} INFO - Executing <Task(PythonOperator): Data_from_table1> on 2020-12-07T11:25:00+00:00
[2020-12-07 17:00:12,649] {standard_task_runner.py:54} INFO - Started process 53325 to run task
[2020-12-07 17:00:12,682] {standard_task_runner.py:77} INFO - Running: ['airflow', 'run', 'Airflow_task', 'Data_from_table1', '2020-12-07T11:25:00+00:00', '--job_id', '254', '--pool', 'default_pool', '--raw', '-sd', 'DAGS_FOLDER/server-elastic.py', '--cfg_path', '/var/folders/x0/npyjyyg15zj3krdkh0pv612w0000gn/T/tmp5zk_w9tm']
[2020-12-07 17:00:12,684] {standard_task_runner.py:78} INFO - Job 254: Subtask Data_from_table1
[2020-12-07 17:00:12,718] {logging_mixin.py:112} INFO - Running %s on host %s <TaskInstance: Airflow_task.Data_from_table1 2020-12-07T11:25:00+00:00 [running]> 153.225.168.192.in-addr.arpa
[2020-12-07 17:00:31,367] {conn.py:380} INFO - <BrokerConnection node_id=bootstrap-0 host=localhost:9092 <connecting> [IPv6 ('::1', 9092, 0, 0)]>: connecting to localhost:9092 [('::1', 9092, 0, 0) IPv6]
[2020-12-07 17:00:31,368] {conn.py:1205} INFO - Probing node bootstrap-0 broker version
[2020-12-07 17:00:31,370] {conn.py:410} INFO - <BrokerConnection node_id=bootstrap-0 host=localhost:9092 <connecting> [IPv6 ('::1', 9092, 0, 0)]>: Connection complete.
[2020-12-07 17:00:31,474] {conn.py:1267} INFO - Broker version identified as 2.5.0
[2020-12-07 17:00:31,475] {conn.py:1268} INFO - Set configuration api_version=(2, 5, 0) to skip auto check_version requests on startup
[2020-12-07 17:00:31,477] {logging_mixin.py:112} INFO - Janet
[2020-12-07 17:00:31,479] {logging_mixin.py:112} INFO - Jaquenette
[2020-12-07 17:00:31,479] {logging_mixin.py:112} INFO - Dusty
[2020-12-07 17:00:31,480] {logging_mixin.py:112} INFO - Korie
[2020-12-07 17:00:31,481] {logging_mixin.py:112} INFO - Elvina
[2020-12-07 17:00:31,481] {logging_mixin.py:112} INFO - Rodge
[2020-12-07 17:00:31,481] {conn.py:380} INFO - <BrokerConnection node_id=0 host=localhost:9092 <connecting> [IPv6 ('::1', 9092, 0, 0)]>: connecting to localhost:9092 [('::1', 9092, 0, 0) IPv6]
[2020-12-07 17:00:31,481] {logging_mixin.py:112} INFO - Sabine
[2020-12-07 17:00:31,482] {logging_mixin.py:112} INFO - Herc
[2020-12-07 17:00:31,482] {conn.py:410} INFO - <BrokerConnection node_id=0 host=localhost:9092 <connecting> [IPv6 ('::1', 9092, 0, 0)]>: Connection complete.
[2020-12-07 17:00:31,483] {logging_mixin.py:112} INFO - Othello
[2020-12-07 17:00:31,483] {logging_mixin.py:112} INFO - Matti
[2020-12-07 17:00:31,484] {logging_mixin.py:112} INFO - Melonie
[2020-12-07 17:00:31,484] {logging_mixin.py:112} INFO - Deny
[2020-12-07 17:00:31,484] {conn.py:919} INFO - <BrokerConnection node_id=bootstrap-0 host=localhost:9092 <connected> [IPv6 ('::1', 9092, 0, 0)]>: Closing connection. 
[2020-12-07 17:00:31,484] {logging_mixin.py:112} INFO - Linette
[2020-12-07 17:00:31,485] {logging_mixin.py:112} INFO - Corry
[2020-12-07 17:00:31,485] {logging_mixin.py:112} INFO - Georgeanna
[2020-12-07 17:00:31,486] {logging_mixin.py:112} INFO - Reine
[2020-12-07 17:00:31,486] {logging_mixin.py:112} INFO - Merrick
[2020-12-07 17:00:31,486] {logging_mixin.py:112} INFO - Karl
[2020-12-07 17:00:31,486] {logging_mixin.py:112} INFO - Anthe
[2020-12-07 17:00:31,487] {logging_mixin.py:112} INFO - Christyna
[2020-12-07 17:00:31,487] {logging_mixin.py:112} INFO - Gifford
[2020-12-07 17:00:31,487] {logging_mixin.py:112} INFO - Blinny
[2020-12-07 17:00:31,487] {logging_mixin.py:112} INFO - Agustin
[2020-12-07 17:00:31,488] {logging_mixin.py:112} INFO - Magnum
[2020-12-07 17:00:31,488] {logging_mixin.py:112} INFO - Haven
[2020-12-07 17:00:31,488] {logging_mixin.py:112} INFO - Cory
[2020-12-07 17:00:31,490] {logging_mixin.py:112} INFO - Normy
[2020-12-07 17:00:31,491] {logging_mixin.py:112} INFO - Chaddie
[2020-12-07 17:00:31,491] {logging_mixin.py:112} INFO - Hortense
[2020-12-07 17:00:31,492] {logging_mixin.py:112} INFO - Melita
[2020-12-07 17:00:31,492] {logging_mixin.py:112} INFO - Fraser
[2020-12-07 17:00:31,492] {logging_mixin.py:112} INFO - Thorin
[2020-12-07 17:00:31,493] {logging_mixin.py:112} INFO - Marti
[2020-12-07 17:00:31,493] {logging_mixin.py:112} INFO - Aurore
[2020-12-07 17:00:31,494] {logging_mixin.py:112} INFO - Irena
[2020-12-07 17:00:31,494] {logging_mixin.py:112} INFO - Munroe
[2020-12-07 17:00:31,495] {logging_mixin.py:112} INFO - Conchita
[2020-12-07 17:00:31,497] {logging_mixin.py:112} INFO - Pieter
[2020-12-07 17:00:31,497] {logging_mixin.py:112} INFO - Zackariah
[2020-12-07 17:00:31,497] {logging_mixin.py:112} INFO - Glori
[2020-12-07 17:00:31,497] {logging_mixin.py:112} INFO - Dorie
[2020-12-07 17:00:31,498] {logging_mixin.py:112} INFO - Janessa
[2020-12-07 17:00:31,499] {logging_mixin.py:112} INFO - Branden
[2020-12-07 17:00:31,499] {logging_mixin.py:112} INFO - Thaddus
[2020-12-07 17:00:31,500] {logging_mixin.py:112} INFO - Gerrie
[2020-12-07 17:00:31,500] {logging_mixin.py:112} INFO - Darla
[2020-12-07 17:00:31,501] {logging_mixin.py:112} INFO - Byran
[2020-12-07 17:00:31,502] {logging_mixin.py:112} INFO - Margette
[2020-12-07 17:00:31,502] {logging_mixin.py:112} INFO - Judi
[2020-12-07 17:00:31,502] {logging_mixin.py:112} INFO - Jodi
[2020-12-07 17:00:31,503] {logging_mixin.py:112} INFO - Adriena
[2020-12-07 17:00:31,503] {logging_mixin.py:112} INFO - Cordie
[2020-12-07 17:00:31,503] {logging_mixin.py:112} INFO - Phaedra
[2020-12-07 17:00:31,503] {logging_mixin.py:112} INFO - Correy
[2020-12-07 17:00:31,504] {logging_mixin.py:112} INFO - Shirley
[2020-12-07 17:00:31,504] {logging_mixin.py:112} INFO - Benedict
[2020-12-07 17:00:31,504] {logging_mixin.py:112} INFO - Merrill
[2020-12-07 17:00:31,504] {logging_mixin.py:112} INFO - Stephannie
[2020-12-07 17:00:31,505] {logging_mixin.py:112} INFO - Mariel
[2020-12-07 17:00:31,505] {logging_mixin.py:112} INFO - Tyler
[2020-12-07 17:00:31,505] {logging_mixin.py:112} INFO - Vince
[2020-12-07 17:00:31,505] {logging_mixin.py:112} INFO - Stacee
[2020-12-07 17:00:31,506] {logging_mixin.py:112} INFO - Tierney
[2020-12-07 17:00:31,506] {logging_mixin.py:112} INFO - Otis
[2020-12-07 17:00:31,507] {logging_mixin.py:112} INFO - Peder
[2020-12-07 17:00:31,507] {logging_mixin.py:112} INFO - Weider
[2020-12-07 17:00:31,507] {logging_mixin.py:112} INFO - Lynette
[2020-12-07 17:00:31,507] {logging_mixin.py:112} INFO - Farica
[2020-12-07 17:00:31,508] {logging_mixin.py:112} INFO - Danit
[2020-12-07 17:00:31,509] {logging_mixin.py:112} INFO - Hadley
[2020-12-07 17:00:31,510] {logging_mixin.py:112} INFO - Willette
[2020-12-07 17:00:31,510] {logging_mixin.py:112} INFO - Faun
[2020-12-07 17:00:31,511] {logging_mixin.py:112} INFO - Prentice
[2020-12-07 17:00:31,511] {logging_mixin.py:112} INFO - Saunderson
[2020-12-07 17:00:31,512] {logging_mixin.py:112} INFO - Kristen
[2020-12-07 17:00:31,513] {logging_mixin.py:112} INFO - Alonzo
[2020-12-07 17:00:31,514] {logging_mixin.py:112} INFO - Giulio
[2020-12-07 17:00:31,514] {logging_mixin.py:112} INFO - Regan
[2020-12-07 17:00:31,514] {logging_mixin.py:112} INFO - Caryl
[2020-12-07 17:00:31,515] {logging_mixin.py:112} INFO - Nolan
[2020-12-07 17:00:31,516] {logging_mixin.py:112} INFO - Jared
[2020-12-07 17:00:31,517] {logging_mixin.py:112} INFO - Ilse
[2020-12-07 17:00:31,518] {logging_mixin.py:112} INFO - Xymenes
[2020-12-07 17:00:31,519] {logging_mixin.py:112} INFO - Ardra
[2020-12-07 17:00:31,520] {logging_mixin.py:112} INFO - Billy
[2020-12-07 17:00:31,520] {logging_mixin.py:112} INFO - Ulrick
[2020-12-07 17:00:31,521] {logging_mixin.py:112} INFO - Lindy
[2020-12-07 17:00:31,521] {logging_mixin.py:112} INFO - Fielding
[2020-12-07 17:00:31,521] {logging_mixin.py:112} INFO - Tremain
[2020-12-07 17:00:31,522] {logging_mixin.py:112} INFO - Keary
[2020-12-07 17:00:31,523] {logging_mixin.py:112} INFO - connection closed
[2020-12-07 17:00:31,524] {conn.py:919} INFO - <BrokerConnection node_id=0 host=localhost:9092 <connected> [IPv6 ('::1', 9092, 0, 0)]>: Closing connection. 
[2020-12-07 17:00:31,525] {python_operator.py:114} INFO - Done. Returned value was: None
[2020-12-07 17:00:31,528] {taskinstance.py:1057} INFO - Marking task as SUCCESS.dag_id=Airflow_task, task_id=Data_from_table1, execution_date=20201207T112500, start_date=20201207T113012, end_date=20201207T113031
[2020-12-07 17:00:32,642] {local_task_job.py:102} INFO - Task exited with return code 0
