[2020-11-10 13:17:01,734] {taskinstance.py:670} INFO - Dependencies all met for <TaskInstance: example_bash_operator.runme_0 2020-11-08T00:00:00+00:00 [queued]>
[2020-11-10 13:17:01,752] {taskinstance.py:670} INFO - Dependencies all met for <TaskInstance: example_bash_operator.runme_0 2020-11-08T00:00:00+00:00 [queued]>
[2020-11-10 13:17:01,752] {taskinstance.py:880} INFO - 
--------------------------------------------------------------------------------
[2020-11-10 13:17:01,752] {taskinstance.py:881} INFO - Starting attempt 1 of 1
[2020-11-10 13:17:01,752] {taskinstance.py:882} INFO - 
--------------------------------------------------------------------------------
[2020-11-10 13:17:01,758] {taskinstance.py:901} INFO - Executing <Task(BashOperator): runme_0> on 2020-11-08T00:00:00+00:00
[2020-11-10 13:17:01,761] {standard_task_runner.py:54} INFO - Started process 25465 to run task
[2020-11-10 13:17:01,780] {standard_task_runner.py:77} INFO - Running: ['airflow', 'run', 'example_bash_operator', 'runme_0', '2020-11-08T00:00:00+00:00', '--job_id', '2', '--pool', 'default_pool', '--raw', '-sd', '/Users/sundarb/Documents/anaconda3/lib/python3.7/site-packages/airflow/example_dags/example_bash_operator.py', '--cfg_path', '/var/folders/x0/npyjyyg15zj3krdkh0pv612w0000gn/T/tmpxc4mjanu']
[2020-11-10 13:17:01,781] {standard_task_runner.py:78} INFO - Job 2: Subtask runme_0
[2020-11-10 13:17:01,816] {logging_mixin.py:112} INFO - Running %s on host %s <TaskInstance: example_bash_operator.runme_0 2020-11-08T00:00:00+00:00 [running]> 153.225.168.192.in-addr.arpa
[2020-11-10 13:17:01,843] {bash_operator.py:113} INFO - Tmp dir root location: 
 /var/folders/x0/npyjyyg15zj3krdkh0pv612w0000gn/T
[2020-11-10 13:17:01,845] {bash_operator.py:136} INFO - Temporary script location: /var/folders/x0/npyjyyg15zj3krdkh0pv612w0000gn/T/airflowtmpvhionb51/runme_0gxsao0sq
[2020-11-10 13:17:01,846] {bash_operator.py:146} INFO - Running command: echo "example_bash_operator__runme_0__20201108" && sleep 1
[2020-11-10 13:17:01,854] {bash_operator.py:153} INFO - Output:
[2020-11-10 13:17:01,858] {bash_operator.py:157} INFO - example_bash_operator__runme_0__20201108
[2020-11-10 13:17:02,864] {bash_operator.py:161} INFO - Command exited with return code 0
[2020-11-10 13:17:02,870] {taskinstance.py:1070} INFO - Marking task as SUCCESS.dag_id=example_bash_operator, task_id=runme_0, execution_date=20201108T000000, start_date=20201110T074701, end_date=20201110T074702
[2020-11-10 13:17:06,699] {local_task_job.py:102} INFO - Task exited with return code 0
