[2020-12-07 12:20:17,584] {taskinstance.py:670} INFO - Dependencies all met for <TaskInstance: Airflow_task.Data_from_table2 2020-12-07T06:45:00+00:00 [queued]>
[2020-12-07 12:20:17,595] {taskinstance.py:670} INFO - Dependencies all met for <TaskInstance: Airflow_task.Data_from_table2 2020-12-07T06:45:00+00:00 [queued]>
[2020-12-07 12:20:17,595] {taskinstance.py:880} INFO - 
--------------------------------------------------------------------------------
[2020-12-07 12:20:17,595] {taskinstance.py:881} INFO - Starting attempt 1 of 1
[2020-12-07 12:20:17,595] {taskinstance.py:882} INFO - 
--------------------------------------------------------------------------------
[2020-12-07 12:20:17,602] {taskinstance.py:901} INFO - Executing <Task(PythonOperator): Data_from_table2> on 2020-12-07T06:45:00+00:00
[2020-12-07 12:20:17,605] {standard_task_runner.py:54} INFO - Started process 39302 to run task
[2020-12-07 12:20:17,630] {standard_task_runner.py:77} INFO - Running: ['airflow', 'run', 'Airflow_task', 'Data_from_table2', '2020-12-07T06:45:00+00:00', '--job_id', '175', '--pool', 'default_pool', '--raw', '-sd', 'DAGS_FOLDER/server-elastic.py', '--cfg_path', '/var/folders/x0/npyjyyg15zj3krdkh0pv612w0000gn/T/tmpcpb50w5x']
[2020-12-07 12:20:17,632] {standard_task_runner.py:78} INFO - Job 175: Subtask Data_from_table2
[2020-12-07 12:20:17,663] {logging_mixin.py:112} INFO - Running %s on host %s <TaskInstance: Airflow_task.Data_from_table2 2020-12-07T06:45:00+00:00 [running]> 153.225.168.192.in-addr.arpa
[2020-12-07 12:20:22,447] {conn.py:380} INFO - <BrokerConnection node_id=bootstrap-0 host=localhost:9092 <connecting> [IPv6 ('::1', 9092, 0, 0)]>: connecting to localhost:9092 [('::1', 9092, 0, 0) IPv6]
[2020-12-07 12:20:22,447] {conn.py:1205} INFO - Probing node bootstrap-0 broker version
[2020-12-07 12:20:22,449] {conn.py:410} INFO - <BrokerConnection node_id=bootstrap-0 host=localhost:9092 <connecting> [IPv6 ('::1', 9092, 0, 0)]>: Connection complete.
[2020-12-07 12:20:22,554] {conn.py:1267} INFO - Broker version identified as 2.5.0
[2020-12-07 12:20:22,554] {conn.py:1268} INFO - Set configuration api_version=(2, 5, 0) to skip auto check_version requests on startup
[2020-12-07 12:20:22,557] {logging_mixin.py:112} INFO - Vassili
[2020-12-07 12:20:22,560] {logging_mixin.py:112} INFO - Quillan
[2020-12-07 12:20:22,561] {logging_mixin.py:112} INFO - Liza
[2020-12-07 12:20:22,561] {logging_mixin.py:112} INFO - Frances
[2020-12-07 12:20:22,561] {logging_mixin.py:112} INFO - Michal
[2020-12-07 12:20:22,562] {logging_mixin.py:112} INFO - Vachel
[2020-12-07 12:20:22,562] {logging_mixin.py:112} INFO - Indira
[2020-12-07 12:20:22,562] {logging_mixin.py:112} INFO - Fonzie
[2020-12-07 12:20:22,563] {logging_mixin.py:112} INFO - Garwin
[2020-12-07 12:20:22,563] {logging_mixin.py:112} INFO - Alisander
[2020-12-07 12:20:22,563] {logging_mixin.py:112} INFO - Halley
[2020-12-07 12:20:22,564] {logging_mixin.py:112} INFO - Nikolia
[2020-12-07 12:20:22,564] {logging_mixin.py:112} INFO - Gris
[2020-12-07 12:20:22,564] {logging_mixin.py:112} INFO - Bjorn
[2020-12-07 12:20:22,565] {logging_mixin.py:112} INFO - Fawn
[2020-12-07 12:20:22,565] {logging_mixin.py:112} INFO - Kennith
[2020-12-07 12:20:22,565] {logging_mixin.py:112} INFO - Cynde
[2020-12-07 12:20:22,565] {logging_mixin.py:112} INFO - Lonna
[2020-12-07 12:20:22,566] {logging_mixin.py:112} INFO - Greer
[2020-12-07 12:20:22,566] {logging_mixin.py:112} INFO - Lucille
[2020-12-07 12:20:22,566] {logging_mixin.py:112} INFO - Tedi
[2020-12-07 12:20:22,567] {logging_mixin.py:112} INFO - Rhiamon
[2020-12-07 12:20:22,567] {logging_mixin.py:112} INFO - Rani
[2020-12-07 12:20:22,567] {logging_mixin.py:112} INFO - Gaven
[2020-12-07 12:20:22,567] {logging_mixin.py:112} INFO - Kev
[2020-12-07 12:20:22,568] {logging_mixin.py:112} INFO - Melli
[2020-12-07 12:20:22,568] {conn.py:380} INFO - <BrokerConnection node_id=0 host=localhost:9092 <connecting> [IPv6 ('::1', 9092, 0, 0)]>: connecting to localhost:9092 [('::1', 9092, 0, 0) IPv6]
[2020-12-07 12:20:22,568] {logging_mixin.py:112} INFO - Camellia
[2020-12-07 12:20:22,569] {logging_mixin.py:112} INFO - Abbe
[2020-12-07 12:20:22,569] {logging_mixin.py:112} INFO - Kipp
[2020-12-07 12:20:22,569] {logging_mixin.py:112} INFO - Ailey
[2020-12-07 12:20:22,569] {logging_mixin.py:112} INFO - Joelle
[2020-12-07 12:20:22,570] {logging_mixin.py:112} INFO - Tobin
[2020-12-07 12:20:22,570] {logging_mixin.py:112} INFO - Kev
[2020-12-07 12:20:22,570] {logging_mixin.py:112} INFO - Nance
[2020-12-07 12:20:22,570] {logging_mixin.py:112} INFO - Charlton
[2020-12-07 12:20:22,571] {logging_mixin.py:112} INFO - Marlena
[2020-12-07 12:20:22,571] {logging_mixin.py:112} INFO - Rivi
[2020-12-07 12:20:22,571] {logging_mixin.py:112} INFO - Rodd
[2020-12-07 12:20:22,572] {logging_mixin.py:112} INFO - Frank
[2020-12-07 12:20:22,572] {logging_mixin.py:112} INFO - Marj
[2020-12-07 12:20:22,572] {logging_mixin.py:112} INFO - Gelya
[2020-12-07 12:20:22,573] {logging_mixin.py:112} INFO - Ashia
[2020-12-07 12:20:22,573] {logging_mixin.py:112} INFO - Lynn
[2020-12-07 12:20:22,573] {logging_mixin.py:112} INFO - Archibold
[2020-12-07 12:20:22,574] {logging_mixin.py:112} INFO - Udell
[2020-12-07 12:20:22,574] {logging_mixin.py:112} INFO - Ewart
[2020-12-07 12:20:22,575] {logging_mixin.py:112} INFO - Sergio
[2020-12-07 12:20:22,575] {logging_mixin.py:112} INFO - Marylou
[2020-12-07 12:20:22,576] {logging_mixin.py:112} INFO - Peggy
[2020-12-07 12:20:22,576] {conn.py:410} INFO - <BrokerConnection node_id=0 host=localhost:9092 <connecting> [IPv6 ('::1', 9092, 0, 0)]>: Connection complete.
[2020-12-07 12:20:22,576] {logging_mixin.py:112} INFO - Nicolette
[2020-12-07 12:20:22,577] {conn.py:919} INFO - <BrokerConnection node_id=bootstrap-0 host=localhost:9092 <connected> [IPv6 ('::1', 9092, 0, 0)]>: Closing connection. 
[2020-12-07 12:20:22,577] {logging_mixin.py:112} INFO - Imojean
[2020-12-07 12:20:22,581] {logging_mixin.py:112} INFO - Rice
[2020-12-07 12:20:22,582] {logging_mixin.py:112} INFO - Gunner
[2020-12-07 12:20:22,582] {logging_mixin.py:112} INFO - Alejandro
[2020-12-07 12:20:22,583] {logging_mixin.py:112} INFO - Clair
[2020-12-07 12:20:22,583] {logging_mixin.py:112} INFO - Horst
[2020-12-07 12:20:22,583] {logging_mixin.py:112} INFO - Brad
[2020-12-07 12:20:22,584] {logging_mixin.py:112} INFO - Reese
[2020-12-07 12:20:22,585] {logging_mixin.py:112} INFO - Hewett
[2020-12-07 12:20:22,585] {logging_mixin.py:112} INFO - Hilliard
[2020-12-07 12:20:22,585] {logging_mixin.py:112} INFO - Dorian
[2020-12-07 12:20:22,586] {logging_mixin.py:112} INFO - Osmond
[2020-12-07 12:20:22,586] {logging_mixin.py:112} INFO - Harv
[2020-12-07 12:20:22,586] {logging_mixin.py:112} INFO - Cathe
[2020-12-07 12:20:22,586] {logging_mixin.py:112} INFO - Talbert
[2020-12-07 12:20:22,587] {logging_mixin.py:112} INFO - Judith
[2020-12-07 12:20:22,587] {logging_mixin.py:112} INFO - Galen
[2020-12-07 12:20:22,587] {logging_mixin.py:112} INFO - Neille
[2020-12-07 12:20:22,587] {logging_mixin.py:112} INFO - Maryellen
[2020-12-07 12:20:22,588] {logging_mixin.py:112} INFO - Claribel
[2020-12-07 12:20:22,588] {logging_mixin.py:112} INFO - Melodee
[2020-12-07 12:20:22,588] {logging_mixin.py:112} INFO - Adham
[2020-12-07 12:20:22,588] {logging_mixin.py:112} INFO - Aldon
[2020-12-07 12:20:22,588] {logging_mixin.py:112} INFO - Butch
[2020-12-07 12:20:22,589] {logging_mixin.py:112} INFO - Bennett
[2020-12-07 12:20:22,589] {logging_mixin.py:112} INFO - Lurline
[2020-12-07 12:20:22,589] {logging_mixin.py:112} INFO - Giavani
[2020-12-07 12:20:22,589] {logging_mixin.py:112} INFO - Ethelbert
[2020-12-07 12:20:22,590] {logging_mixin.py:112} INFO - Mufi
[2020-12-07 12:20:22,590] {logging_mixin.py:112} INFO - Ignace
[2020-12-07 12:20:22,590] {logging_mixin.py:112} INFO - Mallissa
[2020-12-07 12:20:22,591] {logging_mixin.py:112} INFO - Dominique
[2020-12-07 12:20:22,592] {logging_mixin.py:112} INFO - Siobhan
[2020-12-07 12:20:22,593] {logging_mixin.py:112} INFO - Erich
[2020-12-07 12:20:22,593] {logging_mixin.py:112} INFO - Hakeem
[2020-12-07 12:20:22,594] {logging_mixin.py:112} INFO - Mayne
[2020-12-07 12:20:22,595] {logging_mixin.py:112} INFO - Ralph
[2020-12-07 12:20:22,596] {logging_mixin.py:112} INFO - Luciana
[2020-12-07 12:20:22,596] {logging_mixin.py:112} INFO - Adelina
[2020-12-07 12:20:22,597] {logging_mixin.py:112} INFO - Kris
[2020-12-07 12:20:22,597] {logging_mixin.py:112} INFO - Lulu
[2020-12-07 12:20:22,598] {logging_mixin.py:112} INFO - Marni
[2020-12-07 12:20:22,599] {logging_mixin.py:112} INFO - Keely
[2020-12-07 12:20:22,600] {logging_mixin.py:112} INFO - Phillipe
[2020-12-07 12:20:22,601] {logging_mixin.py:112} INFO - Legra
[2020-12-07 12:20:22,601] {logging_mixin.py:112} INFO - Charil
[2020-12-07 12:20:22,602] {logging_mixin.py:112} INFO - Durward
[2020-12-07 12:20:22,603] {logging_mixin.py:112} INFO - Marcella
[2020-12-07 12:20:22,603] {logging_mixin.py:112} INFO - Travis
[2020-12-07 12:20:22,604] {logging_mixin.py:112} INFO - Gearalt
[2020-12-07 12:20:22,604] {logging_mixin.py:112} INFO - Alanah
[2020-12-07 12:20:22,605] {logging_mixin.py:112} INFO - Davis
[2020-12-07 12:20:22,606] {logging_mixin.py:112} INFO - Ingaberg
[2020-12-07 12:20:22,607] {logging_mixin.py:112} INFO - Nanine
[2020-12-07 12:20:22,607] {logging_mixin.py:112} INFO - Dillie
[2020-12-07 12:20:22,608] {logging_mixin.py:112} INFO - Ichabod
[2020-12-07 12:20:22,608] {logging_mixin.py:112} INFO - Amata
[2020-12-07 12:20:22,609] {logging_mixin.py:112} INFO - Lebbie
[2020-12-07 12:20:22,609] {logging_mixin.py:112} INFO - Wilton
[2020-12-07 12:20:22,609] {logging_mixin.py:112} INFO - Valma
[2020-12-07 12:20:22,610] {logging_mixin.py:112} INFO - Regen
[2020-12-07 12:20:22,610] {logging_mixin.py:112} INFO - Lowrance
[2020-12-07 12:20:22,610] {logging_mixin.py:112} INFO - Marcelia
[2020-12-07 12:20:22,611] {logging_mixin.py:112} INFO - Bunny
[2020-12-07 12:20:22,611] {logging_mixin.py:112} INFO - Fanya
[2020-12-07 12:20:22,612] {logging_mixin.py:112} INFO - Tildie
[2020-12-07 12:20:22,612] {logging_mixin.py:112} INFO - Mylo
[2020-12-07 12:20:22,613] {logging_mixin.py:112} INFO - Inness
[2020-12-07 12:20:22,613] {logging_mixin.py:112} INFO - Juli
[2020-12-07 12:20:22,614] {logging_mixin.py:112} INFO - Neile
[2020-12-07 12:20:22,615] {logging_mixin.py:112} INFO - Clay
[2020-12-07 12:20:22,616] {logging_mixin.py:112} INFO - Klement
[2020-12-07 12:20:22,616] {logging_mixin.py:112} INFO - Teddie
[2020-12-07 12:20:22,618] {logging_mixin.py:112} INFO - Peg
[2020-12-07 12:20:22,618] {logging_mixin.py:112} INFO - Lorrie
[2020-12-07 12:20:22,619] {logging_mixin.py:112} INFO - Gerhardine
[2020-12-07 12:20:22,619] {logging_mixin.py:112} INFO - Rossie
[2020-12-07 12:20:22,620] {logging_mixin.py:112} INFO - Martynne
[2020-12-07 12:20:22,620] {logging_mixin.py:112} INFO - Emilia
[2020-12-07 12:20:22,621] {logging_mixin.py:112} INFO - Cathrine
[2020-12-07 12:20:22,622] {logging_mixin.py:112} INFO - Martelle
[2020-12-07 12:20:22,622] {logging_mixin.py:112} INFO - Kasey
[2020-12-07 12:20:22,622] {logging_mixin.py:112} INFO - Krystal
[2020-12-07 12:20:22,623] {logging_mixin.py:112} INFO - Omero
[2020-12-07 12:20:22,623] {logging_mixin.py:112} INFO - Kalinda
[2020-12-07 12:20:22,624] {logging_mixin.py:112} INFO - Katey
[2020-12-07 12:20:22,625] {logging_mixin.py:112} INFO - Quinton
[2020-12-07 12:20:22,625] {logging_mixin.py:112} INFO - Harcourt
[2020-12-07 12:20:22,625] {logging_mixin.py:112} INFO - Teodorico
[2020-12-07 12:20:22,626] {logging_mixin.py:112} INFO - Toby
[2020-12-07 12:20:22,627] {logging_mixin.py:112} INFO - Heinrik
[2020-12-07 12:20:22,628] {logging_mixin.py:112} INFO - Donovan
[2020-12-07 12:20:22,629] {logging_mixin.py:112} INFO - Lyssa
[2020-12-07 12:20:22,629] {logging_mixin.py:112} INFO - Dorisa
[2020-12-07 12:20:22,631] {logging_mixin.py:112} INFO - Cesare
[2020-12-07 12:20:22,632] {logging_mixin.py:112} INFO - Alister
[2020-12-07 12:20:22,633] {logging_mixin.py:112} INFO - Ase
[2020-12-07 12:20:22,633] {logging_mixin.py:112} INFO - Candis
[2020-12-07 12:20:22,634] {logging_mixin.py:112} INFO - Bealle
[2020-12-07 12:20:22,635] {logging_mixin.py:112} INFO - Clair
[2020-12-07 12:20:22,635] {logging_mixin.py:112} INFO - Alvinia
[2020-12-07 12:20:22,636] {logging_mixin.py:112} INFO - Buck
[2020-12-07 12:20:22,637] {logging_mixin.py:112} INFO - Ester
[2020-12-07 12:20:22,639] {logging_mixin.py:112} INFO - Cosimo
[2020-12-07 12:20:22,640] {logging_mixin.py:112} INFO - Miriam
[2020-12-07 12:20:22,640] {logging_mixin.py:112} INFO - Marlene
[2020-12-07 12:20:22,641] {logging_mixin.py:112} INFO - Mortie
[2020-12-07 12:20:22,641] {logging_mixin.py:112} INFO - Bord
[2020-12-07 12:20:22,642] {logging_mixin.py:112} INFO - Emmit
[2020-12-07 12:20:22,643] {logging_mixin.py:112} INFO - Archaimbaud
[2020-12-07 12:20:22,644] {logging_mixin.py:112} INFO - Portie
[2020-12-07 12:20:22,644] {logging_mixin.py:112} INFO - Waylen
[2020-12-07 12:20:22,645] {logging_mixin.py:112} INFO - Sheree
[2020-12-07 12:20:22,645] {logging_mixin.py:112} INFO - Anatole
[2020-12-07 12:20:22,646] {logging_mixin.py:112} INFO - Paxton
[2020-12-07 12:20:22,647] {logging_mixin.py:112} INFO - Aksel
[2020-12-07 12:20:22,648] {logging_mixin.py:112} INFO - Torrin
[2020-12-07 12:20:22,649] {logging_mixin.py:112} INFO - Cherin
[2020-12-07 12:20:22,649] {logging_mixin.py:112} INFO - Marten
[2020-12-07 12:20:22,650] {logging_mixin.py:112} INFO - Thibaud
[2020-12-07 12:20:22,651] {logging_mixin.py:112} INFO - Graehme
[2020-12-07 12:20:22,651] {logging_mixin.py:112} INFO - Kimbra
[2020-12-07 12:20:22,652] {logging_mixin.py:112} INFO - Viola
[2020-12-07 12:20:22,652] {logging_mixin.py:112} INFO - Cirilo
[2020-12-07 12:20:22,653] {logging_mixin.py:112} INFO - Zachary
[2020-12-07 12:20:22,653] {logging_mixin.py:112} INFO - Dulcy
[2020-12-07 12:20:22,654] {logging_mixin.py:112} INFO - Roxane
[2020-12-07 12:20:22,654] {logging_mixin.py:112} INFO - Sheba
[2020-12-07 12:20:22,654] {logging_mixin.py:112} INFO - Pieter
[2020-12-07 12:20:22,655] {logging_mixin.py:112} INFO - Honor
[2020-12-07 12:20:22,656] {logging_mixin.py:112} INFO - Talia
[2020-12-07 12:20:22,656] {logging_mixin.py:112} INFO - Rey
[2020-12-07 12:20:22,657] {logging_mixin.py:112} INFO - Hubert
[2020-12-07 12:20:22,657] {logging_mixin.py:112} INFO - Duff
[2020-12-07 12:20:22,657] {logging_mixin.py:112} INFO - Kingsly
[2020-12-07 12:20:22,658] {logging_mixin.py:112} INFO - Rodolph
[2020-12-07 12:20:22,659] {logging_mixin.py:112} INFO - Sunny
[2020-12-07 12:20:22,659] {logging_mixin.py:112} INFO - Kale
[2020-12-07 12:20:22,659] {logging_mixin.py:112} INFO - Alberik
[2020-12-07 12:20:22,660] {logging_mixin.py:112} INFO - Tannie
[2020-12-07 12:20:22,660] {logging_mixin.py:112} INFO - Courtney
[2020-12-07 12:20:22,660] {logging_mixin.py:112} INFO - Bertina
[2020-12-07 12:20:22,662] {logging_mixin.py:112} INFO - Si
[2020-12-07 12:20:22,662] {logging_mixin.py:112} INFO - Carlo
[2020-12-07 12:20:22,663] {logging_mixin.py:112} INFO - Weidar
[2020-12-07 12:20:22,663] {logging_mixin.py:112} INFO - Claus
[2020-12-07 12:20:22,664] {logging_mixin.py:112} INFO - Ram
[2020-12-07 12:20:22,664] {logging_mixin.py:112} INFO - Krispin
[2020-12-07 12:20:22,665] {logging_mixin.py:112} INFO - Saw
[2020-12-07 12:20:22,665] {logging_mixin.py:112} INFO - Ennis
[2020-12-07 12:20:22,666] {logging_mixin.py:112} INFO - Alastair
[2020-12-07 12:20:22,667] {logging_mixin.py:112} INFO - Wendye
[2020-12-07 12:20:22,667] {logging_mixin.py:112} INFO - Kalina
[2020-12-07 12:20:22,668] {logging_mixin.py:112} INFO - Errol
[2020-12-07 12:20:22,668] {logging_mixin.py:112} INFO - Maurice
[2020-12-07 12:20:22,669] {logging_mixin.py:112} INFO - Thedrick
[2020-12-07 12:20:22,669] {logging_mixin.py:112} INFO - Livy
[2020-12-07 12:20:22,670] {logging_mixin.py:112} INFO - Lindi
[2020-12-07 12:20:22,671] {logging_mixin.py:112} INFO - Charmine
[2020-12-07 12:20:22,671] {logging_mixin.py:112} INFO - Bradford
[2020-12-07 12:20:22,671] {logging_mixin.py:112} INFO - Cal
[2020-12-07 12:20:22,672] {logging_mixin.py:112} INFO - Phebe
[2020-12-07 12:20:22,672] {logging_mixin.py:112} INFO - Reba
[2020-12-07 12:20:22,673] {logging_mixin.py:112} INFO - Ceil
[2020-12-07 12:20:22,673] {logging_mixin.py:112} INFO - Petey
[2020-12-07 12:20:22,674] {logging_mixin.py:112} INFO - Valentina
[2020-12-07 12:20:22,675] {logging_mixin.py:112} INFO - Erroll
[2020-12-07 12:20:22,676] {logging_mixin.py:112} INFO - Faith
[2020-12-07 12:20:22,677] {logging_mixin.py:112} INFO - Antonin
[2020-12-07 12:20:22,678] {logging_mixin.py:112} INFO - Kayne
[2020-12-07 12:20:22,679] {logging_mixin.py:112} INFO - Orville
[2020-12-07 12:20:22,679] {logging_mixin.py:112} INFO - Merrilee
[2020-12-07 12:20:22,679] {logging_mixin.py:112} INFO - Rupert
[2020-12-07 12:20:22,680] {logging_mixin.py:112} INFO - Tristan
[2020-12-07 12:20:22,680] {logging_mixin.py:112} INFO - Baudoin
[2020-12-07 12:20:22,681] {logging_mixin.py:112} INFO - Dominik
[2020-12-07 12:20:22,682] {logging_mixin.py:112} INFO - Moise
[2020-12-07 12:20:22,682] {logging_mixin.py:112} INFO - Ronna
[2020-12-07 12:20:22,683] {logging_mixin.py:112} INFO - Holli
[2020-12-07 12:20:22,683] {logging_mixin.py:112} INFO - Nomi
[2020-12-07 12:20:22,684] {logging_mixin.py:112} INFO - Phyllis
[2020-12-07 12:20:22,684] {logging_mixin.py:112} INFO - Cloris
[2020-12-07 12:20:22,685] {logging_mixin.py:112} INFO - Elwyn
[2020-12-07 12:20:22,685] {logging_mixin.py:112} INFO - Ezechiel
[2020-12-07 12:20:22,686] {logging_mixin.py:112} INFO - Barclay
[2020-12-07 12:20:22,686] {logging_mixin.py:112} INFO - Adele
[2020-12-07 12:20:22,687] {logging_mixin.py:112} INFO - Deane
[2020-12-07 12:20:22,687] {logging_mixin.py:112} INFO - Ashien
[2020-12-07 12:20:22,687] {logging_mixin.py:112} INFO - Reynolds
[2020-12-07 12:20:22,688] {logging_mixin.py:112} INFO - Jazmin
[2020-12-07 12:20:22,688] {logging_mixin.py:112} INFO - Lisha
[2020-12-07 12:20:22,689] {logging_mixin.py:112} INFO - Nancey
[2020-12-07 12:20:22,690] {logging_mixin.py:112} INFO - Jacquelin
[2020-12-07 12:20:22,690] {logging_mixin.py:112} INFO - Colas
[2020-12-07 12:20:22,691] {logging_mixin.py:112} INFO - Jodie
[2020-12-07 12:20:22,691] {logging_mixin.py:112} INFO - Duncan
[2020-12-07 12:20:22,692] {logging_mixin.py:112} INFO - Bond
[2020-12-07 12:20:22,693] {logging_mixin.py:112} INFO - Husain
[2020-12-07 12:20:22,693] {logging_mixin.py:112} INFO - Wallie
[2020-12-07 12:20:22,694] {logging_mixin.py:112} INFO - Padget
[2020-12-07 12:20:22,695] {logging_mixin.py:112} INFO - Barbie
[2020-12-07 12:20:22,695] {logging_mixin.py:112} INFO - Pierrette
[2020-12-07 12:20:22,696] {logging_mixin.py:112} INFO - Feodor
[2020-12-07 12:20:22,696] {logging_mixin.py:112} INFO - Brigg
[2020-12-07 12:20:22,697] {logging_mixin.py:112} INFO - Jeni
[2020-12-07 12:20:22,697] {logging_mixin.py:112} INFO - Nolan
[2020-12-07 12:20:22,698] {logging_mixin.py:112} INFO - Rollie
[2020-12-07 12:20:22,698] {logging_mixin.py:112} INFO - Wang
[2020-12-07 12:20:22,699] {logging_mixin.py:112} INFO - Wilow
[2020-12-07 12:20:22,700] {logging_mixin.py:112} INFO - Thedric
[2020-12-07 12:20:22,700] {logging_mixin.py:112} INFO - Helli
[2020-12-07 12:20:22,701] {logging_mixin.py:112} INFO - Bink
[2020-12-07 12:20:22,701] {logging_mixin.py:112} INFO - Morena
[2020-12-07 12:20:22,702] {logging_mixin.py:112} INFO - Adelheid
[2020-12-07 12:20:22,703] {logging_mixin.py:112} INFO - Lark
[2020-12-07 12:20:22,703] {logging_mixin.py:112} INFO - Nevins
[2020-12-07 12:20:22,704] {logging_mixin.py:112} INFO - Rickey
[2020-12-07 12:20:22,704] {logging_mixin.py:112} INFO - Culley
[2020-12-07 12:20:22,705] {logging_mixin.py:112} INFO - Idaline
[2020-12-07 12:20:22,705] {logging_mixin.py:112} INFO - Kele
[2020-12-07 12:20:22,706] {logging_mixin.py:112} INFO - Shana
[2020-12-07 12:20:22,706] {logging_mixin.py:112} INFO - Gale
[2020-12-07 12:20:22,707] {logging_mixin.py:112} INFO - Susy
[2020-12-07 12:20:22,708] {logging_mixin.py:112} INFO - Helaine
[2020-12-07 12:20:22,708] {logging_mixin.py:112} INFO - Lauree
[2020-12-07 12:20:22,709] {logging_mixin.py:112} INFO - Kettie
[2020-12-07 12:20:22,709] {logging_mixin.py:112} INFO - Elston
[2020-12-07 12:20:22,710] {logging_mixin.py:112} INFO - Sandie
[2020-12-07 12:20:22,710] {logging_mixin.py:112} INFO - Reuben
[2020-12-07 12:20:22,711] {logging_mixin.py:112} INFO - Ezequiel
[2020-12-07 12:20:22,711] {logging_mixin.py:112} INFO - Jule
[2020-12-07 12:20:22,712] {logging_mixin.py:112} INFO - Marilyn
[2020-12-07 12:20:22,712] {logging_mixin.py:112} INFO - Celestine
[2020-12-07 12:20:22,713] {logging_mixin.py:112} INFO - Grady
[2020-12-07 12:20:22,713] {logging_mixin.py:112} INFO - Tadio
[2020-12-07 12:20:22,714] {logging_mixin.py:112} INFO - Goran
[2020-12-07 12:20:22,715] {logging_mixin.py:112} INFO - Jarred
[2020-12-07 12:20:22,715] {logging_mixin.py:112} INFO - Marissa
[2020-12-07 12:20:22,716] {logging_mixin.py:112} INFO - Bernardine
[2020-12-07 12:20:22,716] {logging_mixin.py:112} INFO - Heath
[2020-12-07 12:20:22,716] {logging_mixin.py:112} INFO - Odell
[2020-12-07 12:20:22,717] {logging_mixin.py:112} INFO - Drucy
[2020-12-07 12:20:22,717] {logging_mixin.py:112} INFO - Toiboid
[2020-12-07 12:20:22,718] {logging_mixin.py:112} INFO - Nettie
[2020-12-07 12:20:22,719] {logging_mixin.py:112} INFO - Franz
[2020-12-07 12:20:22,719] {logging_mixin.py:112} INFO - Harmon
[2020-12-07 12:20:22,719] {logging_mixin.py:112} INFO - Cordi
[2020-12-07 12:20:22,720] {logging_mixin.py:112} INFO - Hermione
[2020-12-07 12:20:22,720] {logging_mixin.py:112} INFO - Darya
[2020-12-07 12:20:22,721] {logging_mixin.py:112} INFO - Spike
[2020-12-07 12:20:22,721] {logging_mixin.py:112} INFO - Sauncho
[2020-12-07 12:20:22,722] {logging_mixin.py:112} INFO - Dorelia
[2020-12-07 12:20:22,723] {logging_mixin.py:112} INFO - Florida
[2020-12-07 12:20:22,723] {logging_mixin.py:112} INFO - Kylynn
[2020-12-07 12:20:22,724] {logging_mixin.py:112} INFO - Bamby
[2020-12-07 12:20:22,724] {logging_mixin.py:112} INFO - Letta
[2020-12-07 12:20:22,725] {logging_mixin.py:112} INFO - Vinita
[2020-12-07 12:20:22,726] {logging_mixin.py:112} INFO - West
[2020-12-07 12:20:22,727] {logging_mixin.py:112} INFO - Bear
[2020-12-07 12:20:22,728] {logging_mixin.py:112} INFO - Almeria
[2020-12-07 12:20:22,729] {logging_mixin.py:112} INFO - Blaine
[2020-12-07 12:20:22,729] {logging_mixin.py:112} INFO - Merrel
[2020-12-07 12:20:22,729] {logging_mixin.py:112} INFO - Jamie
[2020-12-07 12:20:22,729] {logging_mixin.py:112} INFO - Gordan
[2020-12-07 12:20:22,730] {logging_mixin.py:112} INFO - Dun
[2020-12-07 12:20:22,730] {logging_mixin.py:112} INFO - Thedric
[2020-12-07 12:20:22,731] {logging_mixin.py:112} INFO - Frederick
[2020-12-07 12:20:22,731] {logging_mixin.py:112} INFO - Lucille
[2020-12-07 12:20:22,732] {logging_mixin.py:112} INFO - Fifine
[2020-12-07 12:20:22,733] {logging_mixin.py:112} INFO - Claire
[2020-12-07 12:20:22,734] {logging_mixin.py:112} INFO - Curran
[2020-12-07 12:20:22,734] {logging_mixin.py:112} INFO - Alexine
[2020-12-07 12:20:22,735] {logging_mixin.py:112} INFO - Pauli
[2020-12-07 12:20:22,736] {logging_mixin.py:112} INFO - Binny
[2020-12-07 12:20:22,737] {logging_mixin.py:112} INFO - Nikolaus
[2020-12-07 12:20:22,738] {logging_mixin.py:112} INFO - Cristen
[2020-12-07 12:20:22,739] {logging_mixin.py:112} INFO - Simone
[2020-12-07 12:20:22,739] {logging_mixin.py:112} INFO - Rosy
[2020-12-07 12:20:22,739] {logging_mixin.py:112} INFO - Catarina
[2020-12-07 12:20:22,740] {logging_mixin.py:112} INFO - Quint
[2020-12-07 12:20:22,741] {logging_mixin.py:112} INFO - Joell
[2020-12-07 12:20:22,741] {logging_mixin.py:112} INFO - Babara
[2020-12-07 12:20:22,742] {logging_mixin.py:112} INFO - Erena
[2020-12-07 12:20:22,742] {logging_mixin.py:112} INFO - Joachim
[2020-12-07 12:20:22,743] {logging_mixin.py:112} INFO - Cori
[2020-12-07 12:20:22,743] {logging_mixin.py:112} INFO - Lodovico
[2020-12-07 12:20:22,743] {logging_mixin.py:112} INFO - Thatcher
[2020-12-07 12:20:22,744] {logging_mixin.py:112} INFO - Valentina
[2020-12-07 12:20:22,744] {logging_mixin.py:112} INFO - Mirelle
[2020-12-07 12:20:22,745] {logging_mixin.py:112} INFO - Marnia
[2020-12-07 12:20:22,745] {logging_mixin.py:112} INFO - Nonna
[2020-12-07 12:20:22,746] {logging_mixin.py:112} INFO - Kahaleel
[2020-12-07 12:20:22,747] {logging_mixin.py:112} INFO - Paddy
[2020-12-07 12:20:22,748] {logging_mixin.py:112} INFO - Aldon
[2020-12-07 12:20:22,748] {logging_mixin.py:112} INFO - Caz
[2020-12-07 12:20:22,749] {logging_mixin.py:112} INFO - Merrill
[2020-12-07 12:20:22,749] {logging_mixin.py:112} INFO - Estele
[2020-12-07 12:20:22,750] {logging_mixin.py:112} INFO - Lynea
[2020-12-07 12:20:22,750] {logging_mixin.py:112} INFO - Debbi
[2020-12-07 12:20:22,751] {logging_mixin.py:112} INFO - Thornie
[2020-12-07 12:20:22,751] {logging_mixin.py:112} INFO - Guthry
[2020-12-07 12:20:22,751] {logging_mixin.py:112} INFO - Jacinta
[2020-12-07 12:20:22,752] {logging_mixin.py:112} INFO - Yoshiko
[2020-12-07 12:20:22,752] {logging_mixin.py:112} INFO - Arabelle
[2020-12-07 12:20:22,753] {logging_mixin.py:112} INFO - Clementia
[2020-12-07 12:20:22,754] {logging_mixin.py:112} INFO - Benedicto
[2020-12-07 12:20:22,754] {logging_mixin.py:112} INFO - Felicle
[2020-12-07 12:20:22,755] {logging_mixin.py:112} INFO - Udell
[2020-12-07 12:20:22,755] {logging_mixin.py:112} INFO - Tildi
[2020-12-07 12:20:22,756] {logging_mixin.py:112} INFO - Tate
[2020-12-07 12:20:22,757] {logging_mixin.py:112} INFO - Amye
[2020-12-07 12:20:22,757] {logging_mixin.py:112} INFO - Faunie
[2020-12-07 12:20:22,758] {logging_mixin.py:112} INFO - Chevalier
[2020-12-07 12:20:22,759] {logging_mixin.py:112} INFO - Bernadene
[2020-12-07 12:20:22,759] {logging_mixin.py:112} INFO - Ollie
[2020-12-07 12:20:22,760] {logging_mixin.py:112} INFO - Gregorio
[2020-12-07 12:20:22,760] {logging_mixin.py:112} INFO - Kaitlynn
[2020-12-07 12:20:22,761] {logging_mixin.py:112} INFO - Lionello
[2020-12-07 12:20:22,762] {logging_mixin.py:112} INFO - Grenville
[2020-12-07 12:20:22,762] {logging_mixin.py:112} INFO - Falkner
[2020-12-07 12:20:22,763] {logging_mixin.py:112} INFO - Joyann
[2020-12-07 12:20:22,763] {logging_mixin.py:112} INFO - Umberto
[2020-12-07 12:20:22,764] {logging_mixin.py:112} INFO - Buddie
[2020-12-07 12:20:22,765] {logging_mixin.py:112} INFO - Kynthia
[2020-12-07 12:20:22,765] {logging_mixin.py:112} INFO - Bride
[2020-12-07 12:20:22,765] {logging_mixin.py:112} INFO - Barnabe
[2020-12-07 12:20:22,767] {logging_mixin.py:112} INFO - Serene
[2020-12-07 12:20:22,767] {logging_mixin.py:112} INFO - Mayor
[2020-12-07 12:20:22,768] {logging_mixin.py:112} INFO - Goldy
[2020-12-07 12:20:22,768] {logging_mixin.py:112} INFO - Derrick
[2020-12-07 12:20:22,769] {logging_mixin.py:112} INFO - Jackquelin
[2020-12-07 12:20:22,770] {logging_mixin.py:112} INFO - Travers
[2020-12-07 12:20:22,771] {logging_mixin.py:112} INFO - Perry
[2020-12-07 12:20:22,771] {logging_mixin.py:112} INFO - Brianne
[2020-12-07 12:20:22,771] {logging_mixin.py:112} INFO - Cordey
[2020-12-07 12:20:22,772] {logging_mixin.py:112} INFO - Lawton
[2020-12-07 12:20:22,773] {logging_mixin.py:112} INFO - Selma
[2020-12-07 12:20:22,774] {logging_mixin.py:112} INFO - Jameson
[2020-12-07 12:20:22,775] {logging_mixin.py:112} INFO - Libbi
[2020-12-07 12:20:22,775] {logging_mixin.py:112} INFO - Charlotta
[2020-12-07 12:20:22,776] {logging_mixin.py:112} INFO - Jasmin
[2020-12-07 12:20:22,777] {logging_mixin.py:112} INFO - Jodi
[2020-12-07 12:20:22,777] {logging_mixin.py:112} INFO - Monika
[2020-12-07 12:20:22,778] {logging_mixin.py:112} INFO - Ginevra
[2020-12-07 12:20:22,778] {logging_mixin.py:112} INFO - Melli
[2020-12-07 12:20:22,779] {logging_mixin.py:112} INFO - Sloan
[2020-12-07 12:20:22,780] {logging_mixin.py:112} INFO - Carly
[2020-12-07 12:20:22,781] {logging_mixin.py:112} INFO - Ophelie
[2020-12-07 12:20:22,782] {logging_mixin.py:112} INFO - Layne
[2020-12-07 12:20:22,782] {logging_mixin.py:112} INFO - Jaquith
[2020-12-07 12:20:22,783] {logging_mixin.py:112} INFO - Yorker
[2020-12-07 12:20:22,783] {logging_mixin.py:112} INFO - Korie
[2020-12-07 12:20:22,784] {logging_mixin.py:112} INFO - Brook
[2020-12-07 12:20:22,785] {logging_mixin.py:112} INFO - Winna
[2020-12-07 12:20:22,786] {logging_mixin.py:112} INFO - Jordon
[2020-12-07 12:20:22,787] {logging_mixin.py:112} INFO - Adrien
[2020-12-07 12:20:22,788] {logging_mixin.py:112} INFO - Jed
[2020-12-07 12:20:22,788] {logging_mixin.py:112} INFO - Amabelle
[2020-12-07 12:20:22,790] {logging_mixin.py:112} INFO - Nester
[2020-12-07 12:20:22,791] {logging_mixin.py:112} INFO - Piper
[2020-12-07 12:20:22,791] {logging_mixin.py:112} INFO - Sydelle
[2020-12-07 12:20:22,792] {logging_mixin.py:112} INFO - Kakalina
[2020-12-07 12:20:22,792] {logging_mixin.py:112} INFO - Hilary
[2020-12-07 12:20:22,793] {logging_mixin.py:112} INFO - Edvard
[2020-12-07 12:20:22,793] {logging_mixin.py:112} INFO - Joaquin
[2020-12-07 12:20:22,794] {logging_mixin.py:112} INFO - Abbot
[2020-12-07 12:20:22,795] {logging_mixin.py:112} INFO - Marcile
[2020-12-07 12:20:22,795] {logging_mixin.py:112} INFO - Desiree
[2020-12-07 12:20:22,796] {logging_mixin.py:112} INFO - Torre
[2020-12-07 12:20:22,796] {logging_mixin.py:112} INFO - Jeanne
[2020-12-07 12:20:22,797] {logging_mixin.py:112} INFO - Larine
[2020-12-07 12:20:22,797] {logging_mixin.py:112} INFO - Enos
[2020-12-07 12:20:22,797] {logging_mixin.py:112} INFO - Phyllida
[2020-12-07 12:20:22,798] {logging_mixin.py:112} INFO - Glyn
[2020-12-07 12:20:22,799] {logging_mixin.py:112} INFO - Onofredo
[2020-12-07 12:20:22,800] {logging_mixin.py:112} INFO - Nico
[2020-12-07 12:20:22,800] {logging_mixin.py:112} INFO - Stillmann
[2020-12-07 12:20:22,801] {logging_mixin.py:112} INFO - Amberly
[2020-12-07 12:20:22,802] {logging_mixin.py:112} INFO - Daffie
[2020-12-07 12:20:22,802] {logging_mixin.py:112} INFO - Morty
[2020-12-07 12:20:22,803] {logging_mixin.py:112} INFO - Chrisy
[2020-12-07 12:20:22,803] {logging_mixin.py:112} INFO - Toby
[2020-12-07 12:20:22,804] {logging_mixin.py:112} INFO - Witty
[2020-12-07 12:20:22,804] {logging_mixin.py:112} INFO - Nataline
[2020-12-07 12:20:22,805] {logging_mixin.py:112} INFO - Carlie
[2020-12-07 12:20:22,805] {logging_mixin.py:112} INFO - Alexis
[2020-12-07 12:20:22,805] {logging_mixin.py:112} INFO - Leslie
[2020-12-07 12:20:22,806] {logging_mixin.py:112} INFO - Cherin
[2020-12-07 12:20:22,806] {logging_mixin.py:112} INFO - Emelda
[2020-12-07 12:20:22,807] {logging_mixin.py:112} INFO - Dulce
[2020-12-07 12:20:22,807] {logging_mixin.py:112} INFO - Grethel
[2020-12-07 12:20:22,808] {logging_mixin.py:112} INFO - Norbert
[2020-12-07 12:20:22,808] {logging_mixin.py:112} INFO - Kare
[2020-12-07 12:20:22,809] {logging_mixin.py:112} INFO - Randene
[2020-12-07 12:20:22,810] {logging_mixin.py:112} INFO - Pebrook
[2020-12-07 12:20:22,810] {logging_mixin.py:112} INFO - Flinn
[2020-12-07 12:20:22,811] {logging_mixin.py:112} INFO - Barde
[2020-12-07 12:20:22,811] {logging_mixin.py:112} INFO - Donny
[2020-12-07 12:20:22,812] {logging_mixin.py:112} INFO - Wynne
[2020-12-07 12:20:22,812] {logging_mixin.py:112} INFO - Frederico
[2020-12-07 12:20:22,813] {logging_mixin.py:112} INFO - Estell
[2020-12-07 12:20:22,814] {logging_mixin.py:112} INFO - Maudie
[2020-12-07 12:20:22,815] {logging_mixin.py:112} INFO - Robby
[2020-12-07 12:20:22,815] {logging_mixin.py:112} INFO - Donnajean
[2020-12-07 12:20:22,815] {logging_mixin.py:112} INFO - Julianna
[2020-12-07 12:20:22,816] {logging_mixin.py:112} INFO - Reta
[2020-12-07 12:20:22,816] {logging_mixin.py:112} INFO - Pascale
[2020-12-07 12:20:22,817] {logging_mixin.py:112} INFO - Isacco
[2020-12-07 12:20:22,818] {logging_mixin.py:112} INFO - Candida
[2020-12-07 12:20:22,819] {logging_mixin.py:112} INFO - Elnar
[2020-12-07 12:20:22,819] {logging_mixin.py:112} INFO - Horatia
[2020-12-07 12:20:22,819] {logging_mixin.py:112} INFO - Antoine
[2020-12-07 12:20:22,820] {logging_mixin.py:112} INFO - Maurizio
[2020-12-07 12:20:22,820] {logging_mixin.py:112} INFO - Ross
[2020-12-07 12:20:22,821] {logging_mixin.py:112} INFO - Oliviero
[2020-12-07 12:20:22,821] {logging_mixin.py:112} INFO - Andriette
[2020-12-07 12:20:22,822] {logging_mixin.py:112} INFO - Laure
[2020-12-07 12:20:22,823] {logging_mixin.py:112} INFO - Freida
[2020-12-07 12:20:22,823] {logging_mixin.py:112} INFO - Major
[2020-12-07 12:20:22,824] {logging_mixin.py:112} INFO - Finley
[2020-12-07 12:20:22,824] {logging_mixin.py:112} INFO - Mamie
[2020-12-07 12:20:22,825] {logging_mixin.py:112} INFO - Kat
[2020-12-07 12:20:22,826] {logging_mixin.py:112} INFO - Evy
[2020-12-07 12:20:22,826] {logging_mixin.py:112} INFO - Hamish
[2020-12-07 12:20:22,827] {logging_mixin.py:112} INFO - Althea
[2020-12-07 12:20:22,828] {logging_mixin.py:112} INFO - Correy
[2020-12-07 12:20:22,828] {logging_mixin.py:112} INFO - Talya
[2020-12-07 12:20:22,828] {logging_mixin.py:112} INFO - Vitia
[2020-12-07 12:20:22,829] {logging_mixin.py:112} INFO - Godard
[2020-12-07 12:20:22,830] {logging_mixin.py:112} INFO - Maximilian
[2020-12-07 12:20:22,830] {logging_mixin.py:112} INFO - Emelen
[2020-12-07 12:20:22,831] {logging_mixin.py:112} INFO - Jule
[2020-12-07 12:20:22,831] {logging_mixin.py:112} INFO - Waverly
[2020-12-07 12:20:22,832] {logging_mixin.py:112} INFO - Lay
[2020-12-07 12:20:22,832] {logging_mixin.py:112} INFO - Jeniece
[2020-12-07 12:20:22,833] {logging_mixin.py:112} INFO - Bart
[2020-12-07 12:20:22,834] {logging_mixin.py:112} INFO - Krishna
[2020-12-07 12:20:22,835] {logging_mixin.py:112} INFO - Mariquilla
[2020-12-07 12:20:22,835] {logging_mixin.py:112} INFO - Simonne
[2020-12-07 12:20:22,836] {logging_mixin.py:112} INFO - Donnamarie
[2020-12-07 12:20:22,836] {logging_mixin.py:112} INFO - Dusty
[2020-12-07 12:20:22,837] {logging_mixin.py:112} INFO - Johnathon
[2020-12-07 12:20:22,837] {logging_mixin.py:112} INFO - Adelaide
[2020-12-07 12:20:22,839] {logging_mixin.py:112} INFO - Farly
[2020-12-07 12:20:22,839] {logging_mixin.py:112} INFO - Consuela
[2020-12-07 12:20:22,840] {logging_mixin.py:112} INFO - Goldina
[2020-12-07 12:20:22,840] {logging_mixin.py:112} INFO - Lauryn
[2020-12-07 12:20:22,841] {logging_mixin.py:112} INFO - Thibaut
[2020-12-07 12:20:22,842] {logging_mixin.py:112} INFO - Letty
[2020-12-07 12:20:22,842] {logging_mixin.py:112} INFO - Salmon
[2020-12-07 12:20:22,843] {logging_mixin.py:112} INFO - Granger
[2020-12-07 12:20:22,844] {logging_mixin.py:112} INFO - Elana
[2020-12-07 12:20:22,845] {logging_mixin.py:112} INFO - Calley
[2020-12-07 12:20:22,846] {logging_mixin.py:112} INFO - Garrard
[2020-12-07 12:20:22,846] {logging_mixin.py:112} INFO - Aguste
[2020-12-07 12:20:22,848] {logging_mixin.py:112} INFO - Keefer
[2020-12-07 12:20:22,848] {logging_mixin.py:112} INFO - Vera
[2020-12-07 12:20:22,848] {logging_mixin.py:112} INFO - Verne
[2020-12-07 12:20:22,849] {logging_mixin.py:112} INFO - Nathan
[2020-12-07 12:20:22,850] {logging_mixin.py:112} INFO - Dru
[2020-12-07 12:20:22,850] {logging_mixin.py:112} INFO - Edwin
[2020-12-07 12:20:22,851] {logging_mixin.py:112} INFO - Elke
[2020-12-07 12:20:22,852] {logging_mixin.py:112} INFO - Isidro
[2020-12-07 12:20:22,853] {logging_mixin.py:112} INFO - Hollie
[2020-12-07 12:20:22,853] {logging_mixin.py:112} INFO - Bessy
[2020-12-07 12:20:22,854] {logging_mixin.py:112} INFO - Dredi
[2020-12-07 12:20:22,855] {logging_mixin.py:112} INFO - Idalina
[2020-12-07 12:20:22,855] {logging_mixin.py:112} INFO - Fleming
[2020-12-07 12:20:22,856] {logging_mixin.py:112} INFO - Bernadine
[2020-12-07 12:20:22,856] {logging_mixin.py:112} INFO - Lonnard
[2020-12-07 12:20:22,857] {logging_mixin.py:112} INFO - Elonore
[2020-12-07 12:20:22,857] {logging_mixin.py:112} INFO - Steven
[2020-12-07 12:20:22,857] {logging_mixin.py:112} INFO - Kendrick
[2020-12-07 12:20:22,858] {logging_mixin.py:112} INFO - Reta
[2020-12-07 12:20:22,858] {logging_mixin.py:112} INFO - Matty
[2020-12-07 12:20:22,859] {logging_mixin.py:112} INFO - Sylvia
[2020-12-07 12:20:22,860] {logging_mixin.py:112} INFO - Chaim
[2020-12-07 12:20:22,860] {logging_mixin.py:112} INFO - Twyla
[2020-12-07 12:20:22,862] {logging_mixin.py:112} INFO - Manfred
[2020-12-07 12:20:22,862] {logging_mixin.py:112} INFO - Cully
[2020-12-07 12:20:22,862] {logging_mixin.py:112} INFO - Jameson
[2020-12-07 12:20:22,863] {logging_mixin.py:112} INFO - Ruddie
[2020-12-07 12:20:22,864] {logging_mixin.py:112} INFO - Benton
[2020-12-07 12:20:22,864] {logging_mixin.py:112} INFO - Ibrahim
[2020-12-07 12:20:22,865] {logging_mixin.py:112} INFO - Georgeanna
[2020-12-07 12:20:22,866] {logging_mixin.py:112} INFO - Elvira
[2020-12-07 12:20:22,867] {logging_mixin.py:112} INFO - Panchito
[2020-12-07 12:20:22,867] {logging_mixin.py:112} INFO - Emelia
[2020-12-07 12:20:22,868] {logging_mixin.py:112} INFO - Karney
[2020-12-07 12:20:22,868] {logging_mixin.py:112} INFO - Any
[2020-12-07 12:20:22,869] {logging_mixin.py:112} INFO - Von
[2020-12-07 12:20:22,870] {logging_mixin.py:112} INFO - Linell
[2020-12-07 12:20:22,870] {logging_mixin.py:112} INFO - Jakob
[2020-12-07 12:20:22,871] {logging_mixin.py:112} INFO - Gianna
[2020-12-07 12:20:22,871] {logging_mixin.py:112} INFO - Alecia
[2020-12-07 12:20:22,872] {logging_mixin.py:112} INFO - Sibel
[2020-12-07 12:20:22,872] {logging_mixin.py:112} INFO - Jermaine
[2020-12-07 12:20:22,873] {logging_mixin.py:112} INFO - Blithe
[2020-12-07 12:20:22,873] {logging_mixin.py:112} INFO - Bernardine
[2020-12-07 12:20:22,874] {logging_mixin.py:112} INFO - Trey
[2020-12-07 12:20:22,874] {logging_mixin.py:112} INFO - Cheslie
[2020-12-07 12:20:22,875] {logging_mixin.py:112} INFO - Nellie
[2020-12-07 12:20:22,877] {logging_mixin.py:112} INFO - Sterling
[2020-12-07 12:20:22,877] {logging_mixin.py:112} INFO - Auroora
[2020-12-07 12:20:22,878] {logging_mixin.py:112} INFO - Nola
[2020-12-07 12:20:22,879] {logging_mixin.py:112} INFO - Elianora
[2020-12-07 12:20:22,880] {logging_mixin.py:112} INFO - Lotti
[2020-12-07 12:20:22,880] {logging_mixin.py:112} INFO - Adrea
[2020-12-07 12:20:22,881] {logging_mixin.py:112} INFO - Haywood
[2020-12-07 12:20:22,881] {logging_mixin.py:112} INFO - Brianne
[2020-12-07 12:20:22,883] {logging_mixin.py:112} INFO - Carma
[2020-12-07 12:20:22,884] {logging_mixin.py:112} INFO - Lucky
[2020-12-07 12:20:22,885] {logging_mixin.py:112} INFO - Lindsy
[2020-12-07 12:20:22,885] {logging_mixin.py:112} INFO - Anthony
[2020-12-07 12:20:22,886] {logging_mixin.py:112} INFO - Maryrose
[2020-12-07 12:20:22,886] {logging_mixin.py:112} INFO - Gertie
[2020-12-07 12:20:22,886] {logging_mixin.py:112} INFO - Lancelot
[2020-12-07 12:20:22,887] {logging_mixin.py:112} INFO - Wyndham
[2020-12-07 12:20:22,887] {logging_mixin.py:112} INFO - Tomlin
[2020-12-07 12:20:22,887] {logging_mixin.py:112} INFO - Cherianne
[2020-12-07 12:20:22,888] {logging_mixin.py:112} INFO - Hieronymus
[2020-12-07 12:20:22,888] {logging_mixin.py:112} INFO - Yettie
[2020-12-07 12:20:22,889] {logging_mixin.py:112} INFO - Pamela
[2020-12-07 12:20:22,889] {logging_mixin.py:112} INFO - Tomas
[2020-12-07 12:20:22,890] {logging_mixin.py:112} INFO - Beverley
[2020-12-07 12:20:22,891] {logging_mixin.py:112} INFO - Nikos
[2020-12-07 12:20:22,891] {logging_mixin.py:112} INFO - Georgeta
[2020-12-07 12:20:22,892] {logging_mixin.py:112} INFO - Fidela
[2020-12-07 12:20:22,893] {logging_mixin.py:112} INFO - Ruthe
[2020-12-07 12:20:22,893] {logging_mixin.py:112} INFO - Noella
[2020-12-07 12:20:22,893] {logging_mixin.py:112} INFO - Fran
[2020-12-07 12:20:22,894] {logging_mixin.py:112} INFO - Roanne
[2020-12-07 12:20:22,894] {logging_mixin.py:112} INFO - Ariel
[2020-12-07 12:20:22,895] {logging_mixin.py:112} INFO - Darwin
[2020-12-07 12:20:22,895] {logging_mixin.py:112} INFO - Issy
[2020-12-07 12:20:22,896] {logging_mixin.py:112} INFO - Felix
[2020-12-07 12:20:22,897] {logging_mixin.py:112} INFO - Regine
[2020-12-07 12:20:22,897] {logging_mixin.py:112} INFO - Corney
[2020-12-07 12:20:22,898] {logging_mixin.py:112} INFO - Gleda
[2020-12-07 12:20:22,898] {logging_mixin.py:112} INFO - Sharleen
[2020-12-07 12:20:22,898] {logging_mixin.py:112} INFO - Seamus
[2020-12-07 12:20:22,899] {logging_mixin.py:112} INFO - Bail
[2020-12-07 12:20:22,900] {logging_mixin.py:112} INFO - Holmes
[2020-12-07 12:20:22,901] {logging_mixin.py:112} INFO - Donnie
[2020-12-07 12:20:22,901] {logging_mixin.py:112} INFO - Godard
[2020-12-07 12:20:22,902] {logging_mixin.py:112} INFO - Feodor
[2020-12-07 12:20:22,902] {logging_mixin.py:112} INFO - Ollie
[2020-12-07 12:20:22,903] {logging_mixin.py:112} INFO - Moritz
[2020-12-07 12:20:22,903] {logging_mixin.py:112} INFO - Mitzi
[2020-12-07 12:20:22,904] {logging_mixin.py:112} INFO - Brook
[2020-12-07 12:20:22,904] {logging_mixin.py:112} INFO - Falkner
[2020-12-07 12:20:22,905] {logging_mixin.py:112} INFO - Karna
[2020-12-07 12:20:22,906] {logging_mixin.py:112} INFO - Bambie
[2020-12-07 12:20:22,906] {logging_mixin.py:112} INFO - Caitrin
[2020-12-07 12:20:22,907] {logging_mixin.py:112} INFO - Sapphira
[2020-12-07 12:20:22,908] {logging_mixin.py:112} INFO - Herschel
[2020-12-07 12:20:22,909] {logging_mixin.py:112} INFO - Laurent
[2020-12-07 12:20:22,909] {logging_mixin.py:112} INFO - Farly
[2020-12-07 12:20:22,909] {logging_mixin.py:112} INFO - Timmie
[2020-12-07 12:20:22,910] {logging_mixin.py:112} INFO - Gerri
[2020-12-07 12:20:22,911] {logging_mixin.py:112} INFO - Adeline
[2020-12-07 12:20:22,912] {logging_mixin.py:112} INFO - Ruddy
[2020-12-07 12:20:22,912] {logging_mixin.py:112} INFO - Patin
[2020-12-07 12:20:22,913] {logging_mixin.py:112} INFO - Zollie
[2020-12-07 12:20:22,914] {logging_mixin.py:112} INFO - Emmet
[2020-12-07 12:20:22,914] {logging_mixin.py:112} INFO - Brooks
[2020-12-07 12:20:22,914] {logging_mixin.py:112} INFO - Fulvia
[2020-12-07 12:20:22,915] {logging_mixin.py:112} INFO - Son
[2020-12-07 12:20:22,916] {logging_mixin.py:112} INFO - Agnese
[2020-12-07 12:20:22,917] {logging_mixin.py:112} INFO - Bryn
[2020-12-07 12:20:22,917] {logging_mixin.py:112} INFO - Franny
[2020-12-07 12:20:22,917] {logging_mixin.py:112} INFO - Bertina
[2020-12-07 12:20:22,918] {logging_mixin.py:112} INFO - Vally
[2020-12-07 12:20:22,918] {logging_mixin.py:112} INFO - Tiffany
[2020-12-07 12:20:22,919] {logging_mixin.py:112} INFO - Rina
[2020-12-07 12:20:22,920] {logging_mixin.py:112} INFO - Dominga
[2020-12-07 12:20:22,920] {logging_mixin.py:112} INFO - Jack
[2020-12-07 12:20:22,921] {logging_mixin.py:112} INFO - Matthias
[2020-12-07 12:20:22,921] {logging_mixin.py:112} INFO - Alexei
[2020-12-07 12:20:22,921] {logging_mixin.py:112} INFO - Cheslie
[2020-12-07 12:20:22,922] {logging_mixin.py:112} INFO - Margret
[2020-12-07 12:20:22,922] {logging_mixin.py:112} INFO - Ruby
[2020-12-07 12:20:22,923] {logging_mixin.py:112} INFO - Aleta
[2020-12-07 12:20:22,923] {logging_mixin.py:112} INFO - Webb
[2020-12-07 12:20:22,924] {logging_mixin.py:112} INFO - Jemima
[2020-12-07 12:20:22,924] {logging_mixin.py:112} INFO - Newton
[2020-12-07 12:20:22,924] {logging_mixin.py:112} INFO - Electra
[2020-12-07 12:20:22,926] {logging_mixin.py:112} INFO - Shalom
[2020-12-07 12:20:22,927] {logging_mixin.py:112} INFO - Loraine
[2020-12-07 12:20:22,927] {logging_mixin.py:112} INFO - Hasty
[2020-12-07 12:20:22,928] {logging_mixin.py:112} INFO - Reube
[2020-12-07 12:20:22,928] {logging_mixin.py:112} INFO - Rabi
[2020-12-07 12:20:22,928] {logging_mixin.py:112} INFO - Samaria
[2020-12-07 12:20:22,929] {logging_mixin.py:112} INFO - Nealon
[2020-12-07 12:20:22,930] {logging_mixin.py:112} INFO - Hill
[2020-12-07 12:20:22,931] {logging_mixin.py:112} INFO - Theobald
[2020-12-07 12:20:22,931] {logging_mixin.py:112} INFO - Christophe
[2020-12-07 12:20:22,932] {logging_mixin.py:112} INFO - Teresita
[2020-12-07 12:20:22,933] {logging_mixin.py:112} INFO - Jedediah
[2020-12-07 12:20:22,933] {logging_mixin.py:112} INFO - Cory
[2020-12-07 12:20:22,934] {logging_mixin.py:112} INFO - Fields
[2020-12-07 12:20:22,934] {logging_mixin.py:112} INFO - Peggy
[2020-12-07 12:20:22,935] {logging_mixin.py:112} INFO - Kameko
[2020-12-07 12:20:22,936] {logging_mixin.py:112} INFO - Olenolin
[2020-12-07 12:20:22,937] {logging_mixin.py:112} INFO - Joyous
[2020-12-07 12:20:22,938] {logging_mixin.py:112} INFO - Ernst
[2020-12-07 12:20:22,939] {logging_mixin.py:112} INFO - Faydra
[2020-12-07 12:20:22,939] {logging_mixin.py:112} INFO - Simone
[2020-12-07 12:20:22,940] {logging_mixin.py:112} INFO - Martelle
[2020-12-07 12:20:22,940] {logging_mixin.py:112} INFO - Freeman
[2020-12-07 12:20:22,941] {logging_mixin.py:112} INFO - Gussy
[2020-12-07 12:20:22,942] {logging_mixin.py:112} INFO - Valerye
[2020-12-07 12:20:22,942] {logging_mixin.py:112} INFO - Lutero
[2020-12-07 12:20:22,943] {logging_mixin.py:112} INFO - Heidie
[2020-12-07 12:20:22,943] {logging_mixin.py:112} INFO - North
[2020-12-07 12:20:22,944] {logging_mixin.py:112} INFO - Rudolfo
[2020-12-07 12:20:22,944] {logging_mixin.py:112} INFO - Calida
[2020-12-07 12:20:22,945] {logging_mixin.py:112} INFO - Forrester
[2020-12-07 12:20:22,945] {logging_mixin.py:112} INFO - Ester
[2020-12-07 12:20:22,946] {logging_mixin.py:112} INFO - Burke
[2020-12-07 12:20:22,946] {logging_mixin.py:112} INFO - Benedikt
[2020-12-07 12:20:22,947] {logging_mixin.py:112} INFO - Mag
[2020-12-07 12:20:22,947] {logging_mixin.py:112} INFO - Cull
[2020-12-07 12:20:22,948] {logging_mixin.py:112} INFO - Pail
[2020-12-07 12:20:22,948] {logging_mixin.py:112} INFO - Raphaela
[2020-12-07 12:20:22,949] {logging_mixin.py:112} INFO - Darren
[2020-12-07 12:20:22,950] {logging_mixin.py:112} INFO - Gray
[2020-12-07 12:20:22,951] {logging_mixin.py:112} INFO - Heda
[2020-12-07 12:20:22,951] {logging_mixin.py:112} INFO - Jill
[2020-12-07 12:20:22,952] {logging_mixin.py:112} INFO - Desmond
[2020-12-07 12:20:22,953] {logging_mixin.py:112} INFO - Cathy
[2020-12-07 12:20:22,953] {logging_mixin.py:112} INFO - Steffen
[2020-12-07 12:20:22,954] {logging_mixin.py:112} INFO - Cherri
[2020-12-07 12:20:22,954] {logging_mixin.py:112} INFO - Jobi
[2020-12-07 12:20:22,955] {logging_mixin.py:112} INFO - Kerrie
[2020-12-07 12:20:22,955] {logging_mixin.py:112} INFO - Berny
[2020-12-07 12:20:22,956] {logging_mixin.py:112} INFO - Boyd
[2020-12-07 12:20:22,956] {logging_mixin.py:112} INFO - Suzanna
[2020-12-07 12:20:22,956] {logging_mixin.py:112} INFO - Adolf
[2020-12-07 12:20:22,957] {logging_mixin.py:112} INFO - Marna
[2020-12-07 12:20:22,957] {logging_mixin.py:112} INFO - Robbie
[2020-12-07 12:20:22,958] {logging_mixin.py:112} INFO - Arty
[2020-12-07 12:20:22,958] {logging_mixin.py:112} INFO - Carmela
[2020-12-07 12:20:22,959] {logging_mixin.py:112} INFO - Silvanus
[2020-12-07 12:20:22,960] {logging_mixin.py:112} INFO - Morganica
[2020-12-07 12:20:22,960] {logging_mixin.py:112} INFO - Erie
[2020-12-07 12:20:22,962] {logging_mixin.py:112} INFO - Camille
[2020-12-07 12:20:22,962] {logging_mixin.py:112} INFO - Ortensia
[2020-12-07 12:20:22,963] {logging_mixin.py:112} INFO - Humberto
[2020-12-07 12:20:22,964] {logging_mixin.py:112} INFO - Jerad
[2020-12-07 12:20:22,964] {logging_mixin.py:112} INFO - Mateo
[2020-12-07 12:20:22,965] {logging_mixin.py:112} INFO - Caryn
[2020-12-07 12:20:22,966] {logging_mixin.py:112} INFO - Kipper
[2020-12-07 12:20:22,967] {logging_mixin.py:112} INFO - Nikolas
[2020-12-07 12:20:22,967] {logging_mixin.py:112} INFO - Norry
[2020-12-07 12:20:22,967] {logging_mixin.py:112} INFO - Alyss
[2020-12-07 12:20:22,968] {logging_mixin.py:112} INFO - Caterina
[2020-12-07 12:20:22,968] {logging_mixin.py:112} INFO - Albertine
[2020-12-07 12:20:22,969] {logging_mixin.py:112} INFO - Melody
[2020-12-07 12:20:22,970] {logging_mixin.py:112} INFO - Danice
[2020-12-07 12:20:22,970] {logging_mixin.py:112} INFO - Pierrette
[2020-12-07 12:20:22,970] {logging_mixin.py:112} INFO - Nikolos
[2020-12-07 12:20:22,971] {logging_mixin.py:112} INFO - Jakob
[2020-12-07 12:20:22,972] {logging_mixin.py:112} INFO - Denny
[2020-12-07 12:20:22,972] {logging_mixin.py:112} INFO - Jandy
[2020-12-07 12:20:22,973] {logging_mixin.py:112} INFO - Ferdy
[2020-12-07 12:20:22,973] {logging_mixin.py:112} INFO - Archibold
[2020-12-07 12:20:22,973] {logging_mixin.py:112} INFO - Waverley
[2020-12-07 12:20:22,974] {logging_mixin.py:112} INFO - Lyn
[2020-12-07 12:20:22,975] {logging_mixin.py:112} INFO - Juanita
[2020-12-07 12:20:22,976] {logging_mixin.py:112} INFO - Stevy
[2020-12-07 12:20:22,977] {logging_mixin.py:112} INFO - Lorin
[2020-12-07 12:20:22,977] {logging_mixin.py:112} INFO - Phillipe
[2020-12-07 12:20:22,978] {logging_mixin.py:112} INFO - Roddie
[2020-12-07 12:20:22,979] {logging_mixin.py:112} INFO - Milton
[2020-12-07 12:20:22,980] {logging_mixin.py:112} INFO - Shalom
[2020-12-07 12:20:22,980] {logging_mixin.py:112} INFO - Moselle
[2020-12-07 12:20:22,981] {logging_mixin.py:112} INFO - Chane
[2020-12-07 12:20:22,981] {logging_mixin.py:112} INFO - Cleon
[2020-12-07 12:20:22,982] {logging_mixin.py:112} INFO - Basilius
[2020-12-07 12:20:22,982] {logging_mixin.py:112} INFO - Ebba
[2020-12-07 12:20:22,983] {logging_mixin.py:112} INFO - Angelika
[2020-12-07 12:20:22,983] {logging_mixin.py:112} INFO - Lemuel
[2020-12-07 12:20:22,984] {logging_mixin.py:112} INFO - Patrica
[2020-12-07 12:20:22,985] {logging_mixin.py:112} INFO - Lynne
[2020-12-07 12:20:22,986] {logging_mixin.py:112} INFO - Jolee
[2020-12-07 12:20:22,986] {logging_mixin.py:112} INFO - Donny
[2020-12-07 12:20:22,987] {logging_mixin.py:112} INFO - Joyce
[2020-12-07 12:20:22,987] {logging_mixin.py:112} INFO - Wheeler
[2020-12-07 12:20:22,988] {logging_mixin.py:112} INFO - Myrilla
[2020-12-07 12:20:22,988] {logging_mixin.py:112} INFO - Bondon
[2020-12-07 12:20:22,988] {logging_mixin.py:112} INFO - Dasi
[2020-12-07 12:20:22,989] {logging_mixin.py:112} INFO - Eudora
[2020-12-07 12:20:22,989] {logging_mixin.py:112} INFO - Waverley
[2020-12-07 12:20:22,990] {logging_mixin.py:112} INFO - Willamina
[2020-12-07 12:20:22,991] {logging_mixin.py:112} INFO - Nan
[2020-12-07 12:20:22,991] {logging_mixin.py:112} INFO - Gene
[2020-12-07 12:20:22,992] {logging_mixin.py:112} INFO - Doe
[2020-12-07 12:20:22,992] {logging_mixin.py:112} INFO - Norton
[2020-12-07 12:20:22,993] {logging_mixin.py:112} INFO - Sharla
[2020-12-07 12:20:22,993] {logging_mixin.py:112} INFO - Darius
[2020-12-07 12:20:22,994] {logging_mixin.py:112} INFO - Ana
[2020-12-07 12:20:22,995] {logging_mixin.py:112} INFO - Carey
[2020-12-07 12:20:22,995] {logging_mixin.py:112} INFO - Gauthier
[2020-12-07 12:20:22,995] {logging_mixin.py:112} INFO - Kristoffer
[2020-12-07 12:20:22,996] {logging_mixin.py:112} INFO - Desirae
[2020-12-07 12:20:22,996] {logging_mixin.py:112} INFO - Rhona
[2020-12-07 12:20:22,996] {logging_mixin.py:112} INFO - Estel
[2020-12-07 12:20:22,997] {logging_mixin.py:112} INFO - Rivkah
[2020-12-07 12:20:22,997] {logging_mixin.py:112} INFO - Edouard
[2020-12-07 12:20:22,998] {logging_mixin.py:112} INFO - Stanly
[2020-12-07 12:20:22,999] {logging_mixin.py:112} INFO - Bradford
[2020-12-07 12:20:23,000] {logging_mixin.py:112} INFO - Hephzibah
[2020-12-07 12:20:23,001] {logging_mixin.py:112} INFO - Elvis
[2020-12-07 12:20:23,002] {logging_mixin.py:112} INFO - Reece
[2020-12-07 12:20:23,002] {logging_mixin.py:112} INFO - Smith
[2020-12-07 12:20:23,003] {logging_mixin.py:112} INFO - Sybila
[2020-12-07 12:20:23,004] {logging_mixin.py:112} INFO - Lynett
[2020-12-07 12:20:23,004] {logging_mixin.py:112} INFO - Mitchael
[2020-12-07 12:20:23,004] {logging_mixin.py:112} INFO - Cate
[2020-12-07 12:20:23,005] {logging_mixin.py:112} INFO - Lucius
[2020-12-07 12:20:23,005] {logging_mixin.py:112} INFO - Karole
[2020-12-07 12:20:23,005] {logging_mixin.py:112} INFO - Gwenny
[2020-12-07 12:20:23,006] {logging_mixin.py:112} INFO - Patrice
[2020-12-07 12:20:23,007] {logging_mixin.py:112} INFO - Annice
[2020-12-07 12:20:23,007] {logging_mixin.py:112} INFO - Star
[2020-12-07 12:20:23,008] {logging_mixin.py:112} INFO - Erick
[2020-12-07 12:20:23,008] {logging_mixin.py:112} INFO - Gelya
[2020-12-07 12:20:23,009] {logging_mixin.py:112} INFO - Dareen
[2020-12-07 12:20:23,009] {logging_mixin.py:112} INFO - Korry
[2020-12-07 12:20:23,009] {logging_mixin.py:112} INFO - Egon
[2020-12-07 12:20:23,009] {logging_mixin.py:112} INFO - Grannie
[2020-12-07 12:20:23,010] {logging_mixin.py:112} INFO - Ryann
[2020-12-07 12:20:23,010] {logging_mixin.py:112} INFO - Cherey
[2020-12-07 12:20:23,010] {logging_mixin.py:112} INFO - Joe
[2020-12-07 12:20:23,010] {logging_mixin.py:112} INFO - Parrnell
[2020-12-07 12:20:23,011] {logging_mixin.py:112} INFO - Stanislas
[2020-12-07 12:20:23,011] {logging_mixin.py:112} INFO - Gerti
[2020-12-07 12:20:23,012] {logging_mixin.py:112} INFO - Sorcha
[2020-12-07 12:20:23,012] {logging_mixin.py:112} INFO - Karil
[2020-12-07 12:20:23,013] {logging_mixin.py:112} INFO - Vere
[2020-12-07 12:20:23,014] {logging_mixin.py:112} INFO - Hale
[2020-12-07 12:20:23,015] {logging_mixin.py:112} INFO - Karney
[2020-12-07 12:20:23,015] {logging_mixin.py:112} INFO - Cristie
[2020-12-07 12:20:23,015] {logging_mixin.py:112} INFO - Aubine
[2020-12-07 12:20:23,016] {logging_mixin.py:112} INFO - Shelli
[2020-12-07 12:20:23,016] {logging_mixin.py:112} INFO - Sly
[2020-12-07 12:20:23,016] {logging_mixin.py:112} INFO - Myrtle
[2020-12-07 12:20:23,017] {logging_mixin.py:112} INFO - Hilly
[2020-12-07 12:20:23,018] {logging_mixin.py:112} INFO - Darnell
[2020-12-07 12:20:23,018] {logging_mixin.py:112} INFO - Frederic
[2020-12-07 12:20:23,019] {logging_mixin.py:112} INFO - Mirabel
[2020-12-07 12:20:23,019] {logging_mixin.py:112} INFO - Edmund
[2020-12-07 12:20:23,020] {logging_mixin.py:112} INFO - Fidole
[2020-12-07 12:20:23,020] {logging_mixin.py:112} INFO - Mannie
[2020-12-07 12:20:23,021] {logging_mixin.py:112} INFO - Felicio
[2020-12-07 12:20:23,022] {logging_mixin.py:112} INFO - Kally
[2020-12-07 12:20:23,022] {logging_mixin.py:112} INFO - Weidar
[2020-12-07 12:20:23,023] {logging_mixin.py:112} INFO - Lorilyn
[2020-12-07 12:20:23,024] {logging_mixin.py:112} INFO - Billy
[2020-12-07 12:20:23,024] {logging_mixin.py:112} INFO - Daffi
[2020-12-07 12:20:23,025] {logging_mixin.py:112} INFO - Kim
[2020-12-07 12:20:23,025] {logging_mixin.py:112} INFO - Rudolph
[2020-12-07 12:20:23,026] {logging_mixin.py:112} INFO - Rosemaria
[2020-12-07 12:20:23,026] {logging_mixin.py:112} INFO - Bobbee
[2020-12-07 12:20:23,027] {logging_mixin.py:112} INFO - Galvin
[2020-12-07 12:20:23,027] {logging_mixin.py:112} INFO - Aldis
[2020-12-07 12:20:23,027] {logging_mixin.py:112} INFO - Jesus
[2020-12-07 12:20:23,027] {logging_mixin.py:112} INFO - Elvin
[2020-12-07 12:20:23,028] {logging_mixin.py:112} INFO - Briny
[2020-12-07 12:20:23,028] {logging_mixin.py:112} INFO - Sawyer
[2020-12-07 12:20:23,029] {logging_mixin.py:112} INFO - Loella
[2020-12-07 12:20:23,030] {logging_mixin.py:112} INFO - Somerset
[2020-12-07 12:20:23,030] {logging_mixin.py:112} INFO - Poppy
[2020-12-07 12:20:23,031] {logging_mixin.py:112} INFO - Dane
[2020-12-07 12:20:23,031] {logging_mixin.py:112} INFO - Denny
[2020-12-07 12:20:23,032] {logging_mixin.py:112} INFO - Nelle
[2020-12-07 12:20:23,032] {logging_mixin.py:112} INFO - Junia
[2020-12-07 12:20:23,033] {logging_mixin.py:112} INFO - Rees
[2020-12-07 12:20:23,034] {logging_mixin.py:112} INFO - Rorie
[2020-12-07 12:20:23,034] {logging_mixin.py:112} INFO - Padraig
[2020-12-07 12:20:23,035] {logging_mixin.py:112} INFO - Cherry
[2020-12-07 12:20:23,036] {logging_mixin.py:112} INFO - Shelden
[2020-12-07 12:20:23,037] {logging_mixin.py:112} INFO - Gale
[2020-12-07 12:20:23,038] {logging_mixin.py:112} INFO - Luelle
[2020-12-07 12:20:23,038] {logging_mixin.py:112} INFO - Anatollo
[2020-12-07 12:20:23,039] {logging_mixin.py:112} INFO - Bennie
[2020-12-07 12:20:23,040] {logging_mixin.py:112} INFO - Leonard
[2020-12-07 12:20:23,040] {logging_mixin.py:112} INFO - Corenda
[2020-12-07 12:20:23,042] {logging_mixin.py:112} INFO - Andromache
[2020-12-07 12:20:23,042] {logging_mixin.py:112} INFO - Sherry
[2020-12-07 12:20:23,043] {logging_mixin.py:112} INFO - Rodie
[2020-12-07 12:20:23,043] {logging_mixin.py:112} INFO - Spenser
[2020-12-07 12:20:23,044] {logging_mixin.py:112} INFO - Kassey
[2020-12-07 12:20:23,044] {logging_mixin.py:112} INFO - Dallis
[2020-12-07 12:20:23,045] {logging_mixin.py:112} INFO - Louie
[2020-12-07 12:20:23,046] {logging_mixin.py:112} INFO - Eveleen
[2020-12-07 12:20:23,047] {logging_mixin.py:112} INFO - Eleni
[2020-12-07 12:20:23,047] {logging_mixin.py:112} INFO - Thurstan
[2020-12-07 12:20:23,048] {logging_mixin.py:112} INFO - Ignace
[2020-12-07 12:20:23,049] {logging_mixin.py:112} INFO - Benedick
[2020-12-07 12:20:23,049] {logging_mixin.py:112} INFO - Cyndia
[2020-12-07 12:20:23,050] {logging_mixin.py:112} INFO - Mag
[2020-12-07 12:20:23,051] {logging_mixin.py:112} INFO - Brian
[2020-12-07 12:20:23,052] {logging_mixin.py:112} INFO - Avie
[2020-12-07 12:20:23,053] {logging_mixin.py:112} INFO - Papageno
[2020-12-07 12:20:23,053] {logging_mixin.py:112} INFO - Electra
[2020-12-07 12:20:23,054] {logging_mixin.py:112} INFO - Hamlin
[2020-12-07 12:20:23,054] {logging_mixin.py:112} INFO - Doy
[2020-12-07 12:20:23,055] {logging_mixin.py:112} INFO - Dilan
[2020-12-07 12:20:23,055] {logging_mixin.py:112} INFO - Corey
[2020-12-07 12:20:23,056] {logging_mixin.py:112} INFO - Ursala
[2020-12-07 12:20:23,057] {logging_mixin.py:112} INFO - Edin
[2020-12-07 12:20:23,058] {logging_mixin.py:112} INFO - Gustave
[2020-12-07 12:20:23,059] {logging_mixin.py:112} INFO - Keen
[2020-12-07 12:20:23,060] {logging_mixin.py:112} INFO - Ethyl
[2020-12-07 12:20:23,060] {logging_mixin.py:112} INFO - Audrie
[2020-12-07 12:20:23,061] {logging_mixin.py:112} INFO - Dur
[2020-12-07 12:20:23,062] {logging_mixin.py:112} INFO - Bernardine
[2020-12-07 12:20:23,062] {logging_mixin.py:112} INFO - Wilhelmina
[2020-12-07 12:20:23,063] {logging_mixin.py:112} INFO - Monica
[2020-12-07 12:20:23,063] {logging_mixin.py:112} INFO - Estel
[2020-12-07 12:20:23,064] {logging_mixin.py:112} INFO - Barbara
[2020-12-07 12:20:23,065] {logging_mixin.py:112} INFO - Wandie
[2020-12-07 12:20:23,065] {logging_mixin.py:112} INFO - Aleece
[2020-12-07 12:20:23,066] {logging_mixin.py:112} INFO - Phelia
[2020-12-07 12:20:23,067] {logging_mixin.py:112} INFO - Daffy
[2020-12-07 12:20:23,067] {logging_mixin.py:112} INFO - Teresita
[2020-12-07 12:20:23,068] {logging_mixin.py:112} INFO - Wolfy
[2020-12-07 12:20:23,068] {logging_mixin.py:112} INFO - Graig
[2020-12-07 12:20:23,068] {logging_mixin.py:112} INFO - Ranice
[2020-12-07 12:20:23,069] {logging_mixin.py:112} INFO - Norah
[2020-12-07 12:20:23,070] {logging_mixin.py:112} INFO - Birgit
[2020-12-07 12:20:23,071] {logging_mixin.py:112} INFO - Brig
[2020-12-07 12:20:23,071] {logging_mixin.py:112} INFO - Kandy
[2020-12-07 12:20:23,072] {logging_mixin.py:112} INFO - Karin
[2020-12-07 12:20:23,072] {logging_mixin.py:112} INFO - Sollie
[2020-12-07 12:20:23,072] {logging_mixin.py:112} INFO - Shanie
[2020-12-07 12:20:23,073] {logging_mixin.py:112} INFO - Somerset
[2020-12-07 12:20:23,073] {logging_mixin.py:112} INFO - Shoshana
[2020-12-07 12:20:23,074] {logging_mixin.py:112} INFO - Stevie
[2020-12-07 12:20:23,075] {logging_mixin.py:112} INFO - Meade
[2020-12-07 12:20:23,075] {logging_mixin.py:112} INFO - Der
[2020-12-07 12:20:23,076] {logging_mixin.py:112} INFO - Felice
[2020-12-07 12:20:23,077] {logging_mixin.py:112} INFO - Durward
[2020-12-07 12:20:23,079] {logging_mixin.py:112} INFO - Myrilla
[2020-12-07 12:20:23,079] {logging_mixin.py:112} INFO - Lucy
[2020-12-07 12:20:23,080] {logging_mixin.py:112} INFO - Loella
[2020-12-07 12:20:23,080] {logging_mixin.py:112} INFO - Sigismond
[2020-12-07 12:20:23,080] {logging_mixin.py:112} INFO - Jessika
[2020-12-07 12:20:23,081] {logging_mixin.py:112} INFO - Mada
[2020-12-07 12:20:23,082] {logging_mixin.py:112} INFO - Abbie
[2020-12-07 12:20:23,083] {logging_mixin.py:112} INFO - Jobina
[2020-12-07 12:20:23,084] {logging_mixin.py:112} INFO - Melly
[2020-12-07 12:20:23,084] {logging_mixin.py:112} INFO - Agatha
[2020-12-07 12:20:23,085] {logging_mixin.py:112} INFO - Katalin
[2020-12-07 12:20:23,086] {logging_mixin.py:112} INFO - Lauren
[2020-12-07 12:20:23,086] {logging_mixin.py:112} INFO - Gorden
[2020-12-07 12:20:23,087] {logging_mixin.py:112} INFO - Ezri
[2020-12-07 12:20:23,088] {logging_mixin.py:112} INFO - Roarke
[2020-12-07 12:20:23,088] {logging_mixin.py:112} INFO - Adolf
[2020-12-07 12:20:23,089] {logging_mixin.py:112} INFO - Maribeth
[2020-12-07 12:20:23,089] {logging_mixin.py:112} INFO - Taite
[2020-12-07 12:20:23,090] {logging_mixin.py:112} INFO - Laural
[2020-12-07 12:20:23,090] {logging_mixin.py:112} INFO - Wiley
[2020-12-07 12:20:23,091] {logging_mixin.py:112} INFO - Earle
[2020-12-07 12:20:23,092] {logging_mixin.py:112} INFO - Eilis
[2020-12-07 12:20:23,093] {logging_mixin.py:112} INFO - Tootsie
[2020-12-07 12:20:23,094] {logging_mixin.py:112} INFO - Orion
[2020-12-07 12:20:23,095] {logging_mixin.py:112} INFO - Aland
[2020-12-07 12:20:23,096] {logging_mixin.py:112} INFO - Lucia
[2020-12-07 12:20:23,096] {logging_mixin.py:112} INFO - Cyndy
[2020-12-07 12:20:23,097] {logging_mixin.py:112} INFO - Celisse
[2020-12-07 12:20:23,097] {logging_mixin.py:112} INFO - Kiersten
[2020-12-07 12:20:23,098] {logging_mixin.py:112} INFO - Noak
[2020-12-07 12:20:23,099] {logging_mixin.py:112} INFO - Kelbee
[2020-12-07 12:20:23,100] {logging_mixin.py:112} INFO - Orella
[2020-12-07 12:20:23,100] {logging_mixin.py:112} INFO - Chandra
[2020-12-07 12:20:23,100] {logging_mixin.py:112} INFO - Gay
[2020-12-07 12:20:23,101] {logging_mixin.py:112} INFO - Nicola
[2020-12-07 12:20:23,101] {logging_mixin.py:112} INFO - Ermengarde
[2020-12-07 12:20:23,102] {logging_mixin.py:112} INFO - Natalya
[2020-12-07 12:20:23,103] {logging_mixin.py:112} INFO - Dugald
[2020-12-07 12:20:23,104] {logging_mixin.py:112} INFO - Leonora
[2020-12-07 12:20:23,105] {logging_mixin.py:112} INFO - Dorella
[2020-12-07 12:20:23,105] {logging_mixin.py:112} INFO - Chevy
[2020-12-07 12:20:23,106] {logging_mixin.py:112} INFO - Pepito
[2020-12-07 12:20:23,106] {logging_mixin.py:112} INFO - Lillis
[2020-12-07 12:20:23,107] {logging_mixin.py:112} INFO - Nefen
[2020-12-07 12:20:23,107] {logging_mixin.py:112} INFO - Bette-ann
[2020-12-07 12:20:23,108] {logging_mixin.py:112} INFO - Franky
[2020-12-07 12:20:23,109] {logging_mixin.py:112} INFO - Gabbi
[2020-12-07 12:20:23,109] {logging_mixin.py:112} INFO - Kathryn
[2020-12-07 12:20:23,110] {logging_mixin.py:112} INFO - Antone
[2020-12-07 12:20:23,110] {logging_mixin.py:112} INFO - Mose
[2020-12-07 12:20:23,111] {logging_mixin.py:112} INFO - Niles
[2020-12-07 12:20:23,111] {logging_mixin.py:112} INFO - Bertha
[2020-12-07 12:20:23,112] {logging_mixin.py:112} INFO - Carlos
[2020-12-07 12:20:23,113] {logging_mixin.py:112} INFO - Noll
[2020-12-07 12:20:23,114] {logging_mixin.py:112} INFO - Jemie
[2020-12-07 12:20:23,115] {logging_mixin.py:112} INFO - Horst
[2020-12-07 12:20:23,115] {logging_mixin.py:112} INFO - Ernesta
[2020-12-07 12:20:23,116] {logging_mixin.py:112} INFO - Nev
[2020-12-07 12:20:23,116] {logging_mixin.py:112} INFO - Ysabel
[2020-12-07 12:20:23,117] {logging_mixin.py:112} INFO - Adam
[2020-12-07 12:20:23,118] {logging_mixin.py:112} INFO - Elfie
[2020-12-07 12:20:23,118] {logging_mixin.py:112} INFO - Pauline
[2020-12-07 12:20:23,118] {logging_mixin.py:112} INFO - Nessa
[2020-12-07 12:20:23,118] {logging_mixin.py:112} INFO - Pietro
[2020-12-07 12:20:23,119] {logging_mixin.py:112} INFO - Lazare
[2020-12-07 12:20:23,120] {logging_mixin.py:112} INFO - Karolina
[2020-12-07 12:20:23,120] {logging_mixin.py:112} INFO - Blisse
[2020-12-07 12:20:23,121] {logging_mixin.py:112} INFO - Byran
[2020-12-07 12:20:23,122] {logging_mixin.py:112} INFO - Galvan
[2020-12-07 12:20:23,123] {logging_mixin.py:112} INFO - Kenyon
[2020-12-07 12:20:23,123] {logging_mixin.py:112} INFO - Breena
[2020-12-07 12:20:23,124] {logging_mixin.py:112} INFO - Guthry
[2020-12-07 12:20:23,124] {logging_mixin.py:112} INFO - Marijo
[2020-12-07 12:20:23,125] {logging_mixin.py:112} INFO - Harriette
[2020-12-07 12:20:23,126] {logging_mixin.py:112} INFO - Drugi
[2020-12-07 12:20:23,126] {logging_mixin.py:112} INFO - Ryann
[2020-12-07 12:20:23,126] {logging_mixin.py:112} INFO - Brittany
[2020-12-07 12:20:23,127] {logging_mixin.py:112} INFO - Byram
[2020-12-07 12:20:23,127] {logging_mixin.py:112} INFO - Glennis
[2020-12-07 12:20:23,128] {logging_mixin.py:112} INFO - Farris
[2020-12-07 12:20:23,128] {logging_mixin.py:112} INFO - Rahel
[2020-12-07 12:20:23,128] {logging_mixin.py:112} INFO - Vinny
[2020-12-07 12:20:23,129] {logging_mixin.py:112} INFO - Gabriellia
[2020-12-07 12:20:23,129] {logging_mixin.py:112} INFO - Towney
[2020-12-07 12:20:23,129] {logging_mixin.py:112} INFO - Babb
[2020-12-07 12:20:23,130] {logging_mixin.py:112} INFO - Didi
[2020-12-07 12:20:23,130] {logging_mixin.py:112} INFO - Andreas
[2020-12-07 12:20:23,131] {logging_mixin.py:112} INFO - Tobin
[2020-12-07 12:20:23,131] {logging_mixin.py:112} INFO - Janessa
[2020-12-07 12:20:23,132] {logging_mixin.py:112} INFO - Roy
[2020-12-07 12:20:23,132] {logging_mixin.py:112} INFO - Myer
[2020-12-07 12:20:23,132] {logging_mixin.py:112} INFO - Beilul
[2020-12-07 12:20:23,133] {logging_mixin.py:112} INFO - Tremaine
[2020-12-07 12:20:23,133] {logging_mixin.py:112} INFO - Harrietta
[2020-12-07 12:20:23,134] {logging_mixin.py:112} INFO - Frederica
[2020-12-07 12:20:23,134] {logging_mixin.py:112} INFO - Ramon
[2020-12-07 12:20:23,134] {logging_mixin.py:112} INFO - Teena
[2020-12-07 12:20:23,135] {logging_mixin.py:112} INFO - Wynn
[2020-12-07 12:20:23,135] {logging_mixin.py:112} INFO - Constantin
[2020-12-07 12:20:23,135] {logging_mixin.py:112} INFO - Ricki
[2020-12-07 12:20:23,136] {logging_mixin.py:112} INFO - Teodoro
[2020-12-07 12:20:23,136] {logging_mixin.py:112} INFO - Stesha
[2020-12-07 12:20:23,136] {logging_mixin.py:112} INFO - Valentino
[2020-12-07 12:20:23,136] {logging_mixin.py:112} INFO - Agustin
[2020-12-07 12:20:23,137] {logging_mixin.py:112} INFO - Rhody
[2020-12-07 12:20:23,137] {logging_mixin.py:112} INFO - connection closed
[2020-12-07 12:20:23,140] {conn.py:919} INFO - <BrokerConnection node_id=0 host=localhost:9092 <connected> [IPv6 ('::1', 9092, 0, 0)]>: Closing connection. 
[2020-12-07 12:20:23,141] {python_operator.py:114} INFO - Done. Returned value was: None
[2020-12-07 12:20:23,147] {taskinstance.py:1057} INFO - Marking task as SUCCESS.dag_id=Airflow_task, task_id=Data_from_table2, execution_date=20201207T064500, start_date=20201207T065017, end_date=20201207T065023
[2020-12-07 12:20:27,592] {local_task_job.py:102} INFO - Task exited with return code 0
