[2020-11-10 13:22:04,129] {taskinstance.py:670} INFO - Dependencies all met for <TaskInstance: tutorial.templated 2020-11-09T00:00:00+00:00 [queued]>
[2020-11-10 13:22:04,142] {taskinstance.py:670} INFO - Dependencies all met for <TaskInstance: tutorial.templated 2020-11-09T00:00:00+00:00 [queued]>
[2020-11-10 13:22:04,142] {taskinstance.py:880} INFO - 
--------------------------------------------------------------------------------
[2020-11-10 13:22:04,142] {taskinstance.py:881} INFO - Starting attempt 1 of 2
[2020-11-10 13:22:04,142] {taskinstance.py:882} INFO - 
--------------------------------------------------------------------------------
[2020-11-10 13:22:04,146] {taskinstance.py:901} INFO - Executing <Task(BashOperator): templated> on 2020-11-09T00:00:00+00:00
[2020-11-10 13:22:04,148] {standard_task_runner.py:54} INFO - Started process 25838 to run task
[2020-11-10 13:22:04,164] {standard_task_runner.py:77} INFO - Running: ['airflow', 'run', 'tutorial', 'templated', '2020-11-09T00:00:00+00:00', '--job_id', '25', '--pool', 'default_pool', '--raw', '-sd', '/Users/sundarb/Documents/anaconda3/lib/python3.7/site-packages/airflow/example_dags/tutorial.py', '--cfg_path', '/var/folders/x0/npyjyyg15zj3krdkh0pv612w0000gn/T/tmpm4782s2k']
[2020-11-10 13:22:04,165] {standard_task_runner.py:78} INFO - Job 25: Subtask templated
[2020-11-10 13:22:04,191] {logging_mixin.py:112} INFO - Running %s on host %s <TaskInstance: tutorial.templated 2020-11-09T00:00:00+00:00 [running]> 153.225.168.192.in-addr.arpa
[2020-11-10 13:22:04,214] {bash_operator.py:113} INFO - Tmp dir root location: 
 /var/folders/x0/npyjyyg15zj3krdkh0pv612w0000gn/T
[2020-11-10 13:22:04,215] {bash_operator.py:136} INFO - Temporary script location: /var/folders/x0/npyjyyg15zj3krdkh0pv612w0000gn/T/airflowtmp876vtz68/templatedduderk5i
[2020-11-10 13:22:04,215] {bash_operator.py:146} INFO - Running command: 

    echo "2020-11-09"
    echo "2020-11-16"
    echo "Parameter I passed in"

    echo "2020-11-09"
    echo "2020-11-16"
    echo "Parameter I passed in"

    echo "2020-11-09"
    echo "2020-11-16"
    echo "Parameter I passed in"

    echo "2020-11-09"
    echo "2020-11-16"
    echo "Parameter I passed in"

    echo "2020-11-09"
    echo "2020-11-16"
    echo "Parameter I passed in"

[2020-11-10 13:22:04,221] {bash_operator.py:153} INFO - Output:
[2020-11-10 13:22:04,229] {bash_operator.py:157} INFO - 2020-11-09
[2020-11-10 13:22:04,230] {bash_operator.py:157} INFO - 2020-11-16
[2020-11-10 13:22:04,230] {bash_operator.py:157} INFO - Parameter I passed in
[2020-11-10 13:22:04,230] {bash_operator.py:157} INFO - 2020-11-09
[2020-11-10 13:22:04,230] {bash_operator.py:157} INFO - 2020-11-16
[2020-11-10 13:22:04,230] {bash_operator.py:157} INFO - Parameter I passed in
[2020-11-10 13:22:04,231] {bash_operator.py:157} INFO - 2020-11-09
[2020-11-10 13:22:04,231] {bash_operator.py:157} INFO - 2020-11-16
[2020-11-10 13:22:04,231] {bash_operator.py:157} INFO - Parameter I passed in
[2020-11-10 13:22:04,231] {bash_operator.py:157} INFO - 2020-11-09
[2020-11-10 13:22:04,231] {bash_operator.py:157} INFO - 2020-11-16
[2020-11-10 13:22:04,231] {bash_operator.py:157} INFO - Parameter I passed in
[2020-11-10 13:22:04,232] {bash_operator.py:157} INFO - 2020-11-09
[2020-11-10 13:22:04,232] {bash_operator.py:157} INFO - 2020-11-16
[2020-11-10 13:22:04,232] {bash_operator.py:157} INFO - Parameter I passed in
[2020-11-10 13:22:04,232] {bash_operator.py:161} INFO - Command exited with return code 0
[2020-11-10 13:22:04,238] {taskinstance.py:1070} INFO - Marking task as SUCCESS.dag_id=tutorial, task_id=templated, execution_date=20201109T000000, start_date=20201110T075204, end_date=20201110T075204
[2020-11-10 13:22:09,125] {local_task_job.py:102} INFO - Task exited with return code 0
