[2020-12-07 14:00:11,369] {taskinstance.py:670} INFO - Dependencies all met for <TaskInstance: Airflow_task.Data_from_table1 2020-12-07T08:25:00+00:00 [queued]>
[2020-12-07 14:00:11,378] {taskinstance.py:670} INFO - Dependencies all met for <TaskInstance: Airflow_task.Data_from_table1 2020-12-07T08:25:00+00:00 [queued]>
[2020-12-07 14:00:11,378] {taskinstance.py:880} INFO - 
--------------------------------------------------------------------------------
[2020-12-07 14:00:11,378] {taskinstance.py:881} INFO - Starting attempt 1 of 1
[2020-12-07 14:00:11,378] {taskinstance.py:882} INFO - 
--------------------------------------------------------------------------------
[2020-12-07 14:00:11,384] {taskinstance.py:901} INFO - Executing <Task(PythonOperator): Data_from_table1> on 2020-12-07T08:25:00+00:00
[2020-12-07 14:00:11,387] {standard_task_runner.py:54} INFO - Started process 47886 to run task
[2020-12-07 14:00:11,422] {standard_task_runner.py:77} INFO - Running: ['airflow', 'run', 'Airflow_task', 'Data_from_table1', '2020-12-07T08:25:00+00:00', '--job_id', '218', '--pool', 'default_pool', '--raw', '-sd', 'DAGS_FOLDER/server-elastic.py', '--cfg_path', '/var/folders/x0/npyjyyg15zj3krdkh0pv612w0000gn/T/tmpm0hsvcl4']
[2020-12-07 14:00:11,423] {standard_task_runner.py:78} INFO - Job 218: Subtask Data_from_table1
[2020-12-07 14:00:11,456] {logging_mixin.py:112} INFO - Running %s on host %s <TaskInstance: Airflow_task.Data_from_table1 2020-12-07T08:25:00+00:00 [running]> 153.225.168.192.in-addr.arpa
[2020-12-07 14:00:13,228] {conn.py:380} INFO - <BrokerConnection node_id=bootstrap-0 host=localhost:9092 <connecting> [IPv6 ('::1', 9092, 0, 0)]>: connecting to localhost:9092 [('::1', 9092, 0, 0) IPv6]
[2020-12-07 14:00:13,229] {conn.py:1205} INFO - Probing node bootstrap-0 broker version
[2020-12-07 14:00:13,230] {conn.py:410} INFO - <BrokerConnection node_id=bootstrap-0 host=localhost:9092 <connecting> [IPv6 ('::1', 9092, 0, 0)]>: Connection complete.
[2020-12-07 14:00:13,337] {conn.py:1267} INFO - Broker version identified as 2.5.0
[2020-12-07 14:00:13,338] {conn.py:1268} INFO - Set configuration api_version=(2, 5, 0) to skip auto check_version requests on startup
[2020-12-07 14:00:13,340] {logging_mixin.py:112} INFO - Janet
[2020-12-07 14:00:13,342] {logging_mixin.py:112} INFO - Jaquenette
[2020-12-07 14:00:13,342] {logging_mixin.py:112} INFO - Dusty
[2020-12-07 14:00:13,343] {logging_mixin.py:112} INFO - Korie
[2020-12-07 14:00:13,343] {logging_mixin.py:112} INFO - Elvina
[2020-12-07 14:00:13,343] {logging_mixin.py:112} INFO - Rodge
[2020-12-07 14:00:13,344] {logging_mixin.py:112} INFO - Sabine
[2020-12-07 14:00:13,344] {logging_mixin.py:112} INFO - Herc
[2020-12-07 14:00:13,344] {logging_mixin.py:112} INFO - Othello
[2020-12-07 14:00:13,345] {logging_mixin.py:112} INFO - Matti
[2020-12-07 14:00:13,346] {logging_mixin.py:112} INFO - Melonie
[2020-12-07 14:00:13,346] {logging_mixin.py:112} INFO - Deny
[2020-12-07 14:00:13,346] {conn.py:380} INFO - <BrokerConnection node_id=0 host=localhost:9092 <connecting> [IPv6 ('::1', 9092, 0, 0)]>: connecting to localhost:9092 [('::1', 9092, 0, 0) IPv6]
[2020-12-07 14:00:13,347] {logging_mixin.py:112} INFO - Linette
[2020-12-07 14:00:13,347] {logging_mixin.py:112} INFO - Corry
[2020-12-07 14:00:13,347] {logging_mixin.py:112} INFO - Georgeanna
[2020-12-07 14:00:13,348] {logging_mixin.py:112} INFO - Reine
[2020-12-07 14:00:13,348] {conn.py:410} INFO - <BrokerConnection node_id=0 host=localhost:9092 <connecting> [IPv6 ('::1', 9092, 0, 0)]>: Connection complete.
[2020-12-07 14:00:13,348] {logging_mixin.py:112} INFO - Merrick
[2020-12-07 14:00:13,349] {conn.py:919} INFO - <BrokerConnection node_id=bootstrap-0 host=localhost:9092 <connected> [IPv6 ('::1', 9092, 0, 0)]>: Closing connection. 
[2020-12-07 14:00:13,349] {logging_mixin.py:112} INFO - Karl
[2020-12-07 14:00:13,350] {logging_mixin.py:112} INFO - Anthe
[2020-12-07 14:00:13,351] {logging_mixin.py:112} INFO - Christyna
[2020-12-07 14:00:13,352] {logging_mixin.py:112} INFO - Gifford
[2020-12-07 14:00:13,353] {logging_mixin.py:112} INFO - Blinny
[2020-12-07 14:00:13,353] {logging_mixin.py:112} INFO - Agustin
[2020-12-07 14:00:13,355] {logging_mixin.py:112} INFO - Magnum
[2020-12-07 14:00:13,357] {logging_mixin.py:112} INFO - Haven
[2020-12-07 14:00:13,359] {logging_mixin.py:112} INFO - Cory
[2020-12-07 14:00:13,360] {logging_mixin.py:112} INFO - Normy
[2020-12-07 14:00:13,361] {logging_mixin.py:112} INFO - Chaddie
[2020-12-07 14:00:13,362] {logging_mixin.py:112} INFO - Hortense
[2020-12-07 14:00:13,363] {logging_mixin.py:112} INFO - Melita
[2020-12-07 14:00:13,364] {logging_mixin.py:112} INFO - Fraser
[2020-12-07 14:00:13,364] {logging_mixin.py:112} INFO - Thorin
[2020-12-07 14:00:13,365] {logging_mixin.py:112} INFO - Marti
[2020-12-07 14:00:13,365] {logging_mixin.py:112} INFO - Aurore
[2020-12-07 14:00:13,366] {logging_mixin.py:112} INFO - Irena
[2020-12-07 14:00:13,366] {logging_mixin.py:112} INFO - Munroe
[2020-12-07 14:00:13,366] {logging_mixin.py:112} INFO - Conchita
[2020-12-07 14:00:13,366] {logging_mixin.py:112} INFO - Pieter
[2020-12-07 14:00:13,367] {logging_mixin.py:112} INFO - Zackariah
[2020-12-07 14:00:13,368] {logging_mixin.py:112} INFO - Glori
[2020-12-07 14:00:13,369] {logging_mixin.py:112} INFO - Dorie
[2020-12-07 14:00:13,370] {logging_mixin.py:112} INFO - Janessa
[2020-12-07 14:00:13,370] {logging_mixin.py:112} INFO - Branden
[2020-12-07 14:00:13,371] {logging_mixin.py:112} INFO - Thaddus
[2020-12-07 14:00:13,372] {logging_mixin.py:112} INFO - Gerrie
[2020-12-07 14:00:13,373] {logging_mixin.py:112} INFO - Darla
[2020-12-07 14:00:13,374] {logging_mixin.py:112} INFO - Byran
[2020-12-07 14:00:13,375] {logging_mixin.py:112} INFO - Margette
[2020-12-07 14:00:13,376] {logging_mixin.py:112} INFO - Judi
[2020-12-07 14:00:13,376] {logging_mixin.py:112} INFO - Jodi
[2020-12-07 14:00:13,377] {logging_mixin.py:112} INFO - Adriena
[2020-12-07 14:00:13,377] {logging_mixin.py:112} INFO - Cordie
[2020-12-07 14:00:13,378] {logging_mixin.py:112} INFO - Phaedra
[2020-12-07 14:00:13,379] {logging_mixin.py:112} INFO - Correy
[2020-12-07 14:00:13,381] {logging_mixin.py:112} INFO - Shirley
[2020-12-07 14:00:13,382] {logging_mixin.py:112} INFO - Benedict
[2020-12-07 14:00:13,382] {logging_mixin.py:112} INFO - Merrill
[2020-12-07 14:00:13,384] {logging_mixin.py:112} INFO - Stephannie
[2020-12-07 14:00:13,384] {logging_mixin.py:112} INFO - Mariel
[2020-12-07 14:00:13,384] {logging_mixin.py:112} INFO - Tyler
[2020-12-07 14:00:13,385] {logging_mixin.py:112} INFO - Vince
[2020-12-07 14:00:13,387] {logging_mixin.py:112} INFO - Stacee
[2020-12-07 14:00:13,388] {logging_mixin.py:112} INFO - Tierney
[2020-12-07 14:00:13,389] {logging_mixin.py:112} INFO - Otis
[2020-12-07 14:00:13,390] {logging_mixin.py:112} INFO - Peder
[2020-12-07 14:00:13,390] {logging_mixin.py:112} INFO - Weider
[2020-12-07 14:00:13,391] {logging_mixin.py:112} INFO - Lynette
[2020-12-07 14:00:13,392] {logging_mixin.py:112} INFO - Farica
[2020-12-07 14:00:13,392] {logging_mixin.py:112} INFO - Danit
[2020-12-07 14:00:13,392] {logging_mixin.py:112} INFO - Hadley
[2020-12-07 14:00:13,392] {logging_mixin.py:112} INFO - Willette
[2020-12-07 14:00:13,393] {logging_mixin.py:112} INFO - Faun
[2020-12-07 14:00:13,394] {logging_mixin.py:112} INFO - Prentice
[2020-12-07 14:00:13,395] {logging_mixin.py:112} INFO - Saunderson
[2020-12-07 14:00:13,395] {logging_mixin.py:112} INFO - Kristen
[2020-12-07 14:00:13,396] {logging_mixin.py:112} INFO - Alonzo
[2020-12-07 14:00:13,396] {logging_mixin.py:112} INFO - Giulio
[2020-12-07 14:00:13,397] {logging_mixin.py:112} INFO - Regan
[2020-12-07 14:00:13,398] {logging_mixin.py:112} INFO - Caryl
[2020-12-07 14:00:13,398] {logging_mixin.py:112} INFO - Nolan
[2020-12-07 14:00:13,399] {logging_mixin.py:112} INFO - Jared
[2020-12-07 14:00:13,399] {logging_mixin.py:112} INFO - Ilse
[2020-12-07 14:00:13,400] {logging_mixin.py:112} INFO - Xymenes
[2020-12-07 14:00:13,401] {logging_mixin.py:112} INFO - Ardra
[2020-12-07 14:00:13,402] {logging_mixin.py:112} INFO - Billy
[2020-12-07 14:00:13,403] {logging_mixin.py:112} INFO - Ulrick
[2020-12-07 14:00:13,404] {logging_mixin.py:112} INFO - Lindy
[2020-12-07 14:00:13,405] {logging_mixin.py:112} INFO - Fielding
[2020-12-07 14:00:13,405] {logging_mixin.py:112} INFO - Tremain
[2020-12-07 14:00:13,406] {logging_mixin.py:112} INFO - Keary
[2020-12-07 14:00:13,407] {logging_mixin.py:112} INFO - connection closed
[2020-12-07 14:00:13,408] {client_async.py:937} WARNING - Unable to send to wakeup socket!
[2020-12-07 14:00:13,409] {conn.py:919} INFO - <BrokerConnection node_id=0 host=localhost:9092 <connected> [IPv6 ('::1', 9092, 0, 0)]>: Closing connection. 
[2020-12-07 14:00:13,409] {python_operator.py:114} INFO - Done. Returned value was: None
[2020-12-07 14:00:13,413] {taskinstance.py:1057} INFO - Marking task as SUCCESS.dag_id=Airflow_task, task_id=Data_from_table1, execution_date=20201207T082500, start_date=20201207T083011, end_date=20201207T083013
[2020-12-07 14:00:16,364] {local_task_job.py:102} INFO - Task exited with return code 0
