[2020-12-30 11:22:01,436] {taskinstance.py:670} INFO - Dependencies all met for <TaskInstance: example_dag_conf.bash_task 2020-12-30T05:51:42+00:00 [queued]>
[2020-12-30 11:22:01,444] {taskinstance.py:670} INFO - Dependencies all met for <TaskInstance: example_dag_conf.bash_task 2020-12-30T05:51:42+00:00 [queued]>
[2020-12-30 11:22:01,444] {taskinstance.py:880} INFO - 
--------------------------------------------------------------------------------
[2020-12-30 11:22:01,444] {taskinstance.py:881} INFO - Starting attempt 1 of 1
[2020-12-30 11:22:01,444] {taskinstance.py:882} INFO - 
--------------------------------------------------------------------------------
[2020-12-30 11:22:01,450] {taskinstance.py:901} INFO - Executing <Task(BashOperator): bash_task> on 2020-12-30T05:51:42+00:00
[2020-12-30 11:22:01,452] {standard_task_runner.py:54} INFO - Started process 60897 to run task
[2020-12-30 11:22:01,481] {standard_task_runner.py:77} INFO - Running: ['airflow', 'run', 'example_dag_conf', 'bash_task', '2020-12-30T05:51:42+00:00', '--job_id', '1934', '--pool', 'default_pool', '--raw', '-sd', 'DAGS_FOLDER/airflow_parameter.py', '--cfg_path', '/var/folders/x0/npyjyyg15zj3krdkh0pv612w0000gn/T/tmpaofb0n9p']
[2020-12-30 11:22:01,482] {standard_task_runner.py:78} INFO - Job 1934: Subtask bash_task
[2020-12-30 11:22:01,506] {logging_mixin.py:112} INFO - Running %s on host %s <TaskInstance: example_dag_conf.bash_task 2020-12-30T05:51:42+00:00 [running]> 1.0.0.0.0.0.0.0.0.0.0.0.0.0.0.0.0.0.0.0.0.0.0.0.0.0.0.0.0.0.0.0.ip6.arpa
[2020-12-30 11:22:01,522] {bash_operator.py:113} INFO - Tmp dir root location: 
 /var/folders/x0/npyjyyg15zj3krdkh0pv612w0000gn/T
[2020-12-30 11:22:01,523] {bash_operator.py:134} INFO - Temporary script location: /var/folders/x0/npyjyyg15zj3krdkh0pv612w0000gn/T/airflowtmph_o_g73j/bash_taskurovch6y
[2020-12-30 11:22:01,523] {bash_operator.py:146} INFO - Running command: echo "Here is the message: Client_xyz" 
[2020-12-30 11:22:01,530] {bash_operator.py:153} INFO - Output:
[2020-12-30 11:22:01,538] {bash_operator.py:157} INFO - Here is the message: Client_xyz
[2020-12-30 11:22:01,538] {bash_operator.py:159} INFO - Command exited with return code 0
[2020-12-30 11:22:01,544] {taskinstance.py:1057} INFO - Marking task as SUCCESS.dag_id=example_dag_conf, task_id=bash_task, execution_date=20201230T055142, start_date=20201230T055201, end_date=20201230T055201
[2020-12-30 11:22:06,440] {local_task_job.py:102} INFO - Task exited with return code 0
