[2020-12-04 21:18:27,760] {taskinstance.py:670} INFO - Dependencies all met for <TaskInstance: Airflow_task.Data_from_table2 2020-12-04T15:20:00+00:00 [queued]>
[2020-12-04 21:18:27,783] {taskinstance.py:670} INFO - Dependencies all met for <TaskInstance: Airflow_task.Data_from_table2 2020-12-04T15:20:00+00:00 [queued]>
[2020-12-04 21:18:27,783] {taskinstance.py:880} INFO - 
--------------------------------------------------------------------------------
[2020-12-04 21:18:27,783] {taskinstance.py:881} INFO - Starting attempt 1 of 1
[2020-12-04 21:18:27,783] {taskinstance.py:882} INFO - 
--------------------------------------------------------------------------------
[2020-12-04 21:18:27,794] {taskinstance.py:901} INFO - Executing <Task(PythonOperator): Data_from_table2> on 2020-12-04T15:20:00+00:00
[2020-12-04 21:18:27,796] {standard_task_runner.py:54} INFO - Started process 21083 to run task
[2020-12-04 21:18:27,834] {standard_task_runner.py:77} INFO - Running: ['airflow', 'run', 'Airflow_task', 'Data_from_table2', '2020-12-04T15:20:00+00:00', '--job_id', '23', '--pool', 'default_pool', '--raw', '-sd', 'DAGS_FOLDER/server-elastic.py', '--cfg_path', '/var/folders/x0/npyjyyg15zj3krdkh0pv612w0000gn/T/tmp9tcea_m0']
[2020-12-04 21:18:27,835] {standard_task_runner.py:78} INFO - Job 23: Subtask Data_from_table2
[2020-12-04 21:18:27,861] {logging_mixin.py:112} INFO - Running %s on host %s <TaskInstance: Airflow_task.Data_from_table2 2020-12-04T15:20:00+00:00 [running]> 1.0.0.0.0.0.0.0.0.0.0.0.0.0.0.0.0.0.0.0.0.0.0.0.0.0.0.0.0.0.0.0.ip6.arpa
[2020-12-04 21:33:27,870] {local_task_job.py:143} WARNING - The recorded hostname 1.0.0.0.0.0.0.0.0.0.0.0.0.0.0.0.0.0.0.0.0.0.0.0.0.0.0.0.0.0.0.0.ip6.arpa does not match this instance's hostname Sundars-MacBook-Pro.local
[2020-12-04 21:33:28,286] {logging_mixin.py:112} INFO - Error::::: server closed the connection unexpectedly
	This probably means the server terminated abnormally
	before or while processing the request.
[2020-12-04 21:33:28,287] {logging_mixin.py:112} INFO - 
[2020-12-04 21:33:28,287] {python_operator.py:114} INFO - Done. Returned value was: None
[2020-12-04 21:33:28,294] {taskinstance.py:1057} INFO - Marking task as SUCCESS.dag_id=Airflow_task, task_id=Data_from_table2, execution_date=20201204T152000, start_date=20201204T154827, end_date=20201204T160328
[2020-12-04 21:33:28,320] {helpers.py:325} INFO - Sending Signals.SIGTERM to GPID 21083
