[2020-11-10 14:26:27,120] {taskinstance.py:670} INFO - Dependencies all met for <TaskInstance: example_bash_operator.run_after_loop 2020-11-10T08:53:24.927514+00:00 [queued]>
[2020-11-10 14:26:27,129] {taskinstance.py:670} INFO - Dependencies all met for <TaskInstance: example_bash_operator.run_after_loop 2020-11-10T08:53:24.927514+00:00 [queued]>
[2020-11-10 14:26:27,129] {taskinstance.py:880} INFO - 
--------------------------------------------------------------------------------
[2020-11-10 14:26:27,129] {taskinstance.py:881} INFO - Starting attempt 1 of 1
[2020-11-10 14:26:27,129] {taskinstance.py:882} INFO - 
--------------------------------------------------------------------------------
[2020-11-10 14:26:27,134] {taskinstance.py:901} INFO - Executing <Task(BashOperator): run_after_loop> on 2020-11-10T08:53:24.927514+00:00
[2020-11-10 14:26:27,136] {standard_task_runner.py:54} INFO - Started process 28673 to run task
[2020-11-10 14:26:27,150] {standard_task_runner.py:77} INFO - Running: ['airflow', 'run', 'example_bash_operator', 'run_after_loop', '2020-11-10T08:53:24.927514+00:00', '--job_id', '114', '--pool', 'default_pool', '--raw', '-sd', '/Users/sundarb/Documents/anaconda3/lib/python3.7/site-packages/airflow/example_dags/example_bash_operator.py', '--cfg_path', '/var/folders/x0/npyjyyg15zj3krdkh0pv612w0000gn/T/tmpgrz0x133']
[2020-11-10 14:26:27,151] {standard_task_runner.py:78} INFO - Job 114: Subtask run_after_loop
[2020-11-10 14:26:27,176] {logging_mixin.py:112} INFO - Running %s on host %s <TaskInstance: example_bash_operator.run_after_loop 2020-11-10T08:53:24.927514+00:00 [running]> 153.225.168.192.in-addr.arpa
[2020-11-10 14:26:27,191] {bash_operator.py:113} INFO - Tmp dir root location: 
 /var/folders/x0/npyjyyg15zj3krdkh0pv612w0000gn/T
[2020-11-10 14:26:27,192] {bash_operator.py:136} INFO - Temporary script location: /var/folders/x0/npyjyyg15zj3krdkh0pv612w0000gn/T/airflowtmpdhxxzqup/run_after_loopbdii25fg
[2020-11-10 14:26:27,192] {bash_operator.py:146} INFO - Running command: echo 1
[2020-11-10 14:26:27,197] {bash_operator.py:153} INFO - Output:
[2020-11-10 14:26:27,199] {bash_operator.py:157} INFO - 1
[2020-11-10 14:26:27,199] {bash_operator.py:161} INFO - Command exited with return code 0
[2020-11-10 14:26:27,204] {taskinstance.py:1070} INFO - Marking task as SUCCESS.dag_id=example_bash_operator, task_id=run_after_loop, execution_date=20201110T085324, start_date=20201110T085627, end_date=20201110T085627
[2020-11-10 14:26:32,118] {local_task_job.py:102} INFO - Task exited with return code 0
