[2020-11-10 13:17:21,921] {taskinstance.py:670} INFO - Dependencies all met for <TaskInstance: example_bash_operator.also_run_this 2020-11-08T00:00:00+00:00 [queued]>
[2020-11-10 13:17:21,929] {taskinstance.py:670} INFO - Dependencies all met for <TaskInstance: example_bash_operator.also_run_this 2020-11-08T00:00:00+00:00 [queued]>
[2020-11-10 13:17:21,929] {taskinstance.py:880} INFO - 
--------------------------------------------------------------------------------
[2020-11-10 13:17:21,929] {taskinstance.py:881} INFO - Starting attempt 1 of 1
[2020-11-10 13:17:21,929] {taskinstance.py:882} INFO - 
--------------------------------------------------------------------------------
[2020-11-10 13:17:21,935] {taskinstance.py:901} INFO - Executing <Task(BashOperator): also_run_this> on 2020-11-08T00:00:00+00:00
[2020-11-10 13:17:21,937] {standard_task_runner.py:54} INFO - Started process 25487 to run task
[2020-11-10 13:17:21,958] {standard_task_runner.py:77} INFO - Running: ['airflow', 'run', 'example_bash_operator', 'also_run_this', '2020-11-08T00:00:00+00:00', '--job_id', '5', '--pool', 'default_pool', '--raw', '-sd', '/Users/sundarb/Documents/anaconda3/lib/python3.7/site-packages/airflow/example_dags/example_bash_operator.py', '--cfg_path', '/var/folders/x0/npyjyyg15zj3krdkh0pv612w0000gn/T/tmp65vmuds2']
[2020-11-10 13:17:21,960] {standard_task_runner.py:78} INFO - Job 5: Subtask also_run_this
[2020-11-10 13:17:21,990] {logging_mixin.py:112} INFO - Running %s on host %s <TaskInstance: example_bash_operator.also_run_this 2020-11-08T00:00:00+00:00 [running]> 153.225.168.192.in-addr.arpa
[2020-11-10 13:17:22,009] {bash_operator.py:113} INFO - Tmp dir root location: 
 /var/folders/x0/npyjyyg15zj3krdkh0pv612w0000gn/T
[2020-11-10 13:17:22,010] {bash_operator.py:136} INFO - Temporary script location: /var/folders/x0/npyjyyg15zj3krdkh0pv612w0000gn/T/airflowtmp4igj6e9q/also_run_thisgems0jxz
[2020-11-10 13:17:22,010] {bash_operator.py:146} INFO - Running command: echo "run_id=scheduled__2020-11-08T00:00:00+00:00 | dag_run=<DagRun example_bash_operator @ 2020-11-08 00:00:00+00:00: scheduled__2020-11-08T00:00:00+00:00, externally triggered: False>"
[2020-11-10 13:17:22,016] {bash_operator.py:153} INFO - Output:
[2020-11-10 13:17:22,018] {bash_operator.py:157} INFO - run_id=scheduled__2020-11-08T00:00:00+00:00 | dag_run=<DagRun example_bash_operator @ 2020-11-08 00:00:00+00:00: scheduled__2020-11-08T00:00:00+00:00, externally triggered: False>
[2020-11-10 13:17:22,019] {bash_operator.py:161} INFO - Command exited with return code 0
[2020-11-10 13:17:22,025] {taskinstance.py:1070} INFO - Marking task as SUCCESS.dag_id=example_bash_operator, task_id=also_run_this, execution_date=20201108T000000, start_date=20201110T074721, end_date=20201110T074722
[2020-11-10 13:17:26,924] {local_task_job.py:102} INFO - Task exited with return code 0
